[2024-12-02T05:44:18.259+0000] {local_task_job_runner.py:123} INFO - ::group::Pre task execution logs
[2024-12-02T05:44:18.314+0000] {taskinstance.py:2613} INFO - Dependencies all met for dep_context=non-requeueable deps ti=<TaskInstance: IMDB_DAG.extract manual__2024-12-02T05:44:04.394683+00:00 [queued]>
[2024-12-02T05:44:18.343+0000] {taskinstance.py:2613} INFO - Dependencies all met for dep_context=requeueable deps ti=<TaskInstance: IMDB_DAG.extract manual__2024-12-02T05:44:04.394683+00:00 [queued]>
[2024-12-02T05:44:18.344+0000] {taskinstance.py:2866} INFO - Starting attempt 1 of 3
[2024-12-02T05:44:18.404+0000] {taskinstance.py:2889} INFO - Executing <Task(PythonOperator): extract> on 2024-12-02 05:44:04.394683+00:00
[2024-12-02T05:44:18.469+0000] {logging_mixin.py:190} WARNING - /home/***/.local/lib/python3.12/site-packages/***/task/task_runner/standard_task_runner.py:70 DeprecationWarning: This process (pid=10776) is multi-threaded, use of fork() may lead to deadlocks in the child.
[2024-12-02T05:44:18.483+0000] {standard_task_runner.py:72} INFO - Started process 10799 to run task
[2024-12-02T05:44:18.487+0000] {standard_task_runner.py:104} INFO - Running: ['***', 'tasks', 'run', 'IMDB_DAG', 'extract', 'manual__2024-12-02T05:44:04.394683+00:00', '--job-id', '24', '--raw', '--subdir', 'DAGS_FOLDER/etl.py', '--cfg-path', '/tmp/tmp62oznxn6']
[2024-12-02T05:44:18.534+0000] {standard_task_runner.py:105} INFO - Job 24: Subtask extract
[2024-12-02T05:44:18.859+0000] {task_command.py:467} INFO - Running <TaskInstance: IMDB_DAG.extract manual__2024-12-02T05:44:04.394683+00:00 [running]> on host 7907820bdc36
[2024-12-02T05:44:19.527+0000] {taskinstance.py:3132} INFO - Exporting env vars: AIRFLOW_CTX_DAG_OWNER='***' AIRFLOW_CTX_DAG_ID='IMDB_DAG' AIRFLOW_CTX_TASK_ID='extract' AIRFLOW_CTX_EXECUTION_DATE='2024-12-02T05:44:04.394683+00:00' AIRFLOW_CTX_TRY_NUMBER='1' AIRFLOW_CTX_DAG_RUN_ID='manual__2024-12-02T05:44:04.394683+00:00'
[2024-12-02T05:44:19.533+0000] {logging_mixin.py:190} INFO - Task instance is in running state
[2024-12-02T05:44:19.535+0000] {logging_mixin.py:190} INFO -  Previous state of the Task instance: queued
[2024-12-02T05:44:19.536+0000] {logging_mixin.py:190} INFO - Current task name:extract state:running start_date:2024-12-02 05:44:18.317048+00:00
[2024-12-02T05:44:19.539+0000] {logging_mixin.py:190} INFO - Dag name:IMDB_DAG and current dag run status:running
[2024-12-02T05:44:19.542+0000] {taskinstance.py:731} INFO - ::endgroup::
[2024-12-02T05:44:19.992+0000] {logging_mixin.py:190} INFO - An error Occured during getting data from apiHTTPSConnectionPool(host='api.apify.com', port=443): Max retries exceeded with url: /v2/datasets/bLcG104BG9t2vsQeb/items?token=apify_api_inVYVC0eTWc9FzyH4mBJNr9cTcrvg31XGOoZ (Caused by NameResolutionError("<urllib3.connection.HTTPSConnection object at 0x7f11709a51f0>: Failed to resolve 'api.apify.com' ([Errno -5] No address associated with hostname)"))
[2024-12-02T05:44:19.994+0000] {python.py:240} INFO - Done. Returned value was: None
[2024-12-02T05:44:20.234+0000] {taskinstance.py:340} INFO - ::group::Post task execution logs
[2024-12-02T05:44:20.242+0000] {taskinstance.py:352} INFO - Marking task as SUCCESS. dag_id=IMDB_DAG, task_id=extract, run_id=manual__2024-12-02T05:44:04.394683+00:00, execution_date=20241202T054404, start_date=20241202T054418, end_date=20241202T054420
[2024-12-02T05:44:20.318+0000] {logging_mixin.py:190} INFO - Task instance in success state
[2024-12-02T05:44:20.321+0000] {logging_mixin.py:190} INFO -  Previous state of the Task instance: running
[2024-12-02T05:44:20.323+0000] {logging_mixin.py:190} INFO - Dag name:IMDB_DAG queued_at:2024-12-02 05:44:04.537002+00:00
[2024-12-02T05:44:20.324+0000] {logging_mixin.py:190} INFO - Task hostname:7907820bdc36 operator:PythonOperator
[2024-12-02T05:44:20.397+0000] {local_task_job_runner.py:266} INFO - Task exited with return code 0
[2024-12-02T05:44:20.456+0000] {taskinstance.py:3895} INFO - 0 downstream tasks scheduled from follow-on schedule check
[2024-12-02T05:44:20.463+0000] {local_task_job_runner.py:245} INFO - ::endgroup::
