[2024-11-26T04:57:55.539+0000] {processor.py:186} INFO - Started process (PID=3112) to work on /opt/airflow/dags/etl.py
[2024-11-26T04:57:55.540+0000] {processor.py:914} INFO - Processing file /opt/airflow/dags/etl.py for tasks to queue
[2024-11-26T04:57:55.543+0000] {logging_mixin.py:190} INFO - [2024-11-26T04:57:55.542+0000] {dagbag.py:588} INFO - Filling up the DagBag from /opt/airflow/dags/etl.py
[2024-11-26T04:57:55.618+0000] {processor.py:925} INFO - DAG(s) 'Testing_DAG' retrieved from /opt/airflow/dags/etl.py
[2024-11-26T04:57:55.775+0000] {logging_mixin.py:190} INFO - [2024-11-26T04:57:55.774+0000] {override.py:1911} INFO - Created Permission View: can read on DAG:Testing_DAG
[2024-11-26T04:57:55.790+0000] {logging_mixin.py:190} INFO - [2024-11-26T04:57:55.790+0000] {override.py:1911} INFO - Created Permission View: can edit on DAG:Testing_DAG
[2024-11-26T04:57:55.804+0000] {logging_mixin.py:190} INFO - [2024-11-26T04:57:55.803+0000] {override.py:1911} INFO - Created Permission View: can delete on DAG:Testing_DAG
[2024-11-26T04:57:55.817+0000] {logging_mixin.py:190} INFO - [2024-11-26T04:57:55.817+0000] {override.py:1911} INFO - Created Permission View: menu access on DAG Run:Testing_DAG
[2024-11-26T04:57:55.827+0000] {logging_mixin.py:190} INFO - [2024-11-26T04:57:55.826+0000] {override.py:1911} INFO - Created Permission View: can create on DAG Run:Testing_DAG
[2024-11-26T04:57:55.838+0000] {logging_mixin.py:190} INFO - [2024-11-26T04:57:55.838+0000] {override.py:1911} INFO - Created Permission View: can read on DAG Run:Testing_DAG
[2024-11-26T04:57:55.849+0000] {logging_mixin.py:190} INFO - [2024-11-26T04:57:55.849+0000] {override.py:1911} INFO - Created Permission View: can delete on DAG Run:Testing_DAG
[2024-11-26T04:57:55.851+0000] {logging_mixin.py:190} INFO - [2024-11-26T04:57:55.851+0000] {dag.py:3239} INFO - Sync 1 DAGs
[2024-11-26T04:57:55.866+0000] {logging_mixin.py:190} INFO - [2024-11-26T04:57:55.865+0000] {dag.py:3262} INFO - Creating ORM DAG for Testing_DAG
[2024-11-26T04:57:55.878+0000] {logging_mixin.py:190} INFO - [2024-11-26T04:57:55.877+0000] {dag.py:4180} INFO - Setting next_dagrun for Testing_DAG to 2024-11-25 00:00:00+00:00, run_after=2024-11-26 00:00:00+00:00
[2024-11-26T04:57:55.896+0000] {processor.py:208} INFO - Processing /opt/airflow/dags/etl.py took 0.367 seconds
[2024-11-26T04:58:26.028+0000] {processor.py:186} INFO - Started process (PID=3408) to work on /opt/airflow/dags/etl.py
[2024-11-26T04:58:26.029+0000] {processor.py:914} INFO - Processing file /opt/airflow/dags/etl.py for tasks to queue
[2024-11-26T04:58:26.032+0000] {logging_mixin.py:190} INFO - [2024-11-26T04:58:26.032+0000] {dagbag.py:588} INFO - Filling up the DagBag from /opt/airflow/dags/etl.py
[2024-11-26T04:58:26.056+0000] {processor.py:925} INFO - DAG(s) 'Testing_DAG' retrieved from /opt/airflow/dags/etl.py
[2024-11-26T04:58:26.076+0000] {logging_mixin.py:190} INFO - [2024-11-26T04:58:26.075+0000] {dag.py:3239} INFO - Sync 1 DAGs
[2024-11-26T04:58:26.100+0000] {logging_mixin.py:190} INFO - [2024-11-26T04:58:26.100+0000] {dag.py:4180} INFO - Setting next_dagrun for Testing_DAG to 2024-11-25 00:00:00+00:00, run_after=2024-11-26 00:00:00+00:00
[2024-11-26T04:58:26.125+0000] {processor.py:208} INFO - Processing /opt/airflow/dags/etl.py took 0.105 seconds
[2024-11-26T04:58:56.556+0000] {processor.py:186} INFO - Started process (PID=3704) to work on /opt/airflow/dags/etl.py
[2024-11-26T04:58:56.557+0000] {processor.py:914} INFO - Processing file /opt/airflow/dags/etl.py for tasks to queue
[2024-11-26T04:58:56.560+0000] {logging_mixin.py:190} INFO - [2024-11-26T04:58:56.559+0000] {dagbag.py:588} INFO - Filling up the DagBag from /opt/airflow/dags/etl.py
[2024-11-26T04:58:56.591+0000] {processor.py:925} INFO - DAG(s) 'Testing_DAG' retrieved from /opt/airflow/dags/etl.py
[2024-11-26T04:58:56.611+0000] {logging_mixin.py:190} INFO - [2024-11-26T04:58:56.610+0000] {dag.py:3239} INFO - Sync 1 DAGs
[2024-11-26T04:58:56.640+0000] {logging_mixin.py:190} INFO - [2024-11-26T04:58:56.639+0000] {dag.py:4180} INFO - Setting next_dagrun for Testing_DAG to 2024-11-25 00:00:00+00:00, run_after=2024-11-26 00:00:00+00:00
[2024-11-26T04:58:56.671+0000] {processor.py:208} INFO - Processing /opt/airflow/dags/etl.py took 0.122 seconds
[2024-11-26T04:59:26.857+0000] {processor.py:186} INFO - Started process (PID=4000) to work on /opt/airflow/dags/etl.py
[2024-11-26T04:59:26.858+0000] {processor.py:914} INFO - Processing file /opt/airflow/dags/etl.py for tasks to queue
[2024-11-26T04:59:26.861+0000] {logging_mixin.py:190} INFO - [2024-11-26T04:59:26.861+0000] {dagbag.py:588} INFO - Filling up the DagBag from /opt/airflow/dags/etl.py
[2024-11-26T04:59:26.897+0000] {processor.py:925} INFO - DAG(s) 'Testing_DAG' retrieved from /opt/airflow/dags/etl.py
[2024-11-26T04:59:26.918+0000] {logging_mixin.py:190} INFO - [2024-11-26T04:59:26.917+0000] {dag.py:3239} INFO - Sync 1 DAGs
[2024-11-26T04:59:26.942+0000] {logging_mixin.py:190} INFO - [2024-11-26T04:59:26.942+0000] {dag.py:4180} INFO - Setting next_dagrun for Testing_DAG to 2024-11-25 00:00:00+00:00, run_after=2024-11-26 00:00:00+00:00
[2024-11-26T04:59:26.965+0000] {processor.py:208} INFO - Processing /opt/airflow/dags/etl.py took 0.117 seconds
[2024-11-26T04:59:57.064+0000] {processor.py:186} INFO - Started process (PID=4302) to work on /opt/airflow/dags/etl.py
[2024-11-26T04:59:57.066+0000] {processor.py:914} INFO - Processing file /opt/airflow/dags/etl.py for tasks to queue
[2024-11-26T04:59:57.070+0000] {logging_mixin.py:190} INFO - [2024-11-26T04:59:57.069+0000] {dagbag.py:588} INFO - Filling up the DagBag from /opt/airflow/dags/etl.py
[2024-11-26T04:59:57.104+0000] {processor.py:925} INFO - DAG(s) 'Testing_DAG' retrieved from /opt/airflow/dags/etl.py
[2024-11-26T04:59:57.140+0000] {logging_mixin.py:190} INFO - [2024-11-26T04:59:57.139+0000] {dag.py:3239} INFO - Sync 1 DAGs
[2024-11-26T04:59:57.179+0000] {logging_mixin.py:190} INFO - [2024-11-26T04:59:57.179+0000] {dag.py:4180} INFO - Setting next_dagrun for Testing_DAG to 2024-11-26 00:00:00+00:00, run_after=2024-11-27 00:00:00+00:00
[2024-11-26T04:59:57.210+0000] {processor.py:208} INFO - Processing /opt/airflow/dags/etl.py took 0.158 seconds
[2024-11-26T05:00:28.261+0000] {processor.py:186} INFO - Started process (PID=4604) to work on /opt/airflow/dags/etl.py
[2024-11-26T05:00:28.262+0000] {processor.py:914} INFO - Processing file /opt/airflow/dags/etl.py for tasks to queue
[2024-11-26T05:00:28.265+0000] {logging_mixin.py:190} INFO - [2024-11-26T05:00:28.264+0000] {dagbag.py:588} INFO - Filling up the DagBag from /opt/airflow/dags/etl.py
[2024-11-26T05:00:28.289+0000] {processor.py:925} INFO - DAG(s) 'Testing_DAG' retrieved from /opt/airflow/dags/etl.py
[2024-11-26T05:00:28.308+0000] {logging_mixin.py:190} INFO - [2024-11-26T05:00:28.307+0000] {dag.py:3239} INFO - Sync 1 DAGs
[2024-11-26T05:00:28.333+0000] {logging_mixin.py:190} INFO - [2024-11-26T05:00:28.333+0000] {dag.py:4180} INFO - Setting next_dagrun for Testing_DAG to 2024-11-26 00:00:00+00:00, run_after=2024-11-27 00:00:00+00:00
[2024-11-26T05:00:28.355+0000] {processor.py:208} INFO - Processing /opt/airflow/dags/etl.py took 0.102 seconds
[2024-11-26T05:00:58.834+0000] {processor.py:186} INFO - Started process (PID=4873) to work on /opt/airflow/dags/etl.py
[2024-11-26T05:00:58.836+0000] {processor.py:914} INFO - Processing file /opt/airflow/dags/etl.py for tasks to queue
[2024-11-26T05:00:58.841+0000] {logging_mixin.py:190} INFO - [2024-11-26T05:00:58.840+0000] {dagbag.py:588} INFO - Filling up the DagBag from /opt/airflow/dags/etl.py
[2024-11-26T05:00:58.876+0000] {processor.py:925} INFO - DAG(s) 'Testing_DAG' retrieved from /opt/airflow/dags/etl.py
[2024-11-26T05:00:58.915+0000] {logging_mixin.py:190} INFO - [2024-11-26T05:00:58.915+0000] {dag.py:3239} INFO - Sync 1 DAGs
[2024-11-26T05:00:58.955+0000] {logging_mixin.py:190} INFO - [2024-11-26T05:00:58.955+0000] {dag.py:4180} INFO - Setting next_dagrun for Testing_DAG to 2024-11-26 00:00:00+00:00, run_after=2024-11-27 00:00:00+00:00
[2024-11-26T05:00:58.984+0000] {processor.py:208} INFO - Processing /opt/airflow/dags/etl.py took 0.162 seconds
[2024-11-26T05:01:29.233+0000] {processor.py:186} INFO - Started process (PID=5164) to work on /opt/airflow/dags/etl.py
[2024-11-26T05:01:29.234+0000] {processor.py:914} INFO - Processing file /opt/airflow/dags/etl.py for tasks to queue
[2024-11-26T05:01:29.237+0000] {logging_mixin.py:190} INFO - [2024-11-26T05:01:29.237+0000] {dagbag.py:588} INFO - Filling up the DagBag from /opt/airflow/dags/etl.py
[2024-11-26T05:01:29.277+0000] {processor.py:925} INFO - DAG(s) 'Testing_DAG' retrieved from /opt/airflow/dags/etl.py
[2024-11-26T05:01:29.309+0000] {logging_mixin.py:190} INFO - [2024-11-26T05:01:29.309+0000] {dag.py:3239} INFO - Sync 1 DAGs
[2024-11-26T05:01:29.347+0000] {logging_mixin.py:190} INFO - [2024-11-26T05:01:29.346+0000] {dag.py:4180} INFO - Setting next_dagrun for Testing_DAG to 2024-11-26 00:00:00+00:00, run_after=2024-11-27 00:00:00+00:00
[2024-11-26T05:01:29.379+0000] {processor.py:208} INFO - Processing /opt/airflow/dags/etl.py took 0.160 seconds
[2024-11-26T05:02:00.045+0000] {processor.py:186} INFO - Started process (PID=5445) to work on /opt/airflow/dags/etl.py
[2024-11-26T05:02:00.046+0000] {processor.py:914} INFO - Processing file /opt/airflow/dags/etl.py for tasks to queue
[2024-11-26T05:02:00.049+0000] {logging_mixin.py:190} INFO - [2024-11-26T05:02:00.049+0000] {dagbag.py:588} INFO - Filling up the DagBag from /opt/airflow/dags/etl.py
[2024-11-26T05:02:00.080+0000] {processor.py:925} INFO - DAG(s) 'Testing_DAG' retrieved from /opt/airflow/dags/etl.py
[2024-11-26T05:02:00.105+0000] {logging_mixin.py:190} INFO - [2024-11-26T05:02:00.105+0000] {dag.py:3239} INFO - Sync 1 DAGs
[2024-11-26T05:02:00.147+0000] {logging_mixin.py:190} INFO - [2024-11-26T05:02:00.146+0000] {dag.py:4180} INFO - Setting next_dagrun for Testing_DAG to 2024-11-26 00:00:00+00:00, run_after=2024-11-27 00:00:00+00:00
[2024-11-26T05:02:00.180+0000] {processor.py:208} INFO - Processing /opt/airflow/dags/etl.py took 0.144 seconds
[2024-11-26T05:02:30.315+0000] {processor.py:186} INFO - Started process (PID=5736) to work on /opt/airflow/dags/etl.py
[2024-11-26T05:02:30.316+0000] {processor.py:914} INFO - Processing file /opt/airflow/dags/etl.py for tasks to queue
[2024-11-26T05:02:30.319+0000] {logging_mixin.py:190} INFO - [2024-11-26T05:02:30.319+0000] {dagbag.py:588} INFO - Filling up the DagBag from /opt/airflow/dags/etl.py
[2024-11-26T05:02:30.345+0000] {processor.py:925} INFO - DAG(s) 'Testing_DAG' retrieved from /opt/airflow/dags/etl.py
[2024-11-26T05:02:30.367+0000] {logging_mixin.py:190} INFO - [2024-11-26T05:02:30.367+0000] {dag.py:3239} INFO - Sync 1 DAGs
[2024-11-26T05:02:30.396+0000] {logging_mixin.py:190} INFO - [2024-11-26T05:02:30.396+0000] {dag.py:4180} INFO - Setting next_dagrun for Testing_DAG to 2024-11-26 00:00:00+00:00, run_after=2024-11-27 00:00:00+00:00
[2024-11-26T05:02:30.424+0000] {processor.py:208} INFO - Processing /opt/airflow/dags/etl.py took 0.117 seconds
[2024-11-26T05:03:00.624+0000] {processor.py:186} INFO - Started process (PID=6009) to work on /opt/airflow/dags/etl.py
[2024-11-26T05:03:00.625+0000] {processor.py:914} INFO - Processing file /opt/airflow/dags/etl.py for tasks to queue
[2024-11-26T05:03:00.627+0000] {logging_mixin.py:190} INFO - [2024-11-26T05:03:00.627+0000] {dagbag.py:588} INFO - Filling up the DagBag from /opt/airflow/dags/etl.py
[2024-11-26T05:03:00.652+0000] {processor.py:925} INFO - DAG(s) 'Testing_DAG' retrieved from /opt/airflow/dags/etl.py
[2024-11-26T05:03:00.672+0000] {logging_mixin.py:190} INFO - [2024-11-26T05:03:00.671+0000] {dag.py:3239} INFO - Sync 1 DAGs
[2024-11-26T05:03:00.696+0000] {logging_mixin.py:190} INFO - [2024-11-26T05:03:00.696+0000] {dag.py:4180} INFO - Setting next_dagrun for Testing_DAG to 2024-11-26 00:00:00+00:00, run_after=2024-11-27 00:00:00+00:00
[2024-11-26T05:03:00.718+0000] {processor.py:208} INFO - Processing /opt/airflow/dags/etl.py took 0.103 seconds
[2024-11-26T05:03:30.968+0000] {processor.py:186} INFO - Started process (PID=6293) to work on /opt/airflow/dags/etl.py
[2024-11-26T05:03:30.969+0000] {processor.py:914} INFO - Processing file /opt/airflow/dags/etl.py for tasks to queue
[2024-11-26T05:03:30.973+0000] {logging_mixin.py:190} INFO - [2024-11-26T05:03:30.972+0000] {dagbag.py:588} INFO - Filling up the DagBag from /opt/airflow/dags/etl.py
[2024-11-26T05:03:31.019+0000] {processor.py:925} INFO - DAG(s) 'Testing_DAG' retrieved from /opt/airflow/dags/etl.py
[2024-11-26T05:03:31.047+0000] {logging_mixin.py:190} INFO - [2024-11-26T05:03:31.047+0000] {dag.py:3239} INFO - Sync 1 DAGs
[2024-11-26T05:03:31.091+0000] {logging_mixin.py:190} INFO - [2024-11-26T05:03:31.090+0000] {dag.py:4180} INFO - Setting next_dagrun for Testing_DAG to 2024-11-26 00:00:00+00:00, run_after=2024-11-27 00:00:00+00:00
[2024-11-26T05:03:31.120+0000] {processor.py:208} INFO - Processing /opt/airflow/dags/etl.py took 0.165 seconds
[2024-11-26T05:04:02.077+0000] {processor.py:186} INFO - Started process (PID=6586) to work on /opt/airflow/dags/etl.py
[2024-11-26T05:04:02.078+0000] {processor.py:914} INFO - Processing file /opt/airflow/dags/etl.py for tasks to queue
[2024-11-26T05:04:02.080+0000] {logging_mixin.py:190} INFO - [2024-11-26T05:04:02.080+0000] {dagbag.py:588} INFO - Filling up the DagBag from /opt/airflow/dags/etl.py
[2024-11-26T05:04:02.105+0000] {processor.py:925} INFO - DAG(s) 'Testing_DAG' retrieved from /opt/airflow/dags/etl.py
[2024-11-26T05:04:02.127+0000] {logging_mixin.py:190} INFO - [2024-11-26T05:04:02.126+0000] {dag.py:3239} INFO - Sync 1 DAGs
[2024-11-26T05:04:02.154+0000] {logging_mixin.py:190} INFO - [2024-11-26T05:04:02.153+0000] {dag.py:4180} INFO - Setting next_dagrun for Testing_DAG to 2024-11-26 00:00:00+00:00, run_after=2024-11-27 00:00:00+00:00
[2024-11-26T05:04:02.176+0000] {processor.py:208} INFO - Processing /opt/airflow/dags/etl.py took 0.107 seconds
[2024-11-26T05:04:33.131+0000] {processor.py:186} INFO - Started process (PID=6882) to work on /opt/airflow/dags/etl.py
[2024-11-26T05:04:33.133+0000] {processor.py:914} INFO - Processing file /opt/airflow/dags/etl.py for tasks to queue
[2024-11-26T05:04:33.139+0000] {logging_mixin.py:190} INFO - [2024-11-26T05:04:33.138+0000] {dagbag.py:588} INFO - Filling up the DagBag from /opt/airflow/dags/etl.py
[2024-11-26T05:04:33.189+0000] {processor.py:925} INFO - DAG(s) 'Testing_DAG' retrieved from /opt/airflow/dags/etl.py
[2024-11-26T05:04:33.219+0000] {logging_mixin.py:190} INFO - [2024-11-26T05:04:33.218+0000] {dag.py:3239} INFO - Sync 1 DAGs
[2024-11-26T05:04:33.267+0000] {logging_mixin.py:190} INFO - [2024-11-26T05:04:33.267+0000] {dag.py:4180} INFO - Setting next_dagrun for Testing_DAG to 2024-11-26 00:00:00+00:00, run_after=2024-11-27 00:00:00+00:00
[2024-11-26T05:04:33.301+0000] {processor.py:208} INFO - Processing /opt/airflow/dags/etl.py took 0.185 seconds
[2024-11-26T05:05:03.915+0000] {processor.py:186} INFO - Started process (PID=7178) to work on /opt/airflow/dags/etl.py
[2024-11-26T05:05:03.917+0000] {processor.py:914} INFO - Processing file /opt/airflow/dags/etl.py for tasks to queue
[2024-11-26T05:05:03.919+0000] {logging_mixin.py:190} INFO - [2024-11-26T05:05:03.919+0000] {dagbag.py:588} INFO - Filling up the DagBag from /opt/airflow/dags/etl.py
[2024-11-26T05:05:03.946+0000] {processor.py:925} INFO - DAG(s) 'Testing_DAG' retrieved from /opt/airflow/dags/etl.py
[2024-11-26T05:05:03.967+0000] {logging_mixin.py:190} INFO - [2024-11-26T05:05:03.967+0000] {dag.py:3239} INFO - Sync 1 DAGs
[2024-11-26T05:05:03.995+0000] {logging_mixin.py:190} INFO - [2024-11-26T05:05:03.995+0000] {dag.py:4180} INFO - Setting next_dagrun for Testing_DAG to 2024-11-26 00:00:00+00:00, run_after=2024-11-27 00:00:00+00:00
[2024-11-26T05:05:04.022+0000] {processor.py:208} INFO - Processing /opt/airflow/dags/etl.py took 0.114 seconds
[2024-11-26T05:05:34.241+0000] {processor.py:186} INFO - Started process (PID=7474) to work on /opt/airflow/dags/etl.py
[2024-11-26T05:05:34.242+0000] {processor.py:914} INFO - Processing file /opt/airflow/dags/etl.py for tasks to queue
[2024-11-26T05:05:34.244+0000] {logging_mixin.py:190} INFO - [2024-11-26T05:05:34.244+0000] {dagbag.py:588} INFO - Filling up the DagBag from /opt/airflow/dags/etl.py
[2024-11-26T05:05:34.273+0000] {processor.py:925} INFO - DAG(s) 'Testing_DAG' retrieved from /opt/airflow/dags/etl.py
[2024-11-26T05:05:34.294+0000] {logging_mixin.py:190} INFO - [2024-11-26T05:05:34.294+0000] {dag.py:3239} INFO - Sync 1 DAGs
[2024-11-26T05:05:34.324+0000] {logging_mixin.py:190} INFO - [2024-11-26T05:05:34.323+0000] {dag.py:4180} INFO - Setting next_dagrun for Testing_DAG to 2024-11-26 00:00:00+00:00, run_after=2024-11-27 00:00:00+00:00
[2024-11-26T05:05:34.350+0000] {processor.py:208} INFO - Processing /opt/airflow/dags/etl.py took 0.117 seconds
[2024-11-26T05:06:04.848+0000] {processor.py:186} INFO - Started process (PID=7770) to work on /opt/airflow/dags/etl.py
[2024-11-26T05:06:04.849+0000] {processor.py:914} INFO - Processing file /opt/airflow/dags/etl.py for tasks to queue
[2024-11-26T05:06:04.852+0000] {logging_mixin.py:190} INFO - [2024-11-26T05:06:04.852+0000] {dagbag.py:588} INFO - Filling up the DagBag from /opt/airflow/dags/etl.py
[2024-11-26T05:06:04.893+0000] {processor.py:925} INFO - DAG(s) 'Testing_DAG' retrieved from /opt/airflow/dags/etl.py
[2024-11-26T05:06:04.915+0000] {logging_mixin.py:190} INFO - [2024-11-26T05:06:04.915+0000] {dag.py:3239} INFO - Sync 1 DAGs
[2024-11-26T05:06:04.941+0000] {logging_mixin.py:190} INFO - [2024-11-26T05:06:04.941+0000] {dag.py:4180} INFO - Setting next_dagrun for Testing_DAG to 2024-11-26 00:00:00+00:00, run_after=2024-11-27 00:00:00+00:00
[2024-11-26T05:06:04.966+0000] {processor.py:208} INFO - Processing /opt/airflow/dags/etl.py took 0.126 seconds
[2024-11-26T05:06:35.780+0000] {processor.py:186} INFO - Started process (PID=8061) to work on /opt/airflow/dags/etl.py
[2024-11-26T05:06:35.781+0000] {processor.py:914} INFO - Processing file /opt/airflow/dags/etl.py for tasks to queue
[2024-11-26T05:06:35.784+0000] {logging_mixin.py:190} INFO - [2024-11-26T05:06:35.784+0000] {dagbag.py:588} INFO - Filling up the DagBag from /opt/airflow/dags/etl.py
[2024-11-26T05:06:35.816+0000] {processor.py:925} INFO - DAG(s) 'Testing_DAG' retrieved from /opt/airflow/dags/etl.py
[2024-11-26T05:06:35.842+0000] {logging_mixin.py:190} INFO - [2024-11-26T05:06:35.842+0000] {dag.py:3239} INFO - Sync 1 DAGs
[2024-11-26T05:06:35.874+0000] {logging_mixin.py:190} INFO - [2024-11-26T05:06:35.874+0000] {dag.py:4180} INFO - Setting next_dagrun for Testing_DAG to 2024-11-26 00:00:00+00:00, run_after=2024-11-27 00:00:00+00:00
[2024-11-26T05:06:35.904+0000] {processor.py:208} INFO - Processing /opt/airflow/dags/etl.py took 0.134 seconds
[2024-11-26T05:07:05.976+0000] {processor.py:186} INFO - Started process (PID=8357) to work on /opt/airflow/dags/etl.py
[2024-11-26T05:07:05.978+0000] {processor.py:914} INFO - Processing file /opt/airflow/dags/etl.py for tasks to queue
[2024-11-26T05:07:05.980+0000] {logging_mixin.py:190} INFO - [2024-11-26T05:07:05.980+0000] {dagbag.py:588} INFO - Filling up the DagBag from /opt/airflow/dags/etl.py
[2024-11-26T05:07:06.008+0000] {processor.py:925} INFO - DAG(s) 'Testing_DAG' retrieved from /opt/airflow/dags/etl.py
[2024-11-26T05:07:06.027+0000] {logging_mixin.py:190} INFO - [2024-11-26T05:07:06.027+0000] {dag.py:3239} INFO - Sync 1 DAGs
[2024-11-26T05:07:06.056+0000] {logging_mixin.py:190} INFO - [2024-11-26T05:07:06.056+0000] {dag.py:4180} INFO - Setting next_dagrun for Testing_DAG to 2024-11-26 00:00:00+00:00, run_after=2024-11-27 00:00:00+00:00
[2024-11-26T05:07:06.083+0000] {processor.py:208} INFO - Processing /opt/airflow/dags/etl.py took 0.115 seconds
[2024-11-26T05:07:36.180+0000] {processor.py:186} INFO - Started process (PID=8653) to work on /opt/airflow/dags/etl.py
[2024-11-26T05:07:36.181+0000] {processor.py:914} INFO - Processing file /opt/airflow/dags/etl.py for tasks to queue
[2024-11-26T05:07:36.184+0000] {logging_mixin.py:190} INFO - [2024-11-26T05:07:36.184+0000] {dagbag.py:588} INFO - Filling up the DagBag from /opt/airflow/dags/etl.py
[2024-11-26T05:07:36.216+0000] {processor.py:925} INFO - DAG(s) 'Testing_DAG' retrieved from /opt/airflow/dags/etl.py
[2024-11-26T05:07:36.241+0000] {logging_mixin.py:190} INFO - [2024-11-26T05:07:36.241+0000] {dag.py:3239} INFO - Sync 1 DAGs
[2024-11-26T05:07:36.269+0000] {logging_mixin.py:190} INFO - [2024-11-26T05:07:36.269+0000] {dag.py:4180} INFO - Setting next_dagrun for Testing_DAG to 2024-11-26 00:00:00+00:00, run_after=2024-11-27 00:00:00+00:00
[2024-11-26T05:07:36.290+0000] {processor.py:208} INFO - Processing /opt/airflow/dags/etl.py took 0.118 seconds
[2024-11-26T05:08:06.509+0000] {processor.py:186} INFO - Started process (PID=8937) to work on /opt/airflow/dags/etl.py
[2024-11-26T05:08:06.510+0000] {processor.py:914} INFO - Processing file /opt/airflow/dags/etl.py for tasks to queue
[2024-11-26T05:08:06.514+0000] {logging_mixin.py:190} INFO - [2024-11-26T05:08:06.513+0000] {dagbag.py:588} INFO - Filling up the DagBag from /opt/airflow/dags/etl.py
[2024-11-26T05:08:06.553+0000] {processor.py:925} INFO - DAG(s) 'Testing_DAG' retrieved from /opt/airflow/dags/etl.py
[2024-11-26T05:08:06.583+0000] {logging_mixin.py:190} INFO - [2024-11-26T05:08:06.583+0000] {dag.py:3239} INFO - Sync 1 DAGs
[2024-11-26T05:08:06.622+0000] {logging_mixin.py:190} INFO - [2024-11-26T05:08:06.622+0000] {dag.py:4180} INFO - Setting next_dagrun for Testing_DAG to 2024-11-26 00:00:00+00:00, run_after=2024-11-27 00:00:00+00:00
[2024-11-26T05:08:06.656+0000] {processor.py:208} INFO - Processing /opt/airflow/dags/etl.py took 0.160 seconds
[2024-11-26T05:08:37.714+0000] {processor.py:186} INFO - Started process (PID=9235) to work on /opt/airflow/dags/etl.py
[2024-11-26T05:08:37.715+0000] {processor.py:914} INFO - Processing file /opt/airflow/dags/etl.py for tasks to queue
[2024-11-26T05:08:37.717+0000] {logging_mixin.py:190} INFO - [2024-11-26T05:08:37.717+0000] {dagbag.py:588} INFO - Filling up the DagBag from /opt/airflow/dags/etl.py
[2024-11-26T05:08:37.748+0000] {processor.py:925} INFO - DAG(s) 'Testing_DAG' retrieved from /opt/airflow/dags/etl.py
[2024-11-26T05:08:37.778+0000] {logging_mixin.py:190} INFO - [2024-11-26T05:08:37.777+0000] {dag.py:3239} INFO - Sync 1 DAGs
[2024-11-26T05:08:37.804+0000] {logging_mixin.py:190} INFO - [2024-11-26T05:08:37.804+0000] {dag.py:4180} INFO - Setting next_dagrun for Testing_DAG to 2024-11-26 00:00:00+00:00, run_after=2024-11-27 00:00:00+00:00
[2024-11-26T05:08:37.833+0000] {processor.py:208} INFO - Processing /opt/airflow/dags/etl.py took 0.130 seconds
[2024-11-26T05:09:08.222+0000] {processor.py:186} INFO - Started process (PID=9531) to work on /opt/airflow/dags/etl.py
[2024-11-26T05:09:08.223+0000] {processor.py:914} INFO - Processing file /opt/airflow/dags/etl.py for tasks to queue
[2024-11-26T05:09:08.226+0000] {logging_mixin.py:190} INFO - [2024-11-26T05:09:08.226+0000] {dagbag.py:588} INFO - Filling up the DagBag from /opt/airflow/dags/etl.py
[2024-11-26T05:09:08.254+0000] {processor.py:925} INFO - DAG(s) 'Testing_DAG' retrieved from /opt/airflow/dags/etl.py
[2024-11-26T05:09:08.278+0000] {logging_mixin.py:190} INFO - [2024-11-26T05:09:08.277+0000] {dag.py:3239} INFO - Sync 1 DAGs
[2024-11-26T05:09:08.314+0000] {logging_mixin.py:190} INFO - [2024-11-26T05:09:08.313+0000] {dag.py:4180} INFO - Setting next_dagrun for Testing_DAG to 2024-11-26 00:00:00+00:00, run_after=2024-11-27 00:00:00+00:00
[2024-11-26T05:09:08.341+0000] {processor.py:208} INFO - Processing /opt/airflow/dags/etl.py took 0.126 seconds
[2024-11-26T05:09:38.771+0000] {processor.py:186} INFO - Started process (PID=9827) to work on /opt/airflow/dags/etl.py
[2024-11-26T05:09:38.772+0000] {processor.py:914} INFO - Processing file /opt/airflow/dags/etl.py for tasks to queue
[2024-11-26T05:09:38.775+0000] {logging_mixin.py:190} INFO - [2024-11-26T05:09:38.775+0000] {dagbag.py:588} INFO - Filling up the DagBag from /opt/airflow/dags/etl.py
[2024-11-26T05:09:38.812+0000] {logging_mixin.py:190} INFO - [2024-11-26T05:09:38.806+0000] {dagbag.py:387} ERROR - Failed to import: /opt/airflow/dags/etl.py
Traceback (most recent call last):
  File "/home/airflow/.local/lib/python3.12/site-packages/airflow/models/dagbag.py", line 383, in parse
    loader.exec_module(new_module)
  File "<frozen importlib._bootstrap_external>", line 995, in exec_module
  File "<frozen importlib._bootstrap>", line 488, in _call_with_frames_removed
  File "/opt/airflow/dags/etl.py", line 4, in <module>
    from app.hello import greeting
ImportError: cannot import name 'greeting' from 'app.hello' (/opt/airflow/app/hello.py)
[2024-11-26T05:09:38.814+0000] {processor.py:927} WARNING - No viable dags retrieved from /opt/airflow/dags/etl.py
[2024-11-26T05:09:38.844+0000] {processor.py:208} INFO - Processing /opt/airflow/dags/etl.py took 0.083 seconds
[2024-11-26T05:10:09.195+0000] {processor.py:186} INFO - Started process (PID=10123) to work on /opt/airflow/dags/etl.py
[2024-11-26T05:10:09.196+0000] {processor.py:914} INFO - Processing file /opt/airflow/dags/etl.py for tasks to queue
[2024-11-26T05:10:09.199+0000] {logging_mixin.py:190} INFO - [2024-11-26T05:10:09.198+0000] {dagbag.py:588} INFO - Filling up the DagBag from /opt/airflow/dags/etl.py
[2024-11-26T05:10:09.221+0000] {logging_mixin.py:190} INFO - [2024-11-26T05:10:09.217+0000] {dagbag.py:387} ERROR - Failed to import: /opt/airflow/dags/etl.py
Traceback (most recent call last):
  File "/home/airflow/.local/lib/python3.12/site-packages/airflow/models/dagbag.py", line 383, in parse
    loader.exec_module(new_module)
  File "<frozen importlib._bootstrap_external>", line 995, in exec_module
  File "<frozen importlib._bootstrap>", line 488, in _call_with_frames_removed
  File "/opt/airflow/dags/etl.py", line 4, in <module>
    from app.hello import greeting
ModuleNotFoundError: No module named 'app.hello'
[2024-11-26T05:10:09.224+0000] {processor.py:927} WARNING - No viable dags retrieved from /opt/airflow/dags/etl.py
[2024-11-26T05:10:09.249+0000] {processor.py:208} INFO - Processing /opt/airflow/dags/etl.py took 0.065 seconds
[2024-11-26T05:10:24.294+0000] {processor.py:186} INFO - Started process (PID=10291) to work on /opt/airflow/dags/etl.py
[2024-11-26T05:10:24.296+0000] {processor.py:914} INFO - Processing file /opt/airflow/dags/etl.py for tasks to queue
[2024-11-26T05:10:24.299+0000] {logging_mixin.py:190} INFO - [2024-11-26T05:10:24.299+0000] {dagbag.py:588} INFO - Filling up the DagBag from /opt/airflow/dags/etl.py
[2024-11-26T05:10:24.342+0000] {logging_mixin.py:190} INFO - [2024-11-26T05:10:24.335+0000] {dagbag.py:387} ERROR - Failed to import: /opt/airflow/dags/etl.py
Traceback (most recent call last):
  File "/home/airflow/.local/lib/python3.12/site-packages/airflow/models/dagbag.py", line 383, in parse
    loader.exec_module(new_module)
  File "<frozen importlib._bootstrap_external>", line 995, in exec_module
  File "<frozen importlib._bootstrap>", line 488, in _call_with_frames_removed
  File "/opt/airflow/dags/etl.py", line 23, in <module>
    python_callable= greeting,
                     ^^^^^^^^
NameError: name 'greeting' is not defined
[2024-11-26T05:10:24.346+0000] {processor.py:927} WARNING - No viable dags retrieved from /opt/airflow/dags/etl.py
[2024-11-26T05:10:24.380+0000] {processor.py:208} INFO - Processing /opt/airflow/dags/etl.py took 0.094 seconds
[2024-11-26T05:10:31.216+0000] {processor.py:186} INFO - Started process (PID=10339) to work on /opt/airflow/dags/etl.py
[2024-11-26T05:10:31.217+0000] {processor.py:914} INFO - Processing file /opt/airflow/dags/etl.py for tasks to queue
[2024-11-26T05:10:31.221+0000] {logging_mixin.py:190} INFO - [2024-11-26T05:10:31.220+0000] {dagbag.py:588} INFO - Filling up the DagBag from /opt/airflow/dags/etl.py
[2024-11-26T05:10:31.250+0000] {processor.py:925} INFO - DAG(s) 'Testing_DAG' retrieved from /opt/airflow/dags/etl.py
[2024-11-26T05:10:31.395+0000] {logging_mixin.py:190} INFO - [2024-11-26T05:10:31.395+0000] {dag.py:3239} INFO - Sync 1 DAGs
[2024-11-26T05:10:31.422+0000] {logging_mixin.py:190} INFO - [2024-11-26T05:10:31.421+0000] {dag.py:4180} INFO - Setting next_dagrun for Testing_DAG to 2024-11-26 00:00:00+00:00, run_after=2024-11-27 00:00:00+00:00
[2024-11-26T05:10:31.450+0000] {processor.py:208} INFO - Processing /opt/airflow/dags/etl.py took 0.242 seconds
[2024-11-26T05:11:01.787+0000] {processor.py:186} INFO - Started process (PID=10635) to work on /opt/airflow/dags/etl.py
[2024-11-26T05:11:01.789+0000] {processor.py:914} INFO - Processing file /opt/airflow/dags/etl.py for tasks to queue
[2024-11-26T05:11:01.792+0000] {logging_mixin.py:190} INFO - [2024-11-26T05:11:01.792+0000] {dagbag.py:588} INFO - Filling up the DagBag from /opt/airflow/dags/etl.py
[2024-11-26T05:11:01.813+0000] {processor.py:925} INFO - DAG(s) 'Testing_DAG' retrieved from /opt/airflow/dags/etl.py
[2024-11-26T05:11:01.835+0000] {logging_mixin.py:190} INFO - [2024-11-26T05:11:01.834+0000] {dag.py:3239} INFO - Sync 1 DAGs
[2024-11-26T05:11:01.859+0000] {logging_mixin.py:190} INFO - [2024-11-26T05:11:01.859+0000] {dag.py:4180} INFO - Setting next_dagrun for Testing_DAG to 2024-11-26 00:00:00+00:00, run_after=2024-11-27 00:00:00+00:00
[2024-11-26T05:11:01.884+0000] {processor.py:208} INFO - Processing /opt/airflow/dags/etl.py took 0.106 seconds
[2024-11-26T05:11:32.379+0000] {processor.py:186} INFO - Started process (PID=10931) to work on /opt/airflow/dags/etl.py
[2024-11-26T05:11:32.380+0000] {processor.py:914} INFO - Processing file /opt/airflow/dags/etl.py for tasks to queue
[2024-11-26T05:11:32.384+0000] {logging_mixin.py:190} INFO - [2024-11-26T05:11:32.384+0000] {dagbag.py:588} INFO - Filling up the DagBag from /opt/airflow/dags/etl.py
[2024-11-26T05:11:32.410+0000] {processor.py:925} INFO - DAG(s) 'Testing_DAG' retrieved from /opt/airflow/dags/etl.py
[2024-11-26T05:11:32.432+0000] {logging_mixin.py:190} INFO - [2024-11-26T05:11:32.431+0000] {dag.py:3239} INFO - Sync 1 DAGs
[2024-11-26T05:11:32.462+0000] {logging_mixin.py:190} INFO - [2024-11-26T05:11:32.461+0000] {dag.py:4180} INFO - Setting next_dagrun for Testing_DAG to 2024-11-26 00:00:00+00:00, run_after=2024-11-27 00:00:00+00:00
[2024-11-26T05:11:32.490+0000] {processor.py:208} INFO - Processing /opt/airflow/dags/etl.py took 0.121 seconds
[2024-11-26T05:12:03.211+0000] {processor.py:186} INFO - Started process (PID=11227) to work on /opt/airflow/dags/etl.py
[2024-11-26T05:12:03.212+0000] {processor.py:914} INFO - Processing file /opt/airflow/dags/etl.py for tasks to queue
[2024-11-26T05:12:03.215+0000] {logging_mixin.py:190} INFO - [2024-11-26T05:12:03.215+0000] {dagbag.py:588} INFO - Filling up the DagBag from /opt/airflow/dags/etl.py
[2024-11-26T05:12:03.232+0000] {processor.py:925} INFO - DAG(s) 'Testing_DAG' retrieved from /opt/airflow/dags/etl.py
[2024-11-26T05:12:03.249+0000] {logging_mixin.py:190} INFO - [2024-11-26T05:12:03.249+0000] {dag.py:3239} INFO - Sync 1 DAGs
[2024-11-26T05:12:03.275+0000] {logging_mixin.py:190} INFO - [2024-11-26T05:12:03.275+0000] {dag.py:4180} INFO - Setting next_dagrun for Testing_DAG to 2024-11-26 00:00:00+00:00, run_after=2024-11-27 00:00:00+00:00
[2024-11-26T05:12:03.297+0000] {processor.py:208} INFO - Processing /opt/airflow/dags/etl.py took 0.094 seconds
[2024-11-26T05:12:33.821+0000] {processor.py:186} INFO - Started process (PID=11523) to work on /opt/airflow/dags/etl.py
[2024-11-26T05:12:33.822+0000] {processor.py:914} INFO - Processing file /opt/airflow/dags/etl.py for tasks to queue
[2024-11-26T05:12:33.826+0000] {logging_mixin.py:190} INFO - [2024-11-26T05:12:33.826+0000] {dagbag.py:588} INFO - Filling up the DagBag from /opt/airflow/dags/etl.py
[2024-11-26T05:12:33.843+0000] {processor.py:925} INFO - DAG(s) 'Testing_DAG' retrieved from /opt/airflow/dags/etl.py
[2024-11-26T05:12:33.862+0000] {logging_mixin.py:190} INFO - [2024-11-26T05:12:33.862+0000] {dag.py:3239} INFO - Sync 1 DAGs
[2024-11-26T05:12:33.888+0000] {logging_mixin.py:190} INFO - [2024-11-26T05:12:33.888+0000] {dag.py:4180} INFO - Setting next_dagrun for Testing_DAG to 2024-11-26 00:00:00+00:00, run_after=2024-11-27 00:00:00+00:00
[2024-11-26T05:12:33.912+0000] {processor.py:208} INFO - Processing /opt/airflow/dags/etl.py took 0.100 seconds
[2024-11-26T05:13:04.585+0000] {processor.py:186} INFO - Started process (PID=11819) to work on /opt/airflow/dags/etl.py
[2024-11-26T05:13:04.586+0000] {processor.py:914} INFO - Processing file /opt/airflow/dags/etl.py for tasks to queue
[2024-11-26T05:13:04.589+0000] {logging_mixin.py:190} INFO - [2024-11-26T05:13:04.589+0000] {dagbag.py:588} INFO - Filling up the DagBag from /opt/airflow/dags/etl.py
[2024-11-26T05:13:04.607+0000] {processor.py:925} INFO - DAG(s) 'Testing_DAG' retrieved from /opt/airflow/dags/etl.py
[2024-11-26T05:13:04.624+0000] {logging_mixin.py:190} INFO - [2024-11-26T05:13:04.624+0000] {dag.py:3239} INFO - Sync 1 DAGs
[2024-11-26T05:13:04.648+0000] {logging_mixin.py:190} INFO - [2024-11-26T05:13:04.648+0000] {dag.py:4180} INFO - Setting next_dagrun for Testing_DAG to 2024-11-26 00:00:00+00:00, run_after=2024-11-27 00:00:00+00:00
[2024-11-26T05:13:04.670+0000] {processor.py:208} INFO - Processing /opt/airflow/dags/etl.py took 0.093 seconds
[2024-11-26T05:13:34.750+0000] {processor.py:186} INFO - Started process (PID=12115) to work on /opt/airflow/dags/etl.py
[2024-11-26T05:13:34.751+0000] {processor.py:914} INFO - Processing file /opt/airflow/dags/etl.py for tasks to queue
[2024-11-26T05:13:34.755+0000] {logging_mixin.py:190} INFO - [2024-11-26T05:13:34.754+0000] {dagbag.py:588} INFO - Filling up the DagBag from /opt/airflow/dags/etl.py
[2024-11-26T05:13:34.773+0000] {processor.py:925} INFO - DAG(s) 'Testing_DAG' retrieved from /opt/airflow/dags/etl.py
[2024-11-26T05:13:34.800+0000] {logging_mixin.py:190} INFO - [2024-11-26T05:13:34.800+0000] {dag.py:3239} INFO - Sync 1 DAGs
[2024-11-26T05:13:34.831+0000] {logging_mixin.py:190} INFO - [2024-11-26T05:13:34.830+0000] {dag.py:4180} INFO - Setting next_dagrun for Testing_DAG to 2024-11-26 00:00:00+00:00, run_after=2024-11-27 00:00:00+00:00
[2024-11-26T05:13:34.858+0000] {processor.py:208} INFO - Processing /opt/airflow/dags/etl.py took 0.117 seconds
[2024-11-26T05:14:04.998+0000] {processor.py:186} INFO - Started process (PID=12411) to work on /opt/airflow/dags/etl.py
[2024-11-26T05:14:04.999+0000] {processor.py:914} INFO - Processing file /opt/airflow/dags/etl.py for tasks to queue
[2024-11-26T05:14:05.002+0000] {logging_mixin.py:190} INFO - [2024-11-26T05:14:05.002+0000] {dagbag.py:588} INFO - Filling up the DagBag from /opt/airflow/dags/etl.py
[2024-11-26T05:14:05.019+0000] {processor.py:925} INFO - DAG(s) 'Testing_DAG' retrieved from /opt/airflow/dags/etl.py
[2024-11-26T05:14:05.039+0000] {logging_mixin.py:190} INFO - [2024-11-26T05:14:05.038+0000] {dag.py:3239} INFO - Sync 1 DAGs
[2024-11-26T05:14:05.070+0000] {logging_mixin.py:190} INFO - [2024-11-26T05:14:05.070+0000] {dag.py:4180} INFO - Setting next_dagrun for Testing_DAG to 2024-11-26 00:00:00+00:00, run_after=2024-11-27 00:00:00+00:00
[2024-11-26T05:14:05.094+0000] {processor.py:208} INFO - Processing /opt/airflow/dags/etl.py took 0.105 seconds
[2024-11-26T05:14:35.288+0000] {processor.py:186} INFO - Started process (PID=12705) to work on /opt/airflow/dags/etl.py
[2024-11-26T05:14:35.289+0000] {processor.py:914} INFO - Processing file /opt/airflow/dags/etl.py for tasks to queue
[2024-11-26T05:14:35.294+0000] {logging_mixin.py:190} INFO - [2024-11-26T05:14:35.293+0000] {dagbag.py:588} INFO - Filling up the DagBag from /opt/airflow/dags/etl.py
[2024-11-26T05:14:35.321+0000] {processor.py:925} INFO - DAG(s) 'Testing_DAG' retrieved from /opt/airflow/dags/etl.py
[2024-11-26T05:14:35.357+0000] {logging_mixin.py:190} INFO - [2024-11-26T05:14:35.357+0000] {dag.py:3239} INFO - Sync 1 DAGs
[2024-11-26T05:14:35.410+0000] {logging_mixin.py:190} INFO - [2024-11-26T05:14:35.409+0000] {dag.py:4180} INFO - Setting next_dagrun for Testing_DAG to 2024-11-26 00:00:00+00:00, run_after=2024-11-27 00:00:00+00:00
[2024-11-26T05:14:35.442+0000] {processor.py:208} INFO - Processing /opt/airflow/dags/etl.py took 0.167 seconds
[2024-11-26T05:15:05.821+0000] {processor.py:186} INFO - Started process (PID=12988) to work on /opt/airflow/dags/etl.py
[2024-11-26T05:15:05.822+0000] {processor.py:914} INFO - Processing file /opt/airflow/dags/etl.py for tasks to queue
[2024-11-26T05:15:05.825+0000] {logging_mixin.py:190} INFO - [2024-11-26T05:15:05.825+0000] {dagbag.py:588} INFO - Filling up the DagBag from /opt/airflow/dags/etl.py
[2024-11-26T05:15:05.856+0000] {processor.py:925} INFO - DAG(s) 'Testing_DAG' retrieved from /opt/airflow/dags/etl.py
[2024-11-26T05:15:05.880+0000] {logging_mixin.py:190} INFO - [2024-11-26T05:15:05.880+0000] {dag.py:3239} INFO - Sync 1 DAGs
[2024-11-26T05:15:05.908+0000] {logging_mixin.py:190} INFO - [2024-11-26T05:15:05.908+0000] {dag.py:4180} INFO - Setting next_dagrun for Testing_DAG to 2024-11-26 00:00:00+00:00, run_after=2024-11-27 00:00:00+00:00
[2024-11-26T05:15:05.935+0000] {processor.py:208} INFO - Processing /opt/airflow/dags/etl.py took 0.122 seconds
[2024-11-26T05:15:36.164+0000] {processor.py:186} INFO - Started process (PID=13284) to work on /opt/airflow/dags/etl.py
[2024-11-26T05:15:36.165+0000] {processor.py:914} INFO - Processing file /opt/airflow/dags/etl.py for tasks to queue
[2024-11-26T05:15:36.168+0000] {logging_mixin.py:190} INFO - [2024-11-26T05:15:36.168+0000] {dagbag.py:588} INFO - Filling up the DagBag from /opt/airflow/dags/etl.py
[2024-11-26T05:15:36.185+0000] {processor.py:925} INFO - DAG(s) 'Testing_DAG' retrieved from /opt/airflow/dags/etl.py
[2024-11-26T05:15:36.205+0000] {logging_mixin.py:190} INFO - [2024-11-26T05:15:36.205+0000] {dag.py:3239} INFO - Sync 1 DAGs
[2024-11-26T05:15:36.231+0000] {logging_mixin.py:190} INFO - [2024-11-26T05:15:36.230+0000] {dag.py:4180} INFO - Setting next_dagrun for Testing_DAG to 2024-11-26 00:00:00+00:00, run_after=2024-11-27 00:00:00+00:00
[2024-11-26T05:15:36.254+0000] {processor.py:208} INFO - Processing /opt/airflow/dags/etl.py took 0.098 seconds
[2024-11-26T05:16:06.416+0000] {processor.py:186} INFO - Started process (PID=13580) to work on /opt/airflow/dags/etl.py
[2024-11-26T05:16:06.417+0000] {processor.py:914} INFO - Processing file /opt/airflow/dags/etl.py for tasks to queue
[2024-11-26T05:16:06.420+0000] {logging_mixin.py:190} INFO - [2024-11-26T05:16:06.419+0000] {dagbag.py:588} INFO - Filling up the DagBag from /opt/airflow/dags/etl.py
[2024-11-26T05:16:06.443+0000] {processor.py:925} INFO - DAG(s) 'Testing_DAG' retrieved from /opt/airflow/dags/etl.py
[2024-11-26T05:16:06.469+0000] {logging_mixin.py:190} INFO - [2024-11-26T05:16:06.469+0000] {dag.py:3239} INFO - Sync 1 DAGs
[2024-11-26T05:16:06.497+0000] {logging_mixin.py:190} INFO - [2024-11-26T05:16:06.497+0000] {dag.py:4180} INFO - Setting next_dagrun for Testing_DAG to 2024-11-26 00:00:00+00:00, run_after=2024-11-27 00:00:00+00:00
[2024-11-26T05:16:06.527+0000] {processor.py:208} INFO - Processing /opt/airflow/dags/etl.py took 0.119 seconds
[2024-11-26T05:16:37.264+0000] {processor.py:186} INFO - Started process (PID=13876) to work on /opt/airflow/dags/etl.py
[2024-11-26T05:16:37.265+0000] {processor.py:914} INFO - Processing file /opt/airflow/dags/etl.py for tasks to queue
[2024-11-26T05:16:37.269+0000] {logging_mixin.py:190} INFO - [2024-11-26T05:16:37.268+0000] {dagbag.py:588} INFO - Filling up the DagBag from /opt/airflow/dags/etl.py
[2024-11-26T05:16:37.287+0000] {processor.py:925} INFO - DAG(s) 'Testing_DAG' retrieved from /opt/airflow/dags/etl.py
[2024-11-26T05:16:37.305+0000] {logging_mixin.py:190} INFO - [2024-11-26T05:16:37.305+0000] {dag.py:3239} INFO - Sync 1 DAGs
[2024-11-26T05:16:37.331+0000] {logging_mixin.py:190} INFO - [2024-11-26T05:16:37.331+0000] {dag.py:4180} INFO - Setting next_dagrun for Testing_DAG to 2024-11-26 00:00:00+00:00, run_after=2024-11-27 00:00:00+00:00
[2024-11-26T05:16:37.355+0000] {processor.py:208} INFO - Processing /opt/airflow/dags/etl.py took 0.101 seconds
[2024-11-26T05:17:07.792+0000] {processor.py:186} INFO - Started process (PID=14172) to work on /opt/airflow/dags/etl.py
[2024-11-26T05:17:07.794+0000] {processor.py:914} INFO - Processing file /opt/airflow/dags/etl.py for tasks to queue
[2024-11-26T05:17:07.797+0000] {logging_mixin.py:190} INFO - [2024-11-26T05:17:07.797+0000] {dagbag.py:588} INFO - Filling up the DagBag from /opt/airflow/dags/etl.py
[2024-11-26T05:17:07.819+0000] {processor.py:925} INFO - DAG(s) 'Testing_DAG' retrieved from /opt/airflow/dags/etl.py
[2024-11-26T05:17:07.839+0000] {logging_mixin.py:190} INFO - [2024-11-26T05:17:07.839+0000] {dag.py:3239} INFO - Sync 1 DAGs
[2024-11-26T05:17:07.866+0000] {logging_mixin.py:190} INFO - [2024-11-26T05:17:07.865+0000] {dag.py:4180} INFO - Setting next_dagrun for Testing_DAG to 2024-11-26 00:00:00+00:00, run_after=2024-11-27 00:00:00+00:00
[2024-11-26T05:17:07.889+0000] {processor.py:208} INFO - Processing /opt/airflow/dags/etl.py took 0.107 seconds
[2024-11-26T05:17:38.062+0000] {processor.py:186} INFO - Started process (PID=14468) to work on /opt/airflow/dags/etl.py
[2024-11-26T05:17:38.063+0000] {processor.py:914} INFO - Processing file /opt/airflow/dags/etl.py for tasks to queue
[2024-11-26T05:17:38.065+0000] {logging_mixin.py:190} INFO - [2024-11-26T05:17:38.065+0000] {dagbag.py:588} INFO - Filling up the DagBag from /opt/airflow/dags/etl.py
[2024-11-26T05:17:38.084+0000] {processor.py:925} INFO - DAG(s) 'Testing_DAG' retrieved from /opt/airflow/dags/etl.py
[2024-11-26T05:17:38.106+0000] {logging_mixin.py:190} INFO - [2024-11-26T05:17:38.105+0000] {dag.py:3239} INFO - Sync 1 DAGs
[2024-11-26T05:17:38.141+0000] {logging_mixin.py:190} INFO - [2024-11-26T05:17:38.141+0000] {dag.py:4180} INFO - Setting next_dagrun for Testing_DAG to 2024-11-26 00:00:00+00:00, run_after=2024-11-27 00:00:00+00:00
[2024-11-26T05:17:38.165+0000] {processor.py:208} INFO - Processing /opt/airflow/dags/etl.py took 0.111 seconds
[2024-11-26T05:18:08.387+0000] {processor.py:186} INFO - Started process (PID=14764) to work on /opt/airflow/dags/etl.py
[2024-11-26T05:18:08.388+0000] {processor.py:914} INFO - Processing file /opt/airflow/dags/etl.py for tasks to queue
[2024-11-26T05:18:08.391+0000] {logging_mixin.py:190} INFO - [2024-11-26T05:18:08.390+0000] {dagbag.py:588} INFO - Filling up the DagBag from /opt/airflow/dags/etl.py
[2024-11-26T05:18:08.410+0000] {processor.py:925} INFO - DAG(s) 'Testing_DAG' retrieved from /opt/airflow/dags/etl.py
[2024-11-26T05:18:08.428+0000] {logging_mixin.py:190} INFO - [2024-11-26T05:18:08.428+0000] {dag.py:3239} INFO - Sync 1 DAGs
[2024-11-26T05:18:08.453+0000] {logging_mixin.py:190} INFO - [2024-11-26T05:18:08.453+0000] {dag.py:4180} INFO - Setting next_dagrun for Testing_DAG to 2024-11-26 00:00:00+00:00, run_after=2024-11-27 00:00:00+00:00
[2024-11-26T05:18:08.475+0000] {processor.py:208} INFO - Processing /opt/airflow/dags/etl.py took 0.096 seconds
[2024-11-26T05:18:38.677+0000] {processor.py:186} INFO - Started process (PID=15060) to work on /opt/airflow/dags/etl.py
[2024-11-26T05:18:38.678+0000] {processor.py:914} INFO - Processing file /opt/airflow/dags/etl.py for tasks to queue
[2024-11-26T05:18:38.680+0000] {logging_mixin.py:190} INFO - [2024-11-26T05:18:38.680+0000] {dagbag.py:588} INFO - Filling up the DagBag from /opt/airflow/dags/etl.py
[2024-11-26T05:18:38.702+0000] {processor.py:925} INFO - DAG(s) 'Testing_DAG' retrieved from /opt/airflow/dags/etl.py
[2024-11-26T05:18:38.721+0000] {logging_mixin.py:190} INFO - [2024-11-26T05:18:38.721+0000] {dag.py:3239} INFO - Sync 1 DAGs
[2024-11-26T05:18:38.745+0000] {logging_mixin.py:190} INFO - [2024-11-26T05:18:38.745+0000] {dag.py:4180} INFO - Setting next_dagrun for Testing_DAG to 2024-11-26 00:00:00+00:00, run_after=2024-11-27 00:00:00+00:00
[2024-11-26T05:18:38.764+0000] {processor.py:208} INFO - Processing /opt/airflow/dags/etl.py took 0.100 seconds
[2024-11-26T05:19:08.921+0000] {processor.py:186} INFO - Started process (PID=15354) to work on /opt/airflow/dags/etl.py
[2024-11-26T05:19:08.923+0000] {processor.py:914} INFO - Processing file /opt/airflow/dags/etl.py for tasks to queue
[2024-11-26T05:19:08.926+0000] {logging_mixin.py:190} INFO - [2024-11-26T05:19:08.926+0000] {dagbag.py:588} INFO - Filling up the DagBag from /opt/airflow/dags/etl.py
[2024-11-26T05:19:08.948+0000] {processor.py:925} INFO - DAG(s) 'Testing_DAG' retrieved from /opt/airflow/dags/etl.py
[2024-11-26T05:19:08.977+0000] {logging_mixin.py:190} INFO - [2024-11-26T05:19:08.977+0000] {dag.py:3239} INFO - Sync 1 DAGs
[2024-11-26T05:19:09.017+0000] {logging_mixin.py:190} INFO - [2024-11-26T05:19:09.017+0000] {dag.py:4180} INFO - Setting next_dagrun for Testing_DAG to 2024-11-26 00:00:00+00:00, run_after=2024-11-27 00:00:00+00:00
[2024-11-26T05:19:09.047+0000] {processor.py:208} INFO - Processing /opt/airflow/dags/etl.py took 0.139 seconds
[2024-11-26T05:19:39.741+0000] {processor.py:186} INFO - Started process (PID=15647) to work on /opt/airflow/dags/etl.py
[2024-11-26T05:19:39.742+0000] {processor.py:914} INFO - Processing file /opt/airflow/dags/etl.py for tasks to queue
[2024-11-26T05:19:39.747+0000] {logging_mixin.py:190} INFO - [2024-11-26T05:19:39.746+0000] {dagbag.py:588} INFO - Filling up the DagBag from /opt/airflow/dags/etl.py
[2024-11-26T05:19:39.769+0000] {processor.py:925} INFO - DAG(s) 'Testing_DAG' retrieved from /opt/airflow/dags/etl.py
[2024-11-26T05:19:39.793+0000] {logging_mixin.py:190} INFO - [2024-11-26T05:19:39.793+0000] {dag.py:3239} INFO - Sync 1 DAGs
[2024-11-26T05:19:39.828+0000] {logging_mixin.py:190} INFO - [2024-11-26T05:19:39.827+0000] {dag.py:4180} INFO - Setting next_dagrun for Testing_DAG to 2024-11-26 00:00:00+00:00, run_after=2024-11-27 00:00:00+00:00
[2024-11-26T05:19:39.854+0000] {processor.py:208} INFO - Processing /opt/airflow/dags/etl.py took 0.124 seconds
[2024-11-26T05:20:10.163+0000] {processor.py:186} INFO - Started process (PID=15941) to work on /opt/airflow/dags/etl.py
[2024-11-26T05:20:10.164+0000] {processor.py:914} INFO - Processing file /opt/airflow/dags/etl.py for tasks to queue
[2024-11-26T05:20:10.169+0000] {logging_mixin.py:190} INFO - [2024-11-26T05:20:10.169+0000] {dagbag.py:588} INFO - Filling up the DagBag from /opt/airflow/dags/etl.py
[2024-11-26T05:20:10.199+0000] {processor.py:925} INFO - DAG(s) 'Testing_DAG' retrieved from /opt/airflow/dags/etl.py
[2024-11-26T05:20:10.241+0000] {logging_mixin.py:190} INFO - [2024-11-26T05:20:10.240+0000] {dag.py:3239} INFO - Sync 1 DAGs
[2024-11-26T05:20:10.322+0000] {logging_mixin.py:190} INFO - [2024-11-26T05:20:10.321+0000] {dag.py:4180} INFO - Setting next_dagrun for Testing_DAG to 2024-11-26 00:00:00+00:00, run_after=2024-11-27 00:00:00+00:00
[2024-11-26T05:20:10.380+0000] {processor.py:208} INFO - Processing /opt/airflow/dags/etl.py took 0.231 seconds
[2024-11-26T05:20:40.515+0000] {processor.py:186} INFO - Started process (PID=16234) to work on /opt/airflow/dags/etl.py
[2024-11-26T05:20:40.517+0000] {processor.py:914} INFO - Processing file /opt/airflow/dags/etl.py for tasks to queue
[2024-11-26T05:20:40.521+0000] {logging_mixin.py:190} INFO - [2024-11-26T05:20:40.521+0000] {dagbag.py:588} INFO - Filling up the DagBag from /opt/airflow/dags/etl.py
[2024-11-26T05:20:40.540+0000] {processor.py:925} INFO - DAG(s) 'Testing_DAG' retrieved from /opt/airflow/dags/etl.py
[2024-11-26T05:20:40.560+0000] {logging_mixin.py:190} INFO - [2024-11-26T05:20:40.559+0000] {dag.py:3239} INFO - Sync 1 DAGs
[2024-11-26T05:20:40.585+0000] {logging_mixin.py:190} INFO - [2024-11-26T05:20:40.585+0000] {dag.py:4180} INFO - Setting next_dagrun for Testing_DAG to 2024-11-26 00:00:00+00:00, run_after=2024-11-27 00:00:00+00:00
[2024-11-26T05:20:40.604+0000] {processor.py:208} INFO - Processing /opt/airflow/dags/etl.py took 0.098 seconds
[2024-11-26T05:21:10.798+0000] {processor.py:186} INFO - Started process (PID=16528) to work on /opt/airflow/dags/etl.py
[2024-11-26T05:21:10.802+0000] {processor.py:914} INFO - Processing file /opt/airflow/dags/etl.py for tasks to queue
[2024-11-26T05:21:10.808+0000] {logging_mixin.py:190} INFO - [2024-11-26T05:21:10.807+0000] {dagbag.py:588} INFO - Filling up the DagBag from /opt/airflow/dags/etl.py
[2024-11-26T05:21:10.846+0000] {processor.py:925} INFO - DAG(s) 'Testing_DAG' retrieved from /opt/airflow/dags/etl.py
[2024-11-26T05:21:10.893+0000] {logging_mixin.py:190} INFO - [2024-11-26T05:21:10.892+0000] {dag.py:3239} INFO - Sync 1 DAGs
[2024-11-26T05:21:10.958+0000] {logging_mixin.py:190} INFO - [2024-11-26T05:21:10.957+0000] {dag.py:4180} INFO - Setting next_dagrun for Testing_DAG to 2024-11-26 00:00:00+00:00, run_after=2024-11-27 00:00:00+00:00
[2024-11-26T05:21:10.993+0000] {processor.py:208} INFO - Processing /opt/airflow/dags/etl.py took 0.215 seconds
[2024-11-26T05:21:41.358+0000] {processor.py:186} INFO - Started process (PID=16821) to work on /opt/airflow/dags/etl.py
[2024-11-26T05:21:41.359+0000] {processor.py:914} INFO - Processing file /opt/airflow/dags/etl.py for tasks to queue
[2024-11-26T05:21:41.362+0000] {logging_mixin.py:190} INFO - [2024-11-26T05:21:41.362+0000] {dagbag.py:588} INFO - Filling up the DagBag from /opt/airflow/dags/etl.py
[2024-11-26T05:21:41.380+0000] {processor.py:925} INFO - DAG(s) 'Testing_DAG' retrieved from /opt/airflow/dags/etl.py
[2024-11-26T05:21:41.400+0000] {logging_mixin.py:190} INFO - [2024-11-26T05:21:41.400+0000] {dag.py:3239} INFO - Sync 1 DAGs
[2024-11-26T05:21:41.429+0000] {logging_mixin.py:190} INFO - [2024-11-26T05:21:41.429+0000] {dag.py:4180} INFO - Setting next_dagrun for Testing_DAG to 2024-11-26 00:00:00+00:00, run_after=2024-11-27 00:00:00+00:00
[2024-11-26T05:21:41.456+0000] {processor.py:208} INFO - Processing /opt/airflow/dags/etl.py took 0.107 seconds
[2024-11-26T05:22:11.587+0000] {processor.py:186} INFO - Started process (PID=17117) to work on /opt/airflow/dags/etl.py
[2024-11-26T05:22:11.589+0000] {processor.py:914} INFO - Processing file /opt/airflow/dags/etl.py for tasks to queue
[2024-11-26T05:22:11.594+0000] {logging_mixin.py:190} INFO - [2024-11-26T05:22:11.593+0000] {dagbag.py:588} INFO - Filling up the DagBag from /opt/airflow/dags/etl.py
[2024-11-26T05:22:11.628+0000] {processor.py:925} INFO - DAG(s) 'Testing_DAG' retrieved from /opt/airflow/dags/etl.py
[2024-11-26T05:22:11.658+0000] {logging_mixin.py:190} INFO - [2024-11-26T05:22:11.657+0000] {dag.py:3239} INFO - Sync 1 DAGs
[2024-11-26T05:22:11.962+0000] {logging_mixin.py:190} INFO - [2024-11-26T05:22:11.962+0000] {dag.py:4180} INFO - Setting next_dagrun for Testing_DAG to 2024-11-26 00:00:00+00:00, run_after=2024-11-27 00:00:00+00:00
[2024-11-26T05:22:11.984+0000] {processor.py:208} INFO - Processing /opt/airflow/dags/etl.py took 0.422 seconds
[2024-11-26T05:22:42.318+0000] {processor.py:186} INFO - Started process (PID=17413) to work on /opt/airflow/dags/etl.py
[2024-11-26T05:22:42.319+0000] {processor.py:914} INFO - Processing file /opt/airflow/dags/etl.py for tasks to queue
[2024-11-26T05:22:42.321+0000] {logging_mixin.py:190} INFO - [2024-11-26T05:22:42.321+0000] {dagbag.py:588} INFO - Filling up the DagBag from /opt/airflow/dags/etl.py
[2024-11-26T05:22:42.338+0000] {processor.py:925} INFO - DAG(s) 'Testing_DAG' retrieved from /opt/airflow/dags/etl.py
[2024-11-26T05:22:42.358+0000] {logging_mixin.py:190} INFO - [2024-11-26T05:22:42.357+0000] {dag.py:3239} INFO - Sync 1 DAGs
[2024-11-26T05:22:42.543+0000] {logging_mixin.py:190} INFO - [2024-11-26T05:22:42.542+0000] {dag.py:4180} INFO - Setting next_dagrun for Testing_DAG to 2024-11-26 00:00:00+00:00, run_after=2024-11-27 00:00:00+00:00
[2024-11-26T05:22:42.565+0000] {processor.py:208} INFO - Processing /opt/airflow/dags/etl.py took 0.256 seconds
[2024-11-26T05:23:13.551+0000] {processor.py:186} INFO - Started process (PID=17709) to work on /opt/airflow/dags/etl.py
[2024-11-26T05:23:13.553+0000] {processor.py:914} INFO - Processing file /opt/airflow/dags/etl.py for tasks to queue
[2024-11-26T05:23:13.556+0000] {logging_mixin.py:190} INFO - [2024-11-26T05:23:13.556+0000] {dagbag.py:588} INFO - Filling up the DagBag from /opt/airflow/dags/etl.py
[2024-11-26T05:23:13.574+0000] {processor.py:925} INFO - DAG(s) 'Testing_DAG' retrieved from /opt/airflow/dags/etl.py
[2024-11-26T05:23:13.593+0000] {logging_mixin.py:190} INFO - [2024-11-26T05:23:13.592+0000] {dag.py:3239} INFO - Sync 1 DAGs
[2024-11-26T05:23:13.619+0000] {logging_mixin.py:190} INFO - [2024-11-26T05:23:13.619+0000] {dag.py:4180} INFO - Setting next_dagrun for Testing_DAG to 2024-11-26 00:00:00+00:00, run_after=2024-11-27 00:00:00+00:00
[2024-11-26T05:23:13.646+0000] {processor.py:208} INFO - Processing /opt/airflow/dags/etl.py took 0.104 seconds
[2024-11-26T05:23:44.047+0000] {processor.py:186} INFO - Started process (PID=18005) to work on /opt/airflow/dags/etl.py
[2024-11-26T05:23:44.049+0000] {processor.py:914} INFO - Processing file /opt/airflow/dags/etl.py for tasks to queue
[2024-11-26T05:23:44.052+0000] {logging_mixin.py:190} INFO - [2024-11-26T05:23:44.052+0000] {dagbag.py:588} INFO - Filling up the DagBag from /opt/airflow/dags/etl.py
[2024-11-26T05:23:44.074+0000] {processor.py:925} INFO - DAG(s) 'Testing_DAG' retrieved from /opt/airflow/dags/etl.py
[2024-11-26T05:23:44.107+0000] {logging_mixin.py:190} INFO - [2024-11-26T05:23:44.106+0000] {dag.py:3239} INFO - Sync 1 DAGs
[2024-11-26T05:23:44.195+0000] {logging_mixin.py:190} INFO - [2024-11-26T05:23:44.194+0000] {dag.py:4180} INFO - Setting next_dagrun for Testing_DAG to 2024-11-26 00:00:00+00:00, run_after=2024-11-27 00:00:00+00:00
[2024-11-26T05:23:44.273+0000] {processor.py:208} INFO - Processing /opt/airflow/dags/etl.py took 0.235 seconds
[2024-11-26T05:24:14.579+0000] {processor.py:186} INFO - Started process (PID=18301) to work on /opt/airflow/dags/etl.py
[2024-11-26T05:24:14.580+0000] {processor.py:914} INFO - Processing file /opt/airflow/dags/etl.py for tasks to queue
[2024-11-26T05:24:14.584+0000] {logging_mixin.py:190} INFO - [2024-11-26T05:24:14.583+0000] {dagbag.py:588} INFO - Filling up the DagBag from /opt/airflow/dags/etl.py
[2024-11-26T05:24:14.601+0000] {processor.py:925} INFO - DAG(s) 'Testing_DAG' retrieved from /opt/airflow/dags/etl.py
[2024-11-26T05:24:14.622+0000] {logging_mixin.py:190} INFO - [2024-11-26T05:24:14.621+0000] {dag.py:3239} INFO - Sync 1 DAGs
[2024-11-26T05:24:14.651+0000] {logging_mixin.py:190} INFO - [2024-11-26T05:24:14.650+0000] {dag.py:4180} INFO - Setting next_dagrun for Testing_DAG to 2024-11-26 00:00:00+00:00, run_after=2024-11-27 00:00:00+00:00
[2024-11-26T05:24:14.679+0000] {processor.py:208} INFO - Processing /opt/airflow/dags/etl.py took 0.114 seconds
[2024-11-26T05:24:45.555+0000] {processor.py:186} INFO - Started process (PID=18597) to work on /opt/airflow/dags/etl.py
[2024-11-26T05:24:45.556+0000] {processor.py:914} INFO - Processing file /opt/airflow/dags/etl.py for tasks to queue
[2024-11-26T05:24:45.561+0000] {logging_mixin.py:190} INFO - [2024-11-26T05:24:45.561+0000] {dagbag.py:588} INFO - Filling up the DagBag from /opt/airflow/dags/etl.py
[2024-11-26T05:24:45.593+0000] {processor.py:925} INFO - DAG(s) 'Testing_DAG' retrieved from /opt/airflow/dags/etl.py
[2024-11-26T05:24:45.633+0000] {logging_mixin.py:190} INFO - [2024-11-26T05:24:45.633+0000] {dag.py:3239} INFO - Sync 1 DAGs
[2024-11-26T05:24:45.694+0000] {logging_mixin.py:190} INFO - [2024-11-26T05:24:45.693+0000] {dag.py:4180} INFO - Setting next_dagrun for Testing_DAG to 2024-11-26 00:00:00+00:00, run_after=2024-11-27 00:00:00+00:00
[2024-11-26T05:24:45.743+0000] {processor.py:208} INFO - Processing /opt/airflow/dags/etl.py took 0.209 seconds
[2024-11-26T05:25:16.711+0000] {processor.py:186} INFO - Started process (PID=18893) to work on /opt/airflow/dags/etl.py
[2024-11-26T05:25:16.712+0000] {processor.py:914} INFO - Processing file /opt/airflow/dags/etl.py for tasks to queue
[2024-11-26T05:25:16.715+0000] {logging_mixin.py:190} INFO - [2024-11-26T05:25:16.715+0000] {dagbag.py:588} INFO - Filling up the DagBag from /opt/airflow/dags/etl.py
[2024-11-26T05:25:16.734+0000] {processor.py:925} INFO - DAG(s) 'Testing_DAG' retrieved from /opt/airflow/dags/etl.py
[2024-11-26T05:25:16.756+0000] {logging_mixin.py:190} INFO - [2024-11-26T05:25:16.756+0000] {dag.py:3239} INFO - Sync 1 DAGs
[2024-11-26T05:25:16.788+0000] {logging_mixin.py:190} INFO - [2024-11-26T05:25:16.787+0000] {dag.py:4180} INFO - Setting next_dagrun for Testing_DAG to 2024-11-26 00:00:00+00:00, run_after=2024-11-27 00:00:00+00:00
[2024-11-26T05:25:16.814+0000] {processor.py:208} INFO - Processing /opt/airflow/dags/etl.py took 0.111 seconds
[2024-11-26T05:25:46.903+0000] {processor.py:186} INFO - Started process (PID=19189) to work on /opt/airflow/dags/etl.py
[2024-11-26T05:25:46.905+0000] {processor.py:914} INFO - Processing file /opt/airflow/dags/etl.py for tasks to queue
[2024-11-26T05:25:46.909+0000] {logging_mixin.py:190} INFO - [2024-11-26T05:25:46.908+0000] {dagbag.py:588} INFO - Filling up the DagBag from /opt/airflow/dags/etl.py
[2024-11-26T05:25:46.933+0000] {processor.py:925} INFO - DAG(s) 'Testing_DAG' retrieved from /opt/airflow/dags/etl.py
[2024-11-26T05:25:46.956+0000] {logging_mixin.py:190} INFO - [2024-11-26T05:25:46.956+0000] {dag.py:3239} INFO - Sync 1 DAGs
[2024-11-26T05:25:46.985+0000] {logging_mixin.py:190} INFO - [2024-11-26T05:25:46.985+0000] {dag.py:4180} INFO - Setting next_dagrun for Testing_DAG to 2024-11-26 00:00:00+00:00, run_after=2024-11-27 00:00:00+00:00
[2024-11-26T05:25:47.011+0000] {processor.py:208} INFO - Processing /opt/airflow/dags/etl.py took 0.123 seconds
[2024-11-26T05:26:17.324+0000] {processor.py:186} INFO - Started process (PID=19485) to work on /opt/airflow/dags/etl.py
[2024-11-26T05:26:17.325+0000] {processor.py:914} INFO - Processing file /opt/airflow/dags/etl.py for tasks to queue
[2024-11-26T05:26:17.328+0000] {logging_mixin.py:190} INFO - [2024-11-26T05:26:17.328+0000] {dagbag.py:588} INFO - Filling up the DagBag from /opt/airflow/dags/etl.py
[2024-11-26T05:26:17.346+0000] {processor.py:925} INFO - DAG(s) 'Testing_DAG' retrieved from /opt/airflow/dags/etl.py
[2024-11-26T05:26:17.364+0000] {logging_mixin.py:190} INFO - [2024-11-26T05:26:17.363+0000] {dag.py:3239} INFO - Sync 1 DAGs
[2024-11-26T05:26:17.390+0000] {logging_mixin.py:190} INFO - [2024-11-26T05:26:17.390+0000] {dag.py:4180} INFO - Setting next_dagrun for Testing_DAG to 2024-11-26 00:00:00+00:00, run_after=2024-11-27 00:00:00+00:00
[2024-11-26T05:26:17.413+0000] {processor.py:208} INFO - Processing /opt/airflow/dags/etl.py took 0.098 seconds
[2024-11-26T05:26:48.278+0000] {processor.py:186} INFO - Started process (PID=19781) to work on /opt/airflow/dags/etl.py
[2024-11-26T05:26:48.279+0000] {processor.py:914} INFO - Processing file /opt/airflow/dags/etl.py for tasks to queue
[2024-11-26T05:26:48.283+0000] {logging_mixin.py:190} INFO - [2024-11-26T05:26:48.283+0000] {dagbag.py:588} INFO - Filling up the DagBag from /opt/airflow/dags/etl.py
[2024-11-26T05:26:48.302+0000] {processor.py:925} INFO - DAG(s) 'Testing_DAG' retrieved from /opt/airflow/dags/etl.py
[2024-11-26T05:26:48.326+0000] {logging_mixin.py:190} INFO - [2024-11-26T05:26:48.326+0000] {dag.py:3239} INFO - Sync 1 DAGs
[2024-11-26T05:26:48.368+0000] {logging_mixin.py:190} INFO - [2024-11-26T05:26:48.367+0000] {dag.py:4180} INFO - Setting next_dagrun for Testing_DAG to 2024-11-26 00:00:00+00:00, run_after=2024-11-27 00:00:00+00:00
[2024-11-26T05:26:48.393+0000] {processor.py:208} INFO - Processing /opt/airflow/dags/etl.py took 0.123 seconds
[2024-11-26T05:27:18.704+0000] {processor.py:186} INFO - Started process (PID=20077) to work on /opt/airflow/dags/etl.py
[2024-11-26T05:27:18.705+0000] {processor.py:914} INFO - Processing file /opt/airflow/dags/etl.py for tasks to queue
[2024-11-26T05:27:18.710+0000] {logging_mixin.py:190} INFO - [2024-11-26T05:27:18.709+0000] {dagbag.py:588} INFO - Filling up the DagBag from /opt/airflow/dags/etl.py
[2024-11-26T05:27:18.726+0000] {processor.py:925} INFO - DAG(s) 'Testing_DAG' retrieved from /opt/airflow/dags/etl.py
[2024-11-26T05:27:18.745+0000] {logging_mixin.py:190} INFO - [2024-11-26T05:27:18.744+0000] {dag.py:3239} INFO - Sync 1 DAGs
[2024-11-26T05:27:18.774+0000] {logging_mixin.py:190} INFO - [2024-11-26T05:27:18.774+0000] {dag.py:4180} INFO - Setting next_dagrun for Testing_DAG to 2024-11-26 00:00:00+00:00, run_after=2024-11-27 00:00:00+00:00
[2024-11-26T05:27:18.796+0000] {processor.py:208} INFO - Processing /opt/airflow/dags/etl.py took 0.104 seconds
[2024-11-26T05:27:49.326+0000] {processor.py:186} INFO - Started process (PID=20373) to work on /opt/airflow/dags/etl.py
[2024-11-26T05:27:49.327+0000] {processor.py:914} INFO - Processing file /opt/airflow/dags/etl.py for tasks to queue
[2024-11-26T05:27:49.330+0000] {logging_mixin.py:190} INFO - [2024-11-26T05:27:49.330+0000] {dagbag.py:588} INFO - Filling up the DagBag from /opt/airflow/dags/etl.py
[2024-11-26T05:27:49.348+0000] {processor.py:925} INFO - DAG(s) 'Testing_DAG' retrieved from /opt/airflow/dags/etl.py
[2024-11-26T05:27:49.370+0000] {logging_mixin.py:190} INFO - [2024-11-26T05:27:49.369+0000] {dag.py:3239} INFO - Sync 1 DAGs
[2024-11-26T05:27:49.397+0000] {logging_mixin.py:190} INFO - [2024-11-26T05:27:49.396+0000] {dag.py:4180} INFO - Setting next_dagrun for Testing_DAG to 2024-11-26 00:00:00+00:00, run_after=2024-11-27 00:00:00+00:00
[2024-11-26T05:27:49.426+0000] {processor.py:208} INFO - Processing /opt/airflow/dags/etl.py took 0.110 seconds
[2024-11-26T05:28:19.668+0000] {processor.py:186} INFO - Started process (PID=20669) to work on /opt/airflow/dags/etl.py
[2024-11-26T05:28:19.669+0000] {processor.py:914} INFO - Processing file /opt/airflow/dags/etl.py for tasks to queue
[2024-11-26T05:28:19.673+0000] {logging_mixin.py:190} INFO - [2024-11-26T05:28:19.673+0000] {dagbag.py:588} INFO - Filling up the DagBag from /opt/airflow/dags/etl.py
[2024-11-26T05:28:19.691+0000] {processor.py:925} INFO - DAG(s) 'Testing_DAG' retrieved from /opt/airflow/dags/etl.py
[2024-11-26T05:28:19.712+0000] {logging_mixin.py:190} INFO - [2024-11-26T05:28:19.712+0000] {dag.py:3239} INFO - Sync 1 DAGs
[2024-11-26T05:28:19.741+0000] {logging_mixin.py:190} INFO - [2024-11-26T05:28:19.741+0000] {dag.py:4180} INFO - Setting next_dagrun for Testing_DAG to 2024-11-26 00:00:00+00:00, run_after=2024-11-27 00:00:00+00:00
[2024-11-26T05:28:19.767+0000] {processor.py:208} INFO - Processing /opt/airflow/dags/etl.py took 0.111 seconds
[2024-11-26T05:28:50.790+0000] {processor.py:186} INFO - Started process (PID=20965) to work on /opt/airflow/dags/etl.py
[2024-11-26T05:28:50.792+0000] {processor.py:914} INFO - Processing file /opt/airflow/dags/etl.py for tasks to queue
[2024-11-26T05:28:50.797+0000] {logging_mixin.py:190} INFO - [2024-11-26T05:28:50.796+0000] {dagbag.py:588} INFO - Filling up the DagBag from /opt/airflow/dags/etl.py
[2024-11-26T05:28:50.822+0000] {processor.py:925} INFO - DAG(s) 'Testing_DAG' retrieved from /opt/airflow/dags/etl.py
[2024-11-26T05:28:50.844+0000] {logging_mixin.py:190} INFO - [2024-11-26T05:28:50.844+0000] {dag.py:3239} INFO - Sync 1 DAGs
[2024-11-26T05:28:50.880+0000] {logging_mixin.py:190} INFO - [2024-11-26T05:28:50.880+0000] {dag.py:4180} INFO - Setting next_dagrun for Testing_DAG to 2024-11-26 00:00:00+00:00, run_after=2024-11-27 00:00:00+00:00
[2024-11-26T05:28:50.919+0000] {processor.py:208} INFO - Processing /opt/airflow/dags/etl.py took 0.142 seconds
[2024-11-26T05:29:21.090+0000] {processor.py:186} INFO - Started process (PID=21261) to work on /opt/airflow/dags/etl.py
[2024-11-26T05:29:21.091+0000] {processor.py:914} INFO - Processing file /opt/airflow/dags/etl.py for tasks to queue
[2024-11-26T05:29:21.094+0000] {logging_mixin.py:190} INFO - [2024-11-26T05:29:21.094+0000] {dagbag.py:588} INFO - Filling up the DagBag from /opt/airflow/dags/etl.py
[2024-11-26T05:29:21.112+0000] {processor.py:925} INFO - DAG(s) 'Testing_DAG' retrieved from /opt/airflow/dags/etl.py
[2024-11-26T05:29:21.131+0000] {logging_mixin.py:190} INFO - [2024-11-26T05:29:21.131+0000] {dag.py:3239} INFO - Sync 1 DAGs
[2024-11-26T05:29:21.159+0000] {logging_mixin.py:190} INFO - [2024-11-26T05:29:21.158+0000] {dag.py:4180} INFO - Setting next_dagrun for Testing_DAG to 2024-11-26 00:00:00+00:00, run_after=2024-11-27 00:00:00+00:00
[2024-11-26T05:29:21.183+0000] {processor.py:208} INFO - Processing /opt/airflow/dags/etl.py took 0.103 seconds
[2024-11-26T05:29:51.435+0000] {processor.py:186} INFO - Started process (PID=21557) to work on /opt/airflow/dags/etl.py
[2024-11-26T05:29:51.436+0000] {processor.py:914} INFO - Processing file /opt/airflow/dags/etl.py for tasks to queue
[2024-11-26T05:29:51.442+0000] {logging_mixin.py:190} INFO - [2024-11-26T05:29:51.441+0000] {dagbag.py:588} INFO - Filling up the DagBag from /opt/airflow/dags/etl.py
[2024-11-26T05:29:51.484+0000] {processor.py:925} INFO - DAG(s) 'Testing_DAG' retrieved from /opt/airflow/dags/etl.py
[2024-11-26T05:29:51.508+0000] {logging_mixin.py:190} INFO - [2024-11-26T05:29:51.508+0000] {dag.py:3239} INFO - Sync 1 DAGs
[2024-11-26T05:29:51.544+0000] {logging_mixin.py:190} INFO - [2024-11-26T05:29:51.543+0000] {dag.py:4180} INFO - Setting next_dagrun for Testing_DAG to 2024-11-26 00:00:00+00:00, run_after=2024-11-27 00:00:00+00:00
[2024-11-26T05:29:51.573+0000] {processor.py:208} INFO - Processing /opt/airflow/dags/etl.py took 0.154 seconds
[2024-11-26T05:30:22.390+0000] {processor.py:186} INFO - Started process (PID=21853) to work on /opt/airflow/dags/etl.py
[2024-11-26T05:30:22.391+0000] {processor.py:914} INFO - Processing file /opt/airflow/dags/etl.py for tasks to queue
[2024-11-26T05:30:22.396+0000] {logging_mixin.py:190} INFO - [2024-11-26T05:30:22.395+0000] {dagbag.py:588} INFO - Filling up the DagBag from /opt/airflow/dags/etl.py
[2024-11-26T05:30:22.413+0000] {processor.py:925} INFO - DAG(s) 'Testing_DAG' retrieved from /opt/airflow/dags/etl.py
[2024-11-26T05:30:22.432+0000] {logging_mixin.py:190} INFO - [2024-11-26T05:30:22.431+0000] {dag.py:3239} INFO - Sync 1 DAGs
[2024-11-26T05:30:22.457+0000] {logging_mixin.py:190} INFO - [2024-11-26T05:30:22.457+0000] {dag.py:4180} INFO - Setting next_dagrun for Testing_DAG to 2024-11-26 00:00:00+00:00, run_after=2024-11-27 00:00:00+00:00
[2024-11-26T05:30:22.480+0000] {processor.py:208} INFO - Processing /opt/airflow/dags/etl.py took 0.099 seconds
[2024-11-26T05:30:52.989+0000] {processor.py:186} INFO - Started process (PID=22149) to work on /opt/airflow/dags/etl.py
[2024-11-26T05:30:52.991+0000] {processor.py:914} INFO - Processing file /opt/airflow/dags/etl.py for tasks to queue
[2024-11-26T05:30:52.995+0000] {logging_mixin.py:190} INFO - [2024-11-26T05:30:52.994+0000] {dagbag.py:588} INFO - Filling up the DagBag from /opt/airflow/dags/etl.py
[2024-11-26T05:30:53.013+0000] {processor.py:925} INFO - DAG(s) 'Testing_DAG' retrieved from /opt/airflow/dags/etl.py
[2024-11-26T05:30:53.033+0000] {logging_mixin.py:190} INFO - [2024-11-26T05:30:53.033+0000] {dag.py:3239} INFO - Sync 1 DAGs
[2024-11-26T05:30:53.064+0000] {logging_mixin.py:190} INFO - [2024-11-26T05:30:53.064+0000] {dag.py:4180} INFO - Setting next_dagrun for Testing_DAG to 2024-11-26 00:00:00+00:00, run_after=2024-11-27 00:00:00+00:00
[2024-11-26T05:30:53.091+0000] {processor.py:208} INFO - Processing /opt/airflow/dags/etl.py took 0.110 seconds
[2024-11-26T05:31:23.505+0000] {processor.py:186} INFO - Started process (PID=22445) to work on /opt/airflow/dags/etl.py
[2024-11-26T05:31:23.506+0000] {processor.py:914} INFO - Processing file /opt/airflow/dags/etl.py for tasks to queue
[2024-11-26T05:31:23.510+0000] {logging_mixin.py:190} INFO - [2024-11-26T05:31:23.510+0000] {dagbag.py:588} INFO - Filling up the DagBag from /opt/airflow/dags/etl.py
[2024-11-26T05:31:23.528+0000] {processor.py:925} INFO - DAG(s) 'Testing_DAG' retrieved from /opt/airflow/dags/etl.py
[2024-11-26T05:31:23.546+0000] {logging_mixin.py:190} INFO - [2024-11-26T05:31:23.546+0000] {dag.py:3239} INFO - Sync 1 DAGs
[2024-11-26T05:31:23.573+0000] {logging_mixin.py:190} INFO - [2024-11-26T05:31:23.573+0000] {dag.py:4180} INFO - Setting next_dagrun for Testing_DAG to 2024-11-26 00:00:00+00:00, run_after=2024-11-27 00:00:00+00:00
[2024-11-26T05:31:23.595+0000] {processor.py:208} INFO - Processing /opt/airflow/dags/etl.py took 0.100 seconds
[2024-11-26T05:31:53.745+0000] {processor.py:186} INFO - Started process (PID=22741) to work on /opt/airflow/dags/etl.py
[2024-11-26T05:31:53.746+0000] {processor.py:914} INFO - Processing file /opt/airflow/dags/etl.py for tasks to queue
[2024-11-26T05:31:53.750+0000] {logging_mixin.py:190} INFO - [2024-11-26T05:31:53.749+0000] {dagbag.py:588} INFO - Filling up the DagBag from /opt/airflow/dags/etl.py
[2024-11-26T05:31:53.769+0000] {processor.py:925} INFO - DAG(s) 'Testing_DAG' retrieved from /opt/airflow/dags/etl.py
[2024-11-26T05:31:53.789+0000] {logging_mixin.py:190} INFO - [2024-11-26T05:31:53.789+0000] {dag.py:3239} INFO - Sync 1 DAGs
[2024-11-26T05:31:53.821+0000] {logging_mixin.py:190} INFO - [2024-11-26T05:31:53.820+0000] {dag.py:4180} INFO - Setting next_dagrun for Testing_DAG to 2024-11-26 00:00:00+00:00, run_after=2024-11-27 00:00:00+00:00
[2024-11-26T05:31:53.845+0000] {processor.py:208} INFO - Processing /opt/airflow/dags/etl.py took 0.111 seconds
[2024-11-26T05:32:24.263+0000] {processor.py:186} INFO - Started process (PID=23037) to work on /opt/airflow/dags/etl.py
[2024-11-26T05:32:24.266+0000] {processor.py:914} INFO - Processing file /opt/airflow/dags/etl.py for tasks to queue
[2024-11-26T05:32:24.273+0000] {logging_mixin.py:190} INFO - [2024-11-26T05:32:24.272+0000] {dagbag.py:588} INFO - Filling up the DagBag from /opt/airflow/dags/etl.py
[2024-11-26T05:32:24.302+0000] {processor.py:925} INFO - DAG(s) 'Testing_DAG' retrieved from /opt/airflow/dags/etl.py
[2024-11-26T05:32:24.328+0000] {logging_mixin.py:190} INFO - [2024-11-26T05:32:24.327+0000] {dag.py:3239} INFO - Sync 1 DAGs
[2024-11-26T05:32:24.373+0000] {logging_mixin.py:190} INFO - [2024-11-26T05:32:24.372+0000] {dag.py:4180} INFO - Setting next_dagrun for Testing_DAG to 2024-11-26 00:00:00+00:00, run_after=2024-11-27 00:00:00+00:00
[2024-11-26T05:32:24.435+0000] {processor.py:208} INFO - Processing /opt/airflow/dags/etl.py took 0.191 seconds
[2024-11-26T05:32:54.767+0000] {processor.py:186} INFO - Started process (PID=23338) to work on /opt/airflow/dags/etl.py
[2024-11-26T05:32:54.768+0000] {processor.py:914} INFO - Processing file /opt/airflow/dags/etl.py for tasks to queue
[2024-11-26T05:32:54.774+0000] {logging_mixin.py:190} INFO - [2024-11-26T05:32:54.773+0000] {dagbag.py:588} INFO - Filling up the DagBag from /opt/airflow/dags/etl.py
[2024-11-26T05:32:54.804+0000] {processor.py:925} INFO - DAG(s) 'Testing_DAG' retrieved from /opt/airflow/dags/etl.py
[2024-11-26T05:32:54.828+0000] {logging_mixin.py:190} INFO - [2024-11-26T05:32:54.828+0000] {dag.py:3239} INFO - Sync 1 DAGs
[2024-11-26T05:32:54.858+0000] {logging_mixin.py:190} INFO - [2024-11-26T05:32:54.858+0000] {dag.py:4180} INFO - Setting next_dagrun for Testing_DAG to 2024-11-26 00:00:00+00:00, run_after=2024-11-27 00:00:00+00:00
[2024-11-26T05:32:54.920+0000] {processor.py:208} INFO - Processing /opt/airflow/dags/etl.py took 0.170 seconds
[2024-11-26T05:33:25.595+0000] {processor.py:186} INFO - Started process (PID=23627) to work on /opt/airflow/dags/etl.py
[2024-11-26T05:33:25.597+0000] {processor.py:914} INFO - Processing file /opt/airflow/dags/etl.py for tasks to queue
[2024-11-26T05:33:25.602+0000] {logging_mixin.py:190} INFO - [2024-11-26T05:33:25.602+0000] {dagbag.py:588} INFO - Filling up the DagBag from /opt/airflow/dags/etl.py
[2024-11-26T05:33:25.643+0000] {processor.py:925} INFO - DAG(s) 'Testing_DAG' retrieved from /opt/airflow/dags/etl.py
[2024-11-26T05:33:25.722+0000] {logging_mixin.py:190} INFO - [2024-11-26T05:33:25.721+0000] {dag.py:3239} INFO - Sync 1 DAGs
[2024-11-26T05:33:25.832+0000] {logging_mixin.py:190} INFO - [2024-11-26T05:33:25.832+0000] {dag.py:4180} INFO - Setting next_dagrun for Testing_DAG to 2024-11-26 00:00:00+00:00, run_after=2024-11-27 00:00:00+00:00
[2024-11-26T05:33:25.885+0000] {processor.py:208} INFO - Processing /opt/airflow/dags/etl.py took 0.305 seconds
[2024-11-26T05:33:56.204+0000] {processor.py:186} INFO - Started process (PID=23913) to work on /opt/airflow/dags/etl.py
[2024-11-26T05:33:56.206+0000] {processor.py:914} INFO - Processing file /opt/airflow/dags/etl.py for tasks to queue
[2024-11-26T05:33:56.210+0000] {logging_mixin.py:190} INFO - [2024-11-26T05:33:56.210+0000] {dagbag.py:588} INFO - Filling up the DagBag from /opt/airflow/dags/etl.py
[2024-11-26T05:33:56.233+0000] {processor.py:925} INFO - DAG(s) 'Testing_DAG' retrieved from /opt/airflow/dags/etl.py
[2024-11-26T05:33:56.252+0000] {logging_mixin.py:190} INFO - [2024-11-26T05:33:56.252+0000] {dag.py:3239} INFO - Sync 1 DAGs
[2024-11-26T05:33:56.280+0000] {logging_mixin.py:190} INFO - [2024-11-26T05:33:56.280+0000] {dag.py:4180} INFO - Setting next_dagrun for Testing_DAG to 2024-11-26 00:00:00+00:00, run_after=2024-11-27 00:00:00+00:00
[2024-11-26T05:33:56.303+0000] {processor.py:208} INFO - Processing /opt/airflow/dags/etl.py took 0.112 seconds
[2024-11-26T05:34:26.478+0000] {processor.py:186} INFO - Started process (PID=24201) to work on /opt/airflow/dags/etl.py
[2024-11-26T05:34:26.479+0000] {processor.py:914} INFO - Processing file /opt/airflow/dags/etl.py for tasks to queue
[2024-11-26T05:34:26.483+0000] {logging_mixin.py:190} INFO - [2024-11-26T05:34:26.482+0000] {dagbag.py:588} INFO - Filling up the DagBag from /opt/airflow/dags/etl.py
[2024-11-26T05:34:26.500+0000] {processor.py:925} INFO - DAG(s) 'Testing_DAG' retrieved from /opt/airflow/dags/etl.py
[2024-11-26T05:34:26.521+0000] {logging_mixin.py:190} INFO - [2024-11-26T05:34:26.521+0000] {dag.py:3239} INFO - Sync 1 DAGs
[2024-11-26T05:34:26.548+0000] {logging_mixin.py:190} INFO - [2024-11-26T05:34:26.548+0000] {dag.py:4180} INFO - Setting next_dagrun for Testing_DAG to 2024-11-26 00:00:00+00:00, run_after=2024-11-27 00:00:00+00:00
[2024-11-26T05:34:26.576+0000] {processor.py:208} INFO - Processing /opt/airflow/dags/etl.py took 0.106 seconds
[2024-11-26T05:34:57.293+0000] {processor.py:186} INFO - Started process (PID=24497) to work on /opt/airflow/dags/etl.py
[2024-11-26T05:34:57.294+0000] {processor.py:914} INFO - Processing file /opt/airflow/dags/etl.py for tasks to queue
[2024-11-26T05:34:57.297+0000] {logging_mixin.py:190} INFO - [2024-11-26T05:34:57.297+0000] {dagbag.py:588} INFO - Filling up the DagBag from /opt/airflow/dags/etl.py
[2024-11-26T05:34:57.315+0000] {processor.py:925} INFO - DAG(s) 'Testing_DAG' retrieved from /opt/airflow/dags/etl.py
[2024-11-26T05:34:57.338+0000] {logging_mixin.py:190} INFO - [2024-11-26T05:34:57.337+0000] {dag.py:3239} INFO - Sync 1 DAGs
[2024-11-26T05:34:57.383+0000] {logging_mixin.py:190} INFO - [2024-11-26T05:34:57.383+0000] {dag.py:4180} INFO - Setting next_dagrun for Testing_DAG to 2024-11-26 00:00:00+00:00, run_after=2024-11-27 00:00:00+00:00
[2024-11-26T05:34:57.417+0000] {processor.py:208} INFO - Processing /opt/airflow/dags/etl.py took 0.132 seconds
[2024-11-26T05:35:28.083+0000] {processor.py:186} INFO - Started process (PID=24793) to work on /opt/airflow/dags/etl.py
[2024-11-26T05:35:28.084+0000] {processor.py:914} INFO - Processing file /opt/airflow/dags/etl.py for tasks to queue
[2024-11-26T05:35:28.088+0000] {logging_mixin.py:190} INFO - [2024-11-26T05:35:28.087+0000] {dagbag.py:588} INFO - Filling up the DagBag from /opt/airflow/dags/etl.py
[2024-11-26T05:35:28.105+0000] {processor.py:925} INFO - DAG(s) 'Testing_DAG' retrieved from /opt/airflow/dags/etl.py
[2024-11-26T05:35:28.125+0000] {logging_mixin.py:190} INFO - [2024-11-26T05:35:28.125+0000] {dag.py:3239} INFO - Sync 1 DAGs
[2024-11-26T05:35:28.152+0000] {logging_mixin.py:190} INFO - [2024-11-26T05:35:28.152+0000] {dag.py:4180} INFO - Setting next_dagrun for Testing_DAG to 2024-11-26 00:00:00+00:00, run_after=2024-11-27 00:00:00+00:00
[2024-11-26T05:35:28.176+0000] {processor.py:208} INFO - Processing /opt/airflow/dags/etl.py took 0.102 seconds
[2024-11-26T05:35:58.454+0000] {processor.py:186} INFO - Started process (PID=25089) to work on /opt/airflow/dags/etl.py
[2024-11-26T05:35:58.455+0000] {processor.py:914} INFO - Processing file /opt/airflow/dags/etl.py for tasks to queue
[2024-11-26T05:35:58.458+0000] {logging_mixin.py:190} INFO - [2024-11-26T05:35:58.457+0000] {dagbag.py:588} INFO - Filling up the DagBag from /opt/airflow/dags/etl.py
[2024-11-26T05:35:58.476+0000] {processor.py:925} INFO - DAG(s) 'Testing_DAG' retrieved from /opt/airflow/dags/etl.py
[2024-11-26T05:35:58.496+0000] {logging_mixin.py:190} INFO - [2024-11-26T05:35:58.496+0000] {dag.py:3239} INFO - Sync 1 DAGs
[2024-11-26T05:35:58.536+0000] {logging_mixin.py:190} INFO - [2024-11-26T05:35:58.535+0000] {dag.py:4180} INFO - Setting next_dagrun for Testing_DAG to 2024-11-26 00:00:00+00:00, run_after=2024-11-27 00:00:00+00:00
[2024-11-26T05:35:58.570+0000] {processor.py:208} INFO - Processing /opt/airflow/dags/etl.py took 0.125 seconds
[2024-11-26T05:36:28.819+0000] {processor.py:186} INFO - Started process (PID=25385) to work on /opt/airflow/dags/etl.py
[2024-11-26T05:36:28.820+0000] {processor.py:914} INFO - Processing file /opt/airflow/dags/etl.py for tasks to queue
[2024-11-26T05:36:28.823+0000] {logging_mixin.py:190} INFO - [2024-11-26T05:36:28.823+0000] {dagbag.py:588} INFO - Filling up the DagBag from /opt/airflow/dags/etl.py
[2024-11-26T05:36:28.842+0000] {processor.py:925} INFO - DAG(s) 'Testing_DAG' retrieved from /opt/airflow/dags/etl.py
[2024-11-26T05:36:28.861+0000] {logging_mixin.py:190} INFO - [2024-11-26T05:36:28.861+0000] {dag.py:3239} INFO - Sync 1 DAGs
[2024-11-26T05:36:28.886+0000] {logging_mixin.py:190} INFO - [2024-11-26T05:36:28.886+0000] {dag.py:4180} INFO - Setting next_dagrun for Testing_DAG to 2024-11-26 00:00:00+00:00, run_after=2024-11-27 00:00:00+00:00
[2024-11-26T05:36:28.909+0000] {processor.py:208} INFO - Processing /opt/airflow/dags/etl.py took 0.098 seconds
[2024-11-26T05:36:59.596+0000] {processor.py:186} INFO - Started process (PID=25681) to work on /opt/airflow/dags/etl.py
[2024-11-26T05:36:59.597+0000] {processor.py:914} INFO - Processing file /opt/airflow/dags/etl.py for tasks to queue
[2024-11-26T05:36:59.599+0000] {logging_mixin.py:190} INFO - [2024-11-26T05:36:59.599+0000] {dagbag.py:588} INFO - Filling up the DagBag from /opt/airflow/dags/etl.py
[2024-11-26T05:36:59.617+0000] {processor.py:925} INFO - DAG(s) 'Testing_DAG' retrieved from /opt/airflow/dags/etl.py
[2024-11-26T05:36:59.636+0000] {logging_mixin.py:190} INFO - [2024-11-26T05:36:59.636+0000] {dag.py:3239} INFO - Sync 1 DAGs
[2024-11-26T05:36:59.671+0000] {logging_mixin.py:190} INFO - [2024-11-26T05:36:59.671+0000] {dag.py:4180} INFO - Setting next_dagrun for Testing_DAG to 2024-11-26 00:00:00+00:00, run_after=2024-11-27 00:00:00+00:00
[2024-11-26T05:36:59.699+0000] {processor.py:208} INFO - Processing /opt/airflow/dags/etl.py took 0.112 seconds
[2024-11-26T05:37:29.925+0000] {processor.py:186} INFO - Started process (PID=25977) to work on /opt/airflow/dags/etl.py
[2024-11-26T05:37:29.926+0000] {processor.py:914} INFO - Processing file /opt/airflow/dags/etl.py for tasks to queue
[2024-11-26T05:37:29.929+0000] {logging_mixin.py:190} INFO - [2024-11-26T05:37:29.929+0000] {dagbag.py:588} INFO - Filling up the DagBag from /opt/airflow/dags/etl.py
[2024-11-26T05:37:29.947+0000] {processor.py:925} INFO - DAG(s) 'Testing_DAG' retrieved from /opt/airflow/dags/etl.py
[2024-11-26T05:37:29.968+0000] {logging_mixin.py:190} INFO - [2024-11-26T05:37:29.968+0000] {dag.py:3239} INFO - Sync 1 DAGs
[2024-11-26T05:37:29.993+0000] {logging_mixin.py:190} INFO - [2024-11-26T05:37:29.993+0000] {dag.py:4180} INFO - Setting next_dagrun for Testing_DAG to 2024-11-26 00:00:00+00:00, run_after=2024-11-27 00:00:00+00:00
[2024-11-26T05:37:30.019+0000] {processor.py:208} INFO - Processing /opt/airflow/dags/etl.py took 0.102 seconds
[2024-11-26T05:38:00.677+0000] {processor.py:186} INFO - Started process (PID=26279) to work on /opt/airflow/dags/etl.py
[2024-11-26T05:38:00.679+0000] {processor.py:914} INFO - Processing file /opt/airflow/dags/etl.py for tasks to queue
[2024-11-26T05:38:00.683+0000] {logging_mixin.py:190} INFO - [2024-11-26T05:38:00.682+0000] {dagbag.py:588} INFO - Filling up the DagBag from /opt/airflow/dags/etl.py
[2024-11-26T05:38:00.707+0000] {processor.py:925} INFO - DAG(s) 'Testing_DAG' retrieved from /opt/airflow/dags/etl.py
[2024-11-26T05:38:00.730+0000] {logging_mixin.py:190} INFO - [2024-11-26T05:38:00.730+0000] {dag.py:3239} INFO - Sync 1 DAGs
[2024-11-26T05:38:00.772+0000] {logging_mixin.py:190} INFO - [2024-11-26T05:38:00.771+0000] {dag.py:4180} INFO - Setting next_dagrun for Testing_DAG to 2024-11-26 00:00:00+00:00, run_after=2024-11-27 00:00:00+00:00
[2024-11-26T05:38:00.798+0000] {processor.py:208} INFO - Processing /opt/airflow/dags/etl.py took 0.135 seconds
[2024-11-26T05:38:31.157+0000] {processor.py:186} INFO - Started process (PID=26575) to work on /opt/airflow/dags/etl.py
[2024-11-26T05:38:31.158+0000] {processor.py:914} INFO - Processing file /opt/airflow/dags/etl.py for tasks to queue
[2024-11-26T05:38:31.163+0000] {logging_mixin.py:190} INFO - [2024-11-26T05:38:31.163+0000] {dagbag.py:588} INFO - Filling up the DagBag from /opt/airflow/dags/etl.py
[2024-11-26T05:38:31.180+0000] {processor.py:925} INFO - DAG(s) 'Testing_DAG' retrieved from /opt/airflow/dags/etl.py
[2024-11-26T05:38:31.201+0000] {logging_mixin.py:190} INFO - [2024-11-26T05:38:31.201+0000] {dag.py:3239} INFO - Sync 1 DAGs
[2024-11-26T05:38:31.229+0000] {logging_mixin.py:190} INFO - [2024-11-26T05:38:31.229+0000] {dag.py:4180} INFO - Setting next_dagrun for Testing_DAG to 2024-11-26 00:00:00+00:00, run_after=2024-11-27 00:00:00+00:00
[2024-11-26T05:38:31.252+0000] {processor.py:208} INFO - Processing /opt/airflow/dags/etl.py took 0.113 seconds
[2024-11-26T05:39:01.881+0000] {processor.py:186} INFO - Started process (PID=26869) to work on /opt/airflow/dags/etl.py
[2024-11-26T05:39:01.882+0000] {processor.py:914} INFO - Processing file /opt/airflow/dags/etl.py for tasks to queue
[2024-11-26T05:39:01.886+0000] {logging_mixin.py:190} INFO - [2024-11-26T05:39:01.885+0000] {dagbag.py:588} INFO - Filling up the DagBag from /opt/airflow/dags/etl.py
[2024-11-26T05:39:01.903+0000] {processor.py:925} INFO - DAG(s) 'Testing_DAG' retrieved from /opt/airflow/dags/etl.py
[2024-11-26T05:39:01.927+0000] {logging_mixin.py:190} INFO - [2024-11-26T05:39:01.927+0000] {dag.py:3239} INFO - Sync 1 DAGs
[2024-11-26T05:39:01.961+0000] {logging_mixin.py:190} INFO - [2024-11-26T05:39:01.960+0000] {dag.py:4180} INFO - Setting next_dagrun for Testing_DAG to 2024-11-26 00:00:00+00:00, run_after=2024-11-27 00:00:00+00:00
[2024-11-26T05:39:01.984+0000] {processor.py:208} INFO - Processing /opt/airflow/dags/etl.py took 0.112 seconds
