[2024-12-08T09:07:48.171+0000] {processor.py:186} INFO - Started process (PID=200) to work on /opt/airflow/dags/etl.py
[2024-12-08T09:07:48.174+0000] {processor.py:914} INFO - Processing file /opt/airflow/dags/etl.py for tasks to queue
[2024-12-08T09:07:48.179+0000] {logging_mixin.py:190} INFO - [2024-12-08T09:07:48.179+0000] {dagbag.py:588} INFO - Filling up the DagBag from /opt/airflow/dags/etl.py
[2024-12-08T09:07:48.544+0000] {processor.py:925} INFO - DAG(s) 'IMDB_testing_DAG' retrieved from /opt/airflow/dags/etl.py
[2024-12-08T09:07:48.622+0000] {logging_mixin.py:190} INFO - [2024-12-08T09:07:48.621+0000] {dag.py:3239} INFO - Sync 1 DAGs
[2024-12-08T09:07:48.688+0000] {logging_mixin.py:190} INFO - [2024-12-08T09:07:48.687+0000] {dag.py:4180} INFO - Setting next_dagrun for IMDB_testing_DAG to 2024-12-08 00:00:00+00:00, run_after=2024-12-09 00:00:00+00:00
[2024-12-08T09:07:48.741+0000] {processor.py:208} INFO - Processing /opt/airflow/dags/etl.py took 0.591 seconds
[2024-12-08T09:08:19.177+0000] {processor.py:186} INFO - Started process (PID=506) to work on /opt/airflow/dags/etl.py
[2024-12-08T09:08:19.190+0000] {processor.py:914} INFO - Processing file /opt/airflow/dags/etl.py for tasks to queue
[2024-12-08T09:08:19.198+0000] {logging_mixin.py:190} INFO - [2024-12-08T09:08:19.198+0000] {dagbag.py:588} INFO - Filling up the DagBag from /opt/airflow/dags/etl.py
[2024-12-08T09:08:19.534+0000] {processor.py:925} INFO - DAG(s) 'IMDB_testing_DAG' retrieved from /opt/airflow/dags/etl.py
[2024-12-08T09:08:19.716+0000] {logging_mixin.py:190} INFO - [2024-12-08T09:08:19.715+0000] {dag.py:3239} INFO - Sync 1 DAGs
[2024-12-08T09:08:19.855+0000] {logging_mixin.py:190} INFO - [2024-12-08T09:08:19.854+0000] {dag.py:4180} INFO - Setting next_dagrun for IMDB_testing_DAG to 2024-12-08 00:00:00+00:00, run_after=2024-12-09 00:00:00+00:00
[2024-12-08T09:08:19.992+0000] {processor.py:208} INFO - Processing /opt/airflow/dags/etl.py took 0.848 seconds
[2024-12-08T09:08:50.941+0000] {processor.py:186} INFO - Started process (PID=814) to work on /opt/airflow/dags/etl.py
[2024-12-08T09:08:50.942+0000] {processor.py:914} INFO - Processing file /opt/airflow/dags/etl.py for tasks to queue
[2024-12-08T09:08:50.946+0000] {logging_mixin.py:190} INFO - [2024-12-08T09:08:50.945+0000] {dagbag.py:588} INFO - Filling up the DagBag from /opt/airflow/dags/etl.py
[2024-12-08T09:08:51.093+0000] {processor.py:925} INFO - DAG(s) 'IMDB_testing_DAG' retrieved from /opt/airflow/dags/etl.py
[2024-12-08T09:08:51.123+0000] {logging_mixin.py:190} INFO - [2024-12-08T09:08:51.123+0000] {dag.py:3239} INFO - Sync 1 DAGs
[2024-12-08T09:08:51.156+0000] {logging_mixin.py:190} INFO - [2024-12-08T09:08:51.156+0000] {dag.py:4180} INFO - Setting next_dagrun for IMDB_testing_DAG to 2024-12-08 00:00:00+00:00, run_after=2024-12-09 00:00:00+00:00
[2024-12-08T09:08:51.182+0000] {processor.py:208} INFO - Processing /opt/airflow/dags/etl.py took 0.251 seconds
[2024-12-08T09:09:21.367+0000] {processor.py:186} INFO - Started process (PID=1124) to work on /opt/airflow/dags/etl.py
[2024-12-08T09:09:21.369+0000] {processor.py:914} INFO - Processing file /opt/airflow/dags/etl.py for tasks to queue
[2024-12-08T09:09:21.371+0000] {logging_mixin.py:190} INFO - [2024-12-08T09:09:21.371+0000] {dagbag.py:588} INFO - Filling up the DagBag from /opt/airflow/dags/etl.py
[2024-12-08T09:09:21.495+0000] {processor.py:925} INFO - DAG(s) 'IMDB_testing_DAG' retrieved from /opt/airflow/dags/etl.py
[2024-12-08T09:09:21.530+0000] {logging_mixin.py:190} INFO - [2024-12-08T09:09:21.530+0000] {dag.py:3239} INFO - Sync 1 DAGs
[2024-12-08T09:09:21.576+0000] {logging_mixin.py:190} INFO - [2024-12-08T09:09:21.575+0000] {dag.py:4180} INFO - Setting next_dagrun for IMDB_testing_DAG to 2024-12-08 00:00:00+00:00, run_after=2024-12-09 00:00:00+00:00
[2024-12-08T09:09:21.609+0000] {processor.py:208} INFO - Processing /opt/airflow/dags/etl.py took 0.249 seconds
[2024-12-08T09:09:52.133+0000] {processor.py:186} INFO - Started process (PID=1415) to work on /opt/airflow/dags/etl.py
[2024-12-08T09:09:52.134+0000] {processor.py:914} INFO - Processing file /opt/airflow/dags/etl.py for tasks to queue
[2024-12-08T09:09:52.139+0000] {logging_mixin.py:190} INFO - [2024-12-08T09:09:52.138+0000] {dagbag.py:588} INFO - Filling up the DagBag from /opt/airflow/dags/etl.py
[2024-12-08T09:09:52.311+0000] {processor.py:925} INFO - DAG(s) 'IMDB_testing_DAG' retrieved from /opt/airflow/dags/etl.py
[2024-12-08T09:09:52.332+0000] {logging_mixin.py:190} INFO - [2024-12-08T09:09:52.331+0000] {dag.py:3239} INFO - Sync 1 DAGs
[2024-12-08T09:09:52.365+0000] {logging_mixin.py:190} INFO - [2024-12-08T09:09:52.365+0000] {dag.py:4180} INFO - Setting next_dagrun for IMDB_testing_DAG to 2024-12-08 00:00:00+00:00, run_after=2024-12-09 00:00:00+00:00
[2024-12-08T09:09:52.389+0000] {processor.py:208} INFO - Processing /opt/airflow/dags/etl.py took 0.265 seconds
[2024-12-08T09:10:22.801+0000] {processor.py:186} INFO - Started process (PID=1711) to work on /opt/airflow/dags/etl.py
[2024-12-08T09:10:22.802+0000] {processor.py:914} INFO - Processing file /opt/airflow/dags/etl.py for tasks to queue
[2024-12-08T09:10:22.805+0000] {logging_mixin.py:190} INFO - [2024-12-08T09:10:22.804+0000] {dagbag.py:588} INFO - Filling up the DagBag from /opt/airflow/dags/etl.py
[2024-12-08T09:10:22.931+0000] {processor.py:925} INFO - DAG(s) 'IMDB_testing_DAG' retrieved from /opt/airflow/dags/etl.py
[2024-12-08T09:10:22.953+0000] {logging_mixin.py:190} INFO - [2024-12-08T09:10:22.953+0000] {dag.py:3239} INFO - Sync 1 DAGs
[2024-12-08T09:10:22.980+0000] {logging_mixin.py:190} INFO - [2024-12-08T09:10:22.980+0000] {dag.py:4180} INFO - Setting next_dagrun for IMDB_testing_DAG to 2024-12-08 00:00:00+00:00, run_after=2024-12-09 00:00:00+00:00
[2024-12-08T09:10:23.007+0000] {processor.py:208} INFO - Processing /opt/airflow/dags/etl.py took 0.215 seconds
[2024-12-08T09:11:39.321+0000] {processor.py:186} INFO - Started process (PID=188) to work on /opt/airflow/dags/etl.py
[2024-12-08T09:11:39.323+0000] {processor.py:914} INFO - Processing file /opt/airflow/dags/etl.py for tasks to queue
[2024-12-08T09:11:39.329+0000] {logging_mixin.py:190} INFO - [2024-12-08T09:11:39.328+0000] {dagbag.py:588} INFO - Filling up the DagBag from /opt/airflow/dags/etl.py
[2024-12-08T09:11:39.537+0000] {processor.py:925} INFO - DAG(s) 'IMDB_testing_DAG' retrieved from /opt/airflow/dags/etl.py
[2024-12-08T09:11:39.606+0000] {logging_mixin.py:190} INFO - [2024-12-08T09:11:39.606+0000] {dag.py:3239} INFO - Sync 1 DAGs
[2024-12-08T09:11:39.668+0000] {logging_mixin.py:190} INFO - [2024-12-08T09:11:39.667+0000] {dag.py:4180} INFO - Setting next_dagrun for IMDB_testing_DAG to 2024-12-08 00:00:00+00:00, run_after=2024-12-09 00:00:00+00:00
[2024-12-08T09:11:39.707+0000] {processor.py:208} INFO - Processing /opt/airflow/dags/etl.py took 0.398 seconds
