[2024-12-08T09:07:57.751+0000] {processor.py:186} INFO - Started process (PID=423) to work on /home/airflow/.local/lib/python3.12/site-packages/airflow/example_dags/example_latest_only_with_trigger.py
[2024-12-08T09:07:57.753+0000] {processor.py:914} INFO - Processing file /home/airflow/.local/lib/python3.12/site-packages/airflow/example_dags/example_latest_only_with_trigger.py for tasks to queue
[2024-12-08T09:07:57.757+0000] {logging_mixin.py:190} INFO - [2024-12-08T09:07:57.757+0000] {dagbag.py:588} INFO - Filling up the DagBag from /home/airflow/.local/lib/python3.12/site-packages/airflow/example_dags/example_latest_only_with_trigger.py
[2024-12-08T09:07:57.771+0000] {processor.py:925} INFO - DAG(s) 'latest_only_with_trigger' retrieved from /home/airflow/.local/lib/python3.12/site-packages/airflow/example_dags/example_latest_only_with_trigger.py
[2024-12-08T09:07:57.815+0000] {logging_mixin.py:190} INFO - [2024-12-08T09:07:57.814+0000] {dag.py:3239} INFO - Sync 1 DAGs
[2024-12-08T09:07:57.872+0000] {logging_mixin.py:190} INFO - [2024-12-08T09:07:57.871+0000] {dag.py:4180} INFO - Setting next_dagrun for latest_only_with_trigger to 2024-12-08 04:00:00+00:00, run_after=2024-12-08 08:00:00+00:00
[2024-12-08T09:07:57.910+0000] {processor.py:208} INFO - Processing /home/airflow/.local/lib/python3.12/site-packages/airflow/example_dags/example_latest_only_with_trigger.py took 0.170 seconds
[2024-12-08T09:08:32.592+0000] {processor.py:186} INFO - Started process (PID=727) to work on /home/airflow/.local/lib/python3.12/site-packages/airflow/example_dags/example_latest_only_with_trigger.py
[2024-12-08T09:08:32.594+0000] {processor.py:914} INFO - Processing file /home/airflow/.local/lib/python3.12/site-packages/airflow/example_dags/example_latest_only_with_trigger.py for tasks to queue
[2024-12-08T09:08:32.601+0000] {logging_mixin.py:190} INFO - [2024-12-08T09:08:32.600+0000] {dagbag.py:588} INFO - Filling up the DagBag from /home/airflow/.local/lib/python3.12/site-packages/airflow/example_dags/example_latest_only_with_trigger.py
[2024-12-08T09:08:32.621+0000] {processor.py:925} INFO - DAG(s) 'latest_only_with_trigger' retrieved from /home/airflow/.local/lib/python3.12/site-packages/airflow/example_dags/example_latest_only_with_trigger.py
[2024-12-08T09:08:32.675+0000] {logging_mixin.py:190} INFO - [2024-12-08T09:08:32.674+0000] {dag.py:3239} INFO - Sync 1 DAGs
[2024-12-08T09:08:32.771+0000] {logging_mixin.py:190} INFO - [2024-12-08T09:08:32.771+0000] {dag.py:4180} INFO - Setting next_dagrun for latest_only_with_trigger to 2024-12-08 04:00:00+00:00, run_after=2024-12-08 08:00:00+00:00
[2024-12-08T09:08:32.844+0000] {processor.py:208} INFO - Processing /home/airflow/.local/lib/python3.12/site-packages/airflow/example_dags/example_latest_only_with_trigger.py took 0.266 seconds
[2024-12-08T09:09:03.286+0000] {processor.py:186} INFO - Started process (PID=1032) to work on /home/airflow/.local/lib/python3.12/site-packages/airflow/example_dags/example_latest_only_with_trigger.py
[2024-12-08T09:09:03.288+0000] {processor.py:914} INFO - Processing file /home/airflow/.local/lib/python3.12/site-packages/airflow/example_dags/example_latest_only_with_trigger.py for tasks to queue
[2024-12-08T09:09:03.292+0000] {logging_mixin.py:190} INFO - [2024-12-08T09:09:03.291+0000] {dagbag.py:588} INFO - Filling up the DagBag from /home/airflow/.local/lib/python3.12/site-packages/airflow/example_dags/example_latest_only_with_trigger.py
[2024-12-08T09:09:03.304+0000] {processor.py:925} INFO - DAG(s) 'latest_only_with_trigger' retrieved from /home/airflow/.local/lib/python3.12/site-packages/airflow/example_dags/example_latest_only_with_trigger.py
[2024-12-08T09:09:03.336+0000] {logging_mixin.py:190} INFO - [2024-12-08T09:09:03.335+0000] {dag.py:3239} INFO - Sync 1 DAGs
[2024-12-08T09:09:03.372+0000] {logging_mixin.py:190} INFO - [2024-12-08T09:09:03.372+0000] {dag.py:4180} INFO - Setting next_dagrun for latest_only_with_trigger to 2024-12-08 04:00:00+00:00, run_after=2024-12-08 08:00:00+00:00
[2024-12-08T09:09:03.401+0000] {processor.py:208} INFO - Processing /home/airflow/.local/lib/python3.12/site-packages/airflow/example_dags/example_latest_only_with_trigger.py took 0.124 seconds
[2024-12-08T09:09:33.736+0000] {processor.py:186} INFO - Started process (PID=1327) to work on /home/airflow/.local/lib/python3.12/site-packages/airflow/example_dags/example_latest_only_with_trigger.py
[2024-12-08T09:09:33.737+0000] {processor.py:914} INFO - Processing file /home/airflow/.local/lib/python3.12/site-packages/airflow/example_dags/example_latest_only_with_trigger.py for tasks to queue
[2024-12-08T09:09:33.741+0000] {logging_mixin.py:190} INFO - [2024-12-08T09:09:33.741+0000] {dagbag.py:588} INFO - Filling up the DagBag from /home/airflow/.local/lib/python3.12/site-packages/airflow/example_dags/example_latest_only_with_trigger.py
[2024-12-08T09:09:33.752+0000] {processor.py:925} INFO - DAG(s) 'latest_only_with_trigger' retrieved from /home/airflow/.local/lib/python3.12/site-packages/airflow/example_dags/example_latest_only_with_trigger.py
[2024-12-08T09:09:33.780+0000] {logging_mixin.py:190} INFO - [2024-12-08T09:09:33.780+0000] {dag.py:3239} INFO - Sync 1 DAGs
[2024-12-08T09:09:33.808+0000] {logging_mixin.py:190} INFO - [2024-12-08T09:09:33.808+0000] {dag.py:4180} INFO - Setting next_dagrun for latest_only_with_trigger to 2024-12-08 04:00:00+00:00, run_after=2024-12-08 08:00:00+00:00
[2024-12-08T09:09:33.831+0000] {processor.py:208} INFO - Processing /home/airflow/.local/lib/python3.12/site-packages/airflow/example_dags/example_latest_only_with_trigger.py took 0.104 seconds
[2024-12-08T09:10:04.292+0000] {processor.py:186} INFO - Started process (PID=1618) to work on /home/airflow/.local/lib/python3.12/site-packages/airflow/example_dags/example_latest_only_with_trigger.py
[2024-12-08T09:10:04.293+0000] {processor.py:914} INFO - Processing file /home/airflow/.local/lib/python3.12/site-packages/airflow/example_dags/example_latest_only_with_trigger.py for tasks to queue
[2024-12-08T09:10:04.297+0000] {logging_mixin.py:190} INFO - [2024-12-08T09:10:04.296+0000] {dagbag.py:588} INFO - Filling up the DagBag from /home/airflow/.local/lib/python3.12/site-packages/airflow/example_dags/example_latest_only_with_trigger.py
[2024-12-08T09:10:04.305+0000] {processor.py:925} INFO - DAG(s) 'latest_only_with_trigger' retrieved from /home/airflow/.local/lib/python3.12/site-packages/airflow/example_dags/example_latest_only_with_trigger.py
[2024-12-08T09:10:04.332+0000] {logging_mixin.py:190} INFO - [2024-12-08T09:10:04.332+0000] {dag.py:3239} INFO - Sync 1 DAGs
[2024-12-08T09:10:04.359+0000] {logging_mixin.py:190} INFO - [2024-12-08T09:10:04.358+0000] {dag.py:4180} INFO - Setting next_dagrun for latest_only_with_trigger to 2024-12-08 04:00:00+00:00, run_after=2024-12-08 08:00:00+00:00
[2024-12-08T09:10:04.383+0000] {processor.py:208} INFO - Processing /home/airflow/.local/lib/python3.12/site-packages/airflow/example_dags/example_latest_only_with_trigger.py took 0.099 seconds
[2024-12-08T09:10:35.357+0000] {processor.py:186} INFO - Started process (PID=1914) to work on /home/airflow/.local/lib/python3.12/site-packages/airflow/example_dags/example_latest_only_with_trigger.py
[2024-12-08T09:10:35.359+0000] {processor.py:914} INFO - Processing file /home/airflow/.local/lib/python3.12/site-packages/airflow/example_dags/example_latest_only_with_trigger.py for tasks to queue
[2024-12-08T09:10:35.361+0000] {logging_mixin.py:190} INFO - [2024-12-08T09:10:35.361+0000] {dagbag.py:588} INFO - Filling up the DagBag from /home/airflow/.local/lib/python3.12/site-packages/airflow/example_dags/example_latest_only_with_trigger.py
[2024-12-08T09:10:35.371+0000] {processor.py:925} INFO - DAG(s) 'latest_only_with_trigger' retrieved from /home/airflow/.local/lib/python3.12/site-packages/airflow/example_dags/example_latest_only_with_trigger.py
[2024-12-08T09:10:35.400+0000] {logging_mixin.py:190} INFO - [2024-12-08T09:10:35.399+0000] {dag.py:3239} INFO - Sync 1 DAGs
[2024-12-08T09:10:35.430+0000] {logging_mixin.py:190} INFO - [2024-12-08T09:10:35.430+0000] {dag.py:4180} INFO - Setting next_dagrun for latest_only_with_trigger to 2024-12-08 04:00:00+00:00, run_after=2024-12-08 08:00:00+00:00
[2024-12-08T09:10:35.457+0000] {processor.py:208} INFO - Processing /home/airflow/.local/lib/python3.12/site-packages/airflow/example_dags/example_latest_only_with_trigger.py took 0.107 seconds
[2024-12-08T09:11:46.218+0000] {processor.py:186} INFO - Started process (PID=407) to work on /home/airflow/.local/lib/python3.12/site-packages/airflow/example_dags/example_latest_only_with_trigger.py
[2024-12-08T09:11:46.220+0000] {processor.py:914} INFO - Processing file /home/airflow/.local/lib/python3.12/site-packages/airflow/example_dags/example_latest_only_with_trigger.py for tasks to queue
[2024-12-08T09:11:46.227+0000] {logging_mixin.py:190} INFO - [2024-12-08T09:11:46.226+0000] {dagbag.py:588} INFO - Filling up the DagBag from /home/airflow/.local/lib/python3.12/site-packages/airflow/example_dags/example_latest_only_with_trigger.py
[2024-12-08T09:11:46.238+0000] {processor.py:925} INFO - DAG(s) 'latest_only_with_trigger' retrieved from /home/airflow/.local/lib/python3.12/site-packages/airflow/example_dags/example_latest_only_with_trigger.py
[2024-12-08T09:11:46.263+0000] {logging_mixin.py:190} INFO - [2024-12-08T09:11:46.263+0000] {dag.py:3239} INFO - Sync 1 DAGs
[2024-12-08T09:11:46.299+0000] {logging_mixin.py:190} INFO - [2024-12-08T09:11:46.298+0000] {dag.py:4180} INFO - Setting next_dagrun for latest_only_with_trigger to 2024-12-08 04:00:00+00:00, run_after=2024-12-08 08:00:00+00:00
[2024-12-08T09:11:46.328+0000] {processor.py:208} INFO - Processing /home/airflow/.local/lib/python3.12/site-packages/airflow/example_dags/example_latest_only_with_trigger.py took 0.120 seconds
