[2024-12-08T09:07:48.332+0000] {processor.py:186} INFO - Started process (PID=204) to work on /home/airflow/.local/lib/python3.12/site-packages/airflow/example_dags/example_branch_python_dop_operator_3.py
[2024-12-08T09:07:48.333+0000] {processor.py:914} INFO - Processing file /home/airflow/.local/lib/python3.12/site-packages/airflow/example_dags/example_branch_python_dop_operator_3.py for tasks to queue
[2024-12-08T09:07:48.338+0000] {logging_mixin.py:190} INFO - [2024-12-08T09:07:48.337+0000] {dagbag.py:588} INFO - Filling up the DagBag from /home/airflow/.local/lib/python3.12/site-packages/airflow/example_dags/example_branch_python_dop_operator_3.py
[2024-12-08T09:07:48.373+0000] {processor.py:925} INFO - DAG(s) 'example_branch_dop_operator_v3' retrieved from /home/airflow/.local/lib/python3.12/site-packages/airflow/example_dags/example_branch_python_dop_operator_3.py
[2024-12-08T09:07:48.486+0000] {logging_mixin.py:190} INFO - [2024-12-08T09:07:48.485+0000] {dag.py:3239} INFO - Sync 1 DAGs
[2024-12-08T09:07:48.590+0000] {logging_mixin.py:190} INFO - [2024-12-08T09:07:48.590+0000] {dag.py:4180} INFO - Setting next_dagrun for example_branch_dop_operator_v3 to 2024-12-08 09:06:00+00:00, run_after=2024-12-08 09:07:00+00:00
[2024-12-08T09:07:48.640+0000] {processor.py:208} INFO - Processing /home/airflow/.local/lib/python3.12/site-packages/airflow/example_dags/example_branch_python_dop_operator_3.py took 0.327 seconds
[2024-12-08T09:08:19.225+0000] {processor.py:186} INFO - Started process (PID=509) to work on /home/airflow/.local/lib/python3.12/site-packages/airflow/example_dags/example_branch_python_dop_operator_3.py
[2024-12-08T09:08:19.232+0000] {processor.py:914} INFO - Processing file /home/airflow/.local/lib/python3.12/site-packages/airflow/example_dags/example_branch_python_dop_operator_3.py for tasks to queue
[2024-12-08T09:08:19.242+0000] {logging_mixin.py:190} INFO - [2024-12-08T09:08:19.240+0000] {dagbag.py:588} INFO - Filling up the DagBag from /home/airflow/.local/lib/python3.12/site-packages/airflow/example_dags/example_branch_python_dop_operator_3.py
[2024-12-08T09:08:19.380+0000] {processor.py:925} INFO - DAG(s) 'example_branch_dop_operator_v3' retrieved from /home/airflow/.local/lib/python3.12/site-packages/airflow/example_dags/example_branch_python_dop_operator_3.py
[2024-12-08T09:08:19.543+0000] {logging_mixin.py:190} INFO - [2024-12-08T09:08:19.541+0000] {dag.py:3239} INFO - Sync 1 DAGs
[2024-12-08T09:08:19.852+0000] {logging_mixin.py:190} INFO - [2024-12-08T09:08:19.852+0000] {dag.py:4180} INFO - Setting next_dagrun for example_branch_dop_operator_v3 to 2024-12-08 09:07:00+00:00, run_after=2024-12-08 09:08:00+00:00
[2024-12-08T09:08:19.985+0000] {processor.py:208} INFO - Processing /home/airflow/.local/lib/python3.12/site-packages/airflow/example_dags/example_branch_python_dop_operator_3.py took 0.784 seconds
[2024-12-08T09:08:50.949+0000] {processor.py:186} INFO - Started process (PID=817) to work on /home/airflow/.local/lib/python3.12/site-packages/airflow/example_dags/example_branch_python_dop_operator_3.py
[2024-12-08T09:08:50.950+0000] {processor.py:914} INFO - Processing file /home/airflow/.local/lib/python3.12/site-packages/airflow/example_dags/example_branch_python_dop_operator_3.py for tasks to queue
[2024-12-08T09:08:50.955+0000] {logging_mixin.py:190} INFO - [2024-12-08T09:08:50.954+0000] {dagbag.py:588} INFO - Filling up the DagBag from /home/airflow/.local/lib/python3.12/site-packages/airflow/example_dags/example_branch_python_dop_operator_3.py
[2024-12-08T09:08:50.976+0000] {processor.py:925} INFO - DAG(s) 'example_branch_dop_operator_v3' retrieved from /home/airflow/.local/lib/python3.12/site-packages/airflow/example_dags/example_branch_python_dop_operator_3.py
[2024-12-08T09:08:51.011+0000] {logging_mixin.py:190} INFO - [2024-12-08T09:08:51.011+0000] {dag.py:3239} INFO - Sync 1 DAGs
[2024-12-08T09:08:51.054+0000] {logging_mixin.py:190} INFO - [2024-12-08T09:08:51.054+0000] {dag.py:4180} INFO - Setting next_dagrun for example_branch_dop_operator_v3 to 2024-12-08 09:07:00+00:00, run_after=2024-12-08 09:08:00+00:00
[2024-12-08T09:08:51.085+0000] {processor.py:208} INFO - Processing /home/airflow/.local/lib/python3.12/site-packages/airflow/example_dags/example_branch_python_dop_operator_3.py took 0.145 seconds
[2024-12-08T09:09:21.180+0000] {processor.py:186} INFO - Started process (PID=1119) to work on /home/airflow/.local/lib/python3.12/site-packages/airflow/example_dags/example_branch_python_dop_operator_3.py
[2024-12-08T09:09:21.181+0000] {processor.py:914} INFO - Processing file /home/airflow/.local/lib/python3.12/site-packages/airflow/example_dags/example_branch_python_dop_operator_3.py for tasks to queue
[2024-12-08T09:09:21.187+0000] {logging_mixin.py:190} INFO - [2024-12-08T09:09:21.187+0000] {dagbag.py:588} INFO - Filling up the DagBag from /home/airflow/.local/lib/python3.12/site-packages/airflow/example_dags/example_branch_python_dop_operator_3.py
[2024-12-08T09:09:21.203+0000] {processor.py:925} INFO - DAG(s) 'example_branch_dop_operator_v3' retrieved from /home/airflow/.local/lib/python3.12/site-packages/airflow/example_dags/example_branch_python_dop_operator_3.py
[2024-12-08T09:09:21.231+0000] {logging_mixin.py:190} INFO - [2024-12-08T09:09:21.230+0000] {dag.py:3239} INFO - Sync 1 DAGs
[2024-12-08T09:09:21.270+0000] {logging_mixin.py:190} INFO - [2024-12-08T09:09:21.270+0000] {dag.py:4180} INFO - Setting next_dagrun for example_branch_dop_operator_v3 to 2024-12-08 09:08:00+00:00, run_after=2024-12-08 09:09:00+00:00
[2024-12-08T09:09:21.295+0000] {processor.py:208} INFO - Processing /home/airflow/.local/lib/python3.12/site-packages/airflow/example_dags/example_branch_python_dop_operator_3.py took 0.125 seconds
[2024-12-08T09:09:52.144+0000] {processor.py:186} INFO - Started process (PID=1418) to work on /home/airflow/.local/lib/python3.12/site-packages/airflow/example_dags/example_branch_python_dop_operator_3.py
[2024-12-08T09:09:52.145+0000] {processor.py:914} INFO - Processing file /home/airflow/.local/lib/python3.12/site-packages/airflow/example_dags/example_branch_python_dop_operator_3.py for tasks to queue
[2024-12-08T09:09:52.148+0000] {logging_mixin.py:190} INFO - [2024-12-08T09:09:52.147+0000] {dagbag.py:588} INFO - Filling up the DagBag from /home/airflow/.local/lib/python3.12/site-packages/airflow/example_dags/example_branch_python_dop_operator_3.py
[2024-12-08T09:09:52.161+0000] {processor.py:925} INFO - DAG(s) 'example_branch_dop_operator_v3' retrieved from /home/airflow/.local/lib/python3.12/site-packages/airflow/example_dags/example_branch_python_dop_operator_3.py
[2024-12-08T09:09:52.184+0000] {logging_mixin.py:190} INFO - [2024-12-08T09:09:52.184+0000] {dag.py:3239} INFO - Sync 1 DAGs
[2024-12-08T09:09:52.219+0000] {logging_mixin.py:190} INFO - [2024-12-08T09:09:52.218+0000] {dag.py:4180} INFO - Setting next_dagrun for example_branch_dop_operator_v3 to 2024-12-08 09:08:00+00:00, run_after=2024-12-08 09:09:00+00:00
[2024-12-08T09:09:52.248+0000] {processor.py:208} INFO - Processing /home/airflow/.local/lib/python3.12/site-packages/airflow/example_dags/example_branch_python_dop_operator_3.py took 0.112 seconds
[2024-12-08T09:10:22.801+0000] {processor.py:186} INFO - Started process (PID=1714) to work on /home/airflow/.local/lib/python3.12/site-packages/airflow/example_dags/example_branch_python_dop_operator_3.py
[2024-12-08T09:10:22.802+0000] {processor.py:914} INFO - Processing file /home/airflow/.local/lib/python3.12/site-packages/airflow/example_dags/example_branch_python_dop_operator_3.py for tasks to queue
[2024-12-08T09:10:22.805+0000] {logging_mixin.py:190} INFO - [2024-12-08T09:10:22.804+0000] {dagbag.py:588} INFO - Filling up the DagBag from /home/airflow/.local/lib/python3.12/site-packages/airflow/example_dags/example_branch_python_dop_operator_3.py
[2024-12-08T09:10:22.822+0000] {processor.py:925} INFO - DAG(s) 'example_branch_dop_operator_v3' retrieved from /home/airflow/.local/lib/python3.12/site-packages/airflow/example_dags/example_branch_python_dop_operator_3.py
[2024-12-08T09:10:22.849+0000] {logging_mixin.py:190} INFO - [2024-12-08T09:10:22.848+0000] {dag.py:3239} INFO - Sync 1 DAGs
[2024-12-08T09:10:22.882+0000] {logging_mixin.py:190} INFO - [2024-12-08T09:10:22.882+0000] {dag.py:4180} INFO - Setting next_dagrun for example_branch_dop_operator_v3 to 2024-12-08 09:09:00+00:00, run_after=2024-12-08 09:10:00+00:00
[2024-12-08T09:10:22.907+0000] {processor.py:208} INFO - Processing /home/airflow/.local/lib/python3.12/site-packages/airflow/example_dags/example_branch_python_dop_operator_3.py took 0.113 seconds
[2024-12-08T09:11:39.388+0000] {processor.py:186} INFO - Started process (PID=191) to work on /home/airflow/.local/lib/python3.12/site-packages/airflow/example_dags/example_branch_python_dop_operator_3.py
[2024-12-08T09:11:39.392+0000] {processor.py:914} INFO - Processing file /home/airflow/.local/lib/python3.12/site-packages/airflow/example_dags/example_branch_python_dop_operator_3.py for tasks to queue
[2024-12-08T09:11:39.399+0000] {logging_mixin.py:190} INFO - [2024-12-08T09:11:39.398+0000] {dagbag.py:588} INFO - Filling up the DagBag from /home/airflow/.local/lib/python3.12/site-packages/airflow/example_dags/example_branch_python_dop_operator_3.py
[2024-12-08T09:11:39.431+0000] {processor.py:925} INFO - DAG(s) 'example_branch_dop_operator_v3' retrieved from /home/airflow/.local/lib/python3.12/site-packages/airflow/example_dags/example_branch_python_dop_operator_3.py
[2024-12-08T09:11:39.508+0000] {logging_mixin.py:190} INFO - [2024-12-08T09:11:39.507+0000] {dag.py:3239} INFO - Sync 1 DAGs
[2024-12-08T09:11:39.582+0000] {logging_mixin.py:190} INFO - [2024-12-08T09:11:39.581+0000] {dag.py:4180} INFO - Setting next_dagrun for example_branch_dop_operator_v3 to 2024-12-08 09:10:00+00:00, run_after=2024-12-08 09:11:00+00:00
[2024-12-08T09:11:39.626+0000] {processor.py:208} INFO - Processing /home/airflow/.local/lib/python3.12/site-packages/airflow/example_dags/example_branch_python_dop_operator_3.py took 0.251 seconds
