[2024-12-08T09:07:52.724+0000] {processor.py:186} INFO - Started process (PID=274) to work on /home/airflow/.local/lib/python3.12/site-packages/airflow/example_dags/example_inlet_event_extra.py
[2024-12-08T09:07:52.726+0000] {processor.py:914} INFO - Processing file /home/airflow/.local/lib/python3.12/site-packages/airflow/example_dags/example_inlet_event_extra.py for tasks to queue
[2024-12-08T09:07:52.732+0000] {logging_mixin.py:190} INFO - [2024-12-08T09:07:52.732+0000] {dagbag.py:588} INFO - Filling up the DagBag from /home/airflow/.local/lib/python3.12/site-packages/airflow/example_dags/example_inlet_event_extra.py
[2024-12-08T09:07:54.057+0000] {processor.py:925} INFO - DAG(s) 'read_dataset_event_from_classic', 'read_dataset_event' retrieved from /home/airflow/.local/lib/python3.12/site-packages/airflow/example_dags/example_inlet_event_extra.py
[2024-12-08T09:07:54.099+0000] {logging_mixin.py:190} INFO - [2024-12-08T09:07:54.099+0000] {dag.py:3239} INFO - Sync 2 DAGs
[2024-12-08T09:07:54.143+0000] {logging_mixin.py:190} INFO - [2024-12-08T09:07:54.143+0000] {dag.py:4180} INFO - Setting next_dagrun for read_dataset_event to 2024-12-07 00:00:00+00:00, run_after=2024-12-08 00:00:00+00:00
[2024-12-08T09:07:54.150+0000] {logging_mixin.py:190} INFO - [2024-12-08T09:07:54.150+0000] {dag.py:4180} INFO - Setting next_dagrun for read_dataset_event_from_classic to 2024-12-07 00:00:00+00:00, run_after=2024-12-08 00:00:00+00:00
[2024-12-08T09:07:54.181+0000] {processor.py:208} INFO - Processing /home/airflow/.local/lib/python3.12/site-packages/airflow/example_dags/example_inlet_event_extra.py took 1.473 seconds
[2024-12-08T09:08:25.360+0000] {processor.py:186} INFO - Started process (PID=591) to work on /home/airflow/.local/lib/python3.12/site-packages/airflow/example_dags/example_inlet_event_extra.py
[2024-12-08T09:08:25.364+0000] {processor.py:914} INFO - Processing file /home/airflow/.local/lib/python3.12/site-packages/airflow/example_dags/example_inlet_event_extra.py for tasks to queue
[2024-12-08T09:08:25.369+0000] {logging_mixin.py:190} INFO - [2024-12-08T09:08:25.368+0000] {dagbag.py:588} INFO - Filling up the DagBag from /home/airflow/.local/lib/python3.12/site-packages/airflow/example_dags/example_inlet_event_extra.py
[2024-12-08T09:08:28.908+0000] {processor.py:925} INFO - DAG(s) 'read_dataset_event', 'read_dataset_event_from_classic' retrieved from /home/airflow/.local/lib/python3.12/site-packages/airflow/example_dags/example_inlet_event_extra.py
[2024-12-08T09:08:28.950+0000] {logging_mixin.py:190} INFO - [2024-12-08T09:08:28.950+0000] {dag.py:3239} INFO - Sync 2 DAGs
[2024-12-08T09:08:29.005+0000] {logging_mixin.py:190} INFO - [2024-12-08T09:08:29.005+0000] {dag.py:4180} INFO - Setting next_dagrun for read_dataset_event to 2024-12-07 00:00:00+00:00, run_after=2024-12-08 00:00:00+00:00
[2024-12-08T09:08:29.027+0000] {logging_mixin.py:190} INFO - [2024-12-08T09:08:29.025+0000] {dag.py:4180} INFO - Setting next_dagrun for read_dataset_event_from_classic to 2024-12-07 00:00:00+00:00, run_after=2024-12-08 00:00:00+00:00
[2024-12-08T09:08:29.078+0000] {processor.py:208} INFO - Processing /home/airflow/.local/lib/python3.12/site-packages/airflow/example_dags/example_inlet_event_extra.py took 3.743 seconds
[2024-12-08T09:08:59.312+0000] {processor.py:186} INFO - Started process (PID=900) to work on /home/airflow/.local/lib/python3.12/site-packages/airflow/example_dags/example_inlet_event_extra.py
[2024-12-08T09:08:59.314+0000] {processor.py:914} INFO - Processing file /home/airflow/.local/lib/python3.12/site-packages/airflow/example_dags/example_inlet_event_extra.py for tasks to queue
[2024-12-08T09:08:59.317+0000] {logging_mixin.py:190} INFO - [2024-12-08T09:08:59.316+0000] {dagbag.py:588} INFO - Filling up the DagBag from /home/airflow/.local/lib/python3.12/site-packages/airflow/example_dags/example_inlet_event_extra.py
[2024-12-08T09:09:00.051+0000] {processor.py:925} INFO - DAG(s) 'read_dataset_event_from_classic', 'read_dataset_event' retrieved from /home/airflow/.local/lib/python3.12/site-packages/airflow/example_dags/example_inlet_event_extra.py
[2024-12-08T09:09:00.077+0000] {logging_mixin.py:190} INFO - [2024-12-08T09:09:00.076+0000] {dag.py:3239} INFO - Sync 2 DAGs
[2024-12-08T09:09:00.107+0000] {logging_mixin.py:190} INFO - [2024-12-08T09:09:00.106+0000] {dag.py:4180} INFO - Setting next_dagrun for read_dataset_event to 2024-12-07 00:00:00+00:00, run_after=2024-12-08 00:00:00+00:00
[2024-12-08T09:09:00.113+0000] {logging_mixin.py:190} INFO - [2024-12-08T09:09:00.113+0000] {dag.py:4180} INFO - Setting next_dagrun for read_dataset_event_from_classic to 2024-12-07 00:00:00+00:00, run_after=2024-12-08 00:00:00+00:00
[2024-12-08T09:09:00.135+0000] {processor.py:208} INFO - Processing /home/airflow/.local/lib/python3.12/site-packages/airflow/example_dags/example_inlet_event_extra.py took 0.832 seconds
[2024-12-08T09:09:30.237+0000] {processor.py:186} INFO - Started process (PID=1222) to work on /home/airflow/.local/lib/python3.12/site-packages/airflow/example_dags/example_inlet_event_extra.py
[2024-12-08T09:09:30.238+0000] {processor.py:914} INFO - Processing file /home/airflow/.local/lib/python3.12/site-packages/airflow/example_dags/example_inlet_event_extra.py for tasks to queue
[2024-12-08T09:09:30.241+0000] {logging_mixin.py:190} INFO - [2024-12-08T09:09:30.241+0000] {dagbag.py:588} INFO - Filling up the DagBag from /home/airflow/.local/lib/python3.12/site-packages/airflow/example_dags/example_inlet_event_extra.py
[2024-12-08T09:09:30.925+0000] {processor.py:925} INFO - DAG(s) 'read_dataset_event', 'read_dataset_event_from_classic' retrieved from /home/airflow/.local/lib/python3.12/site-packages/airflow/example_dags/example_inlet_event_extra.py
[2024-12-08T09:09:30.948+0000] {logging_mixin.py:190} INFO - [2024-12-08T09:09:30.948+0000] {dag.py:3239} INFO - Sync 2 DAGs
[2024-12-08T09:09:30.975+0000] {logging_mixin.py:190} INFO - [2024-12-08T09:09:30.975+0000] {dag.py:4180} INFO - Setting next_dagrun for read_dataset_event to 2024-12-07 00:00:00+00:00, run_after=2024-12-08 00:00:00+00:00
[2024-12-08T09:09:30.981+0000] {logging_mixin.py:190} INFO - [2024-12-08T09:09:30.981+0000] {dag.py:4180} INFO - Setting next_dagrun for read_dataset_event_from_classic to 2024-12-07 00:00:00+00:00, run_after=2024-12-08 00:00:00+00:00
[2024-12-08T09:09:31.006+0000] {processor.py:208} INFO - Processing /home/airflow/.local/lib/python3.12/site-packages/airflow/example_dags/example_inlet_event_extra.py took 0.777 seconds
[2024-12-08T09:10:01.250+0000] {processor.py:186} INFO - Started process (PID=1518) to work on /home/airflow/.local/lib/python3.12/site-packages/airflow/example_dags/example_inlet_event_extra.py
[2024-12-08T09:10:01.251+0000] {processor.py:914} INFO - Processing file /home/airflow/.local/lib/python3.12/site-packages/airflow/example_dags/example_inlet_event_extra.py for tasks to queue
[2024-12-08T09:10:01.254+0000] {logging_mixin.py:190} INFO - [2024-12-08T09:10:01.254+0000] {dagbag.py:588} INFO - Filling up the DagBag from /home/airflow/.local/lib/python3.12/site-packages/airflow/example_dags/example_inlet_event_extra.py
[2024-12-08T09:10:01.871+0000] {processor.py:925} INFO - DAG(s) 'read_dataset_event_from_classic', 'read_dataset_event' retrieved from /home/airflow/.local/lib/python3.12/site-packages/airflow/example_dags/example_inlet_event_extra.py
[2024-12-08T09:10:01.896+0000] {logging_mixin.py:190} INFO - [2024-12-08T09:10:01.895+0000] {dag.py:3239} INFO - Sync 2 DAGs
[2024-12-08T09:10:01.922+0000] {logging_mixin.py:190} INFO - [2024-12-08T09:10:01.922+0000] {dag.py:4180} INFO - Setting next_dagrun for read_dataset_event to 2024-12-07 00:00:00+00:00, run_after=2024-12-08 00:00:00+00:00
[2024-12-08T09:10:01.928+0000] {logging_mixin.py:190} INFO - [2024-12-08T09:10:01.928+0000] {dag.py:4180} INFO - Setting next_dagrun for read_dataset_event_from_classic to 2024-12-07 00:00:00+00:00, run_after=2024-12-08 00:00:00+00:00
[2024-12-08T09:10:01.954+0000] {processor.py:208} INFO - Processing /home/airflow/.local/lib/python3.12/site-packages/airflow/example_dags/example_inlet_event_extra.py took 0.712 seconds
[2024-12-08T09:10:32.407+0000] {processor.py:186} INFO - Started process (PID=1829) to work on /home/airflow/.local/lib/python3.12/site-packages/airflow/example_dags/example_inlet_event_extra.py
[2024-12-08T09:10:32.412+0000] {processor.py:914} INFO - Processing file /home/airflow/.local/lib/python3.12/site-packages/airflow/example_dags/example_inlet_event_extra.py for tasks to queue
[2024-12-08T09:10:32.419+0000] {logging_mixin.py:190} INFO - [2024-12-08T09:10:32.418+0000] {dagbag.py:588} INFO - Filling up the DagBag from /home/airflow/.local/lib/python3.12/site-packages/airflow/example_dags/example_inlet_event_extra.py
[2024-12-08T09:10:34.250+0000] {processor.py:925} INFO - DAG(s) 'read_dataset_event_from_classic', 'read_dataset_event' retrieved from /home/airflow/.local/lib/python3.12/site-packages/airflow/example_dags/example_inlet_event_extra.py
[2024-12-08T09:10:34.278+0000] {logging_mixin.py:190} INFO - [2024-12-08T09:10:34.278+0000] {dag.py:3239} INFO - Sync 2 DAGs
[2024-12-08T09:10:34.307+0000] {logging_mixin.py:190} INFO - [2024-12-08T09:10:34.307+0000] {dag.py:4180} INFO - Setting next_dagrun for read_dataset_event to 2024-12-07 00:00:00+00:00, run_after=2024-12-08 00:00:00+00:00
[2024-12-08T09:10:34.314+0000] {logging_mixin.py:190} INFO - [2024-12-08T09:10:34.314+0000] {dag.py:4180} INFO - Setting next_dagrun for read_dataset_event_from_classic to 2024-12-07 00:00:00+00:00, run_after=2024-12-08 00:00:00+00:00
[2024-12-08T09:10:34.343+0000] {processor.py:208} INFO - Processing /home/airflow/.local/lib/python3.12/site-packages/airflow/example_dags/example_inlet_event_extra.py took 1.946 seconds
[2024-12-08T09:11:41.970+0000] {processor.py:186} INFO - Started process (PID=262) to work on /home/airflow/.local/lib/python3.12/site-packages/airflow/example_dags/example_inlet_event_extra.py
[2024-12-08T09:11:41.972+0000] {processor.py:914} INFO - Processing file /home/airflow/.local/lib/python3.12/site-packages/airflow/example_dags/example_inlet_event_extra.py for tasks to queue
[2024-12-08T09:11:41.979+0000] {logging_mixin.py:190} INFO - [2024-12-08T09:11:41.978+0000] {dagbag.py:588} INFO - Filling up the DagBag from /home/airflow/.local/lib/python3.12/site-packages/airflow/example_dags/example_inlet_event_extra.py
[2024-12-08T09:11:42.790+0000] {processor.py:925} INFO - DAG(s) 'read_dataset_event', 'read_dataset_event_from_classic' retrieved from /home/airflow/.local/lib/python3.12/site-packages/airflow/example_dags/example_inlet_event_extra.py
[2024-12-08T09:11:42.823+0000] {logging_mixin.py:190} INFO - [2024-12-08T09:11:42.823+0000] {dag.py:3239} INFO - Sync 2 DAGs
[2024-12-08T09:11:42.856+0000] {logging_mixin.py:190} INFO - [2024-12-08T09:11:42.855+0000] {dag.py:4180} INFO - Setting next_dagrun for read_dataset_event to 2024-12-07 00:00:00+00:00, run_after=2024-12-08 00:00:00+00:00
[2024-12-08T09:11:42.864+0000] {logging_mixin.py:190} INFO - [2024-12-08T09:11:42.864+0000] {dag.py:4180} INFO - Setting next_dagrun for read_dataset_event_from_classic to 2024-12-07 00:00:00+00:00, run_after=2024-12-08 00:00:00+00:00
[2024-12-08T09:11:42.894+0000] {processor.py:208} INFO - Processing /home/airflow/.local/lib/python3.12/site-packages/airflow/example_dags/example_inlet_event_extra.py took 0.937 seconds
