[2024-12-08T09:07:54.592+0000] {processor.py:186} INFO - Started process (PID=328) to work on /home/airflow/.local/lib/python3.12/site-packages/airflow/example_dags/example_complex.py
[2024-12-08T09:07:54.594+0000] {processor.py:914} INFO - Processing file /home/airflow/.local/lib/python3.12/site-packages/airflow/example_dags/example_complex.py for tasks to queue
[2024-12-08T09:07:54.599+0000] {logging_mixin.py:190} INFO - [2024-12-08T09:07:54.598+0000] {dagbag.py:588} INFO - Filling up the DagBag from /home/airflow/.local/lib/python3.12/site-packages/airflow/example_dags/example_complex.py
[2024-12-08T09:07:54.621+0000] {processor.py:925} INFO - DAG(s) 'example_complex' retrieved from /home/airflow/.local/lib/python3.12/site-packages/airflow/example_dags/example_complex.py
[2024-12-08T09:07:54.668+0000] {logging_mixin.py:190} INFO - [2024-12-08T09:07:54.668+0000] {dag.py:3239} INFO - Sync 1 DAGs
[2024-12-08T09:07:54.692+0000] {logging_mixin.py:190} INFO - [2024-12-08T09:07:54.692+0000] {dag.py:4180} INFO - Setting next_dagrun for example_complex to None, run_after=None
[2024-12-08T09:07:54.733+0000] {processor.py:208} INFO - Processing /home/airflow/.local/lib/python3.12/site-packages/airflow/example_dags/example_complex.py took 0.153 seconds
[2024-12-08T09:08:29.491+0000] {processor.py:186} INFO - Started process (PID=630) to work on /home/airflow/.local/lib/python3.12/site-packages/airflow/example_dags/example_complex.py
[2024-12-08T09:08:29.493+0000] {processor.py:914} INFO - Processing file /home/airflow/.local/lib/python3.12/site-packages/airflow/example_dags/example_complex.py for tasks to queue
[2024-12-08T09:08:29.500+0000] {logging_mixin.py:190} INFO - [2024-12-08T09:08:29.499+0000] {dagbag.py:588} INFO - Filling up the DagBag from /home/airflow/.local/lib/python3.12/site-packages/airflow/example_dags/example_complex.py
[2024-12-08T09:08:29.543+0000] {processor.py:925} INFO - DAG(s) 'example_complex' retrieved from /home/airflow/.local/lib/python3.12/site-packages/airflow/example_dags/example_complex.py
[2024-12-08T09:08:29.296+0000] {logging_mixin.py:190} INFO - [2024-12-08T09:08:29.295+0000] {dag.py:3239} INFO - Sync 1 DAGs
[2024-12-08T09:08:29.342+0000] {logging_mixin.py:190} INFO - [2024-12-08T09:08:29.342+0000] {dag.py:4180} INFO - Setting next_dagrun for example_complex to None, run_after=None
[2024-12-08T09:08:29.398+0000] {processor.py:208} INFO - Processing /home/airflow/.local/lib/python3.12/site-packages/airflow/example_dags/example_complex.py took 0.274 seconds
[2024-12-08T09:09:00.062+0000] {processor.py:186} INFO - Started process (PID=925) to work on /home/airflow/.local/lib/python3.12/site-packages/airflow/example_dags/example_complex.py
[2024-12-08T09:09:00.064+0000] {processor.py:914} INFO - Processing file /home/airflow/.local/lib/python3.12/site-packages/airflow/example_dags/example_complex.py for tasks to queue
[2024-12-08T09:09:00.067+0000] {logging_mixin.py:190} INFO - [2024-12-08T09:09:00.066+0000] {dagbag.py:588} INFO - Filling up the DagBag from /home/airflow/.local/lib/python3.12/site-packages/airflow/example_dags/example_complex.py
[2024-12-08T09:09:00.081+0000] {processor.py:925} INFO - DAG(s) 'example_complex' retrieved from /home/airflow/.local/lib/python3.12/site-packages/airflow/example_dags/example_complex.py
[2024-12-08T09:09:00.119+0000] {logging_mixin.py:190} INFO - [2024-12-08T09:09:00.119+0000] {dag.py:3239} INFO - Sync 1 DAGs
[2024-12-08T09:09:00.137+0000] {logging_mixin.py:190} INFO - [2024-12-08T09:09:00.137+0000] {dag.py:4180} INFO - Setting next_dagrun for example_complex to None, run_after=None
[2024-12-08T09:09:00.164+0000] {processor.py:208} INFO - Processing /home/airflow/.local/lib/python3.12/site-packages/airflow/example_dags/example_complex.py took 0.111 seconds
[2024-12-08T09:09:30.595+0000] {processor.py:186} INFO - Started process (PID=1227) to work on /home/airflow/.local/lib/python3.12/site-packages/airflow/example_dags/example_complex.py
[2024-12-08T09:09:30.597+0000] {processor.py:914} INFO - Processing file /home/airflow/.local/lib/python3.12/site-packages/airflow/example_dags/example_complex.py for tasks to queue
[2024-12-08T09:09:30.600+0000] {logging_mixin.py:190} INFO - [2024-12-08T09:09:30.599+0000] {dagbag.py:588} INFO - Filling up the DagBag from /home/airflow/.local/lib/python3.12/site-packages/airflow/example_dags/example_complex.py
[2024-12-08T09:09:30.615+0000] {processor.py:925} INFO - DAG(s) 'example_complex' retrieved from /home/airflow/.local/lib/python3.12/site-packages/airflow/example_dags/example_complex.py
[2024-12-08T09:09:30.652+0000] {logging_mixin.py:190} INFO - [2024-12-08T09:09:30.652+0000] {dag.py:3239} INFO - Sync 1 DAGs
[2024-12-08T09:09:30.670+0000] {logging_mixin.py:190} INFO - [2024-12-08T09:09:30.670+0000] {dag.py:4180} INFO - Setting next_dagrun for example_complex to None, run_after=None
[2024-12-08T09:09:30.698+0000] {processor.py:208} INFO - Processing /home/airflow/.local/lib/python3.12/site-packages/airflow/example_dags/example_complex.py took 0.110 seconds
[2024-12-08T09:10:01.557+0000] {processor.py:186} INFO - Started process (PID=1523) to work on /home/airflow/.local/lib/python3.12/site-packages/airflow/example_dags/example_complex.py
[2024-12-08T09:10:01.558+0000] {processor.py:914} INFO - Processing file /home/airflow/.local/lib/python3.12/site-packages/airflow/example_dags/example_complex.py for tasks to queue
[2024-12-08T09:10:01.561+0000] {logging_mixin.py:190} INFO - [2024-12-08T09:10:01.561+0000] {dagbag.py:588} INFO - Filling up the DagBag from /home/airflow/.local/lib/python3.12/site-packages/airflow/example_dags/example_complex.py
[2024-12-08T09:10:01.575+0000] {processor.py:925} INFO - DAG(s) 'example_complex' retrieved from /home/airflow/.local/lib/python3.12/site-packages/airflow/example_dags/example_complex.py
[2024-12-08T09:10:01.612+0000] {logging_mixin.py:190} INFO - [2024-12-08T09:10:01.612+0000] {dag.py:3239} INFO - Sync 1 DAGs
[2024-12-08T09:10:01.628+0000] {logging_mixin.py:190} INFO - [2024-12-08T09:10:01.628+0000] {dag.py:4180} INFO - Setting next_dagrun for example_complex to None, run_after=None
[2024-12-08T09:10:01.654+0000] {processor.py:208} INFO - Processing /home/airflow/.local/lib/python3.12/site-packages/airflow/example_dags/example_complex.py took 0.105 seconds
[2024-12-08T09:10:31.801+0000] {processor.py:186} INFO - Started process (PID=1814) to work on /home/airflow/.local/lib/python3.12/site-packages/airflow/example_dags/example_complex.py
[2024-12-08T09:10:31.802+0000] {processor.py:914} INFO - Processing file /home/airflow/.local/lib/python3.12/site-packages/airflow/example_dags/example_complex.py for tasks to queue
[2024-12-08T09:10:31.807+0000] {logging_mixin.py:190} INFO - [2024-12-08T09:10:31.806+0000] {dagbag.py:588} INFO - Filling up the DagBag from /home/airflow/.local/lib/python3.12/site-packages/airflow/example_dags/example_complex.py
[2024-12-08T09:10:31.823+0000] {processor.py:925} INFO - DAG(s) 'example_complex' retrieved from /home/airflow/.local/lib/python3.12/site-packages/airflow/example_dags/example_complex.py
[2024-12-08T09:10:31.876+0000] {logging_mixin.py:190} INFO - [2024-12-08T09:10:31.876+0000] {dag.py:3239} INFO - Sync 1 DAGs
[2024-12-08T09:10:31.901+0000] {logging_mixin.py:190} INFO - [2024-12-08T09:10:31.901+0000] {dag.py:4180} INFO - Setting next_dagrun for example_complex to None, run_after=None
[2024-12-08T09:10:31.932+0000] {processor.py:208} INFO - Processing /home/airflow/.local/lib/python3.12/site-packages/airflow/example_dags/example_complex.py took 0.140 seconds
[2024-12-08T09:11:43.226+0000] {processor.py:186} INFO - Started process (PID=312) to work on /home/airflow/.local/lib/python3.12/site-packages/airflow/example_dags/example_complex.py
[2024-12-08T09:11:43.227+0000] {processor.py:914} INFO - Processing file /home/airflow/.local/lib/python3.12/site-packages/airflow/example_dags/example_complex.py for tasks to queue
[2024-12-08T09:11:43.230+0000] {logging_mixin.py:190} INFO - [2024-12-08T09:11:43.230+0000] {dagbag.py:588} INFO - Filling up the DagBag from /home/airflow/.local/lib/python3.12/site-packages/airflow/example_dags/example_complex.py
[2024-12-08T09:11:43.248+0000] {processor.py:925} INFO - DAG(s) 'example_complex' retrieved from /home/airflow/.local/lib/python3.12/site-packages/airflow/example_dags/example_complex.py
[2024-12-08T09:11:43.292+0000] {logging_mixin.py:190} INFO - [2024-12-08T09:11:43.291+0000] {dag.py:3239} INFO - Sync 1 DAGs
[2024-12-08T09:11:43.312+0000] {logging_mixin.py:190} INFO - [2024-12-08T09:11:43.312+0000] {dag.py:4180} INFO - Setting next_dagrun for example_complex to None, run_after=None
[2024-12-08T09:11:43.340+0000] {processor.py:208} INFO - Processing /home/airflow/.local/lib/python3.12/site-packages/airflow/example_dags/example_complex.py took 0.123 seconds
