[2024-12-08T09:07:54.628+0000] {processor.py:186} INFO - Started process (PID=333) to work on /home/airflow/.local/lib/python3.12/site-packages/airflow/example_dags/example_branch_day_of_week_operator.py
[2024-12-08T09:07:54.630+0000] {processor.py:914} INFO - Processing file /home/airflow/.local/lib/python3.12/site-packages/airflow/example_dags/example_branch_day_of_week_operator.py for tasks to queue
[2024-12-08T09:07:54.633+0000] {logging_mixin.py:190} INFO - [2024-12-08T09:07:54.633+0000] {dagbag.py:588} INFO - Filling up the DagBag from /home/airflow/.local/lib/python3.12/site-packages/airflow/example_dags/example_branch_day_of_week_operator.py
[2024-12-08T09:07:54.647+0000] {processor.py:925} INFO - DAG(s) 'example_weekday_branch_operator' retrieved from /home/airflow/.local/lib/python3.12/site-packages/airflow/example_dags/example_branch_day_of_week_operator.py
[2024-12-08T09:07:54.680+0000] {logging_mixin.py:190} INFO - [2024-12-08T09:07:54.679+0000] {dag.py:3239} INFO - Sync 1 DAGs
[2024-12-08T09:07:54.716+0000] {logging_mixin.py:190} INFO - [2024-12-08T09:07:54.716+0000] {dag.py:4180} INFO - Setting next_dagrun for example_weekday_branch_operator to 2024-12-07 00:00:00+00:00, run_after=2024-12-08 00:00:00+00:00
[2024-12-08T09:07:54.750+0000] {processor.py:208} INFO - Processing /home/airflow/.local/lib/python3.12/site-packages/airflow/example_dags/example_branch_day_of_week_operator.py took 0.132 seconds
[2024-12-08T09:08:29.313+0000] {processor.py:186} INFO - Started process (PID=635) to work on /home/airflow/.local/lib/python3.12/site-packages/airflow/example_dags/example_branch_day_of_week_operator.py
[2024-12-08T09:08:29.316+0000] {processor.py:914} INFO - Processing file /home/airflow/.local/lib/python3.12/site-packages/airflow/example_dags/example_branch_day_of_week_operator.py for tasks to queue
[2024-12-08T09:08:29.322+0000] {logging_mixin.py:190} INFO - [2024-12-08T09:08:29.321+0000] {dagbag.py:588} INFO - Filling up the DagBag from /home/airflow/.local/lib/python3.12/site-packages/airflow/example_dags/example_branch_day_of_week_operator.py
[2024-12-08T09:08:29.357+0000] {processor.py:925} INFO - DAG(s) 'example_weekday_branch_operator' retrieved from /home/airflow/.local/lib/python3.12/site-packages/airflow/example_dags/example_branch_day_of_week_operator.py
[2024-12-08T09:08:28.507+0000] {logging_mixin.py:190} INFO - [2024-12-08T09:08:28.507+0000] {dag.py:3239} INFO - Sync 1 DAGs
[2024-12-08T09:08:28.590+0000] {logging_mixin.py:190} INFO - [2024-12-08T09:08:28.589+0000] {dag.py:4180} INFO - Setting next_dagrun for example_weekday_branch_operator to 2024-12-07 00:00:00+00:00, run_after=2024-12-08 00:00:00+00:00
[2024-12-08T09:08:28.633+0000] {processor.py:208} INFO - Processing /home/airflow/.local/lib/python3.12/site-packages/airflow/example_dags/example_branch_day_of_week_operator.py took 0.243 seconds
[2024-12-08T09:09:00.197+0000] {processor.py:186} INFO - Started process (PID=931) to work on /home/airflow/.local/lib/python3.12/site-packages/airflow/example_dags/example_branch_day_of_week_operator.py
[2024-12-08T09:09:00.198+0000] {processor.py:914} INFO - Processing file /home/airflow/.local/lib/python3.12/site-packages/airflow/example_dags/example_branch_day_of_week_operator.py for tasks to queue
[2024-12-08T09:09:00.201+0000] {logging_mixin.py:190} INFO - [2024-12-08T09:09:00.200+0000] {dagbag.py:588} INFO - Filling up the DagBag from /home/airflow/.local/lib/python3.12/site-packages/airflow/example_dags/example_branch_day_of_week_operator.py
[2024-12-08T09:09:00.213+0000] {processor.py:925} INFO - DAG(s) 'example_weekday_branch_operator' retrieved from /home/airflow/.local/lib/python3.12/site-packages/airflow/example_dags/example_branch_day_of_week_operator.py
[2024-12-08T09:09:00.237+0000] {logging_mixin.py:190} INFO - [2024-12-08T09:09:00.236+0000] {dag.py:3239} INFO - Sync 1 DAGs
[2024-12-08T09:09:00.265+0000] {logging_mixin.py:190} INFO - [2024-12-08T09:09:00.265+0000] {dag.py:4180} INFO - Setting next_dagrun for example_weekday_branch_operator to 2024-12-07 00:00:00+00:00, run_after=2024-12-08 00:00:00+00:00
[2024-12-08T09:09:00.288+0000] {processor.py:208} INFO - Processing /home/airflow/.local/lib/python3.12/site-packages/airflow/example_dags/example_branch_day_of_week_operator.py took 0.100 seconds
[2024-12-08T09:09:30.748+0000] {processor.py:186} INFO - Started process (PID=1232) to work on /home/airflow/.local/lib/python3.12/site-packages/airflow/example_dags/example_branch_day_of_week_operator.py
[2024-12-08T09:09:30.750+0000] {processor.py:914} INFO - Processing file /home/airflow/.local/lib/python3.12/site-packages/airflow/example_dags/example_branch_day_of_week_operator.py for tasks to queue
[2024-12-08T09:09:30.754+0000] {logging_mixin.py:190} INFO - [2024-12-08T09:09:30.753+0000] {dagbag.py:588} INFO - Filling up the DagBag from /home/airflow/.local/lib/python3.12/site-packages/airflow/example_dags/example_branch_day_of_week_operator.py
[2024-12-08T09:09:30.767+0000] {processor.py:925} INFO - DAG(s) 'example_weekday_branch_operator' retrieved from /home/airflow/.local/lib/python3.12/site-packages/airflow/example_dags/example_branch_day_of_week_operator.py
[2024-12-08T09:09:30.796+0000] {logging_mixin.py:190} INFO - [2024-12-08T09:09:30.795+0000] {dag.py:3239} INFO - Sync 1 DAGs
[2024-12-08T09:09:30.827+0000] {logging_mixin.py:190} INFO - [2024-12-08T09:09:30.827+0000] {dag.py:4180} INFO - Setting next_dagrun for example_weekday_branch_operator to 2024-12-07 00:00:00+00:00, run_after=2024-12-08 00:00:00+00:00
[2024-12-08T09:09:30.853+0000] {processor.py:208} INFO - Processing /home/airflow/.local/lib/python3.12/site-packages/airflow/example_dags/example_branch_day_of_week_operator.py took 0.113 seconds
[2024-12-08T09:10:01.701+0000] {processor.py:186} INFO - Started process (PID=1528) to work on /home/airflow/.local/lib/python3.12/site-packages/airflow/example_dags/example_branch_day_of_week_operator.py
[2024-12-08T09:10:01.703+0000] {processor.py:914} INFO - Processing file /home/airflow/.local/lib/python3.12/site-packages/airflow/example_dags/example_branch_day_of_week_operator.py for tasks to queue
[2024-12-08T09:10:01.706+0000] {logging_mixin.py:190} INFO - [2024-12-08T09:10:01.706+0000] {dagbag.py:588} INFO - Filling up the DagBag from /home/airflow/.local/lib/python3.12/site-packages/airflow/example_dags/example_branch_day_of_week_operator.py
[2024-12-08T09:10:01.719+0000] {processor.py:925} INFO - DAG(s) 'example_weekday_branch_operator' retrieved from /home/airflow/.local/lib/python3.12/site-packages/airflow/example_dags/example_branch_day_of_week_operator.py
[2024-12-08T09:10:01.747+0000] {logging_mixin.py:190} INFO - [2024-12-08T09:10:01.746+0000] {dag.py:3239} INFO - Sync 1 DAGs
[2024-12-08T09:10:01.775+0000] {logging_mixin.py:190} INFO - [2024-12-08T09:10:01.774+0000] {dag.py:4180} INFO - Setting next_dagrun for example_weekday_branch_operator to 2024-12-07 00:00:00+00:00, run_after=2024-12-08 00:00:00+00:00
[2024-12-08T09:10:01.797+0000] {processor.py:208} INFO - Processing /home/airflow/.local/lib/python3.12/site-packages/airflow/example_dags/example_branch_day_of_week_operator.py took 0.103 seconds
[2024-12-08T09:10:31.997+0000] {processor.py:186} INFO - Started process (PID=1819) to work on /home/airflow/.local/lib/python3.12/site-packages/airflow/example_dags/example_branch_day_of_week_operator.py
[2024-12-08T09:10:31.998+0000] {processor.py:914} INFO - Processing file /home/airflow/.local/lib/python3.12/site-packages/airflow/example_dags/example_branch_day_of_week_operator.py for tasks to queue
[2024-12-08T09:10:32.001+0000] {logging_mixin.py:190} INFO - [2024-12-08T09:10:32.001+0000] {dagbag.py:588} INFO - Filling up the DagBag from /home/airflow/.local/lib/python3.12/site-packages/airflow/example_dags/example_branch_day_of_week_operator.py
[2024-12-08T09:10:32.027+0000] {processor.py:925} INFO - DAG(s) 'example_weekday_branch_operator' retrieved from /home/airflow/.local/lib/python3.12/site-packages/airflow/example_dags/example_branch_day_of_week_operator.py
[2024-12-08T09:10:32.073+0000] {logging_mixin.py:190} INFO - [2024-12-08T09:10:32.072+0000] {dag.py:3239} INFO - Sync 1 DAGs
[2024-12-08T09:10:32.122+0000] {logging_mixin.py:190} INFO - [2024-12-08T09:10:32.122+0000] {dag.py:4180} INFO - Setting next_dagrun for example_weekday_branch_operator to 2024-12-07 00:00:00+00:00, run_after=2024-12-08 00:00:00+00:00
[2024-12-08T09:10:32.157+0000] {processor.py:208} INFO - Processing /home/airflow/.local/lib/python3.12/site-packages/airflow/example_dags/example_branch_day_of_week_operator.py took 0.176 seconds
[2024-12-08T09:11:43.257+0000] {processor.py:186} INFO - Started process (PID=317) to work on /home/airflow/.local/lib/python3.12/site-packages/airflow/example_dags/example_branch_day_of_week_operator.py
[2024-12-08T09:11:43.258+0000] {processor.py:914} INFO - Processing file /home/airflow/.local/lib/python3.12/site-packages/airflow/example_dags/example_branch_day_of_week_operator.py for tasks to queue
[2024-12-08T09:11:43.261+0000] {logging_mixin.py:190} INFO - [2024-12-08T09:11:43.261+0000] {dagbag.py:588} INFO - Filling up the DagBag from /home/airflow/.local/lib/python3.12/site-packages/airflow/example_dags/example_branch_day_of_week_operator.py
[2024-12-08T09:11:43.274+0000] {processor.py:925} INFO - DAG(s) 'example_weekday_branch_operator' retrieved from /home/airflow/.local/lib/python3.12/site-packages/airflow/example_dags/example_branch_day_of_week_operator.py
[2024-12-08T09:11:43.304+0000] {logging_mixin.py:190} INFO - [2024-12-08T09:11:43.304+0000] {dag.py:3239} INFO - Sync 1 DAGs
[2024-12-08T09:11:43.340+0000] {logging_mixin.py:190} INFO - [2024-12-08T09:11:43.340+0000] {dag.py:4180} INFO - Setting next_dagrun for example_weekday_branch_operator to 2024-12-07 00:00:00+00:00, run_after=2024-12-08 00:00:00+00:00
[2024-12-08T09:11:43.371+0000] {processor.py:208} INFO - Processing /home/airflow/.local/lib/python3.12/site-packages/airflow/example_dags/example_branch_day_of_week_operator.py took 0.123 seconds
