[2024-12-08T09:07:54.215+0000] {processor.py:186} INFO - Started process (PID=310) to work on /home/airflow/.local/lib/python3.12/site-packages/airflow/example_dags/example_external_task_marker_dag.py
[2024-12-08T09:07:54.217+0000] {processor.py:914} INFO - Processing file /home/airflow/.local/lib/python3.12/site-packages/airflow/example_dags/example_external_task_marker_dag.py for tasks to queue
[2024-12-08T09:07:54.221+0000] {logging_mixin.py:190} INFO - [2024-12-08T09:07:54.220+0000] {dagbag.py:588} INFO - Filling up the DagBag from /home/airflow/.local/lib/python3.12/site-packages/airflow/example_dags/example_external_task_marker_dag.py
[2024-12-08T09:07:54.238+0000] {processor.py:925} INFO - DAG(s) 'example_external_task_marker_child', 'example_external_task_marker_parent' retrieved from /home/airflow/.local/lib/python3.12/site-packages/airflow/example_dags/example_external_task_marker_dag.py
[2024-12-08T09:07:54.282+0000] {logging_mixin.py:190} INFO - [2024-12-08T09:07:54.281+0000] {dag.py:3239} INFO - Sync 2 DAGs
[2024-12-08T09:07:54.308+0000] {logging_mixin.py:190} INFO - [2024-12-08T09:07:54.308+0000] {dag.py:4180} INFO - Setting next_dagrun for example_external_task_marker_child to None, run_after=None
[2024-12-08T09:07:54.314+0000] {logging_mixin.py:190} INFO - [2024-12-08T09:07:54.314+0000] {dag.py:4180} INFO - Setting next_dagrun for example_external_task_marker_parent to None, run_after=None
[2024-12-08T09:07:54.345+0000] {processor.py:208} INFO - Processing /home/airflow/.local/lib/python3.12/site-packages/airflow/example_dags/example_external_task_marker_dag.py took 0.141 seconds
[2024-12-08T09:08:28.855+0000] {processor.py:186} INFO - Started process (PID=610) to work on /home/airflow/.local/lib/python3.12/site-packages/airflow/example_dags/example_external_task_marker_dag.py
[2024-12-08T09:08:28.857+0000] {processor.py:914} INFO - Processing file /home/airflow/.local/lib/python3.12/site-packages/airflow/example_dags/example_external_task_marker_dag.py for tasks to queue
[2024-12-08T09:08:28.864+0000] {logging_mixin.py:190} INFO - [2024-12-08T09:08:28.863+0000] {dagbag.py:588} INFO - Filling up the DagBag from /home/airflow/.local/lib/python3.12/site-packages/airflow/example_dags/example_external_task_marker_dag.py
[2024-12-08T09:08:28.879+0000] {processor.py:925} INFO - DAG(s) 'example_external_task_marker_child', 'example_external_task_marker_parent' retrieved from /home/airflow/.local/lib/python3.12/site-packages/airflow/example_dags/example_external_task_marker_dag.py
[2024-12-08T09:08:28.923+0000] {logging_mixin.py:190} INFO - [2024-12-08T09:08:28.923+0000] {dag.py:3239} INFO - Sync 2 DAGs
[2024-12-08T09:08:28.959+0000] {logging_mixin.py:190} INFO - [2024-12-08T09:08:28.958+0000] {dag.py:4180} INFO - Setting next_dagrun for example_external_task_marker_child to None, run_after=None
[2024-12-08T09:08:28.967+0000] {logging_mixin.py:190} INFO - [2024-12-08T09:08:28.967+0000] {dag.py:4180} INFO - Setting next_dagrun for example_external_task_marker_parent to None, run_after=None
[2024-12-08T09:08:29.004+0000] {processor.py:208} INFO - Processing /home/airflow/.local/lib/python3.12/site-packages/airflow/example_dags/example_external_task_marker_dag.py took 0.161 seconds
[2024-12-08T09:08:59.774+0000] {processor.py:186} INFO - Started process (PID=915) to work on /home/airflow/.local/lib/python3.12/site-packages/airflow/example_dags/example_external_task_marker_dag.py
[2024-12-08T09:08:59.775+0000] {processor.py:914} INFO - Processing file /home/airflow/.local/lib/python3.12/site-packages/airflow/example_dags/example_external_task_marker_dag.py for tasks to queue
[2024-12-08T09:08:59.778+0000] {logging_mixin.py:190} INFO - [2024-12-08T09:08:59.777+0000] {dagbag.py:588} INFO - Filling up the DagBag from /home/airflow/.local/lib/python3.12/site-packages/airflow/example_dags/example_external_task_marker_dag.py
[2024-12-08T09:08:59.790+0000] {processor.py:925} INFO - DAG(s) 'example_external_task_marker_parent', 'example_external_task_marker_child' retrieved from /home/airflow/.local/lib/python3.12/site-packages/airflow/example_dags/example_external_task_marker_dag.py
[2024-12-08T09:08:59.820+0000] {logging_mixin.py:190} INFO - [2024-12-08T09:08:59.819+0000] {dag.py:3239} INFO - Sync 2 DAGs
[2024-12-08T09:08:59.838+0000] {logging_mixin.py:190} INFO - [2024-12-08T09:08:59.838+0000] {dag.py:4180} INFO - Setting next_dagrun for example_external_task_marker_child to None, run_after=None
[2024-12-08T09:08:59.843+0000] {logging_mixin.py:190} INFO - [2024-12-08T09:08:59.843+0000] {dag.py:4180} INFO - Setting next_dagrun for example_external_task_marker_parent to None, run_after=None
[2024-12-08T09:08:59.870+0000] {processor.py:208} INFO - Processing /home/airflow/.local/lib/python3.12/site-packages/airflow/example_dags/example_external_task_marker_dag.py took 0.106 seconds
[2024-12-08T09:09:29.952+0000] {processor.py:186} INFO - Started process (PID=1212) to work on /home/airflow/.local/lib/python3.12/site-packages/airflow/example_dags/example_external_task_marker_dag.py
[2024-12-08T09:09:29.954+0000] {processor.py:914} INFO - Processing file /home/airflow/.local/lib/python3.12/site-packages/airflow/example_dags/example_external_task_marker_dag.py for tasks to queue
[2024-12-08T09:09:29.957+0000] {logging_mixin.py:190} INFO - [2024-12-08T09:09:29.956+0000] {dagbag.py:588} INFO - Filling up the DagBag from /home/airflow/.local/lib/python3.12/site-packages/airflow/example_dags/example_external_task_marker_dag.py
[2024-12-08T09:09:29.966+0000] {processor.py:925} INFO - DAG(s) 'example_external_task_marker_parent', 'example_external_task_marker_child' retrieved from /home/airflow/.local/lib/python3.12/site-packages/airflow/example_dags/example_external_task_marker_dag.py
[2024-12-08T09:09:30.000+0000] {logging_mixin.py:190} INFO - [2024-12-08T09:09:30.000+0000] {dag.py:3239} INFO - Sync 2 DAGs
[2024-12-08T09:09:30.018+0000] {logging_mixin.py:190} INFO - [2024-12-08T09:09:30.018+0000] {dag.py:4180} INFO - Setting next_dagrun for example_external_task_marker_child to None, run_after=None
[2024-12-08T09:09:30.023+0000] {logging_mixin.py:190} INFO - [2024-12-08T09:09:30.023+0000] {dag.py:4180} INFO - Setting next_dagrun for example_external_task_marker_parent to None, run_after=None
[2024-12-08T09:09:30.044+0000] {processor.py:208} INFO - Processing /home/airflow/.local/lib/python3.12/site-packages/airflow/example_dags/example_external_task_marker_dag.py took 0.100 seconds
[2024-12-08T09:10:00.983+0000] {processor.py:186} INFO - Started process (PID=1508) to work on /home/airflow/.local/lib/python3.12/site-packages/airflow/example_dags/example_external_task_marker_dag.py
[2024-12-08T09:10:00.984+0000] {processor.py:914} INFO - Processing file /home/airflow/.local/lib/python3.12/site-packages/airflow/example_dags/example_external_task_marker_dag.py for tasks to queue
[2024-12-08T09:10:00.987+0000] {logging_mixin.py:190} INFO - [2024-12-08T09:10:00.987+0000] {dagbag.py:588} INFO - Filling up the DagBag from /home/airflow/.local/lib/python3.12/site-packages/airflow/example_dags/example_external_task_marker_dag.py
[2024-12-08T09:10:00.996+0000] {processor.py:925} INFO - DAG(s) 'example_external_task_marker_parent', 'example_external_task_marker_child' retrieved from /home/airflow/.local/lib/python3.12/site-packages/airflow/example_dags/example_external_task_marker_dag.py
[2024-12-08T09:10:01.023+0000] {logging_mixin.py:190} INFO - [2024-12-08T09:10:01.022+0000] {dag.py:3239} INFO - Sync 2 DAGs
[2024-12-08T09:10:01.040+0000] {logging_mixin.py:190} INFO - [2024-12-08T09:10:01.039+0000] {dag.py:4180} INFO - Setting next_dagrun for example_external_task_marker_child to None, run_after=None
[2024-12-08T09:10:01.044+0000] {logging_mixin.py:190} INFO - [2024-12-08T09:10:01.044+0000] {dag.py:4180} INFO - Setting next_dagrun for example_external_task_marker_parent to None, run_after=None
[2024-12-08T09:10:01.064+0000] {processor.py:208} INFO - Processing /home/airflow/.local/lib/python3.12/site-packages/airflow/example_dags/example_external_task_marker_dag.py took 0.088 seconds
[2024-12-08T09:10:31.381+0000] {processor.py:186} INFO - Started process (PID=1801) to work on /home/airflow/.local/lib/python3.12/site-packages/airflow/example_dags/example_external_task_marker_dag.py
[2024-12-08T09:10:31.384+0000] {processor.py:914} INFO - Processing file /home/airflow/.local/lib/python3.12/site-packages/airflow/example_dags/example_external_task_marker_dag.py for tasks to queue
[2024-12-08T09:10:31.388+0000] {logging_mixin.py:190} INFO - [2024-12-08T09:10:31.387+0000] {dagbag.py:588} INFO - Filling up the DagBag from /home/airflow/.local/lib/python3.12/site-packages/airflow/example_dags/example_external_task_marker_dag.py
[2024-12-08T09:10:31.399+0000] {processor.py:925} INFO - DAG(s) 'example_external_task_marker_parent', 'example_external_task_marker_child' retrieved from /home/airflow/.local/lib/python3.12/site-packages/airflow/example_dags/example_external_task_marker_dag.py
[2024-12-08T09:10:31.451+0000] {logging_mixin.py:190} INFO - [2024-12-08T09:10:31.450+0000] {dag.py:3239} INFO - Sync 2 DAGs
[2024-12-08T09:10:31.486+0000] {logging_mixin.py:190} INFO - [2024-12-08T09:10:31.486+0000] {dag.py:4180} INFO - Setting next_dagrun for example_external_task_marker_child to None, run_after=None
[2024-12-08T09:10:31.494+0000] {logging_mixin.py:190} INFO - [2024-12-08T09:10:31.493+0000] {dag.py:4180} INFO - Setting next_dagrun for example_external_task_marker_parent to None, run_after=None
[2024-12-08T09:10:31.527+0000] {processor.py:208} INFO - Processing /home/airflow/.local/lib/python3.12/site-packages/airflow/example_dags/example_external_task_marker_dag.py took 0.157 seconds
[2024-12-08T09:11:42.913+0000] {processor.py:186} INFO - Started process (PID=292) to work on /home/airflow/.local/lib/python3.12/site-packages/airflow/example_dags/example_external_task_marker_dag.py
[2024-12-08T09:11:42.914+0000] {processor.py:914} INFO - Processing file /home/airflow/.local/lib/python3.12/site-packages/airflow/example_dags/example_external_task_marker_dag.py for tasks to queue
[2024-12-08T09:11:42.918+0000] {logging_mixin.py:190} INFO - [2024-12-08T09:11:42.918+0000] {dagbag.py:588} INFO - Filling up the DagBag from /home/airflow/.local/lib/python3.12/site-packages/airflow/example_dags/example_external_task_marker_dag.py
[2024-12-08T09:11:42.931+0000] {processor.py:925} INFO - DAG(s) 'example_external_task_marker_parent', 'example_external_task_marker_child' retrieved from /home/airflow/.local/lib/python3.12/site-packages/airflow/example_dags/example_external_task_marker_dag.py
[2024-12-08T09:11:42.961+0000] {logging_mixin.py:190} INFO - [2024-12-08T09:11:42.960+0000] {dag.py:3239} INFO - Sync 2 DAGs
[2024-12-08T09:11:42.982+0000] {logging_mixin.py:190} INFO - [2024-12-08T09:11:42.981+0000] {dag.py:4180} INFO - Setting next_dagrun for example_external_task_marker_child to None, run_after=None
[2024-12-08T09:11:42.987+0000] {logging_mixin.py:190} INFO - [2024-12-08T09:11:42.987+0000] {dag.py:4180} INFO - Setting next_dagrun for example_external_task_marker_parent to None, run_after=None
[2024-12-08T09:11:43.009+0000] {processor.py:208} INFO - Processing /home/airflow/.local/lib/python3.12/site-packages/airflow/example_dags/example_external_task_marker_dag.py took 0.105 seconds
