[2024-12-08T09:07:59.305+0000] {processor.py:186} INFO - Started process (PID=458) to work on /home/airflow/.local/lib/python3.12/site-packages/airflow/example_dags/example_latest_only.py
[2024-12-08T09:07:59.308+0000] {processor.py:914} INFO - Processing file /home/airflow/.local/lib/python3.12/site-packages/airflow/example_dags/example_latest_only.py for tasks to queue
[2024-12-08T09:07:59.313+0000] {logging_mixin.py:190} INFO - [2024-12-08T09:07:59.312+0000] {dagbag.py:588} INFO - Filling up the DagBag from /home/airflow/.local/lib/python3.12/site-packages/airflow/example_dags/example_latest_only.py
[2024-12-08T09:07:59.325+0000] {processor.py:925} INFO - DAG(s) 'latest_only' retrieved from /home/airflow/.local/lib/python3.12/site-packages/airflow/example_dags/example_latest_only.py
[2024-12-08T09:07:59.358+0000] {logging_mixin.py:190} INFO - [2024-12-08T09:07:59.358+0000] {dag.py:3239} INFO - Sync 1 DAGs
[2024-12-08T09:07:59.403+0000] {logging_mixin.py:190} INFO - [2024-12-08T09:07:59.403+0000] {dag.py:4180} INFO - Setting next_dagrun for latest_only to 2024-12-08 04:00:00+00:00, run_after=2024-12-08 08:00:00+00:00
[2024-12-08T09:07:59.430+0000] {processor.py:208} INFO - Processing /home/airflow/.local/lib/python3.12/site-packages/airflow/example_dags/example_latest_only.py took 0.138 seconds
[2024-12-08T09:08:34.565+0000] {processor.py:186} INFO - Started process (PID=766) to work on /home/airflow/.local/lib/python3.12/site-packages/airflow/example_dags/example_latest_only.py
[2024-12-08T09:08:34.567+0000] {processor.py:914} INFO - Processing file /home/airflow/.local/lib/python3.12/site-packages/airflow/example_dags/example_latest_only.py for tasks to queue
[2024-12-08T09:08:34.572+0000] {logging_mixin.py:190} INFO - [2024-12-08T09:08:34.572+0000] {dagbag.py:588} INFO - Filling up the DagBag from /home/airflow/.local/lib/python3.12/site-packages/airflow/example_dags/example_latest_only.py
[2024-12-08T09:08:34.594+0000] {processor.py:925} INFO - DAG(s) 'latest_only' retrieved from /home/airflow/.local/lib/python3.12/site-packages/airflow/example_dags/example_latest_only.py
[2024-12-08T09:08:34.656+0000] {logging_mixin.py:190} INFO - [2024-12-08T09:08:34.655+0000] {dag.py:3239} INFO - Sync 1 DAGs
[2024-12-08T09:08:34.742+0000] {logging_mixin.py:190} INFO - [2024-12-08T09:08:34.742+0000] {dag.py:4180} INFO - Setting next_dagrun for latest_only to 2024-12-08 04:00:00+00:00, run_after=2024-12-08 08:00:00+00:00
[2024-12-08T09:08:34.813+0000] {processor.py:208} INFO - Processing /home/airflow/.local/lib/python3.12/site-packages/airflow/example_dags/example_latest_only.py took 0.265 seconds
[2024-12-08T09:09:05.129+0000] {processor.py:186} INFO - Started process (PID=1066) to work on /home/airflow/.local/lib/python3.12/site-packages/airflow/example_dags/example_latest_only.py
[2024-12-08T09:09:05.130+0000] {processor.py:914} INFO - Processing file /home/airflow/.local/lib/python3.12/site-packages/airflow/example_dags/example_latest_only.py for tasks to queue
[2024-12-08T09:09:05.134+0000] {logging_mixin.py:190} INFO - [2024-12-08T09:09:05.133+0000] {dagbag.py:588} INFO - Filling up the DagBag from /home/airflow/.local/lib/python3.12/site-packages/airflow/example_dags/example_latest_only.py
[2024-12-08T09:09:05.145+0000] {processor.py:925} INFO - DAG(s) 'latest_only' retrieved from /home/airflow/.local/lib/python3.12/site-packages/airflow/example_dags/example_latest_only.py
[2024-12-08T09:09:05.173+0000] {logging_mixin.py:190} INFO - [2024-12-08T09:09:05.173+0000] {dag.py:3239} INFO - Sync 1 DAGs
[2024-12-08T09:09:05.212+0000] {logging_mixin.py:190} INFO - [2024-12-08T09:09:05.212+0000] {dag.py:4180} INFO - Setting next_dagrun for latest_only to 2024-12-08 04:00:00+00:00, run_after=2024-12-08 08:00:00+00:00
[2024-12-08T09:09:05.243+0000] {processor.py:208} INFO - Processing /home/airflow/.local/lib/python3.12/site-packages/airflow/example_dags/example_latest_only.py took 0.124 seconds
[2024-12-08T09:09:35.737+0000] {processor.py:186} INFO - Started process (PID=1364) to work on /home/airflow/.local/lib/python3.12/site-packages/airflow/example_dags/example_latest_only.py
[2024-12-08T09:09:35.740+0000] {processor.py:914} INFO - Processing file /home/airflow/.local/lib/python3.12/site-packages/airflow/example_dags/example_latest_only.py for tasks to queue
[2024-12-08T09:09:35.745+0000] {logging_mixin.py:190} INFO - [2024-12-08T09:09:35.744+0000] {dagbag.py:588} INFO - Filling up the DagBag from /home/airflow/.local/lib/python3.12/site-packages/airflow/example_dags/example_latest_only.py
[2024-12-08T09:09:35.769+0000] {processor.py:925} INFO - DAG(s) 'latest_only' retrieved from /home/airflow/.local/lib/python3.12/site-packages/airflow/example_dags/example_latest_only.py
[2024-12-08T09:09:35.822+0000] {logging_mixin.py:190} INFO - [2024-12-08T09:09:35.822+0000] {dag.py:3239} INFO - Sync 1 DAGs
[2024-12-08T09:09:35.887+0000] {logging_mixin.py:190} INFO - [2024-12-08T09:09:35.886+0000] {dag.py:4180} INFO - Setting next_dagrun for latest_only to 2024-12-08 04:00:00+00:00, run_after=2024-12-08 08:00:00+00:00
[2024-12-08T09:09:35.928+0000] {processor.py:208} INFO - Processing /home/airflow/.local/lib/python3.12/site-packages/airflow/example_dags/example_latest_only.py took 0.207 seconds
[2024-12-08T09:10:05.994+0000] {processor.py:186} INFO - Started process (PID=1658) to work on /home/airflow/.local/lib/python3.12/site-packages/airflow/example_dags/example_latest_only.py
[2024-12-08T09:10:05.995+0000] {processor.py:914} INFO - Processing file /home/airflow/.local/lib/python3.12/site-packages/airflow/example_dags/example_latest_only.py for tasks to queue
[2024-12-08T09:10:05.998+0000] {logging_mixin.py:190} INFO - [2024-12-08T09:10:05.998+0000] {dagbag.py:588} INFO - Filling up the DagBag from /home/airflow/.local/lib/python3.12/site-packages/airflow/example_dags/example_latest_only.py
[2024-12-08T09:10:06.009+0000] {processor.py:925} INFO - DAG(s) 'latest_only' retrieved from /home/airflow/.local/lib/python3.12/site-packages/airflow/example_dags/example_latest_only.py
[2024-12-08T09:10:06.043+0000] {logging_mixin.py:190} INFO - [2024-12-08T09:10:06.043+0000] {dag.py:3239} INFO - Sync 1 DAGs
[2024-12-08T09:10:06.077+0000] {logging_mixin.py:190} INFO - [2024-12-08T09:10:06.077+0000] {dag.py:4180} INFO - Setting next_dagrun for latest_only to 2024-12-08 04:00:00+00:00, run_after=2024-12-08 08:00:00+00:00
[2024-12-08T09:10:06.105+0000] {processor.py:208} INFO - Processing /home/airflow/.local/lib/python3.12/site-packages/airflow/example_dags/example_latest_only.py took 0.121 seconds
[2024-12-08T09:10:36.818+0000] {processor.py:186} INFO - Started process (PID=1954) to work on /home/airflow/.local/lib/python3.12/site-packages/airflow/example_dags/example_latest_only.py
[2024-12-08T09:10:36.821+0000] {processor.py:914} INFO - Processing file /home/airflow/.local/lib/python3.12/site-packages/airflow/example_dags/example_latest_only.py for tasks to queue
[2024-12-08T09:10:36.827+0000] {logging_mixin.py:190} INFO - [2024-12-08T09:10:36.827+0000] {dagbag.py:588} INFO - Filling up the DagBag from /home/airflow/.local/lib/python3.12/site-packages/airflow/example_dags/example_latest_only.py
[2024-12-08T09:10:36.841+0000] {processor.py:925} INFO - DAG(s) 'latest_only' retrieved from /home/airflow/.local/lib/python3.12/site-packages/airflow/example_dags/example_latest_only.py
[2024-12-08T09:10:36.878+0000] {logging_mixin.py:190} INFO - [2024-12-08T09:10:36.878+0000] {dag.py:3239} INFO - Sync 1 DAGs
[2024-12-08T09:10:36.920+0000] {logging_mixin.py:190} INFO - [2024-12-08T09:10:36.919+0000] {dag.py:4180} INFO - Setting next_dagrun for latest_only to 2024-12-08 04:00:00+00:00, run_after=2024-12-08 08:00:00+00:00
[2024-12-08T09:10:36.955+0000] {processor.py:208} INFO - Processing /home/airflow/.local/lib/python3.12/site-packages/airflow/example_dags/example_latest_only.py took 0.155 seconds
[2024-12-08T09:11:47.385+0000] {processor.py:186} INFO - Started process (PID=442) to work on /home/airflow/.local/lib/python3.12/site-packages/airflow/example_dags/example_latest_only.py
[2024-12-08T09:11:47.387+0000] {processor.py:914} INFO - Processing file /home/airflow/.local/lib/python3.12/site-packages/airflow/example_dags/example_latest_only.py for tasks to queue
[2024-12-08T09:11:47.391+0000] {logging_mixin.py:190} INFO - [2024-12-08T09:11:47.390+0000] {dagbag.py:588} INFO - Filling up the DagBag from /home/airflow/.local/lib/python3.12/site-packages/airflow/example_dags/example_latest_only.py
[2024-12-08T09:11:47.401+0000] {processor.py:925} INFO - DAG(s) 'latest_only' retrieved from /home/airflow/.local/lib/python3.12/site-packages/airflow/example_dags/example_latest_only.py
[2024-12-08T09:11:47.431+0000] {logging_mixin.py:190} INFO - [2024-12-08T09:11:47.431+0000] {dag.py:3239} INFO - Sync 1 DAGs
[2024-12-08T09:11:47.471+0000] {logging_mixin.py:190} INFO - [2024-12-08T09:11:47.471+0000] {dag.py:4180} INFO - Setting next_dagrun for latest_only to 2024-12-08 04:00:00+00:00, run_after=2024-12-08 08:00:00+00:00
[2024-12-08T09:11:47.507+0000] {processor.py:208} INFO - Processing /home/airflow/.local/lib/python3.12/site-packages/airflow/example_dags/example_latest_only.py took 0.132 seconds
