[2024-12-08T09:07:48.721+0000] {processor.py:186} INFO - Started process (PID=209) to work on /home/airflow/.local/lib/python3.12/site-packages/airflow/example_dags/example_xcomargs.py
[2024-12-08T09:07:48.724+0000] {processor.py:914} INFO - Processing file /home/airflow/.local/lib/python3.12/site-packages/airflow/example_dags/example_xcomargs.py for tasks to queue
[2024-12-08T09:07:48.732+0000] {logging_mixin.py:190} INFO - [2024-12-08T09:07:48.731+0000] {dagbag.py:588} INFO - Filling up the DagBag from /home/airflow/.local/lib/python3.12/site-packages/airflow/example_dags/example_xcomargs.py
[2024-12-08T09:07:48.755+0000] {processor.py:925} INFO - DAG(s) 'example_xcom_args_with_operators', 'example_xcom_args' retrieved from /home/airflow/.local/lib/python3.12/site-packages/airflow/example_dags/example_xcomargs.py
[2024-12-08T09:07:48.826+0000] {logging_mixin.py:190} INFO - [2024-12-08T09:07:48.826+0000] {dag.py:3239} INFO - Sync 2 DAGs
[2024-12-08T09:07:48.859+0000] {logging_mixin.py:190} INFO - [2024-12-08T09:07:48.858+0000] {dag.py:4180} INFO - Setting next_dagrun for example_xcom_args to None, run_after=None
[2024-12-08T09:07:48.868+0000] {logging_mixin.py:190} INFO - [2024-12-08T09:07:48.868+0000] {dag.py:4180} INFO - Setting next_dagrun for example_xcom_args_with_operators to None, run_after=None
[2024-12-08T09:07:48.901+0000] {processor.py:208} INFO - Processing /home/airflow/.local/lib/python3.12/site-packages/airflow/example_dags/example_xcomargs.py took 0.194 seconds
[2024-12-08T09:08:20.144+0000] {processor.py:186} INFO - Started process (PID=516) to work on /home/airflow/.local/lib/python3.12/site-packages/airflow/example_dags/example_xcomargs.py
[2024-12-08T09:08:20.146+0000] {processor.py:914} INFO - Processing file /home/airflow/.local/lib/python3.12/site-packages/airflow/example_dags/example_xcomargs.py for tasks to queue
[2024-12-08T09:08:20.158+0000] {logging_mixin.py:190} INFO - [2024-12-08T09:08:20.157+0000] {dagbag.py:588} INFO - Filling up the DagBag from /home/airflow/.local/lib/python3.12/site-packages/airflow/example_dags/example_xcomargs.py
[2024-12-08T09:08:20.212+0000] {processor.py:925} INFO - DAG(s) 'example_xcom_args', 'example_xcom_args_with_operators' retrieved from /home/airflow/.local/lib/python3.12/site-packages/airflow/example_dags/example_xcomargs.py
[2024-12-08T09:08:20.337+0000] {logging_mixin.py:190} INFO - [2024-12-08T09:08:20.337+0000] {dag.py:3239} INFO - Sync 2 DAGs
[2024-12-08T09:08:20.394+0000] {logging_mixin.py:190} INFO - [2024-12-08T09:08:20.393+0000] {dag.py:4180} INFO - Setting next_dagrun for example_xcom_args to None, run_after=None
[2024-12-08T09:08:20.406+0000] {logging_mixin.py:190} INFO - [2024-12-08T09:08:20.406+0000] {dag.py:4180} INFO - Setting next_dagrun for example_xcom_args_with_operators to None, run_after=None
[2024-12-08T09:08:20.469+0000] {processor.py:208} INFO - Processing /home/airflow/.local/lib/python3.12/site-packages/airflow/example_dags/example_xcomargs.py took 0.380 seconds
[2024-12-08T09:08:51.140+0000] {processor.py:186} INFO - Started process (PID=822) to work on /home/airflow/.local/lib/python3.12/site-packages/airflow/example_dags/example_xcomargs.py
[2024-12-08T09:08:51.141+0000] {processor.py:914} INFO - Processing file /home/airflow/.local/lib/python3.12/site-packages/airflow/example_dags/example_xcomargs.py for tasks to queue
[2024-12-08T09:08:51.145+0000] {logging_mixin.py:190} INFO - [2024-12-08T09:08:51.145+0000] {dagbag.py:588} INFO - Filling up the DagBag from /home/airflow/.local/lib/python3.12/site-packages/airflow/example_dags/example_xcomargs.py
[2024-12-08T09:08:51.159+0000] {processor.py:925} INFO - DAG(s) 'example_xcom_args_with_operators', 'example_xcom_args' retrieved from /home/airflow/.local/lib/python3.12/site-packages/airflow/example_dags/example_xcomargs.py
[2024-12-08T09:08:51.194+0000] {logging_mixin.py:190} INFO - [2024-12-08T09:08:51.194+0000] {dag.py:3239} INFO - Sync 2 DAGs
[2024-12-08T09:08:51.225+0000] {logging_mixin.py:190} INFO - [2024-12-08T09:08:51.225+0000] {dag.py:4180} INFO - Setting next_dagrun for example_xcom_args to None, run_after=None
[2024-12-08T09:08:51.232+0000] {logging_mixin.py:190} INFO - [2024-12-08T09:08:51.231+0000] {dag.py:4180} INFO - Setting next_dagrun for example_xcom_args_with_operators to None, run_after=None
[2024-12-08T09:08:51.261+0000] {processor.py:208} INFO - Processing /home/airflow/.local/lib/python3.12/site-packages/airflow/example_dags/example_xcomargs.py took 0.130 seconds
[2024-12-08T09:09:21.374+0000] {processor.py:186} INFO - Started process (PID=1127) to work on /home/airflow/.local/lib/python3.12/site-packages/airflow/example_dags/example_xcomargs.py
[2024-12-08T09:09:21.375+0000] {processor.py:914} INFO - Processing file /home/airflow/.local/lib/python3.12/site-packages/airflow/example_dags/example_xcomargs.py for tasks to queue
[2024-12-08T09:09:21.378+0000] {logging_mixin.py:190} INFO - [2024-12-08T09:09:21.378+0000] {dagbag.py:588} INFO - Filling up the DagBag from /home/airflow/.local/lib/python3.12/site-packages/airflow/example_dags/example_xcomargs.py
[2024-12-08T09:09:21.394+0000] {processor.py:925} INFO - DAG(s) 'example_xcom_args', 'example_xcom_args_with_operators' retrieved from /home/airflow/.local/lib/python3.12/site-packages/airflow/example_dags/example_xcomargs.py
[2024-12-08T09:09:21.454+0000] {logging_mixin.py:190} INFO - [2024-12-08T09:09:21.453+0000] {dag.py:3239} INFO - Sync 2 DAGs
[2024-12-08T09:09:21.483+0000] {logging_mixin.py:190} INFO - [2024-12-08T09:09:21.482+0000] {dag.py:4180} INFO - Setting next_dagrun for example_xcom_args to None, run_after=None
[2024-12-08T09:09:21.492+0000] {logging_mixin.py:190} INFO - [2024-12-08T09:09:21.491+0000] {dag.py:4180} INFO - Setting next_dagrun for example_xcom_args_with_operators to None, run_after=None
[2024-12-08T09:09:21.525+0000] {processor.py:208} INFO - Processing /home/airflow/.local/lib/python3.12/site-packages/airflow/example_dags/example_xcomargs.py took 0.159 seconds
[2024-12-08T09:09:52.293+0000] {processor.py:186} INFO - Started process (PID=1423) to work on /home/airflow/.local/lib/python3.12/site-packages/airflow/example_dags/example_xcomargs.py
[2024-12-08T09:09:52.294+0000] {processor.py:914} INFO - Processing file /home/airflow/.local/lib/python3.12/site-packages/airflow/example_dags/example_xcomargs.py for tasks to queue
[2024-12-08T09:09:52.297+0000] {logging_mixin.py:190} INFO - [2024-12-08T09:09:52.297+0000] {dagbag.py:588} INFO - Filling up the DagBag from /home/airflow/.local/lib/python3.12/site-packages/airflow/example_dags/example_xcomargs.py
[2024-12-08T09:09:52.311+0000] {processor.py:925} INFO - DAG(s) 'example_xcom_args_with_operators', 'example_xcom_args' retrieved from /home/airflow/.local/lib/python3.12/site-packages/airflow/example_dags/example_xcomargs.py
[2024-12-08T09:09:52.336+0000] {logging_mixin.py:190} INFO - [2024-12-08T09:09:52.335+0000] {dag.py:3239} INFO - Sync 2 DAGs
[2024-12-08T09:09:52.351+0000] {logging_mixin.py:190} INFO - [2024-12-08T09:09:52.351+0000] {dag.py:4180} INFO - Setting next_dagrun for example_xcom_args to None, run_after=None
[2024-12-08T09:09:52.356+0000] {logging_mixin.py:190} INFO - [2024-12-08T09:09:52.356+0000] {dag.py:4180} INFO - Setting next_dagrun for example_xcom_args_with_operators to None, run_after=None
[2024-12-08T09:09:52.377+0000] {processor.py:208} INFO - Processing /home/airflow/.local/lib/python3.12/site-packages/airflow/example_dags/example_xcomargs.py took 0.092 seconds
[2024-12-08T09:10:22.952+0000] {processor.py:186} INFO - Started process (PID=1719) to work on /home/airflow/.local/lib/python3.12/site-packages/airflow/example_dags/example_xcomargs.py
[2024-12-08T09:10:22.953+0000] {processor.py:914} INFO - Processing file /home/airflow/.local/lib/python3.12/site-packages/airflow/example_dags/example_xcomargs.py for tasks to queue
[2024-12-08T09:10:22.956+0000] {logging_mixin.py:190} INFO - [2024-12-08T09:10:22.955+0000] {dagbag.py:588} INFO - Filling up the DagBag from /home/airflow/.local/lib/python3.12/site-packages/airflow/example_dags/example_xcomargs.py
[2024-12-08T09:10:22.967+0000] {processor.py:925} INFO - DAG(s) 'example_xcom_args', 'example_xcom_args_with_operators' retrieved from /home/airflow/.local/lib/python3.12/site-packages/airflow/example_dags/example_xcomargs.py
[2024-12-08T09:10:22.995+0000] {logging_mixin.py:190} INFO - [2024-12-08T09:10:22.995+0000] {dag.py:3239} INFO - Sync 2 DAGs
[2024-12-08T09:10:23.012+0000] {logging_mixin.py:190} INFO - [2024-12-08T09:10:23.012+0000] {dag.py:4180} INFO - Setting next_dagrun for example_xcom_args to None, run_after=None
[2024-12-08T09:10:23.017+0000] {logging_mixin.py:190} INFO - [2024-12-08T09:10:23.017+0000] {dag.py:4180} INFO - Setting next_dagrun for example_xcom_args_with_operators to None, run_after=None
[2024-12-08T09:10:23.043+0000] {processor.py:208} INFO - Processing /home/airflow/.local/lib/python3.12/site-packages/airflow/example_dags/example_xcomargs.py took 0.099 seconds
[2024-12-08T09:11:39.708+0000] {processor.py:186} INFO - Started process (PID=196) to work on /home/airflow/.local/lib/python3.12/site-packages/airflow/example_dags/example_xcomargs.py
[2024-12-08T09:11:39.709+0000] {processor.py:914} INFO - Processing file /home/airflow/.local/lib/python3.12/site-packages/airflow/example_dags/example_xcomargs.py for tasks to queue
[2024-12-08T09:11:39.713+0000] {logging_mixin.py:190} INFO - [2024-12-08T09:11:39.713+0000] {dagbag.py:588} INFO - Filling up the DagBag from /home/airflow/.local/lib/python3.12/site-packages/airflow/example_dags/example_xcomargs.py
[2024-12-08T09:11:39.739+0000] {processor.py:925} INFO - DAG(s) 'example_xcom_args', 'example_xcom_args_with_operators' retrieved from /home/airflow/.local/lib/python3.12/site-packages/airflow/example_dags/example_xcomargs.py
[2024-12-08T09:11:39.791+0000] {logging_mixin.py:190} INFO - [2024-12-08T09:11:39.790+0000] {dag.py:3239} INFO - Sync 2 DAGs
[2024-12-08T09:11:39.818+0000] {logging_mixin.py:190} INFO - [2024-12-08T09:11:39.817+0000] {dag.py:4180} INFO - Setting next_dagrun for example_xcom_args to None, run_after=None
[2024-12-08T09:11:39.823+0000] {logging_mixin.py:190} INFO - [2024-12-08T09:11:39.823+0000] {dag.py:4180} INFO - Setting next_dagrun for example_xcom_args_with_operators to None, run_after=None
[2024-12-08T09:11:39.851+0000] {processor.py:208} INFO - Processing /home/airflow/.local/lib/python3.12/site-packages/airflow/example_dags/example_xcomargs.py took 0.154 seconds
