[2024-12-08T09:07:54.823+0000] {processor.py:186} INFO - Started process (PID=343) to work on /home/airflow/.local/lib/python3.12/site-packages/airflow/example_dags/example_branch_operator.py
[2024-12-08T09:07:54.825+0000] {processor.py:914} INFO - Processing file /home/airflow/.local/lib/python3.12/site-packages/airflow/example_dags/example_branch_operator.py for tasks to queue
[2024-12-08T09:07:54.828+0000] {logging_mixin.py:190} INFO - [2024-12-08T09:07:54.828+0000] {dagbag.py:588} INFO - Filling up the DagBag from /home/airflow/.local/lib/python3.12/site-packages/airflow/example_dags/example_branch_operator.py
[2024-12-08T09:07:54.870+0000] {processor.py:925} INFO - DAG(s) 'example_branch_operator' retrieved from /home/airflow/.local/lib/python3.12/site-packages/airflow/example_dags/example_branch_operator.py
[2024-12-08T09:07:55.122+0000] {logging_mixin.py:190} INFO - [2024-12-08T09:07:55.121+0000] {dag.py:3239} INFO - Sync 1 DAGs
[2024-12-08T09:07:55.163+0000] {logging_mixin.py:190} INFO - [2024-12-08T09:07:55.162+0000] {dag.py:4180} INFO - Setting next_dagrun for example_branch_operator to 2024-12-07 00:00:00+00:00, run_after=2024-12-08 00:00:00+00:00
[2024-12-08T09:07:55.201+0000] {processor.py:208} INFO - Processing /home/airflow/.local/lib/python3.12/site-packages/airflow/example_dags/example_branch_operator.py took 0.386 seconds
[2024-12-08T09:08:28.722+0000] {processor.py:186} INFO - Started process (PID=645) to work on /home/airflow/.local/lib/python3.12/site-packages/airflow/example_dags/example_branch_operator.py
[2024-12-08T09:08:28.726+0000] {processor.py:914} INFO - Processing file /home/airflow/.local/lib/python3.12/site-packages/airflow/example_dags/example_branch_operator.py for tasks to queue
[2024-12-08T09:08:28.731+0000] {logging_mixin.py:190} INFO - [2024-12-08T09:08:28.730+0000] {dagbag.py:588} INFO - Filling up the DagBag from /home/airflow/.local/lib/python3.12/site-packages/airflow/example_dags/example_branch_operator.py
[2024-12-08T09:08:28.788+0000] {processor.py:925} INFO - DAG(s) 'example_branch_operator' retrieved from /home/airflow/.local/lib/python3.12/site-packages/airflow/example_dags/example_branch_operator.py
[2024-12-08T09:08:28.856+0000] {logging_mixin.py:190} INFO - [2024-12-08T09:08:28.856+0000] {dag.py:3239} INFO - Sync 1 DAGs
[2024-12-08T09:08:28.920+0000] {logging_mixin.py:190} INFO - [2024-12-08T09:08:28.920+0000] {dag.py:4180} INFO - Setting next_dagrun for example_branch_operator to 2024-12-07 00:00:00+00:00, run_after=2024-12-08 00:00:00+00:00
[2024-12-08T09:08:28.955+0000] {processor.py:208} INFO - Processing /home/airflow/.local/lib/python3.12/site-packages/airflow/example_dags/example_branch_operator.py took 0.255 seconds
[2024-12-08T09:09:00.357+0000] {processor.py:186} INFO - Started process (PID=942) to work on /home/airflow/.local/lib/python3.12/site-packages/airflow/example_dags/example_branch_operator.py
[2024-12-08T09:09:00.359+0000] {processor.py:914} INFO - Processing file /home/airflow/.local/lib/python3.12/site-packages/airflow/example_dags/example_branch_operator.py for tasks to queue
[2024-12-08T09:09:00.362+0000] {logging_mixin.py:190} INFO - [2024-12-08T09:09:00.362+0000] {dagbag.py:588} INFO - Filling up the DagBag from /home/airflow/.local/lib/python3.12/site-packages/airflow/example_dags/example_branch_operator.py
[2024-12-08T09:09:00.395+0000] {processor.py:925} INFO - DAG(s) 'example_branch_operator' retrieved from /home/airflow/.local/lib/python3.12/site-packages/airflow/example_dags/example_branch_operator.py
[2024-12-08T09:09:00.433+0000] {logging_mixin.py:190} INFO - [2024-12-08T09:09:00.432+0000] {dag.py:3239} INFO - Sync 1 DAGs
[2024-12-08T09:09:00.479+0000] {logging_mixin.py:190} INFO - [2024-12-08T09:09:00.478+0000] {dag.py:4180} INFO - Setting next_dagrun for example_branch_operator to 2024-12-07 00:00:00+00:00, run_after=2024-12-08 00:00:00+00:00
[2024-12-08T09:09:00.509+0000] {processor.py:208} INFO - Processing /home/airflow/.local/lib/python3.12/site-packages/airflow/example_dags/example_branch_operator.py took 0.165 seconds
[2024-12-08T09:09:31.037+0000] {processor.py:186} INFO - Started process (PID=1244) to work on /home/airflow/.local/lib/python3.12/site-packages/airflow/example_dags/example_branch_operator.py
[2024-12-08T09:09:31.039+0000] {processor.py:914} INFO - Processing file /home/airflow/.local/lib/python3.12/site-packages/airflow/example_dags/example_branch_operator.py for tasks to queue
[2024-12-08T09:09:31.042+0000] {logging_mixin.py:190} INFO - [2024-12-08T09:09:31.042+0000] {dagbag.py:588} INFO - Filling up the DagBag from /home/airflow/.local/lib/python3.12/site-packages/airflow/example_dags/example_branch_operator.py
[2024-12-08T09:09:31.065+0000] {processor.py:925} INFO - DAG(s) 'example_branch_operator' retrieved from /home/airflow/.local/lib/python3.12/site-packages/airflow/example_dags/example_branch_operator.py
[2024-12-08T09:09:31.099+0000] {logging_mixin.py:190} INFO - [2024-12-08T09:09:31.098+0000] {dag.py:3239} INFO - Sync 1 DAGs
[2024-12-08T09:09:31.127+0000] {logging_mixin.py:190} INFO - [2024-12-08T09:09:31.126+0000] {dag.py:4180} INFO - Setting next_dagrun for example_branch_operator to 2024-12-07 00:00:00+00:00, run_after=2024-12-08 00:00:00+00:00
[2024-12-08T09:09:31.151+0000] {processor.py:208} INFO - Processing /home/airflow/.local/lib/python3.12/site-packages/airflow/example_dags/example_branch_operator.py took 0.123 seconds
[2024-12-08T09:10:01.982+0000] {processor.py:186} INFO - Started process (PID=1539) to work on /home/airflow/.local/lib/python3.12/site-packages/airflow/example_dags/example_branch_operator.py
[2024-12-08T09:10:01.983+0000] {processor.py:914} INFO - Processing file /home/airflow/.local/lib/python3.12/site-packages/airflow/example_dags/example_branch_operator.py for tasks to queue
[2024-12-08T09:10:01.986+0000] {logging_mixin.py:190} INFO - [2024-12-08T09:10:01.986+0000] {dagbag.py:588} INFO - Filling up the DagBag from /home/airflow/.local/lib/python3.12/site-packages/airflow/example_dags/example_branch_operator.py
[2024-12-08T09:10:02.009+0000] {processor.py:925} INFO - DAG(s) 'example_branch_operator' retrieved from /home/airflow/.local/lib/python3.12/site-packages/airflow/example_dags/example_branch_operator.py
[2024-12-08T09:10:02.041+0000] {logging_mixin.py:190} INFO - [2024-12-08T09:10:02.040+0000] {dag.py:3239} INFO - Sync 1 DAGs
[2024-12-08T09:10:02.069+0000] {logging_mixin.py:190} INFO - [2024-12-08T09:10:02.068+0000] {dag.py:4180} INFO - Setting next_dagrun for example_branch_operator to 2024-12-07 00:00:00+00:00, run_after=2024-12-08 00:00:00+00:00
[2024-12-08T09:10:02.093+0000] {processor.py:208} INFO - Processing /home/airflow/.local/lib/python3.12/site-packages/airflow/example_dags/example_branch_operator.py took 0.121 seconds
[2024-12-08T09:10:34.007+0000] {processor.py:186} INFO - Started process (PID=1839) to work on /home/airflow/.local/lib/python3.12/site-packages/airflow/example_dags/example_branch_operator.py
[2024-12-08T09:10:34.010+0000] {processor.py:914} INFO - Processing file /home/airflow/.local/lib/python3.12/site-packages/airflow/example_dags/example_branch_operator.py for tasks to queue
[2024-12-08T09:10:34.013+0000] {logging_mixin.py:190} INFO - [2024-12-08T09:10:34.013+0000] {dagbag.py:588} INFO - Filling up the DagBag from /home/airflow/.local/lib/python3.12/site-packages/airflow/example_dags/example_branch_operator.py
[2024-12-08T09:10:34.042+0000] {processor.py:925} INFO - DAG(s) 'example_branch_operator' retrieved from /home/airflow/.local/lib/python3.12/site-packages/airflow/example_dags/example_branch_operator.py
[2024-12-08T09:10:34.085+0000] {logging_mixin.py:190} INFO - [2024-12-08T09:10:34.085+0000] {dag.py:3239} INFO - Sync 1 DAGs
[2024-12-08T09:10:34.128+0000] {logging_mixin.py:190} INFO - [2024-12-08T09:10:34.128+0000] {dag.py:4180} INFO - Setting next_dagrun for example_branch_operator to 2024-12-07 00:00:00+00:00, run_after=2024-12-08 00:00:00+00:00
[2024-12-08T09:10:34.158+0000] {processor.py:208} INFO - Processing /home/airflow/.local/lib/python3.12/site-packages/airflow/example_dags/example_branch_operator.py took 0.160 seconds
[2024-12-08T09:11:43.429+0000] {processor.py:186} INFO - Started process (PID=327) to work on /home/airflow/.local/lib/python3.12/site-packages/airflow/example_dags/example_branch_operator.py
[2024-12-08T09:11:43.431+0000] {processor.py:914} INFO - Processing file /home/airflow/.local/lib/python3.12/site-packages/airflow/example_dags/example_branch_operator.py for tasks to queue
[2024-12-08T09:11:43.434+0000] {logging_mixin.py:190} INFO - [2024-12-08T09:11:43.434+0000] {dagbag.py:588} INFO - Filling up the DagBag from /home/airflow/.local/lib/python3.12/site-packages/airflow/example_dags/example_branch_operator.py
[2024-12-08T09:11:43.459+0000] {processor.py:925} INFO - DAG(s) 'example_branch_operator' retrieved from /home/airflow/.local/lib/python3.12/site-packages/airflow/example_dags/example_branch_operator.py
[2024-12-08T09:11:43.678+0000] {logging_mixin.py:190} INFO - [2024-12-08T09:11:43.677+0000] {dag.py:3239} INFO - Sync 1 DAGs
[2024-12-08T09:11:43.721+0000] {logging_mixin.py:190} INFO - [2024-12-08T09:11:43.721+0000] {dag.py:4180} INFO - Setting next_dagrun for example_branch_operator to 2024-12-07 00:00:00+00:00, run_after=2024-12-08 00:00:00+00:00
[2024-12-08T09:11:43.752+0000] {processor.py:208} INFO - Processing /home/airflow/.local/lib/python3.12/site-packages/airflow/example_dags/example_branch_operator.py took 0.332 seconds
