[2024-12-08T09:07:54.408+0000] {processor.py:186} INFO - Started process (PID=318) to work on /home/airflow/.local/lib/python3.12/site-packages/airflow/example_dags/example_sla_dag.py
[2024-12-08T09:07:54.410+0000] {processor.py:914} INFO - Processing file /home/airflow/.local/lib/python3.12/site-packages/airflow/example_dags/example_sla_dag.py for tasks to queue
[2024-12-08T09:07:54.414+0000] {logging_mixin.py:190} INFO - [2024-12-08T09:07:54.414+0000] {dagbag.py:588} INFO - Filling up the DagBag from /home/airflow/.local/lib/python3.12/site-packages/airflow/example_dags/example_sla_dag.py
[2024-12-08T09:07:54.429+0000] {processor.py:925} INFO - DAG(s) 'example_sla_dag' retrieved from /home/airflow/.local/lib/python3.12/site-packages/airflow/example_dags/example_sla_dag.py
[2024-12-08T09:07:54.462+0000] {logging_mixin.py:190} INFO - [2024-12-08T09:07:54.461+0000] {dag.py:3239} INFO - Sync 1 DAGs
[2024-12-08T09:07:54.500+0000] {logging_mixin.py:190} INFO - [2024-12-08T09:07:54.499+0000] {dag.py:4180} INFO - Setting next_dagrun for example_sla_dag to 2024-12-08 09:04:00+00:00, run_after=2024-12-08 09:06:00+00:00
[2024-12-08T09:07:54.528+0000] {processor.py:208} INFO - Processing /home/airflow/.local/lib/python3.12/site-packages/airflow/example_dags/example_sla_dag.py took 0.130 seconds
[2024-12-08T09:08:29.196+0000] {processor.py:186} INFO - Started process (PID=620) to work on /home/airflow/.local/lib/python3.12/site-packages/airflow/example_dags/example_sla_dag.py
[2024-12-08T09:08:29.198+0000] {processor.py:914} INFO - Processing file /home/airflow/.local/lib/python3.12/site-packages/airflow/example_dags/example_sla_dag.py for tasks to queue
[2024-12-08T09:08:29.204+0000] {logging_mixin.py:190} INFO - [2024-12-08T09:08:29.203+0000] {dagbag.py:588} INFO - Filling up the DagBag from /home/airflow/.local/lib/python3.12/site-packages/airflow/example_dags/example_sla_dag.py
[2024-12-08T09:08:29.228+0000] {processor.py:925} INFO - DAG(s) 'example_sla_dag' retrieved from /home/airflow/.local/lib/python3.12/site-packages/airflow/example_dags/example_sla_dag.py
[2024-12-08T09:08:29.267+0000] {logging_mixin.py:190} INFO - [2024-12-08T09:08:29.267+0000] {dag.py:3239} INFO - Sync 1 DAGs
[2024-12-08T09:08:29.343+0000] {logging_mixin.py:190} INFO - [2024-12-08T09:08:29.343+0000] {dag.py:4180} INFO - Setting next_dagrun for example_sla_dag to 2024-12-08 09:06:00+00:00, run_after=2024-12-08 09:08:00+00:00
[2024-12-08T09:08:29.397+0000] {processor.py:208} INFO - Processing /home/airflow/.local/lib/python3.12/site-packages/airflow/example_dags/example_sla_dag.py took 0.219 seconds
[2024-12-08T09:09:00.772+0000] {processor.py:186} INFO - Started process (PID=960) to work on /home/airflow/.local/lib/python3.12/site-packages/airflow/example_dags/example_sla_dag.py
[2024-12-08T09:09:00.773+0000] {processor.py:914} INFO - Processing file /home/airflow/.local/lib/python3.12/site-packages/airflow/example_dags/example_sla_dag.py for tasks to queue
[2024-12-08T09:09:00.777+0000] {logging_mixin.py:190} INFO - [2024-12-08T09:09:00.777+0000] {dagbag.py:588} INFO - Filling up the DagBag from /home/airflow/.local/lib/python3.12/site-packages/airflow/example_dags/example_sla_dag.py
[2024-12-08T09:09:00.792+0000] {processor.py:925} INFO - DAG(s) 'example_sla_dag' retrieved from /home/airflow/.local/lib/python3.12/site-packages/airflow/example_dags/example_sla_dag.py
[2024-12-08T09:09:00.823+0000] {logging_mixin.py:190} INFO - [2024-12-08T09:09:00.823+0000] {dag.py:3239} INFO - Sync 1 DAGs
[2024-12-08T09:09:00.864+0000] {logging_mixin.py:190} INFO - [2024-12-08T09:09:00.864+0000] {dag.py:4180} INFO - Setting next_dagrun for example_sla_dag to 2024-12-08 09:06:00+00:00, run_after=2024-12-08 09:08:00+00:00
[2024-12-08T09:09:00.890+0000] {processor.py:208} INFO - Processing /home/airflow/.local/lib/python3.12/site-packages/airflow/example_dags/example_sla_dag.py took 0.127 seconds
[2024-12-08T09:09:31.374+0000] {processor.py:186} INFO - Started process (PID=1262) to work on /home/airflow/.local/lib/python3.12/site-packages/airflow/example_dags/example_sla_dag.py
[2024-12-08T09:09:31.376+0000] {processor.py:914} INFO - Processing file /home/airflow/.local/lib/python3.12/site-packages/airflow/example_dags/example_sla_dag.py for tasks to queue
[2024-12-08T09:09:31.379+0000] {logging_mixin.py:190} INFO - [2024-12-08T09:09:31.378+0000] {dagbag.py:588} INFO - Filling up the DagBag from /home/airflow/.local/lib/python3.12/site-packages/airflow/example_dags/example_sla_dag.py
[2024-12-08T09:09:31.392+0000] {processor.py:925} INFO - DAG(s) 'example_sla_dag' retrieved from /home/airflow/.local/lib/python3.12/site-packages/airflow/example_dags/example_sla_dag.py
[2024-12-08T09:09:31.417+0000] {logging_mixin.py:190} INFO - [2024-12-08T09:09:31.417+0000] {dag.py:3239} INFO - Sync 1 DAGs
[2024-12-08T09:09:31.450+0000] {logging_mixin.py:190} INFO - [2024-12-08T09:09:31.450+0000] {dag.py:4180} INFO - Setting next_dagrun for example_sla_dag to 2024-12-08 09:06:00+00:00, run_after=2024-12-08 09:08:00+00:00
[2024-12-08T09:09:31.477+0000] {processor.py:208} INFO - Processing /home/airflow/.local/lib/python3.12/site-packages/airflow/example_dags/example_sla_dag.py took 0.110 seconds
[2024-12-08T09:10:02.295+0000] {processor.py:186} INFO - Started process (PID=1555) to work on /home/airflow/.local/lib/python3.12/site-packages/airflow/example_dags/example_sla_dag.py
[2024-12-08T09:10:02.297+0000] {processor.py:914} INFO - Processing file /home/airflow/.local/lib/python3.12/site-packages/airflow/example_dags/example_sla_dag.py for tasks to queue
[2024-12-08T09:10:02.299+0000] {logging_mixin.py:190} INFO - [2024-12-08T09:10:02.299+0000] {dagbag.py:588} INFO - Filling up the DagBag from /home/airflow/.local/lib/python3.12/site-packages/airflow/example_dags/example_sla_dag.py
[2024-12-08T09:10:02.312+0000] {processor.py:925} INFO - DAG(s) 'example_sla_dag' retrieved from /home/airflow/.local/lib/python3.12/site-packages/airflow/example_dags/example_sla_dag.py
[2024-12-08T09:10:02.334+0000] {logging_mixin.py:190} INFO - [2024-12-08T09:10:02.333+0000] {dag.py:3239} INFO - Sync 1 DAGs
[2024-12-08T09:10:02.364+0000] {logging_mixin.py:190} INFO - [2024-12-08T09:10:02.364+0000] {dag.py:4180} INFO - Setting next_dagrun for example_sla_dag to 2024-12-08 09:08:00+00:00, run_after=2024-12-08 09:10:00+00:00
[2024-12-08T09:10:02.401+0000] {processor.py:208} INFO - Processing /home/airflow/.local/lib/python3.12/site-packages/airflow/example_dags/example_sla_dag.py took 0.113 seconds
[2024-12-08T09:10:34.379+0000] {processor.py:186} INFO - Started process (PID=1851) to work on /home/airflow/.local/lib/python3.12/site-packages/airflow/example_dags/example_sla_dag.py
[2024-12-08T09:10:34.381+0000] {processor.py:914} INFO - Processing file /home/airflow/.local/lib/python3.12/site-packages/airflow/example_dags/example_sla_dag.py for tasks to queue
[2024-12-08T09:10:34.384+0000] {logging_mixin.py:190} INFO - [2024-12-08T09:10:34.384+0000] {dagbag.py:588} INFO - Filling up the DagBag from /home/airflow/.local/lib/python3.12/site-packages/airflow/example_dags/example_sla_dag.py
[2024-12-08T09:10:34.398+0000] {processor.py:925} INFO - DAG(s) 'example_sla_dag' retrieved from /home/airflow/.local/lib/python3.12/site-packages/airflow/example_dags/example_sla_dag.py
[2024-12-08T09:10:34.420+0000] {logging_mixin.py:190} INFO - [2024-12-08T09:10:34.420+0000] {dag.py:3239} INFO - Sync 1 DAGs
[2024-12-08T09:10:34.453+0000] {logging_mixin.py:190} INFO - [2024-12-08T09:10:34.452+0000] {dag.py:4180} INFO - Setting next_dagrun for example_sla_dag to 2024-12-08 09:08:00+00:00, run_after=2024-12-08 09:10:00+00:00
[2024-12-08T09:10:34.476+0000] {processor.py:208} INFO - Processing /home/airflow/.local/lib/python3.12/site-packages/airflow/example_dags/example_sla_dag.py took 0.105 seconds
[2024-12-08T09:11:43.063+0000] {processor.py:186} INFO - Started process (PID=302) to work on /home/airflow/.local/lib/python3.12/site-packages/airflow/example_dags/example_sla_dag.py
[2024-12-08T09:11:43.064+0000] {processor.py:914} INFO - Processing file /home/airflow/.local/lib/python3.12/site-packages/airflow/example_dags/example_sla_dag.py for tasks to queue
[2024-12-08T09:11:43.068+0000] {logging_mixin.py:190} INFO - [2024-12-08T09:11:43.068+0000] {dagbag.py:588} INFO - Filling up the DagBag from /home/airflow/.local/lib/python3.12/site-packages/airflow/example_dags/example_sla_dag.py
[2024-12-08T09:11:43.083+0000] {processor.py:925} INFO - DAG(s) 'example_sla_dag' retrieved from /home/airflow/.local/lib/python3.12/site-packages/airflow/example_dags/example_sla_dag.py
[2024-12-08T09:11:43.109+0000] {logging_mixin.py:190} INFO - [2024-12-08T09:11:43.109+0000] {dag.py:3239} INFO - Sync 1 DAGs
[2024-12-08T09:11:43.146+0000] {logging_mixin.py:190} INFO - [2024-12-08T09:11:43.146+0000] {dag.py:4180} INFO - Setting next_dagrun for example_sla_dag to 2024-12-08 09:08:00+00:00, run_after=2024-12-08 09:10:00+00:00
[2024-12-08T09:11:43.173+0000] {processor.py:208} INFO - Processing /home/airflow/.local/lib/python3.12/site-packages/airflow/example_dags/example_sla_dag.py took 0.120 seconds
