[2024-12-08T09:07:56.322+0000] {processor.py:186} INFO - Started process (PID=383) to work on /home/airflow/.local/lib/python3.12/site-packages/airflow/example_dags/example_outlet_event_extra.py
[2024-12-08T09:07:56.323+0000] {processor.py:914} INFO - Processing file /home/airflow/.local/lib/python3.12/site-packages/airflow/example_dags/example_outlet_event_extra.py for tasks to queue
[2024-12-08T09:07:56.327+0000] {logging_mixin.py:190} INFO - [2024-12-08T09:07:56.327+0000] {dagbag.py:588} INFO - Filling up the DagBag from /home/airflow/.local/lib/python3.12/site-packages/airflow/example_dags/example_outlet_event_extra.py
[2024-12-08T09:07:57.301+0000] {processor.py:925} INFO - DAG(s) 'dataset_with_extra_by_yield', 'dataset_with_extra_by_context', 'dataset_with_extra_from_classic_operator' retrieved from /home/airflow/.local/lib/python3.12/site-packages/airflow/example_dags/example_outlet_event_extra.py
[2024-12-08T09:07:57.340+0000] {logging_mixin.py:190} INFO - [2024-12-08T09:07:57.340+0000] {dag.py:3239} INFO - Sync 3 DAGs
[2024-12-08T09:07:57.374+0000] {logging_mixin.py:190} INFO - [2024-12-08T09:07:57.373+0000] {dag.py:4180} INFO - Setting next_dagrun for dataset_with_extra_by_context to 2024-12-07 00:00:00+00:00, run_after=2024-12-08 00:00:00+00:00
[2024-12-08T09:07:57.381+0000] {logging_mixin.py:190} INFO - [2024-12-08T09:07:57.380+0000] {dag.py:4180} INFO - Setting next_dagrun for dataset_with_extra_by_yield to 2024-12-07 00:00:00+00:00, run_after=2024-12-08 00:00:00+00:00
[2024-12-08T09:07:57.384+0000] {logging_mixin.py:190} INFO - [2024-12-08T09:07:57.384+0000] {dag.py:4180} INFO - Setting next_dagrun for dataset_with_extra_from_classic_operator to 2024-12-07 00:00:00+00:00, run_after=2024-12-08 00:00:00+00:00
[2024-12-08T09:07:57.429+0000] {processor.py:208} INFO - Processing /home/airflow/.local/lib/python3.12/site-packages/airflow/example_dags/example_outlet_event_extra.py took 1.117 seconds
[2024-12-08T09:08:30.347+0000] {processor.py:186} INFO - Started process (PID=687) to work on /home/airflow/.local/lib/python3.12/site-packages/airflow/example_dags/example_outlet_event_extra.py
[2024-12-08T09:08:30.359+0000] {processor.py:914} INFO - Processing file /home/airflow/.local/lib/python3.12/site-packages/airflow/example_dags/example_outlet_event_extra.py for tasks to queue
[2024-12-08T09:08:30.365+0000] {logging_mixin.py:190} INFO - [2024-12-08T09:08:30.364+0000] {dagbag.py:588} INFO - Filling up the DagBag from /home/airflow/.local/lib/python3.12/site-packages/airflow/example_dags/example_outlet_event_extra.py
[2024-12-08T09:08:31.804+0000] {processor.py:925} INFO - DAG(s) 'dataset_with_extra_from_classic_operator', 'dataset_with_extra_by_yield', 'dataset_with_extra_by_context' retrieved from /home/airflow/.local/lib/python3.12/site-packages/airflow/example_dags/example_outlet_event_extra.py
[2024-12-08T09:08:31.931+0000] {logging_mixin.py:190} INFO - [2024-12-08T09:08:31.929+0000] {dag.py:3239} INFO - Sync 3 DAGs
[2024-12-08T09:08:32.036+0000] {logging_mixin.py:190} INFO - [2024-12-08T09:08:32.028+0000] {dag.py:4180} INFO - Setting next_dagrun for dataset_with_extra_by_context to 2024-12-07 00:00:00+00:00, run_after=2024-12-08 00:00:00+00:00
[2024-12-08T09:08:32.056+0000] {logging_mixin.py:190} INFO - [2024-12-08T09:08:32.055+0000] {dag.py:4180} INFO - Setting next_dagrun for dataset_with_extra_by_yield to 2024-12-07 00:00:00+00:00, run_after=2024-12-08 00:00:00+00:00
[2024-12-08T09:08:32.064+0000] {logging_mixin.py:190} INFO - [2024-12-08T09:08:32.063+0000] {dag.py:4180} INFO - Setting next_dagrun for dataset_with_extra_from_classic_operator to 2024-12-07 00:00:00+00:00, run_after=2024-12-08 00:00:00+00:00
[2024-12-08T09:08:32.127+0000] {processor.py:208} INFO - Processing /home/airflow/.local/lib/python3.12/site-packages/airflow/example_dags/example_outlet_event_extra.py took 1.795 seconds
[2024-12-08T09:09:02.594+0000] {processor.py:186} INFO - Started process (PID=1008) to work on /home/airflow/.local/lib/python3.12/site-packages/airflow/example_dags/example_outlet_event_extra.py
[2024-12-08T09:09:02.595+0000] {processor.py:914} INFO - Processing file /home/airflow/.local/lib/python3.12/site-packages/airflow/example_dags/example_outlet_event_extra.py for tasks to queue
[2024-12-08T09:09:02.599+0000] {logging_mixin.py:190} INFO - [2024-12-08T09:09:02.598+0000] {dagbag.py:588} INFO - Filling up the DagBag from /home/airflow/.local/lib/python3.12/site-packages/airflow/example_dags/example_outlet_event_extra.py
[2024-12-08T09:09:03.470+0000] {processor.py:925} INFO - DAG(s) 'dataset_with_extra_from_classic_operator', 'dataset_with_extra_by_yield', 'dataset_with_extra_by_context' retrieved from /home/airflow/.local/lib/python3.12/site-packages/airflow/example_dags/example_outlet_event_extra.py
[2024-12-08T09:09:03.508+0000] {logging_mixin.py:190} INFO - [2024-12-08T09:09:03.508+0000] {dag.py:3239} INFO - Sync 3 DAGs
[2024-12-08T09:09:03.538+0000] {logging_mixin.py:190} INFO - [2024-12-08T09:09:03.538+0000] {dag.py:4180} INFO - Setting next_dagrun for dataset_with_extra_by_context to 2024-12-07 00:00:00+00:00, run_after=2024-12-08 00:00:00+00:00
[2024-12-08T09:09:03.545+0000] {logging_mixin.py:190} INFO - [2024-12-08T09:09:03.544+0000] {dag.py:4180} INFO - Setting next_dagrun for dataset_with_extra_by_yield to 2024-12-07 00:00:00+00:00, run_after=2024-12-08 00:00:00+00:00
[2024-12-08T09:09:03.549+0000] {logging_mixin.py:190} INFO - [2024-12-08T09:09:03.548+0000] {dag.py:4180} INFO - Setting next_dagrun for dataset_with_extra_from_classic_operator to 2024-12-07 00:00:00+00:00, run_after=2024-12-08 00:00:00+00:00
[2024-12-08T09:09:03.577+0000] {processor.py:208} INFO - Processing /home/airflow/.local/lib/python3.12/site-packages/airflow/example_dags/example_outlet_event_extra.py took 0.995 seconds
[2024-12-08T09:09:33.882+0000] {processor.py:186} INFO - Started process (PID=1332) to work on /home/airflow/.local/lib/python3.12/site-packages/airflow/example_dags/example_outlet_event_extra.py
[2024-12-08T09:09:33.883+0000] {processor.py:914} INFO - Processing file /home/airflow/.local/lib/python3.12/site-packages/airflow/example_dags/example_outlet_event_extra.py for tasks to queue
[2024-12-08T09:09:33.886+0000] {logging_mixin.py:190} INFO - [2024-12-08T09:09:33.886+0000] {dagbag.py:588} INFO - Filling up the DagBag from /home/airflow/.local/lib/python3.12/site-packages/airflow/example_dags/example_outlet_event_extra.py
[2024-12-08T09:09:34.607+0000] {processor.py:925} INFO - DAG(s) 'dataset_with_extra_from_classic_operator', 'dataset_with_extra_by_yield', 'dataset_with_extra_by_context' retrieved from /home/airflow/.local/lib/python3.12/site-packages/airflow/example_dags/example_outlet_event_extra.py
[2024-12-08T09:09:34.639+0000] {logging_mixin.py:190} INFO - [2024-12-08T09:09:34.639+0000] {dag.py:3239} INFO - Sync 3 DAGs
[2024-12-08T09:09:34.669+0000] {logging_mixin.py:190} INFO - [2024-12-08T09:09:34.668+0000] {dag.py:4180} INFO - Setting next_dagrun for dataset_with_extra_by_context to 2024-12-07 00:00:00+00:00, run_after=2024-12-08 00:00:00+00:00
[2024-12-08T09:09:34.676+0000] {logging_mixin.py:190} INFO - [2024-12-08T09:09:34.675+0000] {dag.py:4180} INFO - Setting next_dagrun for dataset_with_extra_by_yield to 2024-12-07 00:00:00+00:00, run_after=2024-12-08 00:00:00+00:00
[2024-12-08T09:09:34.680+0000] {logging_mixin.py:190} INFO - [2024-12-08T09:09:34.680+0000] {dag.py:4180} INFO - Setting next_dagrun for dataset_with_extra_from_classic_operator to 2024-12-07 00:00:00+00:00, run_after=2024-12-08 00:00:00+00:00
[2024-12-08T09:09:34.713+0000] {processor.py:208} INFO - Processing /home/airflow/.local/lib/python3.12/site-packages/airflow/example_dags/example_outlet_event_extra.py took 0.839 seconds
[2024-12-08T09:10:05.489+0000] {processor.py:186} INFO - Started process (PID=1638) to work on /home/airflow/.local/lib/python3.12/site-packages/airflow/example_dags/example_outlet_event_extra.py
[2024-12-08T09:10:05.490+0000] {processor.py:914} INFO - Processing file /home/airflow/.local/lib/python3.12/site-packages/airflow/example_dags/example_outlet_event_extra.py for tasks to queue
[2024-12-08T09:10:05.493+0000] {logging_mixin.py:190} INFO - [2024-12-08T09:10:05.493+0000] {dagbag.py:588} INFO - Filling up the DagBag from /home/airflow/.local/lib/python3.12/site-packages/airflow/example_dags/example_outlet_event_extra.py
[2024-12-08T09:10:06.201+0000] {processor.py:925} INFO - DAG(s) 'dataset_with_extra_by_yield', 'dataset_with_extra_by_context', 'dataset_with_extra_from_classic_operator' retrieved from /home/airflow/.local/lib/python3.12/site-packages/airflow/example_dags/example_outlet_event_extra.py
[2024-12-08T09:10:06.233+0000] {logging_mixin.py:190} INFO - [2024-12-08T09:10:06.232+0000] {dag.py:3239} INFO - Sync 3 DAGs
[2024-12-08T09:10:06.261+0000] {logging_mixin.py:190} INFO - [2024-12-08T09:10:06.261+0000] {dag.py:4180} INFO - Setting next_dagrun for dataset_with_extra_by_context to 2024-12-07 00:00:00+00:00, run_after=2024-12-08 00:00:00+00:00
[2024-12-08T09:10:06.267+0000] {logging_mixin.py:190} INFO - [2024-12-08T09:10:06.267+0000] {dag.py:4180} INFO - Setting next_dagrun for dataset_with_extra_by_yield to 2024-12-07 00:00:00+00:00, run_after=2024-12-08 00:00:00+00:00
[2024-12-08T09:10:06.271+0000] {logging_mixin.py:190} INFO - [2024-12-08T09:10:06.270+0000] {dag.py:4180} INFO - Setting next_dagrun for dataset_with_extra_from_classic_operator to 2024-12-07 00:00:00+00:00, run_after=2024-12-08 00:00:00+00:00
[2024-12-08T09:10:06.293+0000] {processor.py:208} INFO - Processing /home/airflow/.local/lib/python3.12/site-packages/airflow/example_dags/example_outlet_event_extra.py took 0.813 seconds
[2024-12-08T09:10:36.631+0000] {processor.py:186} INFO - Started process (PID=1949) to work on /home/airflow/.local/lib/python3.12/site-packages/airflow/example_dags/example_outlet_event_extra.py
[2024-12-08T09:10:36.633+0000] {processor.py:914} INFO - Processing file /home/airflow/.local/lib/python3.12/site-packages/airflow/example_dags/example_outlet_event_extra.py for tasks to queue
[2024-12-08T09:10:36.643+0000] {logging_mixin.py:190} INFO - [2024-12-08T09:10:36.643+0000] {dagbag.py:588} INFO - Filling up the DagBag from /home/airflow/.local/lib/python3.12/site-packages/airflow/example_dags/example_outlet_event_extra.py
[2024-12-08T09:10:37.564+0000] {processor.py:925} INFO - DAG(s) 'dataset_with_extra_by_yield', 'dataset_with_extra_by_context', 'dataset_with_extra_from_classic_operator' retrieved from /home/airflow/.local/lib/python3.12/site-packages/airflow/example_dags/example_outlet_event_extra.py
[2024-12-08T09:10:37.597+0000] {logging_mixin.py:190} INFO - [2024-12-08T09:10:37.596+0000] {dag.py:3239} INFO - Sync 3 DAGs
[2024-12-08T09:10:37.628+0000] {logging_mixin.py:190} INFO - [2024-12-08T09:10:37.628+0000] {dag.py:4180} INFO - Setting next_dagrun for dataset_with_extra_by_context to 2024-12-07 00:00:00+00:00, run_after=2024-12-08 00:00:00+00:00
[2024-12-08T09:10:37.636+0000] {logging_mixin.py:190} INFO - [2024-12-08T09:10:37.636+0000] {dag.py:4180} INFO - Setting next_dagrun for dataset_with_extra_by_yield to 2024-12-07 00:00:00+00:00, run_after=2024-12-08 00:00:00+00:00
[2024-12-08T09:10:37.640+0000] {logging_mixin.py:190} INFO - [2024-12-08T09:10:37.640+0000] {dag.py:4180} INFO - Setting next_dagrun for dataset_with_extra_from_classic_operator to 2024-12-07 00:00:00+00:00, run_after=2024-12-08 00:00:00+00:00
[2024-12-08T09:10:37.674+0000] {processor.py:208} INFO - Processing /home/airflow/.local/lib/python3.12/site-packages/airflow/example_dags/example_outlet_event_extra.py took 1.056 seconds
[2024-12-08T09:11:44.772+0000] {processor.py:186} INFO - Started process (PID=369) to work on /home/airflow/.local/lib/python3.12/site-packages/airflow/example_dags/example_outlet_event_extra.py
[2024-12-08T09:11:44.773+0000] {processor.py:914} INFO - Processing file /home/airflow/.local/lib/python3.12/site-packages/airflow/example_dags/example_outlet_event_extra.py for tasks to queue
[2024-12-08T09:11:44.776+0000] {logging_mixin.py:190} INFO - [2024-12-08T09:11:44.776+0000] {dagbag.py:588} INFO - Filling up the DagBag from /home/airflow/.local/lib/python3.12/site-packages/airflow/example_dags/example_outlet_event_extra.py
[2024-12-08T09:11:45.411+0000] {processor.py:925} INFO - DAG(s) 'dataset_with_extra_by_yield', 'dataset_with_extra_from_classic_operator', 'dataset_with_extra_by_context' retrieved from /home/airflow/.local/lib/python3.12/site-packages/airflow/example_dags/example_outlet_event_extra.py
[2024-12-08T09:11:45.440+0000] {logging_mixin.py:190} INFO - [2024-12-08T09:11:45.440+0000] {dag.py:3239} INFO - Sync 3 DAGs
[2024-12-08T09:11:45.468+0000] {logging_mixin.py:190} INFO - [2024-12-08T09:11:45.468+0000] {dag.py:4180} INFO - Setting next_dagrun for dataset_with_extra_by_context to 2024-12-07 00:00:00+00:00, run_after=2024-12-08 00:00:00+00:00
[2024-12-08T09:11:45.474+0000] {logging_mixin.py:190} INFO - [2024-12-08T09:11:45.474+0000] {dag.py:4180} INFO - Setting next_dagrun for dataset_with_extra_by_yield to 2024-12-07 00:00:00+00:00, run_after=2024-12-08 00:00:00+00:00
[2024-12-08T09:11:45.478+0000] {logging_mixin.py:190} INFO - [2024-12-08T09:11:45.478+0000] {dag.py:4180} INFO - Setting next_dagrun for dataset_with_extra_from_classic_operator to 2024-12-07 00:00:00+00:00, run_after=2024-12-08 00:00:00+00:00
[2024-12-08T09:11:45.505+0000] {processor.py:208} INFO - Processing /home/airflow/.local/lib/python3.12/site-packages/airflow/example_dags/example_outlet_event_extra.py took 0.740 seconds
