[2024-12-08T09:07:55.264+0000] {processor.py:186} INFO - Started process (PID=358) to work on /home/airflow/.local/lib/python3.12/site-packages/airflow/example_dags/example_dataset_alias.py
[2024-12-08T09:07:55.266+0000] {processor.py:914} INFO - Processing file /home/airflow/.local/lib/python3.12/site-packages/airflow/example_dags/example_dataset_alias.py for tasks to queue
[2024-12-08T09:07:55.270+0000] {logging_mixin.py:190} INFO - [2024-12-08T09:07:55.269+0000] {dagbag.py:588} INFO - Filling up the DagBag from /home/airflow/.local/lib/python3.12/site-packages/airflow/example_dags/example_dataset_alias.py
[2024-12-08T09:07:56.121+0000] {processor.py:925} INFO - DAG(s) 'dataset_s3_bucket_producer', 'dataset_s3_bucket_consumer', 'dataset_alias_example_alias_producer', 'dataset_alias_example_alias_consumer' retrieved from /home/airflow/.local/lib/python3.12/site-packages/airflow/example_dags/example_dataset_alias.py
[2024-12-08T09:07:56.160+0000] {logging_mixin.py:190} INFO - [2024-12-08T09:07:56.160+0000] {dag.py:3239} INFO - Sync 4 DAGs
[2024-12-08T09:07:56.194+0000] {logging_mixin.py:190} INFO - [2024-12-08T09:07:56.193+0000] {dag.py:4180} INFO - Setting next_dagrun for dataset_alias_example_alias_consumer to None, run_after=None
[2024-12-08T09:07:56.198+0000] {logging_mixin.py:190} INFO - [2024-12-08T09:07:56.198+0000] {dag.py:4180} INFO - Setting next_dagrun for dataset_alias_example_alias_producer to None, run_after=None
[2024-12-08T09:07:56.202+0000] {logging_mixin.py:190} INFO - [2024-12-08T09:07:56.201+0000] {dag.py:4180} INFO - Setting next_dagrun for dataset_s3_bucket_consumer to None, run_after=None
[2024-12-08T09:07:56.204+0000] {logging_mixin.py:190} INFO - [2024-12-08T09:07:56.204+0000] {dag.py:4180} INFO - Setting next_dagrun for dataset_s3_bucket_producer to None, run_after=None
[2024-12-08T09:07:56.241+0000] {processor.py:208} INFO - Processing /home/airflow/.local/lib/python3.12/site-packages/airflow/example_dags/example_dataset_alias.py took 0.989 seconds
[2024-12-08T09:08:29.069+0000] {processor.py:186} INFO - Started process (PID=660) to work on /home/airflow/.local/lib/python3.12/site-packages/airflow/example_dags/example_dataset_alias.py
[2024-12-08T09:08:29.072+0000] {processor.py:914} INFO - Processing file /home/airflow/.local/lib/python3.12/site-packages/airflow/example_dags/example_dataset_alias.py for tasks to queue
[2024-12-08T09:08:29.076+0000] {logging_mixin.py:190} INFO - [2024-12-08T09:08:29.076+0000] {dagbag.py:588} INFO - Filling up the DagBag from /home/airflow/.local/lib/python3.12/site-packages/airflow/example_dags/example_dataset_alias.py
[2024-12-08T09:08:30.493+0000] {processor.py:925} INFO - DAG(s) 'dataset_s3_bucket_consumer', 'dataset_alias_example_alias_consumer', 'dataset_s3_bucket_producer', 'dataset_alias_example_alias_producer' retrieved from /home/airflow/.local/lib/python3.12/site-packages/airflow/example_dags/example_dataset_alias.py
[2024-12-08T09:08:30.558+0000] {logging_mixin.py:190} INFO - [2024-12-08T09:08:30.557+0000] {dag.py:3239} INFO - Sync 4 DAGs
[2024-12-08T09:08:30.618+0000] {logging_mixin.py:190} INFO - [2024-12-08T09:08:30.618+0000] {dag.py:4180} INFO - Setting next_dagrun for dataset_alias_example_alias_consumer to None, run_after=None
[2024-12-08T09:08:30.629+0000] {logging_mixin.py:190} INFO - [2024-12-08T09:08:30.628+0000] {dag.py:4180} INFO - Setting next_dagrun for dataset_alias_example_alias_producer to None, run_after=None
[2024-12-08T09:08:30.634+0000] {logging_mixin.py:190} INFO - [2024-12-08T09:08:30.634+0000] {dag.py:4180} INFO - Setting next_dagrun for dataset_s3_bucket_consumer to None, run_after=None
[2024-12-08T09:08:30.639+0000] {logging_mixin.py:190} INFO - [2024-12-08T09:08:30.638+0000] {dag.py:4180} INFO - Setting next_dagrun for dataset_s3_bucket_producer to None, run_after=None
[2024-12-08T09:08:30.699+0000] {processor.py:208} INFO - Processing /home/airflow/.local/lib/python3.12/site-packages/airflow/example_dags/example_dataset_alias.py took 1.640 seconds
[2024-12-08T09:09:01.436+0000] {processor.py:186} INFO - Started process (PID=987) to work on /home/airflow/.local/lib/python3.12/site-packages/airflow/example_dags/example_dataset_alias.py
[2024-12-08T09:09:01.438+0000] {processor.py:914} INFO - Processing file /home/airflow/.local/lib/python3.12/site-packages/airflow/example_dags/example_dataset_alias.py for tasks to queue
[2024-12-08T09:09:01.441+0000] {logging_mixin.py:190} INFO - [2024-12-08T09:09:01.440+0000] {dagbag.py:588} INFO - Filling up the DagBag from /home/airflow/.local/lib/python3.12/site-packages/airflow/example_dags/example_dataset_alias.py
[2024-12-08T09:09:02.402+0000] {processor.py:925} INFO - DAG(s) 'dataset_s3_bucket_producer', 'dataset_alias_example_alias_consumer', 'dataset_s3_bucket_consumer', 'dataset_alias_example_alias_producer' retrieved from /home/airflow/.local/lib/python3.12/site-packages/airflow/example_dags/example_dataset_alias.py
[2024-12-08T09:09:02.435+0000] {logging_mixin.py:190} INFO - [2024-12-08T09:09:02.434+0000] {dag.py:3239} INFO - Sync 4 DAGs
[2024-12-08T09:09:02.464+0000] {logging_mixin.py:190} INFO - [2024-12-08T09:09:02.464+0000] {dag.py:4180} INFO - Setting next_dagrun for dataset_alias_example_alias_consumer to None, run_after=None
[2024-12-08T09:09:02.468+0000] {logging_mixin.py:190} INFO - [2024-12-08T09:09:02.468+0000] {dag.py:4180} INFO - Setting next_dagrun for dataset_alias_example_alias_producer to None, run_after=None
[2024-12-08T09:09:02.470+0000] {logging_mixin.py:190} INFO - [2024-12-08T09:09:02.470+0000] {dag.py:4180} INFO - Setting next_dagrun for dataset_s3_bucket_consumer to None, run_after=None
[2024-12-08T09:09:02.474+0000] {logging_mixin.py:190} INFO - [2024-12-08T09:09:02.474+0000] {dag.py:4180} INFO - Setting next_dagrun for dataset_s3_bucket_producer to None, run_after=None
[2024-12-08T09:09:02.505+0000] {processor.py:208} INFO - Processing /home/airflow/.local/lib/python3.12/site-packages/airflow/example_dags/example_dataset_alias.py took 1.076 seconds
[2024-12-08T09:09:33.171+0000] {processor.py:186} INFO - Started process (PID=1304) to work on /home/airflow/.local/lib/python3.12/site-packages/airflow/example_dags/example_dataset_alias.py
[2024-12-08T09:09:33.173+0000] {processor.py:914} INFO - Processing file /home/airflow/.local/lib/python3.12/site-packages/airflow/example_dags/example_dataset_alias.py for tasks to queue
[2024-12-08T09:09:33.177+0000] {logging_mixin.py:190} INFO - [2024-12-08T09:09:33.177+0000] {dagbag.py:588} INFO - Filling up the DagBag from /home/airflow/.local/lib/python3.12/site-packages/airflow/example_dags/example_dataset_alias.py
[2024-12-08T09:09:33.910+0000] {processor.py:925} INFO - DAG(s) 'dataset_alias_example_alias_consumer', 'dataset_s3_bucket_producer', 'dataset_s3_bucket_consumer', 'dataset_alias_example_alias_producer' retrieved from /home/airflow/.local/lib/python3.12/site-packages/airflow/example_dags/example_dataset_alias.py
[2024-12-08T09:09:33.938+0000] {logging_mixin.py:190} INFO - [2024-12-08T09:09:33.937+0000] {dag.py:3239} INFO - Sync 4 DAGs
[2024-12-08T09:09:33.963+0000] {logging_mixin.py:190} INFO - [2024-12-08T09:09:33.962+0000] {dag.py:4180} INFO - Setting next_dagrun for dataset_alias_example_alias_consumer to None, run_after=None
[2024-12-08T09:09:33.967+0000] {logging_mixin.py:190} INFO - [2024-12-08T09:09:33.967+0000] {dag.py:4180} INFO - Setting next_dagrun for dataset_alias_example_alias_producer to None, run_after=None
[2024-12-08T09:09:33.970+0000] {logging_mixin.py:190} INFO - [2024-12-08T09:09:33.970+0000] {dag.py:4180} INFO - Setting next_dagrun for dataset_s3_bucket_consumer to None, run_after=None
[2024-12-08T09:09:33.972+0000] {logging_mixin.py:190} INFO - [2024-12-08T09:09:33.972+0000] {dag.py:4180} INFO - Setting next_dagrun for dataset_s3_bucket_producer to None, run_after=None
[2024-12-08T09:09:34.005+0000] {processor.py:208} INFO - Processing /home/airflow/.local/lib/python3.12/site-packages/airflow/example_dags/example_dataset_alias.py took 0.847 seconds
[2024-12-08T09:10:04.434+0000] {processor.py:186} INFO - Started process (PID=1625) to work on /home/airflow/.local/lib/python3.12/site-packages/airflow/example_dags/example_dataset_alias.py
[2024-12-08T09:10:04.435+0000] {processor.py:914} INFO - Processing file /home/airflow/.local/lib/python3.12/site-packages/airflow/example_dags/example_dataset_alias.py for tasks to queue
[2024-12-08T09:10:04.438+0000] {logging_mixin.py:190} INFO - [2024-12-08T09:10:04.438+0000] {dagbag.py:588} INFO - Filling up the DagBag from /home/airflow/.local/lib/python3.12/site-packages/airflow/example_dags/example_dataset_alias.py
[2024-12-08T09:10:05.189+0000] {processor.py:925} INFO - DAG(s) 'dataset_alias_example_alias_consumer', 'dataset_s3_bucket_producer', 'dataset_alias_example_alias_producer', 'dataset_s3_bucket_consumer' retrieved from /home/airflow/.local/lib/python3.12/site-packages/airflow/example_dags/example_dataset_alias.py
[2024-12-08T09:10:05.232+0000] {logging_mixin.py:190} INFO - [2024-12-08T09:10:05.231+0000] {dag.py:3239} INFO - Sync 4 DAGs
[2024-12-08T09:10:05.266+0000] {logging_mixin.py:190} INFO - [2024-12-08T09:10:05.266+0000] {dag.py:4180} INFO - Setting next_dagrun for dataset_alias_example_alias_consumer to None, run_after=None
[2024-12-08T09:10:05.271+0000] {logging_mixin.py:190} INFO - [2024-12-08T09:10:05.270+0000] {dag.py:4180} INFO - Setting next_dagrun for dataset_alias_example_alias_producer to None, run_after=None
[2024-12-08T09:10:05.274+0000] {logging_mixin.py:190} INFO - [2024-12-08T09:10:05.273+0000] {dag.py:4180} INFO - Setting next_dagrun for dataset_s3_bucket_consumer to None, run_after=None
[2024-12-08T09:10:05.277+0000] {logging_mixin.py:190} INFO - [2024-12-08T09:10:05.277+0000] {dag.py:4180} INFO - Setting next_dagrun for dataset_s3_bucket_producer to None, run_after=None
[2024-12-08T09:10:05.310+0000] {processor.py:208} INFO - Processing /home/airflow/.local/lib/python3.12/site-packages/airflow/example_dags/example_dataset_alias.py took 0.884 seconds
[2024-12-08T09:10:35.431+0000] {processor.py:186} INFO - Started process (PID=1919) to work on /home/airflow/.local/lib/python3.12/site-packages/airflow/example_dags/example_dataset_alias.py
[2024-12-08T09:10:35.433+0000] {processor.py:914} INFO - Processing file /home/airflow/.local/lib/python3.12/site-packages/airflow/example_dags/example_dataset_alias.py for tasks to queue
[2024-12-08T09:10:35.436+0000] {logging_mixin.py:190} INFO - [2024-12-08T09:10:35.435+0000] {dagbag.py:588} INFO - Filling up the DagBag from /home/airflow/.local/lib/python3.12/site-packages/airflow/example_dags/example_dataset_alias.py
[2024-12-08T09:10:36.512+0000] {processor.py:925} INFO - DAG(s) 'dataset_alias_example_alias_producer', 'dataset_s3_bucket_producer', 'dataset_alias_example_alias_consumer', 'dataset_s3_bucket_consumer' retrieved from /home/airflow/.local/lib/python3.12/site-packages/airflow/example_dags/example_dataset_alias.py
[2024-12-08T09:10:36.566+0000] {logging_mixin.py:190} INFO - [2024-12-08T09:10:36.565+0000] {dag.py:3239} INFO - Sync 4 DAGs
[2024-12-08T09:10:36.632+0000] {logging_mixin.py:190} INFO - [2024-12-08T09:10:36.631+0000] {dag.py:4180} INFO - Setting next_dagrun for dataset_alias_example_alias_consumer to None, run_after=None
[2024-12-08T09:10:36.639+0000] {logging_mixin.py:190} INFO - [2024-12-08T09:10:36.638+0000] {dag.py:4180} INFO - Setting next_dagrun for dataset_alias_example_alias_producer to None, run_after=None
[2024-12-08T09:10:36.645+0000] {logging_mixin.py:190} INFO - [2024-12-08T09:10:36.645+0000] {dag.py:4180} INFO - Setting next_dagrun for dataset_s3_bucket_consumer to None, run_after=None
[2024-12-08T09:10:36.650+0000] {logging_mixin.py:190} INFO - [2024-12-08T09:10:36.650+0000] {dag.py:4180} INFO - Setting next_dagrun for dataset_s3_bucket_producer to None, run_after=None
[2024-12-08T09:10:36.702+0000] {processor.py:208} INFO - Processing /home/airflow/.local/lib/python3.12/site-packages/airflow/example_dags/example_dataset_alias.py took 1.279 seconds
[2024-12-08T09:11:43.804+0000] {processor.py:186} INFO - Started process (PID=342) to work on /home/airflow/.local/lib/python3.12/site-packages/airflow/example_dags/example_dataset_alias.py
[2024-12-08T09:11:43.806+0000] {processor.py:914} INFO - Processing file /home/airflow/.local/lib/python3.12/site-packages/airflow/example_dags/example_dataset_alias.py for tasks to queue
[2024-12-08T09:11:43.810+0000] {logging_mixin.py:190} INFO - [2024-12-08T09:11:43.809+0000] {dagbag.py:588} INFO - Filling up the DagBag from /home/airflow/.local/lib/python3.12/site-packages/airflow/example_dags/example_dataset_alias.py
[2024-12-08T09:11:44.605+0000] {processor.py:925} INFO - DAG(s) 'dataset_alias_example_alias_consumer', 'dataset_s3_bucket_consumer', 'dataset_alias_example_alias_producer', 'dataset_s3_bucket_producer' retrieved from /home/airflow/.local/lib/python3.12/site-packages/airflow/example_dags/example_dataset_alias.py
[2024-12-08T09:11:44.635+0000] {logging_mixin.py:190} INFO - [2024-12-08T09:11:44.635+0000] {dag.py:3239} INFO - Sync 4 DAGs
[2024-12-08T09:11:44.667+0000] {logging_mixin.py:190} INFO - [2024-12-08T09:11:44.666+0000] {dag.py:4180} INFO - Setting next_dagrun for dataset_alias_example_alias_consumer to None, run_after=None
[2024-12-08T09:11:44.671+0000] {logging_mixin.py:190} INFO - [2024-12-08T09:11:44.670+0000] {dag.py:4180} INFO - Setting next_dagrun for dataset_alias_example_alias_producer to None, run_after=None
[2024-12-08T09:11:44.673+0000] {logging_mixin.py:190} INFO - [2024-12-08T09:11:44.673+0000] {dag.py:4180} INFO - Setting next_dagrun for dataset_s3_bucket_consumer to None, run_after=None
[2024-12-08T09:11:44.675+0000] {logging_mixin.py:190} INFO - [2024-12-08T09:11:44.675+0000] {dag.py:4180} INFO - Setting next_dagrun for dataset_s3_bucket_producer to None, run_after=None
[2024-12-08T09:11:44.705+0000] {processor.py:208} INFO - Processing /home/airflow/.local/lib/python3.12/site-packages/airflow/example_dags/example_dataset_alias.py took 0.909 seconds
