[2024-12-08T09:07:53.959+0000] {processor.py:186} INFO - Started process (PID=303) to work on /home/airflow/.local/lib/python3.12/site-packages/airflow/example_dags/example_nested_branch_dag.py
[2024-12-08T09:07:53.961+0000] {processor.py:914} INFO - Processing file /home/airflow/.local/lib/python3.12/site-packages/airflow/example_dags/example_nested_branch_dag.py for tasks to queue
[2024-12-08T09:07:53.966+0000] {logging_mixin.py:190} INFO - [2024-12-08T09:07:53.965+0000] {dagbag.py:588} INFO - Filling up the DagBag from /home/airflow/.local/lib/python3.12/site-packages/airflow/example_dags/example_nested_branch_dag.py
[2024-12-08T09:07:53.996+0000] {processor.py:925} INFO - DAG(s) 'example_nested_branch_dag' retrieved from /home/airflow/.local/lib/python3.12/site-packages/airflow/example_dags/example_nested_branch_dag.py
[2024-12-08T09:07:54.067+0000] {logging_mixin.py:190} INFO - [2024-12-08T09:07:54.066+0000] {dag.py:3239} INFO - Sync 1 DAGs
[2024-12-08T09:07:54.114+0000] {logging_mixin.py:190} INFO - [2024-12-08T09:07:54.114+0000] {dag.py:4180} INFO - Setting next_dagrun for example_nested_branch_dag to 2024-12-07 00:00:00+00:00, run_after=2024-12-08 00:00:00+00:00
[2024-12-08T09:07:54.148+0000] {processor.py:208} INFO - Processing /home/airflow/.local/lib/python3.12/site-packages/airflow/example_dags/example_nested_branch_dag.py took 0.202 seconds
[2024-12-08T09:08:28.621+0000] {processor.py:186} INFO - Started process (PID=601) to work on /home/airflow/.local/lib/python3.12/site-packages/airflow/example_dags/example_nested_branch_dag.py
[2024-12-08T09:08:28.624+0000] {processor.py:914} INFO - Processing file /home/airflow/.local/lib/python3.12/site-packages/airflow/example_dags/example_nested_branch_dag.py for tasks to queue
[2024-12-08T09:08:28.631+0000] {logging_mixin.py:190} INFO - [2024-12-08T09:08:28.629+0000] {dagbag.py:588} INFO - Filling up the DagBag from /home/airflow/.local/lib/python3.12/site-packages/airflow/example_dags/example_nested_branch_dag.py
[2024-12-08T09:08:28.656+0000] {processor.py:925} INFO - DAG(s) 'example_nested_branch_dag' retrieved from /home/airflow/.local/lib/python3.12/site-packages/airflow/example_dags/example_nested_branch_dag.py
[2024-12-08T09:08:28.695+0000] {logging_mixin.py:190} INFO - [2024-12-08T09:08:28.695+0000] {dag.py:3239} INFO - Sync 1 DAGs
[2024-12-08T09:08:28.751+0000] {logging_mixin.py:190} INFO - [2024-12-08T09:08:28.750+0000] {dag.py:4180} INFO - Setting next_dagrun for example_nested_branch_dag to 2024-12-07 00:00:00+00:00, run_after=2024-12-08 00:00:00+00:00
[2024-12-08T09:08:28.789+0000] {processor.py:208} INFO - Processing /home/airflow/.local/lib/python3.12/site-packages/airflow/example_dags/example_nested_branch_dag.py took 0.186 seconds
[2024-12-08T09:08:59.606+0000] {processor.py:186} INFO - Started process (PID=910) to work on /home/airflow/.local/lib/python3.12/site-packages/airflow/example_dags/example_nested_branch_dag.py
[2024-12-08T09:08:59.607+0000] {processor.py:914} INFO - Processing file /home/airflow/.local/lib/python3.12/site-packages/airflow/example_dags/example_nested_branch_dag.py for tasks to queue
[2024-12-08T09:08:59.610+0000] {logging_mixin.py:190} INFO - [2024-12-08T09:08:59.610+0000] {dagbag.py:588} INFO - Filling up the DagBag from /home/airflow/.local/lib/python3.12/site-packages/airflow/example_dags/example_nested_branch_dag.py
[2024-12-08T09:08:59.627+0000] {processor.py:925} INFO - DAG(s) 'example_nested_branch_dag' retrieved from /home/airflow/.local/lib/python3.12/site-packages/airflow/example_dags/example_nested_branch_dag.py
[2024-12-08T09:08:59.655+0000] {logging_mixin.py:190} INFO - [2024-12-08T09:08:59.654+0000] {dag.py:3239} INFO - Sync 1 DAGs
[2024-12-08T09:08:59.689+0000] {logging_mixin.py:190} INFO - [2024-12-08T09:08:59.688+0000] {dag.py:4180} INFO - Setting next_dagrun for example_nested_branch_dag to 2024-12-07 00:00:00+00:00, run_after=2024-12-08 00:00:00+00:00
[2024-12-08T09:08:59.718+0000] {processor.py:208} INFO - Processing /home/airflow/.local/lib/python3.12/site-packages/airflow/example_dags/example_nested_branch_dag.py took 0.122 seconds
[2024-12-08T09:09:29.796+0000] {processor.py:186} INFO - Started process (PID=1207) to work on /home/airflow/.local/lib/python3.12/site-packages/airflow/example_dags/example_nested_branch_dag.py
[2024-12-08T09:09:29.797+0000] {processor.py:914} INFO - Processing file /home/airflow/.local/lib/python3.12/site-packages/airflow/example_dags/example_nested_branch_dag.py for tasks to queue
[2024-12-08T09:09:29.800+0000] {logging_mixin.py:190} INFO - [2024-12-08T09:09:29.800+0000] {dagbag.py:588} INFO - Filling up the DagBag from /home/airflow/.local/lib/python3.12/site-packages/airflow/example_dags/example_nested_branch_dag.py
[2024-12-08T09:09:29.814+0000] {processor.py:925} INFO - DAG(s) 'example_nested_branch_dag' retrieved from /home/airflow/.local/lib/python3.12/site-packages/airflow/example_dags/example_nested_branch_dag.py
[2024-12-08T09:09:29.840+0000] {logging_mixin.py:190} INFO - [2024-12-08T09:09:29.840+0000] {dag.py:3239} INFO - Sync 1 DAGs
[2024-12-08T09:09:29.870+0000] {logging_mixin.py:190} INFO - [2024-12-08T09:09:29.870+0000] {dag.py:4180} INFO - Setting next_dagrun for example_nested_branch_dag to 2024-12-07 00:00:00+00:00, run_after=2024-12-08 00:00:00+00:00
[2024-12-08T09:09:29.899+0000] {processor.py:208} INFO - Processing /home/airflow/.local/lib/python3.12/site-packages/airflow/example_dags/example_nested_branch_dag.py took 0.111 seconds
[2024-12-08T09:10:00.853+0000] {processor.py:186} INFO - Started process (PID=1503) to work on /home/airflow/.local/lib/python3.12/site-packages/airflow/example_dags/example_nested_branch_dag.py
[2024-12-08T09:10:00.854+0000] {processor.py:914} INFO - Processing file /home/airflow/.local/lib/python3.12/site-packages/airflow/example_dags/example_nested_branch_dag.py for tasks to queue
[2024-12-08T09:10:00.857+0000] {logging_mixin.py:190} INFO - [2024-12-08T09:10:00.857+0000] {dagbag.py:588} INFO - Filling up the DagBag from /home/airflow/.local/lib/python3.12/site-packages/airflow/example_dags/example_nested_branch_dag.py
[2024-12-08T09:10:00.869+0000] {processor.py:925} INFO - DAG(s) 'example_nested_branch_dag' retrieved from /home/airflow/.local/lib/python3.12/site-packages/airflow/example_dags/example_nested_branch_dag.py
[2024-12-08T09:10:00.893+0000] {logging_mixin.py:190} INFO - [2024-12-08T09:10:00.893+0000] {dag.py:3239} INFO - Sync 1 DAGs
[2024-12-08T09:10:00.920+0000] {logging_mixin.py:190} INFO - [2024-12-08T09:10:00.920+0000] {dag.py:4180} INFO - Setting next_dagrun for example_nested_branch_dag to 2024-12-07 00:00:00+00:00, run_after=2024-12-08 00:00:00+00:00
[2024-12-08T09:10:00.942+0000] {processor.py:208} INFO - Processing /home/airflow/.local/lib/python3.12/site-packages/airflow/example_dags/example_nested_branch_dag.py took 0.096 seconds
[2024-12-08T09:10:31.061+0000] {processor.py:186} INFO - Started process (PID=1794) to work on /home/airflow/.local/lib/python3.12/site-packages/airflow/example_dags/example_nested_branch_dag.py
[2024-12-08T09:10:31.068+0000] {processor.py:914} INFO - Processing file /home/airflow/.local/lib/python3.12/site-packages/airflow/example_dags/example_nested_branch_dag.py for tasks to queue
[2024-12-08T09:10:31.076+0000] {logging_mixin.py:190} INFO - [2024-12-08T09:10:31.074+0000] {dagbag.py:588} INFO - Filling up the DagBag from /home/airflow/.local/lib/python3.12/site-packages/airflow/example_dags/example_nested_branch_dag.py
[2024-12-08T09:10:31.104+0000] {processor.py:925} INFO - DAG(s) 'example_nested_branch_dag' retrieved from /home/airflow/.local/lib/python3.12/site-packages/airflow/example_dags/example_nested_branch_dag.py
[2024-12-08T09:10:31.164+0000] {logging_mixin.py:190} INFO - [2024-12-08T09:10:31.163+0000] {dag.py:3239} INFO - Sync 1 DAGs
[2024-12-08T09:10:31.243+0000] {logging_mixin.py:190} INFO - [2024-12-08T09:10:31.242+0000] {dag.py:4180} INFO - Setting next_dagrun for example_nested_branch_dag to 2024-12-07 00:00:00+00:00, run_after=2024-12-08 00:00:00+00:00
[2024-12-08T09:10:31.309+0000] {processor.py:208} INFO - Processing /home/airflow/.local/lib/python3.12/site-packages/airflow/example_dags/example_nested_branch_dag.py took 0.275 seconds
[2024-12-08T09:11:42.730+0000] {processor.py:186} INFO - Started process (PID=287) to work on /home/airflow/.local/lib/python3.12/site-packages/airflow/example_dags/example_nested_branch_dag.py
[2024-12-08T09:11:42.731+0000] {processor.py:914} INFO - Processing file /home/airflow/.local/lib/python3.12/site-packages/airflow/example_dags/example_nested_branch_dag.py for tasks to queue
[2024-12-08T09:11:42.735+0000] {logging_mixin.py:190} INFO - [2024-12-08T09:11:42.734+0000] {dagbag.py:588} INFO - Filling up the DagBag from /home/airflow/.local/lib/python3.12/site-packages/airflow/example_dags/example_nested_branch_dag.py
[2024-12-08T09:11:42.750+0000] {processor.py:925} INFO - DAG(s) 'example_nested_branch_dag' retrieved from /home/airflow/.local/lib/python3.12/site-packages/airflow/example_dags/example_nested_branch_dag.py
[2024-12-08T09:11:42.788+0000] {logging_mixin.py:190} INFO - [2024-12-08T09:11:42.788+0000] {dag.py:3239} INFO - Sync 1 DAGs
[2024-12-08T09:11:42.826+0000] {logging_mixin.py:190} INFO - [2024-12-08T09:11:42.826+0000] {dag.py:4180} INFO - Setting next_dagrun for example_nested_branch_dag to 2024-12-07 00:00:00+00:00, run_after=2024-12-08 00:00:00+00:00
[2024-12-08T09:11:42.853+0000] {processor.py:208} INFO - Processing /home/airflow/.local/lib/python3.12/site-packages/airflow/example_dags/example_nested_branch_dag.py took 0.132 seconds
