[2024-12-08T09:07:51.010+0000] {processor.py:186} INFO - Started process (PID=249) to work on /home/airflow/.local/lib/python3.12/site-packages/airflow/example_dags/example_subdag_operator.py
[2024-12-08T09:07:51.012+0000] {processor.py:914} INFO - Processing file /home/airflow/.local/lib/python3.12/site-packages/airflow/example_dags/example_subdag_operator.py for tasks to queue
[2024-12-08T09:07:51.019+0000] {logging_mixin.py:190} INFO - [2024-12-08T09:07:51.018+0000] {dagbag.py:588} INFO - Filling up the DagBag from /home/airflow/.local/lib/python3.12/site-packages/airflow/example_dags/example_subdag_operator.py
[2024-12-08T09:07:51.090+0000] {processor.py:925} INFO - DAG(s) 'example_subdag_operator.section-1', 'example_subdag_operator.section-2', 'example_subdag_operator' retrieved from /home/airflow/.local/lib/python3.12/site-packages/airflow/example_dags/example_subdag_operator.py
[2024-12-08T09:07:51.167+0000] {logging_mixin.py:190} INFO - [2024-12-08T09:07:51.166+0000] {dag.py:3239} INFO - Sync 3 DAGs
[2024-12-08T09:07:51.208+0000] {logging_mixin.py:190} INFO - [2024-12-08T09:07:51.208+0000] {dag.py:4180} INFO - Setting next_dagrun for example_subdag_operator to 2022-01-01 00:00:00+00:00, run_after=2022-01-01 00:00:00+00:00
[2024-12-08T09:07:51.216+0000] {logging_mixin.py:190} INFO - [2024-12-08T09:07:51.216+0000] {dag.py:4180} INFO - Setting next_dagrun for example_subdag_operator.section-1 to None, run_after=None
[2024-12-08T09:07:51.220+0000] {logging_mixin.py:190} INFO - [2024-12-08T09:07:51.220+0000] {dag.py:4180} INFO - Setting next_dagrun for example_subdag_operator.section-2 to None, run_after=None
[2024-12-08T09:07:51.234+0000] {logging_mixin.py:190} INFO - [2024-12-08T09:07:51.234+0000] {dag.py:3239} INFO - Sync 2 DAGs
[2024-12-08T09:07:51.245+0000] {logging_mixin.py:190} INFO - [2024-12-08T09:07:51.245+0000] {dag.py:4180} INFO - Setting next_dagrun for example_subdag_operator.section-1 to None, run_after=None
[2024-12-08T09:07:51.247+0000] {logging_mixin.py:190} INFO - [2024-12-08T09:07:51.247+0000] {dag.py:4180} INFO - Setting next_dagrun for example_subdag_operator.section-2 to None, run_after=None
[2024-12-08T09:07:51.278+0000] {processor.py:208} INFO - Processing /home/airflow/.local/lib/python3.12/site-packages/airflow/example_dags/example_subdag_operator.py took 0.284 seconds
[2024-12-08T09:08:22.169+0000] {processor.py:186} INFO - Started process (PID=544) to work on /home/airflow/.local/lib/python3.12/site-packages/airflow/example_dags/example_subdag_operator.py
[2024-12-08T09:08:22.187+0000] {processor.py:914} INFO - Processing file /home/airflow/.local/lib/python3.12/site-packages/airflow/example_dags/example_subdag_operator.py for tasks to queue
[2024-12-08T09:08:22.201+0000] {logging_mixin.py:190} INFO - [2024-12-08T09:08:22.200+0000] {dagbag.py:588} INFO - Filling up the DagBag from /home/airflow/.local/lib/python3.12/site-packages/airflow/example_dags/example_subdag_operator.py
[2024-12-08T09:08:22.401+0000] {processor.py:925} INFO - DAG(s) 'example_subdag_operator.section-1', 'example_subdag_operator.section-2', 'example_subdag_operator' retrieved from /home/airflow/.local/lib/python3.12/site-packages/airflow/example_dags/example_subdag_operator.py
[2024-12-08T09:08:22.497+0000] {logging_mixin.py:190} INFO - [2024-12-08T09:08:22.496+0000] {dag.py:3239} INFO - Sync 3 DAGs
[2024-12-08T09:08:22.648+0000] {logging_mixin.py:190} INFO - [2024-12-08T09:08:22.647+0000] {dag.py:4180} INFO - Setting next_dagrun for example_subdag_operator to 2022-01-01 00:00:00+00:00, run_after=2022-01-01 00:00:00+00:00
[2024-12-08T09:08:22.670+0000] {logging_mixin.py:190} INFO - [2024-12-08T09:08:22.669+0000] {dag.py:4180} INFO - Setting next_dagrun for example_subdag_operator.section-1 to None, run_after=None
[2024-12-08T09:08:22.680+0000] {logging_mixin.py:190} INFO - [2024-12-08T09:08:22.679+0000] {dag.py:4180} INFO - Setting next_dagrun for example_subdag_operator.section-2 to None, run_after=None
[2024-12-08T09:08:22.738+0000] {logging_mixin.py:190} INFO - [2024-12-08T09:08:22.738+0000] {dag.py:3239} INFO - Sync 2 DAGs
[2024-12-08T09:08:22.773+0000] {logging_mixin.py:190} INFO - [2024-12-08T09:08:22.772+0000] {dag.py:4180} INFO - Setting next_dagrun for example_subdag_operator.section-1 to None, run_after=None
[2024-12-08T09:08:22.780+0000] {logging_mixin.py:190} INFO - [2024-12-08T09:08:22.779+0000] {dag.py:4180} INFO - Setting next_dagrun for example_subdag_operator.section-2 to None, run_after=None
[2024-12-08T09:08:22.936+0000] {processor.py:208} INFO - Processing /home/airflow/.local/lib/python3.12/site-packages/airflow/example_dags/example_subdag_operator.py took 0.788 seconds
[2024-12-08T09:08:53.701+0000] {processor.py:186} INFO - Started process (PID=854) to work on /home/airflow/.local/lib/python3.12/site-packages/airflow/example_dags/example_subdag_operator.py
[2024-12-08T09:08:53.702+0000] {processor.py:914} INFO - Processing file /home/airflow/.local/lib/python3.12/site-packages/airflow/example_dags/example_subdag_operator.py for tasks to queue
[2024-12-08T09:08:53.706+0000] {logging_mixin.py:190} INFO - [2024-12-08T09:08:53.705+0000] {dagbag.py:588} INFO - Filling up the DagBag from /home/airflow/.local/lib/python3.12/site-packages/airflow/example_dags/example_subdag_operator.py
[2024-12-08T09:08:53.747+0000] {processor.py:925} INFO - DAG(s) 'example_subdag_operator.section-1', 'example_subdag_operator.section-2', 'example_subdag_operator' retrieved from /home/airflow/.local/lib/python3.12/site-packages/airflow/example_dags/example_subdag_operator.py
[2024-12-08T09:08:53.770+0000] {logging_mixin.py:190} INFO - [2024-12-08T09:08:53.769+0000] {dag.py:3239} INFO - Sync 3 DAGs
[2024-12-08T09:08:53.805+0000] {logging_mixin.py:190} INFO - [2024-12-08T09:08:53.804+0000] {dag.py:4180} INFO - Setting next_dagrun for example_subdag_operator to 2022-01-01 00:00:00+00:00, run_after=2022-01-01 00:00:00+00:00
[2024-12-08T09:08:53.811+0000] {logging_mixin.py:190} INFO - [2024-12-08T09:08:53.810+0000] {dag.py:4180} INFO - Setting next_dagrun for example_subdag_operator.section-1 to None, run_after=None
[2024-12-08T09:08:53.814+0000] {logging_mixin.py:190} INFO - [2024-12-08T09:08:53.813+0000] {dag.py:4180} INFO - Setting next_dagrun for example_subdag_operator.section-2 to None, run_after=None
[2024-12-08T09:08:53.824+0000] {logging_mixin.py:190} INFO - [2024-12-08T09:08:53.824+0000] {dag.py:3239} INFO - Sync 2 DAGs
[2024-12-08T09:08:53.834+0000] {logging_mixin.py:190} INFO - [2024-12-08T09:08:53.833+0000] {dag.py:4180} INFO - Setting next_dagrun for example_subdag_operator.section-1 to None, run_after=None
[2024-12-08T09:08:53.834+0000] {logging_mixin.py:190} INFO - [2024-12-08T09:08:53.834+0000] {dag.py:4180} INFO - Setting next_dagrun for example_subdag_operator.section-2 to None, run_after=None
[2024-12-08T09:08:53.853+0000] {processor.py:208} INFO - Processing /home/airflow/.local/lib/python3.12/site-packages/airflow/example_dags/example_subdag_operator.py took 0.160 seconds
[2024-12-08T09:09:24.086+0000] {processor.py:186} INFO - Started process (PID=1159) to work on /home/airflow/.local/lib/python3.12/site-packages/airflow/example_dags/example_subdag_operator.py
[2024-12-08T09:09:24.088+0000] {processor.py:914} INFO - Processing file /home/airflow/.local/lib/python3.12/site-packages/airflow/example_dags/example_subdag_operator.py for tasks to queue
[2024-12-08T09:09:24.091+0000] {logging_mixin.py:190} INFO - [2024-12-08T09:09:24.090+0000] {dagbag.py:588} INFO - Filling up the DagBag from /home/airflow/.local/lib/python3.12/site-packages/airflow/example_dags/example_subdag_operator.py
[2024-12-08T09:09:24.129+0000] {processor.py:925} INFO - DAG(s) 'example_subdag_operator.section-1', 'example_subdag_operator.section-2', 'example_subdag_operator' retrieved from /home/airflow/.local/lib/python3.12/site-packages/airflow/example_dags/example_subdag_operator.py
[2024-12-08T09:09:24.152+0000] {logging_mixin.py:190} INFO - [2024-12-08T09:09:24.152+0000] {dag.py:3239} INFO - Sync 3 DAGs
[2024-12-08T09:09:24.182+0000] {logging_mixin.py:190} INFO - [2024-12-08T09:09:24.182+0000] {dag.py:4180} INFO - Setting next_dagrun for example_subdag_operator to 2022-01-01 00:00:00+00:00, run_after=2022-01-01 00:00:00+00:00
[2024-12-08T09:09:24.188+0000] {logging_mixin.py:190} INFO - [2024-12-08T09:09:24.188+0000] {dag.py:4180} INFO - Setting next_dagrun for example_subdag_operator.section-1 to None, run_after=None
[2024-12-08T09:09:24.190+0000] {logging_mixin.py:190} INFO - [2024-12-08T09:09:24.190+0000] {dag.py:4180} INFO - Setting next_dagrun for example_subdag_operator.section-2 to None, run_after=None
[2024-12-08T09:09:24.201+0000] {logging_mixin.py:190} INFO - [2024-12-08T09:09:24.201+0000] {dag.py:3239} INFO - Sync 2 DAGs
[2024-12-08T09:09:24.209+0000] {logging_mixin.py:190} INFO - [2024-12-08T09:09:24.208+0000] {dag.py:4180} INFO - Setting next_dagrun for example_subdag_operator.section-1 to None, run_after=None
[2024-12-08T09:09:24.210+0000] {logging_mixin.py:190} INFO - [2024-12-08T09:09:24.209+0000] {dag.py:4180} INFO - Setting next_dagrun for example_subdag_operator.section-2 to None, run_after=None
[2024-12-08T09:09:24.228+0000] {processor.py:208} INFO - Processing /home/airflow/.local/lib/python3.12/site-packages/airflow/example_dags/example_subdag_operator.py took 0.149 seconds
[2024-12-08T09:09:54.900+0000] {processor.py:186} INFO - Started process (PID=1455) to work on /home/airflow/.local/lib/python3.12/site-packages/airflow/example_dags/example_subdag_operator.py
[2024-12-08T09:09:54.901+0000] {processor.py:914} INFO - Processing file /home/airflow/.local/lib/python3.12/site-packages/airflow/example_dags/example_subdag_operator.py for tasks to queue
[2024-12-08T09:09:54.905+0000] {logging_mixin.py:190} INFO - [2024-12-08T09:09:54.904+0000] {dagbag.py:588} INFO - Filling up the DagBag from /home/airflow/.local/lib/python3.12/site-packages/airflow/example_dags/example_subdag_operator.py
[2024-12-08T09:09:54.962+0000] {processor.py:925} INFO - DAG(s) 'example_subdag_operator.section-1', 'example_subdag_operator.section-2', 'example_subdag_operator' retrieved from /home/airflow/.local/lib/python3.12/site-packages/airflow/example_dags/example_subdag_operator.py
[2024-12-08T09:09:55.006+0000] {logging_mixin.py:190} INFO - [2024-12-08T09:09:55.005+0000] {dag.py:3239} INFO - Sync 3 DAGs
[2024-12-08T09:09:55.073+0000] {logging_mixin.py:190} INFO - [2024-12-08T09:09:55.072+0000] {dag.py:4180} INFO - Setting next_dagrun for example_subdag_operator to 2022-01-01 00:00:00+00:00, run_after=2022-01-01 00:00:00+00:00
[2024-12-08T09:09:55.081+0000] {logging_mixin.py:190} INFO - [2024-12-08T09:09:55.081+0000] {dag.py:4180} INFO - Setting next_dagrun for example_subdag_operator.section-1 to None, run_after=None
[2024-12-08T09:09:55.084+0000] {logging_mixin.py:190} INFO - [2024-12-08T09:09:55.084+0000] {dag.py:4180} INFO - Setting next_dagrun for example_subdag_operator.section-2 to None, run_after=None
[2024-12-08T09:09:55.103+0000] {logging_mixin.py:190} INFO - [2024-12-08T09:09:55.103+0000] {dag.py:3239} INFO - Sync 2 DAGs
[2024-12-08T09:09:55.126+0000] {logging_mixin.py:190} INFO - [2024-12-08T09:09:55.126+0000] {dag.py:4180} INFO - Setting next_dagrun for example_subdag_operator.section-1 to None, run_after=None
[2024-12-08T09:09:55.128+0000] {logging_mixin.py:190} INFO - [2024-12-08T09:09:55.127+0000] {dag.py:4180} INFO - Setting next_dagrun for example_subdag_operator.section-2 to None, run_after=None
[2024-12-08T09:09:55.166+0000] {processor.py:208} INFO - Processing /home/airflow/.local/lib/python3.12/site-packages/airflow/example_dags/example_subdag_operator.py took 0.275 seconds
[2024-12-08T09:10:25.371+0000] {processor.py:186} INFO - Started process (PID=1756) to work on /home/airflow/.local/lib/python3.12/site-packages/airflow/example_dags/example_subdag_operator.py
[2024-12-08T09:10:25.372+0000] {processor.py:914} INFO - Processing file /home/airflow/.local/lib/python3.12/site-packages/airflow/example_dags/example_subdag_operator.py for tasks to queue
[2024-12-08T09:10:25.375+0000] {logging_mixin.py:190} INFO - [2024-12-08T09:10:25.375+0000] {dagbag.py:588} INFO - Filling up the DagBag from /home/airflow/.local/lib/python3.12/site-packages/airflow/example_dags/example_subdag_operator.py
[2024-12-08T09:10:25.407+0000] {processor.py:925} INFO - DAG(s) 'example_subdag_operator.section-1', 'example_subdag_operator.section-2', 'example_subdag_operator' retrieved from /home/airflow/.local/lib/python3.12/site-packages/airflow/example_dags/example_subdag_operator.py
[2024-12-08T09:10:25.426+0000] {logging_mixin.py:190} INFO - [2024-12-08T09:10:25.426+0000] {dag.py:3239} INFO - Sync 3 DAGs
[2024-12-08T09:10:25.456+0000] {logging_mixin.py:190} INFO - [2024-12-08T09:10:25.456+0000] {dag.py:4180} INFO - Setting next_dagrun for example_subdag_operator to 2022-01-01 00:00:00+00:00, run_after=2022-01-01 00:00:00+00:00
[2024-12-08T09:10:25.460+0000] {logging_mixin.py:190} INFO - [2024-12-08T09:10:25.460+0000] {dag.py:4180} INFO - Setting next_dagrun for example_subdag_operator.section-1 to None, run_after=None
[2024-12-08T09:10:25.464+0000] {logging_mixin.py:190} INFO - [2024-12-08T09:10:25.463+0000] {dag.py:4180} INFO - Setting next_dagrun for example_subdag_operator.section-2 to None, run_after=None
[2024-12-08T09:10:25.472+0000] {logging_mixin.py:190} INFO - [2024-12-08T09:10:25.472+0000] {dag.py:3239} INFO - Sync 2 DAGs
[2024-12-08T09:10:25.479+0000] {logging_mixin.py:190} INFO - [2024-12-08T09:10:25.478+0000] {dag.py:4180} INFO - Setting next_dagrun for example_subdag_operator.section-1 to None, run_after=None
[2024-12-08T09:10:25.480+0000] {logging_mixin.py:190} INFO - [2024-12-08T09:10:25.480+0000] {dag.py:4180} INFO - Setting next_dagrun for example_subdag_operator.section-2 to None, run_after=None
[2024-12-08T09:10:25.496+0000] {processor.py:208} INFO - Processing /home/airflow/.local/lib/python3.12/site-packages/airflow/example_dags/example_subdag_operator.py took 0.131 seconds
[2024-12-08T09:11:41.311+0000] {processor.py:186} INFO - Started process (PID=237) to work on /home/airflow/.local/lib/python3.12/site-packages/airflow/example_dags/example_subdag_operator.py
[2024-12-08T09:11:41.313+0000] {processor.py:914} INFO - Processing file /home/airflow/.local/lib/python3.12/site-packages/airflow/example_dags/example_subdag_operator.py for tasks to queue
[2024-12-08T09:11:41.317+0000] {logging_mixin.py:190} INFO - [2024-12-08T09:11:41.316+0000] {dagbag.py:588} INFO - Filling up the DagBag from /home/airflow/.local/lib/python3.12/site-packages/airflow/example_dags/example_subdag_operator.py
[2024-12-08T09:11:41.364+0000] {processor.py:925} INFO - DAG(s) 'example_subdag_operator.section-1', 'example_subdag_operator.section-2', 'example_subdag_operator' retrieved from /home/airflow/.local/lib/python3.12/site-packages/airflow/example_dags/example_subdag_operator.py
[2024-12-08T09:11:41.398+0000] {logging_mixin.py:190} INFO - [2024-12-08T09:11:41.398+0000] {dag.py:3239} INFO - Sync 3 DAGs
[2024-12-08T09:11:41.447+0000] {logging_mixin.py:190} INFO - [2024-12-08T09:11:41.446+0000] {dag.py:4180} INFO - Setting next_dagrun for example_subdag_operator to 2022-01-01 00:00:00+00:00, run_after=2022-01-01 00:00:00+00:00
[2024-12-08T09:11:41.454+0000] {logging_mixin.py:190} INFO - [2024-12-08T09:11:41.453+0000] {dag.py:4180} INFO - Setting next_dagrun for example_subdag_operator.section-1 to None, run_after=None
[2024-12-08T09:11:41.457+0000] {logging_mixin.py:190} INFO - [2024-12-08T09:11:41.457+0000] {dag.py:4180} INFO - Setting next_dagrun for example_subdag_operator.section-2 to None, run_after=None
[2024-12-08T09:11:41.472+0000] {logging_mixin.py:190} INFO - [2024-12-08T09:11:41.472+0000] {dag.py:3239} INFO - Sync 2 DAGs
[2024-12-08T09:11:41.485+0000] {logging_mixin.py:190} INFO - [2024-12-08T09:11:41.484+0000] {dag.py:4180} INFO - Setting next_dagrun for example_subdag_operator.section-1 to None, run_after=None
[2024-12-08T09:11:41.486+0000] {logging_mixin.py:190} INFO - [2024-12-08T09:11:41.486+0000] {dag.py:4180} INFO - Setting next_dagrun for example_subdag_operator.section-2 to None, run_after=None
[2024-12-08T09:11:41.512+0000] {processor.py:208} INFO - Processing /home/airflow/.local/lib/python3.12/site-packages/airflow/example_dags/example_subdag_operator.py took 0.215 seconds
