[2024-12-08T09:07:48.821+0000] {processor.py:186} INFO - Started process (PID=214) to work on /home/airflow/.local/lib/python3.12/site-packages/airflow/example_dags/example_datasets.py
[2024-12-08T09:07:48.824+0000] {processor.py:914} INFO - Processing file /home/airflow/.local/lib/python3.12/site-packages/airflow/example_dags/example_datasets.py for tasks to queue
[2024-12-08T09:07:48.830+0000] {logging_mixin.py:190} INFO - [2024-12-08T09:07:48.828+0000] {dagbag.py:588} INFO - Filling up the DagBag from /home/airflow/.local/lib/python3.12/site-packages/airflow/example_dags/example_datasets.py
[2024-12-08T09:07:52.264+0000] {processor.py:925} INFO - DAG(s) 'consume_1_and_2_with_dataset_expressions', 'dataset_produces_1', 'conditional_dataset_and_time_based_timetable', 'dataset_produces_2', 'consume_1_or_both_2_and_3_with_dataset_expressions', 'consume_1_or_2_with_dataset_expressions', 'dataset_consumes_1_never_scheduled', 'dataset_consumes_1_and_2', 'dataset_consumes_unknown_never_scheduled', 'dataset_consumes_1' retrieved from /home/airflow/.local/lib/python3.12/site-packages/airflow/example_dags/example_datasets.py
[2024-12-08T09:07:52.371+0000] {logging_mixin.py:190} INFO - [2024-12-08T09:07:52.371+0000] {dag.py:3239} INFO - Sync 10 DAGs
[2024-12-08T09:07:52.438+0000] {logging_mixin.py:190} INFO - [2024-12-08T09:07:52.437+0000] {dag.py:4180} INFO - Setting next_dagrun for conditional_dataset_and_time_based_timetable to 2024-12-04 01:00:00+00:00, run_after=2024-12-04 01:00:00+00:00
[2024-12-08T09:07:52.446+0000] {logging_mixin.py:190} INFO - [2024-12-08T09:07:52.446+0000] {dag.py:4180} INFO - Setting next_dagrun for consume_1_and_2_with_dataset_expressions to None, run_after=None
[2024-12-08T09:07:52.450+0000] {logging_mixin.py:190} INFO - [2024-12-08T09:07:52.450+0000] {dag.py:4180} INFO - Setting next_dagrun for consume_1_or_2_with_dataset_expressions to None, run_after=None
[2024-12-08T09:07:52.454+0000] {logging_mixin.py:190} INFO - [2024-12-08T09:07:52.453+0000] {dag.py:4180} INFO - Setting next_dagrun for consume_1_or_both_2_and_3_with_dataset_expressions to None, run_after=None
[2024-12-08T09:07:52.457+0000] {logging_mixin.py:190} INFO - [2024-12-08T09:07:52.457+0000] {dag.py:4180} INFO - Setting next_dagrun for dataset_consumes_1 to None, run_after=None
[2024-12-08T09:07:52.461+0000] {logging_mixin.py:190} INFO - [2024-12-08T09:07:52.460+0000] {dag.py:4180} INFO - Setting next_dagrun for dataset_consumes_1_and_2 to None, run_after=None
[2024-12-08T09:07:52.464+0000] {logging_mixin.py:190} INFO - [2024-12-08T09:07:52.464+0000] {dag.py:4180} INFO - Setting next_dagrun for dataset_consumes_1_never_scheduled to None, run_after=None
[2024-12-08T09:07:52.468+0000] {logging_mixin.py:190} INFO - [2024-12-08T09:07:52.467+0000] {dag.py:4180} INFO - Setting next_dagrun for dataset_consumes_unknown_never_scheduled to None, run_after=None
[2024-12-08T09:07:52.474+0000] {logging_mixin.py:190} INFO - [2024-12-08T09:07:52.474+0000] {dag.py:4180} INFO - Setting next_dagrun for dataset_produces_1 to 2024-12-07 00:00:00+00:00, run_after=2024-12-08 00:00:00+00:00
[2024-12-08T09:07:52.477+0000] {logging_mixin.py:190} INFO - [2024-12-08T09:07:52.477+0000] {dag.py:4180} INFO - Setting next_dagrun for dataset_produces_2 to None, run_after=None
[2024-12-08T09:07:52.597+0000] {processor.py:208} INFO - Processing /home/airflow/.local/lib/python3.12/site-packages/airflow/example_dags/example_datasets.py took 3.788 seconds
[2024-12-08T09:08:23.827+0000] {processor.py:186} INFO - Started process (PID=568) to work on /home/airflow/.local/lib/python3.12/site-packages/airflow/example_dags/example_datasets.py
[2024-12-08T09:08:23.829+0000] {processor.py:914} INFO - Processing file /home/airflow/.local/lib/python3.12/site-packages/airflow/example_dags/example_datasets.py for tasks to queue
[2024-12-08T09:08:23.834+0000] {logging_mixin.py:190} INFO - [2024-12-08T09:08:23.833+0000] {dagbag.py:588} INFO - Filling up the DagBag from /home/airflow/.local/lib/python3.12/site-packages/airflow/example_dags/example_datasets.py
[2024-12-08T09:08:27.767+0000] {processor.py:925} INFO - DAG(s) 'dataset_consumes_1_and_2', 'consume_1_or_2_with_dataset_expressions', 'conditional_dataset_and_time_based_timetable', 'consume_1_and_2_with_dataset_expressions', 'consume_1_or_both_2_and_3_with_dataset_expressions', 'dataset_consumes_1', 'dataset_produces_1', 'dataset_produces_2', 'dataset_consumes_unknown_never_scheduled', 'dataset_consumes_1_never_scheduled' retrieved from /home/airflow/.local/lib/python3.12/site-packages/airflow/example_dags/example_datasets.py
[2024-12-08T09:08:27.961+0000] {logging_mixin.py:190} INFO - [2024-12-08T09:08:27.960+0000] {dag.py:3239} INFO - Sync 10 DAGs
[2024-12-08T09:08:28.092+0000] {logging_mixin.py:190} INFO - [2024-12-08T09:08:28.092+0000] {dag.py:4180} INFO - Setting next_dagrun for conditional_dataset_and_time_based_timetable to 2024-12-04 01:00:00+00:00, run_after=2024-12-04 01:00:00+00:00
[2024-12-08T09:08:28.100+0000] {logging_mixin.py:190} INFO - [2024-12-08T09:08:28.100+0000] {dag.py:4180} INFO - Setting next_dagrun for consume_1_and_2_with_dataset_expressions to None, run_after=None
[2024-12-08T09:08:28.104+0000] {logging_mixin.py:190} INFO - [2024-12-08T09:08:28.104+0000] {dag.py:4180} INFO - Setting next_dagrun for consume_1_or_2_with_dataset_expressions to None, run_after=None
[2024-12-08T09:08:28.107+0000] {logging_mixin.py:190} INFO - [2024-12-08T09:08:28.107+0000] {dag.py:4180} INFO - Setting next_dagrun for consume_1_or_both_2_and_3_with_dataset_expressions to None, run_after=None
[2024-12-08T09:08:28.111+0000] {logging_mixin.py:190} INFO - [2024-12-08T09:08:28.110+0000] {dag.py:4180} INFO - Setting next_dagrun for dataset_consumes_1 to None, run_after=None
[2024-12-08T09:08:28.114+0000] {logging_mixin.py:190} INFO - [2024-12-08T09:08:28.113+0000] {dag.py:4180} INFO - Setting next_dagrun for dataset_consumes_1_and_2 to None, run_after=None
[2024-12-08T09:08:28.116+0000] {logging_mixin.py:190} INFO - [2024-12-08T09:08:28.116+0000] {dag.py:4180} INFO - Setting next_dagrun for dataset_consumes_1_never_scheduled to None, run_after=None
[2024-12-08T09:08:28.120+0000] {logging_mixin.py:190} INFO - [2024-12-08T09:08:28.119+0000] {dag.py:4180} INFO - Setting next_dagrun for dataset_consumes_unknown_never_scheduled to None, run_after=None
[2024-12-08T09:08:28.125+0000] {logging_mixin.py:190} INFO - [2024-12-08T09:08:28.125+0000] {dag.py:4180} INFO - Setting next_dagrun for dataset_produces_1 to 2024-12-07 00:00:00+00:00, run_after=2024-12-08 00:00:00+00:00
[2024-12-08T09:08:28.128+0000] {logging_mixin.py:190} INFO - [2024-12-08T09:08:28.128+0000] {dag.py:4180} INFO - Setting next_dagrun for dataset_produces_2 to None, run_after=None
[2024-12-08T09:08:28.197+0000] {processor.py:208} INFO - Processing /home/airflow/.local/lib/python3.12/site-packages/airflow/example_dags/example_datasets.py took 4.388 seconds
[2024-12-08T09:08:58.307+0000] {processor.py:186} INFO - Started process (PID=897) to work on /home/airflow/.local/lib/python3.12/site-packages/airflow/example_dags/example_datasets.py
[2024-12-08T09:08:58.308+0000] {processor.py:914} INFO - Processing file /home/airflow/.local/lib/python3.12/site-packages/airflow/example_dags/example_datasets.py for tasks to queue
[2024-12-08T09:08:58.312+0000] {logging_mixin.py:190} INFO - [2024-12-08T09:08:58.311+0000] {dagbag.py:588} INFO - Filling up the DagBag from /home/airflow/.local/lib/python3.12/site-packages/airflow/example_dags/example_datasets.py
[2024-12-08T09:08:59.215+0000] {processor.py:925} INFO - DAG(s) 'dataset_consumes_1_never_scheduled', 'consume_1_or_both_2_and_3_with_dataset_expressions', 'dataset_produces_2', 'dataset_produces_1', 'consume_1_and_2_with_dataset_expressions', 'consume_1_or_2_with_dataset_expressions', 'dataset_consumes_1_and_2', 'conditional_dataset_and_time_based_timetable', 'dataset_consumes_1', 'dataset_consumes_unknown_never_scheduled' retrieved from /home/airflow/.local/lib/python3.12/site-packages/airflow/example_dags/example_datasets.py
[2024-12-08T09:08:59.268+0000] {logging_mixin.py:190} INFO - [2024-12-08T09:08:59.268+0000] {dag.py:3239} INFO - Sync 10 DAGs
[2024-12-08T09:08:59.303+0000] {logging_mixin.py:190} INFO - [2024-12-08T09:08:59.303+0000] {dag.py:4180} INFO - Setting next_dagrun for conditional_dataset_and_time_based_timetable to 2024-12-04 01:00:00+00:00, run_after=2024-12-04 01:00:00+00:00
[2024-12-08T09:08:59.309+0000] {logging_mixin.py:190} INFO - [2024-12-08T09:08:59.309+0000] {dag.py:4180} INFO - Setting next_dagrun for consume_1_and_2_with_dataset_expressions to None, run_after=None
[2024-12-08T09:08:59.311+0000] {logging_mixin.py:190} INFO - [2024-12-08T09:08:59.311+0000] {dag.py:4180} INFO - Setting next_dagrun for consume_1_or_2_with_dataset_expressions to None, run_after=None
[2024-12-08T09:08:59.313+0000] {logging_mixin.py:190} INFO - [2024-12-08T09:08:59.313+0000] {dag.py:4180} INFO - Setting next_dagrun for consume_1_or_both_2_and_3_with_dataset_expressions to None, run_after=None
[2024-12-08T09:08:59.315+0000] {logging_mixin.py:190} INFO - [2024-12-08T09:08:59.315+0000] {dag.py:4180} INFO - Setting next_dagrun for dataset_consumes_1 to None, run_after=None
[2024-12-08T09:08:59.317+0000] {logging_mixin.py:190} INFO - [2024-12-08T09:08:59.317+0000] {dag.py:4180} INFO - Setting next_dagrun for dataset_consumes_1_and_2 to None, run_after=None
[2024-12-08T09:08:59.319+0000] {logging_mixin.py:190} INFO - [2024-12-08T09:08:59.319+0000] {dag.py:4180} INFO - Setting next_dagrun for dataset_consumes_1_never_scheduled to None, run_after=None
[2024-12-08T09:08:59.323+0000] {logging_mixin.py:190} INFO - [2024-12-08T09:08:59.322+0000] {dag.py:4180} INFO - Setting next_dagrun for dataset_consumes_unknown_never_scheduled to None, run_after=None
[2024-12-08T09:08:59.327+0000] {logging_mixin.py:190} INFO - [2024-12-08T09:08:59.326+0000] {dag.py:4180} INFO - Setting next_dagrun for dataset_produces_1 to 2024-12-07 00:00:00+00:00, run_after=2024-12-08 00:00:00+00:00
[2024-12-08T09:08:59.329+0000] {logging_mixin.py:190} INFO - [2024-12-08T09:08:59.329+0000] {dag.py:4180} INFO - Setting next_dagrun for dataset_produces_2 to None, run_after=None
[2024-12-08T09:08:59.380+0000] {processor.py:208} INFO - Processing /home/airflow/.local/lib/python3.12/site-packages/airflow/example_dags/example_datasets.py took 1.081 seconds
[2024-12-08T09:09:29.645+0000] {processor.py:186} INFO - Started process (PID=1199) to work on /home/airflow/.local/lib/python3.12/site-packages/airflow/example_dags/example_datasets.py
[2024-12-08T09:09:29.646+0000] {processor.py:914} INFO - Processing file /home/airflow/.local/lib/python3.12/site-packages/airflow/example_dags/example_datasets.py for tasks to queue
[2024-12-08T09:09:29.649+0000] {logging_mixin.py:190} INFO - [2024-12-08T09:09:29.649+0000] {dagbag.py:588} INFO - Filling up the DagBag from /home/airflow/.local/lib/python3.12/site-packages/airflow/example_dags/example_datasets.py
[2024-12-08T09:09:30.371+0000] {processor.py:925} INFO - DAG(s) 'consume_1_or_both_2_and_3_with_dataset_expressions', 'dataset_consumes_1_never_scheduled', 'dataset_consumes_1_and_2', 'conditional_dataset_and_time_based_timetable', 'consume_1_or_2_with_dataset_expressions', 'dataset_produces_1', 'dataset_consumes_unknown_never_scheduled', 'dataset_produces_2', 'consume_1_and_2_with_dataset_expressions', 'dataset_consumes_1' retrieved from /home/airflow/.local/lib/python3.12/site-packages/airflow/example_dags/example_datasets.py
[2024-12-08T09:09:30.429+0000] {logging_mixin.py:190} INFO - [2024-12-08T09:09:30.429+0000] {dag.py:3239} INFO - Sync 10 DAGs
[2024-12-08T09:09:30.461+0000] {logging_mixin.py:190} INFO - [2024-12-08T09:09:30.461+0000] {dag.py:4180} INFO - Setting next_dagrun for conditional_dataset_and_time_based_timetable to 2024-12-04 01:00:00+00:00, run_after=2024-12-04 01:00:00+00:00
[2024-12-08T09:09:30.467+0000] {logging_mixin.py:190} INFO - [2024-12-08T09:09:30.466+0000] {dag.py:4180} INFO - Setting next_dagrun for consume_1_and_2_with_dataset_expressions to None, run_after=None
[2024-12-08T09:09:30.469+0000] {logging_mixin.py:190} INFO - [2024-12-08T09:09:30.469+0000] {dag.py:4180} INFO - Setting next_dagrun for consume_1_or_2_with_dataset_expressions to None, run_after=None
[2024-12-08T09:09:30.471+0000] {logging_mixin.py:190} INFO - [2024-12-08T09:09:30.471+0000] {dag.py:4180} INFO - Setting next_dagrun for consume_1_or_both_2_and_3_with_dataset_expressions to None, run_after=None
[2024-12-08T09:09:30.474+0000] {logging_mixin.py:190} INFO - [2024-12-08T09:09:30.473+0000] {dag.py:4180} INFO - Setting next_dagrun for dataset_consumes_1 to None, run_after=None
[2024-12-08T09:09:30.476+0000] {logging_mixin.py:190} INFO - [2024-12-08T09:09:30.476+0000] {dag.py:4180} INFO - Setting next_dagrun for dataset_consumes_1_and_2 to None, run_after=None
[2024-12-08T09:09:30.478+0000] {logging_mixin.py:190} INFO - [2024-12-08T09:09:30.478+0000] {dag.py:4180} INFO - Setting next_dagrun for dataset_consumes_1_never_scheduled to None, run_after=None
[2024-12-08T09:09:30.480+0000] {logging_mixin.py:190} INFO - [2024-12-08T09:09:30.480+0000] {dag.py:4180} INFO - Setting next_dagrun for dataset_consumes_unknown_never_scheduled to None, run_after=None
[2024-12-08T09:09:30.484+0000] {logging_mixin.py:190} INFO - [2024-12-08T09:09:30.484+0000] {dag.py:4180} INFO - Setting next_dagrun for dataset_produces_1 to 2024-12-07 00:00:00+00:00, run_after=2024-12-08 00:00:00+00:00
[2024-12-08T09:09:30.486+0000] {logging_mixin.py:190} INFO - [2024-12-08T09:09:30.486+0000] {dag.py:4180} INFO - Setting next_dagrun for dataset_produces_2 to None, run_after=None
[2024-12-08T09:09:30.532+0000] {processor.py:208} INFO - Processing /home/airflow/.local/lib/python3.12/site-packages/airflow/example_dags/example_datasets.py took 0.894 seconds
[2024-12-08T09:10:00.705+0000] {processor.py:186} INFO - Started process (PID=1495) to work on /home/airflow/.local/lib/python3.12/site-packages/airflow/example_dags/example_datasets.py
[2024-12-08T09:10:00.706+0000] {processor.py:914} INFO - Processing file /home/airflow/.local/lib/python3.12/site-packages/airflow/example_dags/example_datasets.py for tasks to queue
[2024-12-08T09:10:00.710+0000] {logging_mixin.py:190} INFO - [2024-12-08T09:10:00.709+0000] {dagbag.py:588} INFO - Filling up the DagBag from /home/airflow/.local/lib/python3.12/site-packages/airflow/example_dags/example_datasets.py
[2024-12-08T09:10:01.352+0000] {processor.py:925} INFO - DAG(s) 'dataset_produces_2', 'dataset_consumes_1', 'dataset_consumes_unknown_never_scheduled', 'dataset_produces_1', 'dataset_consumes_1_never_scheduled', 'dataset_consumes_1_and_2', 'consume_1_and_2_with_dataset_expressions', 'consume_1_or_both_2_and_3_with_dataset_expressions', 'consume_1_or_2_with_dataset_expressions', 'conditional_dataset_and_time_based_timetable' retrieved from /home/airflow/.local/lib/python3.12/site-packages/airflow/example_dags/example_datasets.py
[2024-12-08T09:10:01.408+0000] {logging_mixin.py:190} INFO - [2024-12-08T09:10:01.408+0000] {dag.py:3239} INFO - Sync 10 DAGs
[2024-12-08T09:10:01.436+0000] {logging_mixin.py:190} INFO - [2024-12-08T09:10:01.436+0000] {dag.py:4180} INFO - Setting next_dagrun for conditional_dataset_and_time_based_timetable to 2024-12-04 01:00:00+00:00, run_after=2024-12-04 01:00:00+00:00
[2024-12-08T09:10:01.441+0000] {logging_mixin.py:190} INFO - [2024-12-08T09:10:01.441+0000] {dag.py:4180} INFO - Setting next_dagrun for consume_1_and_2_with_dataset_expressions to None, run_after=None
[2024-12-08T09:10:01.443+0000] {logging_mixin.py:190} INFO - [2024-12-08T09:10:01.443+0000] {dag.py:4180} INFO - Setting next_dagrun for consume_1_or_2_with_dataset_expressions to None, run_after=None
[2024-12-08T09:10:01.445+0000] {logging_mixin.py:190} INFO - [2024-12-08T09:10:01.444+0000] {dag.py:4180} INFO - Setting next_dagrun for consume_1_or_both_2_and_3_with_dataset_expressions to None, run_after=None
[2024-12-08T09:10:01.447+0000] {logging_mixin.py:190} INFO - [2024-12-08T09:10:01.447+0000] {dag.py:4180} INFO - Setting next_dagrun for dataset_consumes_1 to None, run_after=None
[2024-12-08T09:10:01.449+0000] {logging_mixin.py:190} INFO - [2024-12-08T09:10:01.449+0000] {dag.py:4180} INFO - Setting next_dagrun for dataset_consumes_1_and_2 to None, run_after=None
[2024-12-08T09:10:01.451+0000] {logging_mixin.py:190} INFO - [2024-12-08T09:10:01.451+0000] {dag.py:4180} INFO - Setting next_dagrun for dataset_consumes_1_never_scheduled to None, run_after=None
[2024-12-08T09:10:01.454+0000] {logging_mixin.py:190} INFO - [2024-12-08T09:10:01.453+0000] {dag.py:4180} INFO - Setting next_dagrun for dataset_consumes_unknown_never_scheduled to None, run_after=None
[2024-12-08T09:10:01.457+0000] {logging_mixin.py:190} INFO - [2024-12-08T09:10:01.457+0000] {dag.py:4180} INFO - Setting next_dagrun for dataset_produces_1 to 2024-12-07 00:00:00+00:00, run_after=2024-12-08 00:00:00+00:00
[2024-12-08T09:10:01.459+0000] {logging_mixin.py:190} INFO - [2024-12-08T09:10:01.459+0000] {dag.py:4180} INFO - Setting next_dagrun for dataset_produces_2 to None, run_after=None
[2024-12-08T09:10:01.502+0000] {processor.py:208} INFO - Processing /home/airflow/.local/lib/python3.12/site-packages/airflow/example_dags/example_datasets.py took 0.805 seconds
[2024-12-08T09:10:31.796+0000] {processor.py:186} INFO - Started process (PID=1811) to work on /home/airflow/.local/lib/python3.12/site-packages/airflow/example_dags/example_datasets.py
[2024-12-08T09:10:31.798+0000] {processor.py:914} INFO - Processing file /home/airflow/.local/lib/python3.12/site-packages/airflow/example_dags/example_datasets.py for tasks to queue
[2024-12-08T09:10:31.800+0000] {logging_mixin.py:190} INFO - [2024-12-08T09:10:31.800+0000] {dagbag.py:588} INFO - Filling up the DagBag from /home/airflow/.local/lib/python3.12/site-packages/airflow/example_dags/example_datasets.py
[2024-12-08T09:10:33.287+0000] {processor.py:925} INFO - DAG(s) 'dataset_consumes_1_and_2', 'consume_1_or_2_with_dataset_expressions', 'dataset_consumes_1', 'dataset_consumes_1_never_scheduled', 'dataset_produces_2', 'conditional_dataset_and_time_based_timetable', 'dataset_produces_1', 'dataset_consumes_unknown_never_scheduled', 'consume_1_or_both_2_and_3_with_dataset_expressions', 'consume_1_and_2_with_dataset_expressions' retrieved from /home/airflow/.local/lib/python3.12/site-packages/airflow/example_dags/example_datasets.py
[2024-12-08T09:10:33.422+0000] {logging_mixin.py:190} INFO - [2024-12-08T09:10:33.421+0000] {dag.py:3239} INFO - Sync 10 DAGs
[2024-12-08T09:10:33.514+0000] {logging_mixin.py:190} INFO - [2024-12-08T09:10:33.514+0000] {dag.py:4180} INFO - Setting next_dagrun for conditional_dataset_and_time_based_timetable to 2024-12-04 01:00:00+00:00, run_after=2024-12-04 01:00:00+00:00
[2024-12-08T09:10:33.528+0000] {logging_mixin.py:190} INFO - [2024-12-08T09:10:33.527+0000] {dag.py:4180} INFO - Setting next_dagrun for consume_1_and_2_with_dataset_expressions to None, run_after=None
[2024-12-08T09:10:33.535+0000] {logging_mixin.py:190} INFO - [2024-12-08T09:10:33.534+0000] {dag.py:4180} INFO - Setting next_dagrun for consume_1_or_2_with_dataset_expressions to None, run_after=None
[2024-12-08T09:10:33.538+0000] {logging_mixin.py:190} INFO - [2024-12-08T09:10:33.538+0000] {dag.py:4180} INFO - Setting next_dagrun for consume_1_or_both_2_and_3_with_dataset_expressions to None, run_after=None
[2024-12-08T09:10:33.542+0000] {logging_mixin.py:190} INFO - [2024-12-08T09:10:33.542+0000] {dag.py:4180} INFO - Setting next_dagrun for dataset_consumes_1 to None, run_after=None
[2024-12-08T09:10:33.547+0000] {logging_mixin.py:190} INFO - [2024-12-08T09:10:33.546+0000] {dag.py:4180} INFO - Setting next_dagrun for dataset_consumes_1_and_2 to None, run_after=None
[2024-12-08T09:10:33.552+0000] {logging_mixin.py:190} INFO - [2024-12-08T09:10:33.551+0000] {dag.py:4180} INFO - Setting next_dagrun for dataset_consumes_1_never_scheduled to None, run_after=None
[2024-12-08T09:10:33.564+0000] {logging_mixin.py:190} INFO - [2024-12-08T09:10:33.563+0000] {dag.py:4180} INFO - Setting next_dagrun for dataset_consumes_unknown_never_scheduled to None, run_after=None
[2024-12-08T09:10:33.580+0000] {logging_mixin.py:190} INFO - [2024-12-08T09:10:33.579+0000] {dag.py:4180} INFO - Setting next_dagrun for dataset_produces_1 to 2024-12-07 00:00:00+00:00, run_after=2024-12-08 00:00:00+00:00
[2024-12-08T09:10:33.584+0000] {logging_mixin.py:190} INFO - [2024-12-08T09:10:33.583+0000] {dag.py:4180} INFO - Setting next_dagrun for dataset_produces_2 to None, run_after=None
[2024-12-08T09:10:33.720+0000] {processor.py:208} INFO - Processing /home/airflow/.local/lib/python3.12/site-packages/airflow/example_dags/example_datasets.py took 1.933 seconds
[2024-12-08T09:11:39.774+0000] {processor.py:186} INFO - Started process (PID=201) to work on /home/airflow/.local/lib/python3.12/site-packages/airflow/example_dags/example_datasets.py
[2024-12-08T09:11:39.775+0000] {processor.py:914} INFO - Processing file /home/airflow/.local/lib/python3.12/site-packages/airflow/example_dags/example_datasets.py for tasks to queue
[2024-12-08T09:11:39.779+0000] {logging_mixin.py:190} INFO - [2024-12-08T09:11:39.778+0000] {dagbag.py:588} INFO - Filling up the DagBag from /home/airflow/.local/lib/python3.12/site-packages/airflow/example_dags/example_datasets.py
[2024-12-08T09:11:40.870+0000] {processor.py:925} INFO - DAG(s) 'dataset_consumes_unknown_never_scheduled', 'consume_1_or_2_with_dataset_expressions', 'dataset_produces_2', 'dataset_consumes_1_and_2', 'dataset_produces_1', 'consume_1_or_both_2_and_3_with_dataset_expressions', 'consume_1_and_2_with_dataset_expressions', 'conditional_dataset_and_time_based_timetable', 'dataset_consumes_1', 'dataset_consumes_1_never_scheduled' retrieved from /home/airflow/.local/lib/python3.12/site-packages/airflow/example_dags/example_datasets.py
[2024-12-08T09:11:40.979+0000] {logging_mixin.py:190} INFO - [2024-12-08T09:11:40.978+0000] {dag.py:3239} INFO - Sync 10 DAGs
[2024-12-08T09:11:41.058+0000] {logging_mixin.py:190} INFO - [2024-12-08T09:11:41.057+0000] {dag.py:4180} INFO - Setting next_dagrun for conditional_dataset_and_time_based_timetable to 2024-12-04 01:00:00+00:00, run_after=2024-12-04 01:00:00+00:00
[2024-12-08T09:11:41.074+0000] {logging_mixin.py:190} INFO - [2024-12-08T09:11:41.074+0000] {dag.py:4180} INFO - Setting next_dagrun for consume_1_and_2_with_dataset_expressions to None, run_after=None
[2024-12-08T09:11:41.079+0000] {logging_mixin.py:190} INFO - [2024-12-08T09:11:41.078+0000] {dag.py:4180} INFO - Setting next_dagrun for consume_1_or_2_with_dataset_expressions to None, run_after=None
[2024-12-08T09:11:41.082+0000] {logging_mixin.py:190} INFO - [2024-12-08T09:11:41.082+0000] {dag.py:4180} INFO - Setting next_dagrun for consume_1_or_both_2_and_3_with_dataset_expressions to None, run_after=None
[2024-12-08T09:11:41.086+0000] {logging_mixin.py:190} INFO - [2024-12-08T09:11:41.086+0000] {dag.py:4180} INFO - Setting next_dagrun for dataset_consumes_1 to None, run_after=None
[2024-12-08T09:11:41.089+0000] {logging_mixin.py:190} INFO - [2024-12-08T09:11:41.089+0000] {dag.py:4180} INFO - Setting next_dagrun for dataset_consumes_1_and_2 to None, run_after=None
[2024-12-08T09:11:41.092+0000] {logging_mixin.py:190} INFO - [2024-12-08T09:11:41.092+0000] {dag.py:4180} INFO - Setting next_dagrun for dataset_consumes_1_never_scheduled to None, run_after=None
[2024-12-08T09:11:41.096+0000] {logging_mixin.py:190} INFO - [2024-12-08T09:11:41.095+0000] {dag.py:4180} INFO - Setting next_dagrun for dataset_consumes_unknown_never_scheduled to None, run_after=None
[2024-12-08T09:11:41.100+0000] {logging_mixin.py:190} INFO - [2024-12-08T09:11:41.100+0000] {dag.py:4180} INFO - Setting next_dagrun for dataset_produces_1 to 2024-12-07 00:00:00+00:00, run_after=2024-12-08 00:00:00+00:00
[2024-12-08T09:11:41.103+0000] {logging_mixin.py:190} INFO - [2024-12-08T09:11:41.103+0000] {dag.py:4180} INFO - Setting next_dagrun for dataset_produces_2 to None, run_after=None
[2024-12-08T09:11:41.211+0000] {processor.py:208} INFO - Processing /home/airflow/.local/lib/python3.12/site-packages/airflow/example_dags/example_datasets.py took 1.445 seconds
