[2024-12-08T09:07:52.466+0000] {processor.py:186} INFO - Started process (PID=269) to work on /home/airflow/.local/lib/python3.12/site-packages/airflow/example_dags/example_branch_labels.py
[2024-12-08T09:07:52.468+0000] {processor.py:914} INFO - Processing file /home/airflow/.local/lib/python3.12/site-packages/airflow/example_dags/example_branch_labels.py for tasks to queue
[2024-12-08T09:07:52.472+0000] {logging_mixin.py:190} INFO - [2024-12-08T09:07:52.471+0000] {dagbag.py:588} INFO - Filling up the DagBag from /home/airflow/.local/lib/python3.12/site-packages/airflow/example_dags/example_branch_labels.py
[2024-12-08T09:07:52.497+0000] {processor.py:925} INFO - DAG(s) 'example_branch_labels' retrieved from /home/airflow/.local/lib/python3.12/site-packages/airflow/example_dags/example_branch_labels.py
[2024-12-08T09:07:52.590+0000] {logging_mixin.py:190} INFO - [2024-12-08T09:07:52.590+0000] {dag.py:3239} INFO - Sync 1 DAGs
[2024-12-08T09:07:52.683+0000] {logging_mixin.py:190} INFO - [2024-12-08T09:07:52.682+0000] {dag.py:4180} INFO - Setting next_dagrun for example_branch_labels to 2024-12-07 00:00:00+00:00, run_after=2024-12-08 00:00:00+00:00
[2024-12-08T09:07:52.737+0000] {processor.py:208} INFO - Processing /home/airflow/.local/lib/python3.12/site-packages/airflow/example_dags/example_branch_labels.py took 0.285 seconds
[2024-12-08T09:08:23.836+0000] {processor.py:186} INFO - Started process (PID=571) to work on /home/airflow/.local/lib/python3.12/site-packages/airflow/example_dags/example_branch_labels.py
[2024-12-08T09:08:23.839+0000] {processor.py:914} INFO - Processing file /home/airflow/.local/lib/python3.12/site-packages/airflow/example_dags/example_branch_labels.py for tasks to queue
[2024-12-08T09:08:23.846+0000] {logging_mixin.py:190} INFO - [2024-12-08T09:08:23.845+0000] {dagbag.py:588} INFO - Filling up the DagBag from /home/airflow/.local/lib/python3.12/site-packages/airflow/example_dags/example_branch_labels.py
[2024-12-08T09:08:23.879+0000] {processor.py:925} INFO - DAG(s) 'example_branch_labels' retrieved from /home/airflow/.local/lib/python3.12/site-packages/airflow/example_dags/example_branch_labels.py
[2024-12-08T09:08:23.987+0000] {logging_mixin.py:190} INFO - [2024-12-08T09:08:23.987+0000] {dag.py:3239} INFO - Sync 1 DAGs
[2024-12-08T09:08:24.149+0000] {logging_mixin.py:190} INFO - [2024-12-08T09:08:24.148+0000] {dag.py:4180} INFO - Setting next_dagrun for example_branch_labels to 2024-12-07 00:00:00+00:00, run_after=2024-12-08 00:00:00+00:00
[2024-12-08T09:08:24.210+0000] {processor.py:208} INFO - Processing /home/airflow/.local/lib/python3.12/site-packages/airflow/example_dags/example_branch_labels.py took 0.395 seconds
[2024-12-08T09:08:55.096+0000] {processor.py:186} INFO - Started process (PID=874) to work on /home/airflow/.local/lib/python3.12/site-packages/airflow/example_dags/example_branch_labels.py
[2024-12-08T09:08:55.098+0000] {processor.py:914} INFO - Processing file /home/airflow/.local/lib/python3.12/site-packages/airflow/example_dags/example_branch_labels.py for tasks to queue
[2024-12-08T09:08:55.102+0000] {logging_mixin.py:190} INFO - [2024-12-08T09:08:55.102+0000] {dagbag.py:588} INFO - Filling up the DagBag from /home/airflow/.local/lib/python3.12/site-packages/airflow/example_dags/example_branch_labels.py
[2024-12-08T09:08:55.118+0000] {processor.py:925} INFO - DAG(s) 'example_branch_labels' retrieved from /home/airflow/.local/lib/python3.12/site-packages/airflow/example_dags/example_branch_labels.py
[2024-12-08T09:08:55.151+0000] {logging_mixin.py:190} INFO - [2024-12-08T09:08:55.151+0000] {dag.py:3239} INFO - Sync 1 DAGs
[2024-12-08T09:08:55.189+0000] {logging_mixin.py:190} INFO - [2024-12-08T09:08:55.189+0000] {dag.py:4180} INFO - Setting next_dagrun for example_branch_labels to 2024-12-07 00:00:00+00:00, run_after=2024-12-08 00:00:00+00:00
[2024-12-08T09:08:55.223+0000] {processor.py:208} INFO - Processing /home/airflow/.local/lib/python3.12/site-packages/airflow/example_dags/example_branch_labels.py took 0.138 seconds
[2024-12-08T09:09:25.454+0000] {processor.py:186} INFO - Started process (PID=1179) to work on /home/airflow/.local/lib/python3.12/site-packages/airflow/example_dags/example_branch_labels.py
[2024-12-08T09:09:25.456+0000] {processor.py:914} INFO - Processing file /home/airflow/.local/lib/python3.12/site-packages/airflow/example_dags/example_branch_labels.py for tasks to queue
[2024-12-08T09:09:25.460+0000] {logging_mixin.py:190} INFO - [2024-12-08T09:09:25.459+0000] {dagbag.py:588} INFO - Filling up the DagBag from /home/airflow/.local/lib/python3.12/site-packages/airflow/example_dags/example_branch_labels.py
[2024-12-08T09:09:25.474+0000] {processor.py:925} INFO - DAG(s) 'example_branch_labels' retrieved from /home/airflow/.local/lib/python3.12/site-packages/airflow/example_dags/example_branch_labels.py
[2024-12-08T09:09:25.507+0000] {logging_mixin.py:190} INFO - [2024-12-08T09:09:25.507+0000] {dag.py:3239} INFO - Sync 1 DAGs
[2024-12-08T09:09:25.542+0000] {logging_mixin.py:190} INFO - [2024-12-08T09:09:25.542+0000] {dag.py:4180} INFO - Setting next_dagrun for example_branch_labels to 2024-12-07 00:00:00+00:00, run_after=2024-12-08 00:00:00+00:00
[2024-12-08T09:09:25.569+0000] {processor.py:208} INFO - Processing /home/airflow/.local/lib/python3.12/site-packages/airflow/example_dags/example_branch_labels.py took 0.124 seconds
[2024-12-08T09:09:56.349+0000] {processor.py:186} INFO - Started process (PID=1475) to work on /home/airflow/.local/lib/python3.12/site-packages/airflow/example_dags/example_branch_labels.py
[2024-12-08T09:09:56.350+0000] {processor.py:914} INFO - Processing file /home/airflow/.local/lib/python3.12/site-packages/airflow/example_dags/example_branch_labels.py for tasks to queue
[2024-12-08T09:09:56.354+0000] {logging_mixin.py:190} INFO - [2024-12-08T09:09:56.353+0000] {dagbag.py:588} INFO - Filling up the DagBag from /home/airflow/.local/lib/python3.12/site-packages/airflow/example_dags/example_branch_labels.py
[2024-12-08T09:09:56.366+0000] {processor.py:925} INFO - DAG(s) 'example_branch_labels' retrieved from /home/airflow/.local/lib/python3.12/site-packages/airflow/example_dags/example_branch_labels.py
[2024-12-08T09:09:56.393+0000] {logging_mixin.py:190} INFO - [2024-12-08T09:09:56.393+0000] {dag.py:3239} INFO - Sync 1 DAGs
[2024-12-08T09:09:56.428+0000] {logging_mixin.py:190} INFO - [2024-12-08T09:09:56.428+0000] {dag.py:4180} INFO - Setting next_dagrun for example_branch_labels to 2024-12-07 00:00:00+00:00, run_after=2024-12-08 00:00:00+00:00
[2024-12-08T09:09:56.454+0000] {processor.py:208} INFO - Processing /home/airflow/.local/lib/python3.12/site-packages/airflow/example_dags/example_branch_labels.py took 0.113 seconds
[2024-12-08T09:10:26.594+0000] {processor.py:186} INFO - Started process (PID=1771) to work on /home/airflow/.local/lib/python3.12/site-packages/airflow/example_dags/example_branch_labels.py
[2024-12-08T09:10:26.596+0000] {processor.py:914} INFO - Processing file /home/airflow/.local/lib/python3.12/site-packages/airflow/example_dags/example_branch_labels.py for tasks to queue
[2024-12-08T09:10:26.600+0000] {logging_mixin.py:190} INFO - [2024-12-08T09:10:26.600+0000] {dagbag.py:588} INFO - Filling up the DagBag from /home/airflow/.local/lib/python3.12/site-packages/airflow/example_dags/example_branch_labels.py
[2024-12-08T09:10:26.618+0000] {processor.py:925} INFO - DAG(s) 'example_branch_labels' retrieved from /home/airflow/.local/lib/python3.12/site-packages/airflow/example_dags/example_branch_labels.py
[2024-12-08T09:10:26.653+0000] {logging_mixin.py:190} INFO - [2024-12-08T09:10:26.653+0000] {dag.py:3239} INFO - Sync 1 DAGs
[2024-12-08T09:10:26.697+0000] {logging_mixin.py:190} INFO - [2024-12-08T09:10:26.696+0000] {dag.py:4180} INFO - Setting next_dagrun for example_branch_labels to 2024-12-07 00:00:00+00:00, run_after=2024-12-08 00:00:00+00:00
[2024-12-08T09:10:26.734+0000] {processor.py:208} INFO - Processing /home/airflow/.local/lib/python3.12/site-packages/airflow/example_dags/example_branch_labels.py took 0.151 seconds
[2024-12-08T09:11:41.804+0000] {processor.py:186} INFO - Started process (PID=257) to work on /home/airflow/.local/lib/python3.12/site-packages/airflow/example_dags/example_branch_labels.py
[2024-12-08T09:11:41.807+0000] {processor.py:914} INFO - Processing file /home/airflow/.local/lib/python3.12/site-packages/airflow/example_dags/example_branch_labels.py for tasks to queue
[2024-12-08T09:11:41.810+0000] {logging_mixin.py:190} INFO - [2024-12-08T09:11:41.810+0000] {dagbag.py:588} INFO - Filling up the DagBag from /home/airflow/.local/lib/python3.12/site-packages/airflow/example_dags/example_branch_labels.py
[2024-12-08T09:11:41.832+0000] {processor.py:925} INFO - DAG(s) 'example_branch_labels' retrieved from /home/airflow/.local/lib/python3.12/site-packages/airflow/example_dags/example_branch_labels.py
[2024-12-08T09:11:41.879+0000] {logging_mixin.py:190} INFO - [2024-12-08T09:11:41.879+0000] {dag.py:3239} INFO - Sync 1 DAGs
[2024-12-08T09:11:41.928+0000] {logging_mixin.py:190} INFO - [2024-12-08T09:11:41.928+0000] {dag.py:4180} INFO - Setting next_dagrun for example_branch_labels to 2024-12-07 00:00:00+00:00, run_after=2024-12-08 00:00:00+00:00
[2024-12-08T09:11:41.966+0000] {processor.py:208} INFO - Processing /home/airflow/.local/lib/python3.12/site-packages/airflow/example_dags/example_branch_labels.py took 0.177 seconds
