[2024-12-08T09:07:54.444+0000] {processor.py:186} INFO - Started process (PID=323) to work on /home/airflow/.local/lib/python3.12/site-packages/airflow/example_dags/example_setup_teardown_taskflow.py
[2024-12-08T09:07:54.446+0000] {processor.py:914} INFO - Processing file /home/airflow/.local/lib/python3.12/site-packages/airflow/example_dags/example_setup_teardown_taskflow.py for tasks to queue
[2024-12-08T09:07:54.451+0000] {logging_mixin.py:190} INFO - [2024-12-08T09:07:54.450+0000] {dagbag.py:588} INFO - Filling up the DagBag from /home/airflow/.local/lib/python3.12/site-packages/airflow/example_dags/example_setup_teardown_taskflow.py
[2024-12-08T09:07:54.473+0000] {processor.py:925} INFO - DAG(s) 'example_setup_teardown_taskflow' retrieved from /home/airflow/.local/lib/python3.12/site-packages/airflow/example_dags/example_setup_teardown_taskflow.py
[2024-12-08T09:07:54.503+0000] {logging_mixin.py:190} INFO - [2024-12-08T09:07:54.503+0000] {dag.py:3239} INFO - Sync 1 DAGs
[2024-12-08T09:07:54.526+0000] {logging_mixin.py:190} INFO - [2024-12-08T09:07:54.525+0000] {dag.py:4180} INFO - Setting next_dagrun for example_setup_teardown_taskflow to None, run_after=None
[2024-12-08T09:07:54.560+0000] {processor.py:208} INFO - Processing /home/airflow/.local/lib/python3.12/site-packages/airflow/example_dags/example_setup_teardown_taskflow.py took 0.128 seconds
[2024-12-08T09:08:29.363+0000] {processor.py:186} INFO - Started process (PID=625) to work on /home/airflow/.local/lib/python3.12/site-packages/airflow/example_dags/example_setup_teardown_taskflow.py
[2024-12-08T09:08:29.366+0000] {processor.py:914} INFO - Processing file /home/airflow/.local/lib/python3.12/site-packages/airflow/example_dags/example_setup_teardown_taskflow.py for tasks to queue
[2024-12-08T09:08:29.375+0000] {logging_mixin.py:190} INFO - [2024-12-08T09:08:29.374+0000] {dagbag.py:588} INFO - Filling up the DagBag from /home/airflow/.local/lib/python3.12/site-packages/airflow/example_dags/example_setup_teardown_taskflow.py
[2024-12-08T09:08:29.405+0000] {processor.py:925} INFO - DAG(s) 'example_setup_teardown_taskflow' retrieved from /home/airflow/.local/lib/python3.12/site-packages/airflow/example_dags/example_setup_teardown_taskflow.py
[2024-12-08T09:08:29.463+0000] {logging_mixin.py:190} INFO - [2024-12-08T09:08:29.462+0000] {dag.py:3239} INFO - Sync 1 DAGs
[2024-12-08T09:08:29.508+0000] {logging_mixin.py:190} INFO - [2024-12-08T09:08:29.508+0000] {dag.py:4180} INFO - Setting next_dagrun for example_setup_teardown_taskflow to None, run_after=None
[2024-12-08T09:08:29.224+0000] {processor.py:208} INFO - Processing /home/airflow/.local/lib/python3.12/site-packages/airflow/example_dags/example_setup_teardown_taskflow.py took 0.232 seconds
[2024-12-08T09:08:59.920+0000] {processor.py:186} INFO - Started process (PID=920) to work on /home/airflow/.local/lib/python3.12/site-packages/airflow/example_dags/example_setup_teardown_taskflow.py
[2024-12-08T09:08:59.922+0000] {processor.py:914} INFO - Processing file /home/airflow/.local/lib/python3.12/site-packages/airflow/example_dags/example_setup_teardown_taskflow.py for tasks to queue
[2024-12-08T09:08:59.925+0000] {logging_mixin.py:190} INFO - [2024-12-08T09:08:59.924+0000] {dagbag.py:588} INFO - Filling up the DagBag from /home/airflow/.local/lib/python3.12/site-packages/airflow/example_dags/example_setup_teardown_taskflow.py
[2024-12-08T09:08:59.938+0000] {processor.py:925} INFO - DAG(s) 'example_setup_teardown_taskflow' retrieved from /home/airflow/.local/lib/python3.12/site-packages/airflow/example_dags/example_setup_teardown_taskflow.py
[2024-12-08T09:08:59.963+0000] {logging_mixin.py:190} INFO - [2024-12-08T09:08:59.963+0000] {dag.py:3239} INFO - Sync 1 DAGs
[2024-12-08T09:08:59.982+0000] {logging_mixin.py:190} INFO - [2024-12-08T09:08:59.982+0000] {dag.py:4180} INFO - Setting next_dagrun for example_setup_teardown_taskflow to None, run_after=None
[2024-12-08T09:09:00.008+0000] {processor.py:208} INFO - Processing /home/airflow/.local/lib/python3.12/site-packages/airflow/example_dags/example_setup_teardown_taskflow.py took 0.096 seconds
[2024-12-08T09:09:30.091+0000] {processor.py:186} INFO - Started process (PID=1217) to work on /home/airflow/.local/lib/python3.12/site-packages/airflow/example_dags/example_setup_teardown_taskflow.py
[2024-12-08T09:09:30.092+0000] {processor.py:914} INFO - Processing file /home/airflow/.local/lib/python3.12/site-packages/airflow/example_dags/example_setup_teardown_taskflow.py for tasks to queue
[2024-12-08T09:09:30.095+0000] {logging_mixin.py:190} INFO - [2024-12-08T09:09:30.094+0000] {dagbag.py:588} INFO - Filling up the DagBag from /home/airflow/.local/lib/python3.12/site-packages/airflow/example_dags/example_setup_teardown_taskflow.py
[2024-12-08T09:09:30.109+0000] {processor.py:925} INFO - DAG(s) 'example_setup_teardown_taskflow' retrieved from /home/airflow/.local/lib/python3.12/site-packages/airflow/example_dags/example_setup_teardown_taskflow.py
[2024-12-08T09:09:30.136+0000] {logging_mixin.py:190} INFO - [2024-12-08T09:09:30.136+0000] {dag.py:3239} INFO - Sync 1 DAGs
[2024-12-08T09:09:30.154+0000] {logging_mixin.py:190} INFO - [2024-12-08T09:09:30.154+0000] {dag.py:4180} INFO - Setting next_dagrun for example_setup_teardown_taskflow to None, run_after=None
[2024-12-08T09:09:30.181+0000] {processor.py:208} INFO - Processing /home/airflow/.local/lib/python3.12/site-packages/airflow/example_dags/example_setup_teardown_taskflow.py took 0.098 seconds
[2024-12-08T09:10:01.114+0000] {processor.py:186} INFO - Started process (PID=1513) to work on /home/airflow/.local/lib/python3.12/site-packages/airflow/example_dags/example_setup_teardown_taskflow.py
[2024-12-08T09:10:01.116+0000] {processor.py:914} INFO - Processing file /home/airflow/.local/lib/python3.12/site-packages/airflow/example_dags/example_setup_teardown_taskflow.py for tasks to queue
[2024-12-08T09:10:01.119+0000] {logging_mixin.py:190} INFO - [2024-12-08T09:10:01.118+0000] {dagbag.py:588} INFO - Filling up the DagBag from /home/airflow/.local/lib/python3.12/site-packages/airflow/example_dags/example_setup_teardown_taskflow.py
[2024-12-08T09:10:01.132+0000] {processor.py:925} INFO - DAG(s) 'example_setup_teardown_taskflow' retrieved from /home/airflow/.local/lib/python3.12/site-packages/airflow/example_dags/example_setup_teardown_taskflow.py
[2024-12-08T09:10:01.157+0000] {logging_mixin.py:190} INFO - [2024-12-08T09:10:01.157+0000] {dag.py:3239} INFO - Sync 1 DAGs
[2024-12-08T09:10:01.175+0000] {logging_mixin.py:190} INFO - [2024-12-08T09:10:01.175+0000] {dag.py:4180} INFO - Setting next_dagrun for example_setup_teardown_taskflow to None, run_after=None
[2024-12-08T09:10:01.202+0000] {processor.py:208} INFO - Processing /home/airflow/.local/lib/python3.12/site-packages/airflow/example_dags/example_setup_teardown_taskflow.py took 0.096 seconds
[2024-12-08T09:10:31.598+0000] {processor.py:186} INFO - Started process (PID=1806) to work on /home/airflow/.local/lib/python3.12/site-packages/airflow/example_dags/example_setup_teardown_taskflow.py
[2024-12-08T09:10:31.600+0000] {processor.py:914} INFO - Processing file /home/airflow/.local/lib/python3.12/site-packages/airflow/example_dags/example_setup_teardown_taskflow.py for tasks to queue
[2024-12-08T09:10:31.604+0000] {logging_mixin.py:190} INFO - [2024-12-08T09:10:31.604+0000] {dagbag.py:588} INFO - Filling up the DagBag from /home/airflow/.local/lib/python3.12/site-packages/airflow/example_dags/example_setup_teardown_taskflow.py
[2024-12-08T09:10:31.623+0000] {processor.py:925} INFO - DAG(s) 'example_setup_teardown_taskflow' retrieved from /home/airflow/.local/lib/python3.12/site-packages/airflow/example_dags/example_setup_teardown_taskflow.py
[2024-12-08T09:10:31.659+0000] {logging_mixin.py:190} INFO - [2024-12-08T09:10:31.658+0000] {dag.py:3239} INFO - Sync 1 DAGs
[2024-12-08T09:10:31.691+0000] {logging_mixin.py:190} INFO - [2024-12-08T09:10:31.691+0000] {dag.py:4180} INFO - Setting next_dagrun for example_setup_teardown_taskflow to None, run_after=None
[2024-12-08T09:10:31.728+0000] {processor.py:208} INFO - Processing /home/airflow/.local/lib/python3.12/site-packages/airflow/example_dags/example_setup_teardown_taskflow.py took 0.141 seconds
[2024-12-08T09:11:43.099+0000] {processor.py:186} INFO - Started process (PID=307) to work on /home/airflow/.local/lib/python3.12/site-packages/airflow/example_dags/example_setup_teardown_taskflow.py
[2024-12-08T09:11:43.100+0000] {processor.py:914} INFO - Processing file /home/airflow/.local/lib/python3.12/site-packages/airflow/example_dags/example_setup_teardown_taskflow.py for tasks to queue
[2024-12-08T09:11:43.103+0000] {logging_mixin.py:190} INFO - [2024-12-08T09:11:43.103+0000] {dagbag.py:588} INFO - Filling up the DagBag from /home/airflow/.local/lib/python3.12/site-packages/airflow/example_dags/example_setup_teardown_taskflow.py
[2024-12-08T09:11:43.118+0000] {processor.py:925} INFO - DAG(s) 'example_setup_teardown_taskflow' retrieved from /home/airflow/.local/lib/python3.12/site-packages/airflow/example_dags/example_setup_teardown_taskflow.py
[2024-12-08T09:11:43.149+0000] {logging_mixin.py:190} INFO - [2024-12-08T09:11:43.149+0000] {dag.py:3239} INFO - Sync 1 DAGs
[2024-12-08T09:11:43.171+0000] {logging_mixin.py:190} INFO - [2024-12-08T09:11:43.171+0000] {dag.py:4180} INFO - Setting next_dagrun for example_setup_teardown_taskflow to None, run_after=None
[2024-12-08T09:11:43.200+0000] {processor.py:208} INFO - Processing /home/airflow/.local/lib/python3.12/site-packages/airflow/example_dags/example_setup_teardown_taskflow.py took 0.110 seconds
