[2024-12-08T09:07:56.518+0000] {processor.py:186} INFO - Started process (PID=388) to work on /home/airflow/.local/lib/python3.12/site-packages/airflow/example_dags/tutorial.py
[2024-12-08T09:07:56.520+0000] {processor.py:914} INFO - Processing file /home/airflow/.local/lib/python3.12/site-packages/airflow/example_dags/tutorial.py for tasks to queue
[2024-12-08T09:07:56.524+0000] {logging_mixin.py:190} INFO - [2024-12-08T09:07:56.523+0000] {dagbag.py:588} INFO - Filling up the DagBag from /home/airflow/.local/lib/python3.12/site-packages/airflow/example_dags/tutorial.py
[2024-12-08T09:07:56.538+0000] {processor.py:925} INFO - DAG(s) 'tutorial' retrieved from /home/airflow/.local/lib/python3.12/site-packages/airflow/example_dags/tutorial.py
[2024-12-08T09:07:56.573+0000] {logging_mixin.py:190} INFO - [2024-12-08T09:07:56.572+0000] {dag.py:3239} INFO - Sync 1 DAGs
[2024-12-08T09:07:56.641+0000] {logging_mixin.py:190} INFO - [2024-12-08T09:07:56.641+0000] {dag.py:4180} INFO - Setting next_dagrun for tutorial to 2024-12-07 00:00:00+00:00, run_after=2024-12-08 00:00:00+00:00
[2024-12-08T09:07:56.688+0000] {processor.py:208} INFO - Processing /home/airflow/.local/lib/python3.12/site-packages/airflow/example_dags/tutorial.py took 0.181 seconds
[2024-12-08T09:08:30.826+0000] {processor.py:186} INFO - Started process (PID=692) to work on /home/airflow/.local/lib/python3.12/site-packages/airflow/example_dags/tutorial.py
[2024-12-08T09:08:30.828+0000] {processor.py:914} INFO - Processing file /home/airflow/.local/lib/python3.12/site-packages/airflow/example_dags/tutorial.py for tasks to queue
[2024-12-08T09:08:30.835+0000] {logging_mixin.py:190} INFO - [2024-12-08T09:08:30.834+0000] {dagbag.py:588} INFO - Filling up the DagBag from /home/airflow/.local/lib/python3.12/site-packages/airflow/example_dags/tutorial.py
[2024-12-08T09:08:30.857+0000] {processor.py:925} INFO - DAG(s) 'tutorial' retrieved from /home/airflow/.local/lib/python3.12/site-packages/airflow/example_dags/tutorial.py
[2024-12-08T09:08:30.905+0000] {logging_mixin.py:190} INFO - [2024-12-08T09:08:30.904+0000] {dag.py:3239} INFO - Sync 1 DAGs
[2024-12-08T09:08:30.969+0000] {logging_mixin.py:190} INFO - [2024-12-08T09:08:30.968+0000] {dag.py:4180} INFO - Setting next_dagrun for tutorial to 2024-12-07 00:00:00+00:00, run_after=2024-12-08 00:00:00+00:00
[2024-12-08T09:08:31.030+0000] {processor.py:208} INFO - Processing /home/airflow/.local/lib/python3.12/site-packages/airflow/example_dags/tutorial.py took 0.222 seconds
[2024-12-08T09:09:01.438+0000] {processor.py:186} INFO - Started process (PID=990) to work on /home/airflow/.local/lib/python3.12/site-packages/airflow/example_dags/tutorial.py
[2024-12-08T09:09:01.439+0000] {processor.py:914} INFO - Processing file /home/airflow/.local/lib/python3.12/site-packages/airflow/example_dags/tutorial.py for tasks to queue
[2024-12-08T09:09:01.443+0000] {logging_mixin.py:190} INFO - [2024-12-08T09:09:01.442+0000] {dagbag.py:588} INFO - Filling up the DagBag from /home/airflow/.local/lib/python3.12/site-packages/airflow/example_dags/tutorial.py
[2024-12-08T09:09:01.455+0000] {processor.py:925} INFO - DAG(s) 'tutorial' retrieved from /home/airflow/.local/lib/python3.12/site-packages/airflow/example_dags/tutorial.py
[2024-12-08T09:09:01.496+0000] {logging_mixin.py:190} INFO - [2024-12-08T09:09:01.495+0000] {dag.py:3239} INFO - Sync 1 DAGs
[2024-12-08T09:09:01.579+0000] {logging_mixin.py:190} INFO - [2024-12-08T09:09:01.579+0000] {dag.py:4180} INFO - Setting next_dagrun for tutorial to 2024-12-07 00:00:00+00:00, run_after=2024-12-08 00:00:00+00:00
[2024-12-08T09:09:01.627+0000] {processor.py:208} INFO - Processing /home/airflow/.local/lib/python3.12/site-packages/airflow/example_dags/tutorial.py took 0.197 seconds
[2024-12-08T09:09:31.832+0000] {processor.py:186} INFO - Started process (PID=1287) to work on /home/airflow/.local/lib/python3.12/site-packages/airflow/example_dags/tutorial.py
[2024-12-08T09:09:31.834+0000] {processor.py:914} INFO - Processing file /home/airflow/.local/lib/python3.12/site-packages/airflow/example_dags/tutorial.py for tasks to queue
[2024-12-08T09:09:31.836+0000] {logging_mixin.py:190} INFO - [2024-12-08T09:09:31.836+0000] {dagbag.py:588} INFO - Filling up the DagBag from /home/airflow/.local/lib/python3.12/site-packages/airflow/example_dags/tutorial.py
[2024-12-08T09:09:31.846+0000] {processor.py:925} INFO - DAG(s) 'tutorial' retrieved from /home/airflow/.local/lib/python3.12/site-packages/airflow/example_dags/tutorial.py
[2024-12-08T09:09:31.869+0000] {logging_mixin.py:190} INFO - [2024-12-08T09:09:31.869+0000] {dag.py:3239} INFO - Sync 1 DAGs
[2024-12-08T09:09:31.897+0000] {logging_mixin.py:190} INFO - [2024-12-08T09:09:31.896+0000] {dag.py:4180} INFO - Setting next_dagrun for tutorial to 2024-12-07 00:00:00+00:00, run_after=2024-12-08 00:00:00+00:00
[2024-12-08T09:09:31.922+0000] {processor.py:208} INFO - Processing /home/airflow/.local/lib/python3.12/site-packages/airflow/example_dags/tutorial.py took 0.097 seconds
[2024-12-08T09:10:02.783+0000] {processor.py:186} INFO - Started process (PID=1583) to work on /home/airflow/.local/lib/python3.12/site-packages/airflow/example_dags/tutorial.py
[2024-12-08T09:10:02.784+0000] {processor.py:914} INFO - Processing file /home/airflow/.local/lib/python3.12/site-packages/airflow/example_dags/tutorial.py for tasks to queue
[2024-12-08T09:10:02.788+0000] {logging_mixin.py:190} INFO - [2024-12-08T09:10:02.787+0000] {dagbag.py:588} INFO - Filling up the DagBag from /home/airflow/.local/lib/python3.12/site-packages/airflow/example_dags/tutorial.py
[2024-12-08T09:10:02.799+0000] {processor.py:925} INFO - DAG(s) 'tutorial' retrieved from /home/airflow/.local/lib/python3.12/site-packages/airflow/example_dags/tutorial.py
[2024-12-08T09:10:02.822+0000] {logging_mixin.py:190} INFO - [2024-12-08T09:10:02.821+0000] {dag.py:3239} INFO - Sync 1 DAGs
[2024-12-08T09:10:02.849+0000] {logging_mixin.py:190} INFO - [2024-12-08T09:10:02.849+0000] {dag.py:4180} INFO - Setting next_dagrun for tutorial to 2024-12-07 00:00:00+00:00, run_after=2024-12-08 00:00:00+00:00
[2024-12-08T09:10:02.872+0000] {processor.py:208} INFO - Processing /home/airflow/.local/lib/python3.12/site-packages/airflow/example_dags/tutorial.py took 0.098 seconds
[2024-12-08T09:10:34.853+0000] {processor.py:186} INFO - Started process (PID=1879) to work on /home/airflow/.local/lib/python3.12/site-packages/airflow/example_dags/tutorial.py
[2024-12-08T09:10:34.855+0000] {processor.py:914} INFO - Processing file /home/airflow/.local/lib/python3.12/site-packages/airflow/example_dags/tutorial.py for tasks to queue
[2024-12-08T09:10:34.858+0000] {logging_mixin.py:190} INFO - [2024-12-08T09:10:34.858+0000] {dagbag.py:588} INFO - Filling up the DagBag from /home/airflow/.local/lib/python3.12/site-packages/airflow/example_dags/tutorial.py
[2024-12-08T09:10:34.873+0000] {processor.py:925} INFO - DAG(s) 'tutorial' retrieved from /home/airflow/.local/lib/python3.12/site-packages/airflow/example_dags/tutorial.py
[2024-12-08T09:10:34.899+0000] {logging_mixin.py:190} INFO - [2024-12-08T09:10:34.899+0000] {dag.py:3239} INFO - Sync 1 DAGs
[2024-12-08T09:10:34.930+0000] {logging_mixin.py:190} INFO - [2024-12-08T09:10:34.930+0000] {dag.py:4180} INFO - Setting next_dagrun for tutorial to 2024-12-07 00:00:00+00:00, run_after=2024-12-08 00:00:00+00:00
[2024-12-08T09:10:34.955+0000] {processor.py:208} INFO - Processing /home/airflow/.local/lib/python3.12/site-packages/airflow/example_dags/tutorial.py took 0.110 seconds
[2024-12-08T09:11:45.574+0000] {processor.py:186} INFO - Started process (PID=374) to work on /home/airflow/.local/lib/python3.12/site-packages/airflow/example_dags/tutorial.py
[2024-12-08T09:11:45.575+0000] {processor.py:914} INFO - Processing file /home/airflow/.local/lib/python3.12/site-packages/airflow/example_dags/tutorial.py for tasks to queue
[2024-12-08T09:11:45.579+0000] {logging_mixin.py:190} INFO - [2024-12-08T09:11:45.578+0000] {dagbag.py:588} INFO - Filling up the DagBag from /home/airflow/.local/lib/python3.12/site-packages/airflow/example_dags/tutorial.py
[2024-12-08T09:11:45.591+0000] {processor.py:925} INFO - DAG(s) 'tutorial' retrieved from /home/airflow/.local/lib/python3.12/site-packages/airflow/example_dags/tutorial.py
[2024-12-08T09:11:45.619+0000] {logging_mixin.py:190} INFO - [2024-12-08T09:11:45.619+0000] {dag.py:3239} INFO - Sync 1 DAGs
[2024-12-08T09:11:45.650+0000] {logging_mixin.py:190} INFO - [2024-12-08T09:11:45.650+0000] {dag.py:4180} INFO - Setting next_dagrun for tutorial to 2024-12-07 00:00:00+00:00, run_after=2024-12-08 00:00:00+00:00
[2024-12-08T09:11:45.677+0000] {processor.py:208} INFO - Processing /home/airflow/.local/lib/python3.12/site-packages/airflow/example_dags/tutorial.py took 0.111 seconds
