[2024-12-09T05:58:10.787+0000] {processor.py:186} INFO - Started process (PID=220) to work on /home/airflow/.local/lib/python3.12/site-packages/airflow/example_dags/example_datasets.py
[2024-12-09T05:58:10.789+0000] {processor.py:914} INFO - Processing file /home/airflow/.local/lib/python3.12/site-packages/airflow/example_dags/example_datasets.py for tasks to queue
[2024-12-09T05:58:10.793+0000] {logging_mixin.py:190} INFO - [2024-12-09T05:58:10.792+0000] {dagbag.py:588} INFO - Filling up the DagBag from /home/airflow/.local/lib/python3.12/site-packages/airflow/example_dags/example_datasets.py
[2024-12-09T05:58:14.025+0000] {processor.py:925} INFO - DAG(s) 'dataset_produces_1', 'dataset_consumes_1_never_scheduled', 'consume_1_or_both_2_and_3_with_dataset_expressions', 'consume_1_and_2_with_dataset_expressions', 'dataset_consumes_unknown_never_scheduled', 'dataset_consumes_1_and_2', 'conditional_dataset_and_time_based_timetable', 'dataset_consumes_1', 'dataset_produces_2', 'consume_1_or_2_with_dataset_expressions' retrieved from /home/airflow/.local/lib/python3.12/site-packages/airflow/example_dags/example_datasets.py
[2024-12-09T05:58:14.240+0000] {logging_mixin.py:190} INFO - [2024-12-09T05:58:14.240+0000] {dag.py:3239} INFO - Sync 10 DAGs
[2024-12-09T05:58:14.313+0000] {logging_mixin.py:190} INFO - [2024-12-09T05:58:14.312+0000] {dag.py:4180} INFO - Setting next_dagrun for conditional_dataset_and_time_based_timetable to 2024-12-04 01:00:00+00:00, run_after=2024-12-04 01:00:00+00:00
[2024-12-09T05:58:14.328+0000] {logging_mixin.py:190} INFO - [2024-12-09T05:58:14.327+0000] {dag.py:4180} INFO - Setting next_dagrun for consume_1_and_2_with_dataset_expressions to None, run_after=None
[2024-12-09T05:58:14.333+0000] {logging_mixin.py:190} INFO - [2024-12-09T05:58:14.332+0000] {dag.py:4180} INFO - Setting next_dagrun for consume_1_or_2_with_dataset_expressions to None, run_after=None
[2024-12-09T05:58:14.337+0000] {logging_mixin.py:190} INFO - [2024-12-09T05:58:14.336+0000] {dag.py:4180} INFO - Setting next_dagrun for consume_1_or_both_2_and_3_with_dataset_expressions to None, run_after=None
[2024-12-09T05:58:14.343+0000] {logging_mixin.py:190} INFO - [2024-12-09T05:58:14.342+0000] {dag.py:4180} INFO - Setting next_dagrun for dataset_consumes_1 to None, run_after=None
[2024-12-09T05:58:14.349+0000] {logging_mixin.py:190} INFO - [2024-12-09T05:58:14.348+0000] {dag.py:4180} INFO - Setting next_dagrun for dataset_consumes_1_and_2 to None, run_after=None
[2024-12-09T05:58:14.354+0000] {logging_mixin.py:190} INFO - [2024-12-09T05:58:14.354+0000] {dag.py:4180} INFO - Setting next_dagrun for dataset_consumes_1_never_scheduled to None, run_after=None
[2024-12-09T05:58:14.364+0000] {logging_mixin.py:190} INFO - [2024-12-09T05:58:14.364+0000] {dag.py:4180} INFO - Setting next_dagrun for dataset_consumes_unknown_never_scheduled to None, run_after=None
[2024-12-09T05:58:14.372+0000] {logging_mixin.py:190} INFO - [2024-12-09T05:58:14.371+0000] {dag.py:4180} INFO - Setting next_dagrun for dataset_produces_1 to 2024-12-08 00:00:00+00:00, run_after=2024-12-09 00:00:00+00:00
[2024-12-09T05:58:14.376+0000] {logging_mixin.py:190} INFO - [2024-12-09T05:58:14.375+0000] {dag.py:4180} INFO - Setting next_dagrun for dataset_produces_2 to None, run_after=None
[2024-12-09T05:58:14.455+0000] {processor.py:208} INFO - Processing /home/airflow/.local/lib/python3.12/site-packages/airflow/example_dags/example_datasets.py took 4.230 seconds
[2024-12-09T05:58:44.596+0000] {processor.py:186} INFO - Started process (PID=559) to work on /home/airflow/.local/lib/python3.12/site-packages/airflow/example_dags/example_datasets.py
[2024-12-09T05:58:44.599+0000] {processor.py:914} INFO - Processing file /home/airflow/.local/lib/python3.12/site-packages/airflow/example_dags/example_datasets.py for tasks to queue
[2024-12-09T05:58:44.605+0000] {logging_mixin.py:190} INFO - [2024-12-09T05:58:44.604+0000] {dagbag.py:588} INFO - Filling up the DagBag from /home/airflow/.local/lib/python3.12/site-packages/airflow/example_dags/example_datasets.py
[2024-12-09T05:58:48.535+0000] {processor.py:925} INFO - DAG(s) 'dataset_consumes_1_and_2', 'consume_1_or_both_2_and_3_with_dataset_expressions', 'dataset_consumes_1_never_scheduled', 'dataset_produces_1', 'dataset_produces_2', 'conditional_dataset_and_time_based_timetable', 'dataset_consumes_unknown_never_scheduled', 'consume_1_or_2_with_dataset_expressions', 'dataset_consumes_1', 'consume_1_and_2_with_dataset_expressions' retrieved from /home/airflow/.local/lib/python3.12/site-packages/airflow/example_dags/example_datasets.py
[2024-12-09T05:58:48.712+0000] {logging_mixin.py:190} INFO - [2024-12-09T05:58:48.711+0000] {dag.py:3239} INFO - Sync 10 DAGs
[2024-12-09T05:58:48.840+0000] {logging_mixin.py:190} INFO - [2024-12-09T05:58:48.839+0000] {dag.py:4180} INFO - Setting next_dagrun for conditional_dataset_and_time_based_timetable to 2024-12-04 01:00:00+00:00, run_after=2024-12-04 01:00:00+00:00
[2024-12-09T05:58:48.857+0000] {logging_mixin.py:190} INFO - [2024-12-09T05:58:48.856+0000] {dag.py:4180} INFO - Setting next_dagrun for consume_1_and_2_with_dataset_expressions to None, run_after=None
[2024-12-09T05:58:48.863+0000] {logging_mixin.py:190} INFO - [2024-12-09T05:58:48.862+0000] {dag.py:4180} INFO - Setting next_dagrun for consume_1_or_2_with_dataset_expressions to None, run_after=None
[2024-12-09T05:58:48.867+0000] {logging_mixin.py:190} INFO - [2024-12-09T05:58:48.867+0000] {dag.py:4180} INFO - Setting next_dagrun for consume_1_or_both_2_and_3_with_dataset_expressions to None, run_after=None
[2024-12-09T05:58:48.873+0000] {logging_mixin.py:190} INFO - [2024-12-09T05:58:48.873+0000] {dag.py:4180} INFO - Setting next_dagrun for dataset_consumes_1 to None, run_after=None
[2024-12-09T05:58:48.882+0000] {logging_mixin.py:190} INFO - [2024-12-09T05:58:48.882+0000] {dag.py:4180} INFO - Setting next_dagrun for dataset_consumes_1_and_2 to None, run_after=None
[2024-12-09T05:58:48.888+0000] {logging_mixin.py:190} INFO - [2024-12-09T05:58:48.888+0000] {dag.py:4180} INFO - Setting next_dagrun for dataset_consumes_1_never_scheduled to None, run_after=None
[2024-12-09T05:58:48.893+0000] {logging_mixin.py:190} INFO - [2024-12-09T05:58:48.892+0000] {dag.py:4180} INFO - Setting next_dagrun for dataset_consumes_unknown_never_scheduled to None, run_after=None
[2024-12-09T05:58:48.916+0000] {logging_mixin.py:190} INFO - [2024-12-09T05:58:48.915+0000] {dag.py:4180} INFO - Setting next_dagrun for dataset_produces_1 to 2024-12-08 00:00:00+00:00, run_after=2024-12-09 00:00:00+00:00
[2024-12-09T05:58:48.933+0000] {logging_mixin.py:190} INFO - [2024-12-09T05:58:48.933+0000] {dag.py:4180} INFO - Setting next_dagrun for dataset_produces_2 to None, run_after=None
[2024-12-09T05:58:49.028+0000] {processor.py:208} INFO - Processing /home/airflow/.local/lib/python3.12/site-packages/airflow/example_dags/example_datasets.py took 4.446 seconds
[2024-12-09T05:59:19.362+0000] {processor.py:186} INFO - Started process (PID=873) to work on /home/airflow/.local/lib/python3.12/site-packages/airflow/example_dags/example_datasets.py
[2024-12-09T05:59:19.363+0000] {processor.py:914} INFO - Processing file /home/airflow/.local/lib/python3.12/site-packages/airflow/example_dags/example_datasets.py for tasks to queue
[2024-12-09T05:59:19.366+0000] {logging_mixin.py:190} INFO - [2024-12-09T05:59:19.366+0000] {dagbag.py:588} INFO - Filling up the DagBag from /home/airflow/.local/lib/python3.12/site-packages/airflow/example_dags/example_datasets.py
[2024-12-09T05:59:20.236+0000] {processor.py:925} INFO - DAG(s) 'dataset_consumes_1_and_2', 'dataset_consumes_unknown_never_scheduled', 'consume_1_and_2_with_dataset_expressions', 'dataset_consumes_1_never_scheduled', 'consume_1_or_both_2_and_3_with_dataset_expressions', 'conditional_dataset_and_time_based_timetable', 'dataset_produces_2', 'dataset_consumes_1', 'consume_1_or_2_with_dataset_expressions', 'dataset_produces_1' retrieved from /home/airflow/.local/lib/python3.12/site-packages/airflow/example_dags/example_datasets.py
[2024-12-09T05:59:20.290+0000] {logging_mixin.py:190} INFO - [2024-12-09T05:59:20.289+0000] {dag.py:3239} INFO - Sync 10 DAGs
[2024-12-09T05:59:20.320+0000] {logging_mixin.py:190} INFO - [2024-12-09T05:59:20.319+0000] {dag.py:4180} INFO - Setting next_dagrun for conditional_dataset_and_time_based_timetable to 2024-12-04 01:00:00+00:00, run_after=2024-12-04 01:00:00+00:00
[2024-12-09T05:59:20.325+0000] {logging_mixin.py:190} INFO - [2024-12-09T05:59:20.324+0000] {dag.py:4180} INFO - Setting next_dagrun for consume_1_and_2_with_dataset_expressions to None, run_after=None
[2024-12-09T05:59:20.327+0000] {logging_mixin.py:190} INFO - [2024-12-09T05:59:20.327+0000] {dag.py:4180} INFO - Setting next_dagrun for consume_1_or_2_with_dataset_expressions to None, run_after=None
[2024-12-09T05:59:20.329+0000] {logging_mixin.py:190} INFO - [2024-12-09T05:59:20.329+0000] {dag.py:4180} INFO - Setting next_dagrun for consume_1_or_both_2_and_3_with_dataset_expressions to None, run_after=None
[2024-12-09T05:59:20.331+0000] {logging_mixin.py:190} INFO - [2024-12-09T05:59:20.331+0000] {dag.py:4180} INFO - Setting next_dagrun for dataset_consumes_1 to None, run_after=None
[2024-12-09T05:59:20.333+0000] {logging_mixin.py:190} INFO - [2024-12-09T05:59:20.333+0000] {dag.py:4180} INFO - Setting next_dagrun for dataset_consumes_1_and_2 to None, run_after=None
[2024-12-09T05:59:20.335+0000] {logging_mixin.py:190} INFO - [2024-12-09T05:59:20.335+0000] {dag.py:4180} INFO - Setting next_dagrun for dataset_consumes_1_never_scheduled to None, run_after=None
[2024-12-09T05:59:20.339+0000] {logging_mixin.py:190} INFO - [2024-12-09T05:59:20.338+0000] {dag.py:4180} INFO - Setting next_dagrun for dataset_consumes_unknown_never_scheduled to None, run_after=None
[2024-12-09T05:59:20.343+0000] {logging_mixin.py:190} INFO - [2024-12-09T05:59:20.342+0000] {dag.py:4180} INFO - Setting next_dagrun for dataset_produces_1 to 2024-12-08 00:00:00+00:00, run_after=2024-12-09 00:00:00+00:00
[2024-12-09T05:59:20.345+0000] {logging_mixin.py:190} INFO - [2024-12-09T05:59:20.344+0000] {dag.py:4180} INFO - Setting next_dagrun for dataset_produces_2 to None, run_after=None
[2024-12-09T05:59:20.389+0000] {processor.py:208} INFO - Processing /home/airflow/.local/lib/python3.12/site-packages/airflow/example_dags/example_datasets.py took 1.034 seconds
[2024-12-09T05:59:50.605+0000] {processor.py:186} INFO - Started process (PID=1178) to work on /home/airflow/.local/lib/python3.12/site-packages/airflow/example_dags/example_datasets.py
[2024-12-09T05:59:50.606+0000] {processor.py:914} INFO - Processing file /home/airflow/.local/lib/python3.12/site-packages/airflow/example_dags/example_datasets.py for tasks to queue
[2024-12-09T05:59:50.609+0000] {logging_mixin.py:190} INFO - [2024-12-09T05:59:50.608+0000] {dagbag.py:588} INFO - Filling up the DagBag from /home/airflow/.local/lib/python3.12/site-packages/airflow/example_dags/example_datasets.py
[2024-12-09T05:59:51.386+0000] {processor.py:925} INFO - DAG(s) 'dataset_produces_1', 'consume_1_and_2_with_dataset_expressions', 'dataset_produces_2', 'consume_1_or_both_2_and_3_with_dataset_expressions', 'conditional_dataset_and_time_based_timetable', 'dataset_consumes_1_never_scheduled', 'dataset_consumes_1', 'dataset_consumes_1_and_2', 'dataset_consumes_unknown_never_scheduled', 'consume_1_or_2_with_dataset_expressions' retrieved from /home/airflow/.local/lib/python3.12/site-packages/airflow/example_dags/example_datasets.py
[2024-12-09T05:59:51.430+0000] {logging_mixin.py:190} INFO - [2024-12-09T05:59:51.430+0000] {dag.py:3239} INFO - Sync 10 DAGs
[2024-12-09T05:59:51.454+0000] {logging_mixin.py:190} INFO - [2024-12-09T05:59:51.454+0000] {dag.py:4180} INFO - Setting next_dagrun for conditional_dataset_and_time_based_timetable to 2024-12-04 01:00:00+00:00, run_after=2024-12-04 01:00:00+00:00
[2024-12-09T05:59:51.459+0000] {logging_mixin.py:190} INFO - [2024-12-09T05:59:51.459+0000] {dag.py:4180} INFO - Setting next_dagrun for consume_1_and_2_with_dataset_expressions to None, run_after=None
[2024-12-09T05:59:51.461+0000] {logging_mixin.py:190} INFO - [2024-12-09T05:59:51.461+0000] {dag.py:4180} INFO - Setting next_dagrun for consume_1_or_2_with_dataset_expressions to None, run_after=None
[2024-12-09T05:59:51.463+0000] {logging_mixin.py:190} INFO - [2024-12-09T05:59:51.463+0000] {dag.py:4180} INFO - Setting next_dagrun for consume_1_or_both_2_and_3_with_dataset_expressions to None, run_after=None
[2024-12-09T05:59:51.465+0000] {logging_mixin.py:190} INFO - [2024-12-09T05:59:51.465+0000] {dag.py:4180} INFO - Setting next_dagrun for dataset_consumes_1 to None, run_after=None
[2024-12-09T05:59:51.467+0000] {logging_mixin.py:190} INFO - [2024-12-09T05:59:51.467+0000] {dag.py:4180} INFO - Setting next_dagrun for dataset_consumes_1_and_2 to None, run_after=None
[2024-12-09T05:59:51.469+0000] {logging_mixin.py:190} INFO - [2024-12-09T05:59:51.469+0000] {dag.py:4180} INFO - Setting next_dagrun for dataset_consumes_1_never_scheduled to None, run_after=None
[2024-12-09T05:59:51.471+0000] {logging_mixin.py:190} INFO - [2024-12-09T05:59:51.471+0000] {dag.py:4180} INFO - Setting next_dagrun for dataset_consumes_unknown_never_scheduled to None, run_after=None
[2024-12-09T05:59:51.475+0000] {logging_mixin.py:190} INFO - [2024-12-09T05:59:51.475+0000] {dag.py:4180} INFO - Setting next_dagrun for dataset_produces_1 to 2024-12-08 00:00:00+00:00, run_after=2024-12-09 00:00:00+00:00
[2024-12-09T05:59:51.477+0000] {logging_mixin.py:190} INFO - [2024-12-09T05:59:51.477+0000] {dag.py:4180} INFO - Setting next_dagrun for dataset_produces_2 to None, run_after=None
[2024-12-09T05:59:51.521+0000] {processor.py:208} INFO - Processing /home/airflow/.local/lib/python3.12/site-packages/airflow/example_dags/example_datasets.py took 0.923 seconds
[2024-12-09T06:00:22.277+0000] {processor.py:186} INFO - Started process (PID=1495) to work on /home/airflow/.local/lib/python3.12/site-packages/airflow/example_dags/example_datasets.py
[2024-12-09T06:00:22.278+0000] {processor.py:914} INFO - Processing file /home/airflow/.local/lib/python3.12/site-packages/airflow/example_dags/example_datasets.py for tasks to queue
[2024-12-09T06:00:22.281+0000] {logging_mixin.py:190} INFO - [2024-12-09T06:00:22.281+0000] {dagbag.py:588} INFO - Filling up the DagBag from /home/airflow/.local/lib/python3.12/site-packages/airflow/example_dags/example_datasets.py
[2024-12-09T06:00:23.064+0000] {processor.py:925} INFO - DAG(s) 'dataset_consumes_1', 'dataset_consumes_unknown_never_scheduled', 'consume_1_and_2_with_dataset_expressions', 'dataset_consumes_1_and_2', 'conditional_dataset_and_time_based_timetable', 'consume_1_or_2_with_dataset_expressions', 'consume_1_or_both_2_and_3_with_dataset_expressions', 'dataset_consumes_1_never_scheduled', 'dataset_produces_1', 'dataset_produces_2' retrieved from /home/airflow/.local/lib/python3.12/site-packages/airflow/example_dags/example_datasets.py
[2024-12-09T06:00:23.118+0000] {logging_mixin.py:190} INFO - [2024-12-09T06:00:23.117+0000] {dag.py:3239} INFO - Sync 10 DAGs
[2024-12-09T06:00:23.149+0000] {logging_mixin.py:190} INFO - [2024-12-09T06:00:23.149+0000] {dag.py:4180} INFO - Setting next_dagrun for conditional_dataset_and_time_based_timetable to 2024-12-04 01:00:00+00:00, run_after=2024-12-04 01:00:00+00:00
[2024-12-09T06:00:23.155+0000] {logging_mixin.py:190} INFO - [2024-12-09T06:00:23.155+0000] {dag.py:4180} INFO - Setting next_dagrun for consume_1_and_2_with_dataset_expressions to None, run_after=None
[2024-12-09T06:00:23.157+0000] {logging_mixin.py:190} INFO - [2024-12-09T06:00:23.157+0000] {dag.py:4180} INFO - Setting next_dagrun for consume_1_or_2_with_dataset_expressions to None, run_after=None
[2024-12-09T06:00:23.159+0000] {logging_mixin.py:190} INFO - [2024-12-09T06:00:23.159+0000] {dag.py:4180} INFO - Setting next_dagrun for consume_1_or_both_2_and_3_with_dataset_expressions to None, run_after=None
[2024-12-09T06:00:23.162+0000] {logging_mixin.py:190} INFO - [2024-12-09T06:00:23.162+0000] {dag.py:4180} INFO - Setting next_dagrun for dataset_consumes_1 to None, run_after=None
[2024-12-09T06:00:23.165+0000] {logging_mixin.py:190} INFO - [2024-12-09T06:00:23.164+0000] {dag.py:4180} INFO - Setting next_dagrun for dataset_consumes_1_and_2 to None, run_after=None
[2024-12-09T06:00:23.168+0000] {logging_mixin.py:190} INFO - [2024-12-09T06:00:23.167+0000] {dag.py:4180} INFO - Setting next_dagrun for dataset_consumes_1_never_scheduled to None, run_after=None
[2024-12-09T06:00:23.170+0000] {logging_mixin.py:190} INFO - [2024-12-09T06:00:23.170+0000] {dag.py:4180} INFO - Setting next_dagrun for dataset_consumes_unknown_never_scheduled to None, run_after=None
[2024-12-09T06:00:23.173+0000] {logging_mixin.py:190} INFO - [2024-12-09T06:00:23.173+0000] {dag.py:4180} INFO - Setting next_dagrun for dataset_produces_1 to 2024-12-08 00:00:00+00:00, run_after=2024-12-09 00:00:00+00:00
[2024-12-09T06:00:23.175+0000] {logging_mixin.py:190} INFO - [2024-12-09T06:00:23.175+0000] {dag.py:4180} INFO - Setting next_dagrun for dataset_produces_2 to None, run_after=None
[2024-12-09T06:00:23.222+0000] {processor.py:208} INFO - Processing /home/airflow/.local/lib/python3.12/site-packages/airflow/example_dags/example_datasets.py took 0.952 seconds
[2024-12-09T06:00:54.008+0000] {processor.py:186} INFO - Started process (PID=1810) to work on /home/airflow/.local/lib/python3.12/site-packages/airflow/example_dags/example_datasets.py
[2024-12-09T06:00:54.010+0000] {processor.py:914} INFO - Processing file /home/airflow/.local/lib/python3.12/site-packages/airflow/example_dags/example_datasets.py for tasks to queue
[2024-12-09T06:00:54.014+0000] {logging_mixin.py:190} INFO - [2024-12-09T06:00:54.013+0000] {dagbag.py:588} INFO - Filling up the DagBag from /home/airflow/.local/lib/python3.12/site-packages/airflow/example_dags/example_datasets.py
[2024-12-09T06:00:54.770+0000] {processor.py:925} INFO - DAG(s) 'dataset_produces_1', 'consume_1_or_2_with_dataset_expressions', 'dataset_produces_2', 'dataset_consumes_1', 'dataset_consumes_1_and_2', 'conditional_dataset_and_time_based_timetable', 'consume_1_and_2_with_dataset_expressions', 'consume_1_or_both_2_and_3_with_dataset_expressions', 'dataset_consumes_1_never_scheduled', 'dataset_consumes_unknown_never_scheduled' retrieved from /home/airflow/.local/lib/python3.12/site-packages/airflow/example_dags/example_datasets.py
[2024-12-09T06:00:54.829+0000] {logging_mixin.py:190} INFO - [2024-12-09T06:00:54.829+0000] {dag.py:3239} INFO - Sync 10 DAGs
[2024-12-09T06:00:54.864+0000] {logging_mixin.py:190} INFO - [2024-12-09T06:00:54.863+0000] {dag.py:4180} INFO - Setting next_dagrun for conditional_dataset_and_time_based_timetable to 2024-12-04 01:00:00+00:00, run_after=2024-12-04 01:00:00+00:00
[2024-12-09T06:00:54.869+0000] {logging_mixin.py:190} INFO - [2024-12-09T06:00:54.868+0000] {dag.py:4180} INFO - Setting next_dagrun for consume_1_and_2_with_dataset_expressions to None, run_after=None
[2024-12-09T06:00:54.871+0000] {logging_mixin.py:190} INFO - [2024-12-09T06:00:54.871+0000] {dag.py:4180} INFO - Setting next_dagrun for consume_1_or_2_with_dataset_expressions to None, run_after=None
[2024-12-09T06:00:54.873+0000] {logging_mixin.py:190} INFO - [2024-12-09T06:00:54.873+0000] {dag.py:4180} INFO - Setting next_dagrun for consume_1_or_both_2_and_3_with_dataset_expressions to None, run_after=None
[2024-12-09T06:00:54.876+0000] {logging_mixin.py:190} INFO - [2024-12-09T06:00:54.876+0000] {dag.py:4180} INFO - Setting next_dagrun for dataset_consumes_1 to None, run_after=None
[2024-12-09T06:00:54.879+0000] {logging_mixin.py:190} INFO - [2024-12-09T06:00:54.879+0000] {dag.py:4180} INFO - Setting next_dagrun for dataset_consumes_1_and_2 to None, run_after=None
[2024-12-09T06:00:54.881+0000] {logging_mixin.py:190} INFO - [2024-12-09T06:00:54.881+0000] {dag.py:4180} INFO - Setting next_dagrun for dataset_consumes_1_never_scheduled to None, run_after=None
[2024-12-09T06:00:54.883+0000] {logging_mixin.py:190} INFO - [2024-12-09T06:00:54.883+0000] {dag.py:4180} INFO - Setting next_dagrun for dataset_consumes_unknown_never_scheduled to None, run_after=None
[2024-12-09T06:00:54.887+0000] {logging_mixin.py:190} INFO - [2024-12-09T06:00:54.887+0000] {dag.py:4180} INFO - Setting next_dagrun for dataset_produces_1 to 2024-12-08 00:00:00+00:00, run_after=2024-12-09 00:00:00+00:00
[2024-12-09T06:00:54.889+0000] {logging_mixin.py:190} INFO - [2024-12-09T06:00:54.889+0000] {dag.py:4180} INFO - Setting next_dagrun for dataset_produces_2 to None, run_after=None
[2024-12-09T06:00:54.937+0000] {processor.py:208} INFO - Processing /home/airflow/.local/lib/python3.12/site-packages/airflow/example_dags/example_datasets.py took 0.955 seconds
[2024-12-09T06:01:25.397+0000] {processor.py:186} INFO - Started process (PID=2106) to work on /home/airflow/.local/lib/python3.12/site-packages/airflow/example_dags/example_datasets.py
[2024-12-09T06:01:25.402+0000] {processor.py:914} INFO - Processing file /home/airflow/.local/lib/python3.12/site-packages/airflow/example_dags/example_datasets.py for tasks to queue
[2024-12-09T06:01:25.406+0000] {logging_mixin.py:190} INFO - [2024-12-09T06:01:25.405+0000] {dagbag.py:588} INFO - Filling up the DagBag from /home/airflow/.local/lib/python3.12/site-packages/airflow/example_dags/example_datasets.py
[2024-12-09T06:01:27.162+0000] {processor.py:925} INFO - DAG(s) 'consume_1_or_2_with_dataset_expressions', 'dataset_consumes_1', 'dataset_consumes_unknown_never_scheduled', 'conditional_dataset_and_time_based_timetable', 'dataset_consumes_1_never_scheduled', 'dataset_produces_1', 'consume_1_or_both_2_and_3_with_dataset_expressions', 'dataset_consumes_1_and_2', 'dataset_produces_2', 'consume_1_and_2_with_dataset_expressions' retrieved from /home/airflow/.local/lib/python3.12/site-packages/airflow/example_dags/example_datasets.py
[2024-12-09T06:01:27.286+0000] {logging_mixin.py:190} INFO - [2024-12-09T06:01:27.286+0000] {dag.py:3239} INFO - Sync 10 DAGs
[2024-12-09T06:01:27.394+0000] {logging_mixin.py:190} INFO - [2024-12-09T06:01:27.394+0000] {dag.py:4180} INFO - Setting next_dagrun for conditional_dataset_and_time_based_timetable to 2024-12-04 01:00:00+00:00, run_after=2024-12-04 01:00:00+00:00
[2024-12-09T06:01:27.414+0000] {logging_mixin.py:190} INFO - [2024-12-09T06:01:27.413+0000] {dag.py:4180} INFO - Setting next_dagrun for consume_1_and_2_with_dataset_expressions to None, run_after=None
[2024-12-09T06:01:27.419+0000] {logging_mixin.py:190} INFO - [2024-12-09T06:01:27.418+0000] {dag.py:4180} INFO - Setting next_dagrun for consume_1_or_2_with_dataset_expressions to None, run_after=None
[2024-12-09T06:01:27.425+0000] {logging_mixin.py:190} INFO - [2024-12-09T06:01:27.424+0000] {dag.py:4180} INFO - Setting next_dagrun for consume_1_or_both_2_and_3_with_dataset_expressions to None, run_after=None
[2024-12-09T06:01:27.429+0000] {logging_mixin.py:190} INFO - [2024-12-09T06:01:27.429+0000] {dag.py:4180} INFO - Setting next_dagrun for dataset_consumes_1 to None, run_after=None
[2024-12-09T06:01:27.432+0000] {logging_mixin.py:190} INFO - [2024-12-09T06:01:27.431+0000] {dag.py:4180} INFO - Setting next_dagrun for dataset_consumes_1_and_2 to None, run_after=None
[2024-12-09T06:01:27.435+0000] {logging_mixin.py:190} INFO - [2024-12-09T06:01:27.435+0000] {dag.py:4180} INFO - Setting next_dagrun for dataset_consumes_1_never_scheduled to None, run_after=None
[2024-12-09T06:01:27.440+0000] {logging_mixin.py:190} INFO - [2024-12-09T06:01:27.439+0000] {dag.py:4180} INFO - Setting next_dagrun for dataset_consumes_unknown_never_scheduled to None, run_after=None
[2024-12-09T06:01:27.448+0000] {logging_mixin.py:190} INFO - [2024-12-09T06:01:27.447+0000] {dag.py:4180} INFO - Setting next_dagrun for dataset_produces_1 to 2024-12-08 00:00:00+00:00, run_after=2024-12-09 00:00:00+00:00
[2024-12-09T06:01:27.451+0000] {logging_mixin.py:190} INFO - [2024-12-09T06:01:27.451+0000] {dag.py:4180} INFO - Setting next_dagrun for dataset_produces_2 to None, run_after=None
[2024-12-09T06:01:27.520+0000] {processor.py:208} INFO - Processing /home/airflow/.local/lib/python3.12/site-packages/airflow/example_dags/example_datasets.py took 2.136 seconds
