[2024-12-09T05:58:23.621+0000] {processor.py:186} INFO - Started process (PID=446) to work on /home/airflow/.local/lib/python3.12/site-packages/airflow/example_dags/example_python_operator.py
[2024-12-09T05:58:23.625+0000] {processor.py:914} INFO - Processing file /home/airflow/.local/lib/python3.12/site-packages/airflow/example_dags/example_python_operator.py for tasks to queue
[2024-12-09T05:58:23.634+0000] {logging_mixin.py:190} INFO - [2024-12-09T05:58:23.632+0000] {dagbag.py:588} INFO - Filling up the DagBag from /home/airflow/.local/lib/python3.12/site-packages/airflow/example_dags/example_python_operator.py
[2024-12-09T05:58:23.676+0000] {processor.py:925} INFO - DAG(s) 'example_python_operator' retrieved from /home/airflow/.local/lib/python3.12/site-packages/airflow/example_dags/example_python_operator.py
[2024-12-09T05:58:24.010+0000] {logging_mixin.py:190} INFO - [2024-12-09T05:58:24.009+0000] {dag.py:3239} INFO - Sync 1 DAGs
[2024-12-09T05:58:24.053+0000] {logging_mixin.py:190} INFO - [2024-12-09T05:58:24.053+0000] {dag.py:4180} INFO - Setting next_dagrun for example_python_operator to None, run_after=None
[2024-12-09T05:58:24.103+0000] {processor.py:208} INFO - Processing /home/airflow/.local/lib/python3.12/site-packages/airflow/example_dags/example_python_operator.py took 0.499 seconds
[2024-12-09T05:58:56.158+0000] {processor.py:186} INFO - Started process (PID=744) to work on /home/airflow/.local/lib/python3.12/site-packages/airflow/example_dags/example_python_operator.py
[2024-12-09T05:58:56.160+0000] {processor.py:914} INFO - Processing file /home/airflow/.local/lib/python3.12/site-packages/airflow/example_dags/example_python_operator.py for tasks to queue
[2024-12-09T05:58:56.164+0000] {logging_mixin.py:190} INFO - [2024-12-09T05:58:56.164+0000] {dagbag.py:588} INFO - Filling up the DagBag from /home/airflow/.local/lib/python3.12/site-packages/airflow/example_dags/example_python_operator.py
[2024-12-09T05:58:56.182+0000] {processor.py:925} INFO - DAG(s) 'example_python_operator' retrieved from /home/airflow/.local/lib/python3.12/site-packages/airflow/example_dags/example_python_operator.py
[2024-12-09T05:58:56.211+0000] {logging_mixin.py:190} INFO - [2024-12-09T05:58:56.211+0000] {dag.py:3239} INFO - Sync 1 DAGs
[2024-12-09T05:58:56.236+0000] {logging_mixin.py:190} INFO - [2024-12-09T05:58:56.235+0000] {dag.py:4180} INFO - Setting next_dagrun for example_python_operator to None, run_after=None
[2024-12-09T05:58:56.267+0000] {processor.py:208} INFO - Processing /home/airflow/.local/lib/python3.12/site-packages/airflow/example_dags/example_python_operator.py took 0.119 seconds
[2024-12-09T05:59:28.649+0000] {processor.py:186} INFO - Started process (PID=1045) to work on /home/airflow/.local/lib/python3.12/site-packages/airflow/example_dags/example_python_operator.py
[2024-12-09T05:59:28.650+0000] {processor.py:914} INFO - Processing file /home/airflow/.local/lib/python3.12/site-packages/airflow/example_dags/example_python_operator.py for tasks to queue
[2024-12-09T05:59:28.656+0000] {logging_mixin.py:190} INFO - [2024-12-09T05:59:28.655+0000] {dagbag.py:588} INFO - Filling up the DagBag from /home/airflow/.local/lib/python3.12/site-packages/airflow/example_dags/example_python_operator.py
[2024-12-09T05:59:28.680+0000] {processor.py:925} INFO - DAG(s) 'example_python_operator' retrieved from /home/airflow/.local/lib/python3.12/site-packages/airflow/example_dags/example_python_operator.py
[2024-12-09T05:59:28.731+0000] {logging_mixin.py:190} INFO - [2024-12-09T05:59:28.730+0000] {dag.py:3239} INFO - Sync 1 DAGs
[2024-12-09T05:59:28.762+0000] {logging_mixin.py:190} INFO - [2024-12-09T05:59:28.761+0000] {dag.py:4180} INFO - Setting next_dagrun for example_python_operator to None, run_after=None
[2024-12-09T05:59:28.798+0000] {processor.py:208} INFO - Processing /home/airflow/.local/lib/python3.12/site-packages/airflow/example_dags/example_python_operator.py took 0.162 seconds
[2024-12-09T05:59:58.930+0000] {processor.py:186} INFO - Started process (PID=1343) to work on /home/airflow/.local/lib/python3.12/site-packages/airflow/example_dags/example_python_operator.py
[2024-12-09T05:59:58.931+0000] {processor.py:914} INFO - Processing file /home/airflow/.local/lib/python3.12/site-packages/airflow/example_dags/example_python_operator.py for tasks to queue
[2024-12-09T05:59:58.934+0000] {logging_mixin.py:190} INFO - [2024-12-09T05:59:58.934+0000] {dagbag.py:588} INFO - Filling up the DagBag from /home/airflow/.local/lib/python3.12/site-packages/airflow/example_dags/example_python_operator.py
[2024-12-09T05:59:58.949+0000] {processor.py:925} INFO - DAG(s) 'example_python_operator' retrieved from /home/airflow/.local/lib/python3.12/site-packages/airflow/example_dags/example_python_operator.py
[2024-12-09T05:59:58.974+0000] {logging_mixin.py:190} INFO - [2024-12-09T05:59:58.974+0000] {dag.py:3239} INFO - Sync 1 DAGs
[2024-12-09T05:59:58.992+0000] {logging_mixin.py:190} INFO - [2024-12-09T05:59:58.992+0000] {dag.py:4180} INFO - Setting next_dagrun for example_python_operator to None, run_after=None
[2024-12-09T05:59:59.018+0000] {processor.py:208} INFO - Processing /home/airflow/.local/lib/python3.12/site-packages/airflow/example_dags/example_python_operator.py took 0.096 seconds
[2024-12-09T06:00:29.182+0000] {processor.py:186} INFO - Started process (PID=1638) to work on /home/airflow/.local/lib/python3.12/site-packages/airflow/example_dags/example_python_operator.py
[2024-12-09T06:00:29.184+0000] {processor.py:914} INFO - Processing file /home/airflow/.local/lib/python3.12/site-packages/airflow/example_dags/example_python_operator.py for tasks to queue
[2024-12-09T06:00:29.186+0000] {logging_mixin.py:190} INFO - [2024-12-09T06:00:29.186+0000] {dagbag.py:588} INFO - Filling up the DagBag from /home/airflow/.local/lib/python3.12/site-packages/airflow/example_dags/example_python_operator.py
[2024-12-09T06:00:29.204+0000] {processor.py:925} INFO - DAG(s) 'example_python_operator' retrieved from /home/airflow/.local/lib/python3.12/site-packages/airflow/example_dags/example_python_operator.py
[2024-12-09T06:00:29.226+0000] {logging_mixin.py:190} INFO - [2024-12-09T06:00:29.226+0000] {dag.py:3239} INFO - Sync 1 DAGs
[2024-12-09T06:00:29.242+0000] {logging_mixin.py:190} INFO - [2024-12-09T06:00:29.241+0000] {dag.py:4180} INFO - Setting next_dagrun for example_python_operator to None, run_after=None
[2024-12-09T06:00:29.263+0000] {processor.py:208} INFO - Processing /home/airflow/.local/lib/python3.12/site-packages/airflow/example_dags/example_python_operator.py took 0.088 seconds
[2024-12-09T06:00:59.477+0000] {processor.py:186} INFO - Started process (PID=1928) to work on /home/airflow/.local/lib/python3.12/site-packages/airflow/example_dags/example_python_operator.py
[2024-12-09T06:00:59.479+0000] {processor.py:914} INFO - Processing file /home/airflow/.local/lib/python3.12/site-packages/airflow/example_dags/example_python_operator.py for tasks to queue
[2024-12-09T06:00:59.482+0000] {logging_mixin.py:190} INFO - [2024-12-09T06:00:59.482+0000] {dagbag.py:588} INFO - Filling up the DagBag from /home/airflow/.local/lib/python3.12/site-packages/airflow/example_dags/example_python_operator.py
[2024-12-09T06:00:59.505+0000] {processor.py:925} INFO - DAG(s) 'example_python_operator' retrieved from /home/airflow/.local/lib/python3.12/site-packages/airflow/example_dags/example_python_operator.py
[2024-12-09T06:00:59.546+0000] {logging_mixin.py:190} INFO - [2024-12-09T06:00:59.545+0000] {dag.py:3239} INFO - Sync 1 DAGs
[2024-12-09T06:00:59.565+0000] {logging_mixin.py:190} INFO - [2024-12-09T06:00:59.565+0000] {dag.py:4180} INFO - Setting next_dagrun for example_python_operator to None, run_after=None
[2024-12-09T06:00:59.597+0000] {processor.py:208} INFO - Processing /home/airflow/.local/lib/python3.12/site-packages/airflow/example_dags/example_python_operator.py took 0.129 seconds
