[2024-12-09T05:58:24.746+0000] {processor.py:186} INFO - Started process (PID=473) to work on /home/airflow/.local/lib/python3.12/site-packages/airflow/example_dags/example_task_group.py
[2024-12-09T05:58:24.748+0000] {processor.py:914} INFO - Processing file /home/airflow/.local/lib/python3.12/site-packages/airflow/example_dags/example_task_group.py for tasks to queue
[2024-12-09T05:58:24.753+0000] {logging_mixin.py:190} INFO - [2024-12-09T05:58:24.752+0000] {dagbag.py:588} INFO - Filling up the DagBag from /home/airflow/.local/lib/python3.12/site-packages/airflow/example_dags/example_task_group.py
[2024-12-09T05:58:24.771+0000] {processor.py:925} INFO - DAG(s) 'example_task_group' retrieved from /home/airflow/.local/lib/python3.12/site-packages/airflow/example_dags/example_task_group.py
[2024-12-09T05:58:24.815+0000] {logging_mixin.py:190} INFO - [2024-12-09T05:58:24.815+0000] {dag.py:3239} INFO - Sync 1 DAGs
[2024-12-09T05:58:24.842+0000] {logging_mixin.py:190} INFO - [2024-12-09T05:58:24.841+0000] {dag.py:4180} INFO - Setting next_dagrun for example_task_group to None, run_after=None
[2024-12-09T05:58:24.880+0000] {processor.py:208} INFO - Processing /home/airflow/.local/lib/python3.12/site-packages/airflow/example_dags/example_task_group.py took 0.146 seconds
[2024-12-09T05:58:56.993+0000] {processor.py:186} INFO - Started process (PID=769) to work on /home/airflow/.local/lib/python3.12/site-packages/airflow/example_dags/example_task_group.py
[2024-12-09T05:58:56.995+0000] {processor.py:914} INFO - Processing file /home/airflow/.local/lib/python3.12/site-packages/airflow/example_dags/example_task_group.py for tasks to queue
[2024-12-09T05:58:57.001+0000] {logging_mixin.py:190} INFO - [2024-12-09T05:58:57.000+0000] {dagbag.py:588} INFO - Filling up the DagBag from /home/airflow/.local/lib/python3.12/site-packages/airflow/example_dags/example_task_group.py
[2024-12-09T05:58:57.020+0000] {processor.py:925} INFO - DAG(s) 'example_task_group' retrieved from /home/airflow/.local/lib/python3.12/site-packages/airflow/example_dags/example_task_group.py
[2024-12-09T05:58:57.060+0000] {logging_mixin.py:190} INFO - [2024-12-09T05:58:57.059+0000] {dag.py:3239} INFO - Sync 1 DAGs
[2024-12-09T05:58:57.084+0000] {logging_mixin.py:190} INFO - [2024-12-09T05:58:57.082+0000] {dag.py:4180} INFO - Setting next_dagrun for example_task_group to None, run_after=None
[2024-12-09T05:58:57.133+0000] {processor.py:208} INFO - Processing /home/airflow/.local/lib/python3.12/site-packages/airflow/example_dags/example_task_group.py took 0.154 seconds
[2024-12-09T05:59:29.459+0000] {processor.py:186} INFO - Started process (PID=1070) to work on /home/airflow/.local/lib/python3.12/site-packages/airflow/example_dags/example_task_group.py
[2024-12-09T05:59:29.461+0000] {processor.py:914} INFO - Processing file /home/airflow/.local/lib/python3.12/site-packages/airflow/example_dags/example_task_group.py for tasks to queue
[2024-12-09T05:59:29.464+0000] {logging_mixin.py:190} INFO - [2024-12-09T05:59:29.464+0000] {dagbag.py:588} INFO - Filling up the DagBag from /home/airflow/.local/lib/python3.12/site-packages/airflow/example_dags/example_task_group.py
[2024-12-09T05:59:29.479+0000] {processor.py:925} INFO - DAG(s) 'example_task_group' retrieved from /home/airflow/.local/lib/python3.12/site-packages/airflow/example_dags/example_task_group.py
[2024-12-09T05:59:29.513+0000] {logging_mixin.py:190} INFO - [2024-12-09T05:59:29.512+0000] {dag.py:3239} INFO - Sync 1 DAGs
[2024-12-09T05:59:29.537+0000] {logging_mixin.py:190} INFO - [2024-12-09T05:59:29.537+0000] {dag.py:4180} INFO - Setting next_dagrun for example_task_group to None, run_after=None
[2024-12-09T05:59:29.571+0000] {processor.py:208} INFO - Processing /home/airflow/.local/lib/python3.12/site-packages/airflow/example_dags/example_task_group.py took 0.122 seconds
[2024-12-09T06:00:00.598+0000] {processor.py:186} INFO - Started process (PID=1371) to work on /home/airflow/.local/lib/python3.12/site-packages/airflow/example_dags/example_task_group.py
[2024-12-09T06:00:00.600+0000] {processor.py:914} INFO - Processing file /home/airflow/.local/lib/python3.12/site-packages/airflow/example_dags/example_task_group.py for tasks to queue
[2024-12-09T06:00:00.605+0000] {logging_mixin.py:190} INFO - [2024-12-09T06:00:00.604+0000] {dagbag.py:588} INFO - Filling up the DagBag from /home/airflow/.local/lib/python3.12/site-packages/airflow/example_dags/example_task_group.py
[2024-12-09T06:00:00.624+0000] {processor.py:925} INFO - DAG(s) 'example_task_group' retrieved from /home/airflow/.local/lib/python3.12/site-packages/airflow/example_dags/example_task_group.py
[2024-12-09T06:00:00.665+0000] {logging_mixin.py:190} INFO - [2024-12-09T06:00:00.664+0000] {dag.py:3239} INFO - Sync 1 DAGs
[2024-12-09T06:00:00.696+0000] {logging_mixin.py:190} INFO - [2024-12-09T06:00:00.695+0000] {dag.py:4180} INFO - Setting next_dagrun for example_task_group to None, run_after=None
[2024-12-09T06:00:00.739+0000] {processor.py:208} INFO - Processing /home/airflow/.local/lib/python3.12/site-packages/airflow/example_dags/example_task_group.py took 0.151 seconds
[2024-12-09T06:00:31.672+0000] {processor.py:186} INFO - Started process (PID=1668) to work on /home/airflow/.local/lib/python3.12/site-packages/airflow/example_dags/example_task_group.py
[2024-12-09T06:00:31.673+0000] {processor.py:914} INFO - Processing file /home/airflow/.local/lib/python3.12/site-packages/airflow/example_dags/example_task_group.py for tasks to queue
[2024-12-09T06:00:31.676+0000] {logging_mixin.py:190} INFO - [2024-12-09T06:00:31.676+0000] {dagbag.py:588} INFO - Filling up the DagBag from /home/airflow/.local/lib/python3.12/site-packages/airflow/example_dags/example_task_group.py
[2024-12-09T06:00:31.687+0000] {processor.py:925} INFO - DAG(s) 'example_task_group' retrieved from /home/airflow/.local/lib/python3.12/site-packages/airflow/example_dags/example_task_group.py
[2024-12-09T06:00:31.712+0000] {logging_mixin.py:190} INFO - [2024-12-09T06:00:31.712+0000] {dag.py:3239} INFO - Sync 1 DAGs
[2024-12-09T06:00:31.728+0000] {logging_mixin.py:190} INFO - [2024-12-09T06:00:31.727+0000] {dag.py:4180} INFO - Setting next_dagrun for example_task_group to None, run_after=None
[2024-12-09T06:00:31.752+0000] {processor.py:208} INFO - Processing /home/airflow/.local/lib/python3.12/site-packages/airflow/example_dags/example_task_group.py took 0.087 seconds
[2024-12-09T06:01:01.960+0000] {processor.py:186} INFO - Started process (PID=1960) to work on /home/airflow/.local/lib/python3.12/site-packages/airflow/example_dags/example_task_group.py
[2024-12-09T06:01:01.961+0000] {processor.py:914} INFO - Processing file /home/airflow/.local/lib/python3.12/site-packages/airflow/example_dags/example_task_group.py for tasks to queue
[2024-12-09T06:01:01.964+0000] {logging_mixin.py:190} INFO - [2024-12-09T06:01:01.964+0000] {dagbag.py:588} INFO - Filling up the DagBag from /home/airflow/.local/lib/python3.12/site-packages/airflow/example_dags/example_task_group.py
[2024-12-09T06:01:01.978+0000] {processor.py:925} INFO - DAG(s) 'example_task_group' retrieved from /home/airflow/.local/lib/python3.12/site-packages/airflow/example_dags/example_task_group.py
[2024-12-09T06:01:02.007+0000] {logging_mixin.py:190} INFO - [2024-12-09T06:01:02.007+0000] {dag.py:3239} INFO - Sync 1 DAGs
[2024-12-09T06:01:02.027+0000] {logging_mixin.py:190} INFO - [2024-12-09T06:01:02.026+0000] {dag.py:4180} INFO - Setting next_dagrun for example_task_group to None, run_after=None
[2024-12-09T06:01:02.055+0000] {processor.py:208} INFO - Processing /home/airflow/.local/lib/python3.12/site-packages/airflow/example_dags/example_task_group.py took 0.102 seconds
