[2024-12-09T05:58:22.716+0000] {processor.py:186} INFO - Started process (PID=426) to work on /home/airflow/.local/lib/python3.12/site-packages/airflow/example_dags/example_latest_only_with_trigger.py
[2024-12-09T05:58:22.718+0000] {processor.py:914} INFO - Processing file /home/airflow/.local/lib/python3.12/site-packages/airflow/example_dags/example_latest_only_with_trigger.py for tasks to queue
[2024-12-09T05:58:22.727+0000] {logging_mixin.py:190} INFO - [2024-12-09T05:58:22.724+0000] {dagbag.py:588} INFO - Filling up the DagBag from /home/airflow/.local/lib/python3.12/site-packages/airflow/example_dags/example_latest_only_with_trigger.py
[2024-12-09T05:58:22.743+0000] {processor.py:925} INFO - DAG(s) 'latest_only_with_trigger' retrieved from /home/airflow/.local/lib/python3.12/site-packages/airflow/example_dags/example_latest_only_with_trigger.py
[2024-12-09T05:58:22.783+0000] {logging_mixin.py:190} INFO - [2024-12-09T05:58:22.781+0000] {dag.py:3239} INFO - Sync 1 DAGs
[2024-12-09T05:58:22.838+0000] {logging_mixin.py:190} INFO - [2024-12-09T05:58:22.837+0000] {dag.py:4180} INFO - Setting next_dagrun for latest_only_with_trigger to 2024-12-09 00:00:00+00:00, run_after=2024-12-09 04:00:00+00:00
[2024-12-09T05:58:22.890+0000] {processor.py:208} INFO - Processing /home/airflow/.local/lib/python3.12/site-packages/airflow/example_dags/example_latest_only_with_trigger.py took 0.186 seconds
[2024-12-09T05:58:55.632+0000] {processor.py:186} INFO - Started process (PID=724) to work on /home/airflow/.local/lib/python3.12/site-packages/airflow/example_dags/example_latest_only_with_trigger.py
[2024-12-09T05:58:55.635+0000] {processor.py:914} INFO - Processing file /home/airflow/.local/lib/python3.12/site-packages/airflow/example_dags/example_latest_only_with_trigger.py for tasks to queue
[2024-12-09T05:58:55.640+0000] {logging_mixin.py:190} INFO - [2024-12-09T05:58:55.639+0000] {dagbag.py:588} INFO - Filling up the DagBag from /home/airflow/.local/lib/python3.12/site-packages/airflow/example_dags/example_latest_only_with_trigger.py
[2024-12-09T05:58:55.652+0000] {processor.py:925} INFO - DAG(s) 'latest_only_with_trigger' retrieved from /home/airflow/.local/lib/python3.12/site-packages/airflow/example_dags/example_latest_only_with_trigger.py
[2024-12-09T05:58:55.688+0000] {logging_mixin.py:190} INFO - [2024-12-09T05:58:55.688+0000] {dag.py:3239} INFO - Sync 1 DAGs
[2024-12-09T05:58:55.731+0000] {logging_mixin.py:190} INFO - [2024-12-09T05:58:55.730+0000] {dag.py:4180} INFO - Setting next_dagrun for latest_only_with_trigger to 2024-12-09 00:00:00+00:00, run_after=2024-12-09 04:00:00+00:00
[2024-12-09T05:58:55.769+0000] {processor.py:208} INFO - Processing /home/airflow/.local/lib/python3.12/site-packages/airflow/example_dags/example_latest_only_with_trigger.py took 0.149 seconds
[2024-12-09T05:59:27.826+0000] {processor.py:186} INFO - Started process (PID=1025) to work on /home/airflow/.local/lib/python3.12/site-packages/airflow/example_dags/example_latest_only_with_trigger.py
[2024-12-09T05:59:27.828+0000] {processor.py:914} INFO - Processing file /home/airflow/.local/lib/python3.12/site-packages/airflow/example_dags/example_latest_only_with_trigger.py for tasks to queue
[2024-12-09T05:59:27.834+0000] {logging_mixin.py:190} INFO - [2024-12-09T05:59:27.833+0000] {dagbag.py:588} INFO - Filling up the DagBag from /home/airflow/.local/lib/python3.12/site-packages/airflow/example_dags/example_latest_only_with_trigger.py
[2024-12-09T05:59:27.857+0000] {processor.py:925} INFO - DAG(s) 'latest_only_with_trigger' retrieved from /home/airflow/.local/lib/python3.12/site-packages/airflow/example_dags/example_latest_only_with_trigger.py
[2024-12-09T05:59:27.905+0000] {logging_mixin.py:190} INFO - [2024-12-09T05:59:27.905+0000] {dag.py:3239} INFO - Sync 1 DAGs
[2024-12-09T05:59:27.951+0000] {logging_mixin.py:190} INFO - [2024-12-09T05:59:27.951+0000] {dag.py:4180} INFO - Setting next_dagrun for latest_only_with_trigger to 2024-12-09 00:00:00+00:00, run_after=2024-12-09 04:00:00+00:00
[2024-12-09T05:59:27.997+0000] {processor.py:208} INFO - Processing /home/airflow/.local/lib/python3.12/site-packages/airflow/example_dags/example_latest_only_with_trigger.py took 0.186 seconds
[2024-12-09T05:59:58.136+0000] {processor.py:186} INFO - Started process (PID=1326) to work on /home/airflow/.local/lib/python3.12/site-packages/airflow/example_dags/example_latest_only_with_trigger.py
[2024-12-09T05:59:58.137+0000] {processor.py:914} INFO - Processing file /home/airflow/.local/lib/python3.12/site-packages/airflow/example_dags/example_latest_only_with_trigger.py for tasks to queue
[2024-12-09T05:59:58.141+0000] {logging_mixin.py:190} INFO - [2024-12-09T05:59:58.141+0000] {dagbag.py:588} INFO - Filling up the DagBag from /home/airflow/.local/lib/python3.12/site-packages/airflow/example_dags/example_latest_only_with_trigger.py
[2024-12-09T05:59:58.150+0000] {processor.py:925} INFO - DAG(s) 'latest_only_with_trigger' retrieved from /home/airflow/.local/lib/python3.12/site-packages/airflow/example_dags/example_latest_only_with_trigger.py
[2024-12-09T05:59:58.175+0000] {logging_mixin.py:190} INFO - [2024-12-09T05:59:58.174+0000] {dag.py:3239} INFO - Sync 1 DAGs
[2024-12-09T05:59:58.206+0000] {logging_mixin.py:190} INFO - [2024-12-09T05:59:58.206+0000] {dag.py:4180} INFO - Setting next_dagrun for latest_only_with_trigger to 2024-12-09 00:00:00+00:00, run_after=2024-12-09 04:00:00+00:00
[2024-12-09T05:59:58.236+0000] {processor.py:208} INFO - Processing /home/airflow/.local/lib/python3.12/site-packages/airflow/example_dags/example_latest_only_with_trigger.py took 0.109 seconds
[2024-12-09T06:00:28.765+0000] {processor.py:186} INFO - Started process (PID=1620) to work on /home/airflow/.local/lib/python3.12/site-packages/airflow/example_dags/example_latest_only_with_trigger.py
[2024-12-09T06:00:28.766+0000] {processor.py:914} INFO - Processing file /home/airflow/.local/lib/python3.12/site-packages/airflow/example_dags/example_latest_only_with_trigger.py for tasks to queue
[2024-12-09T06:00:28.769+0000] {logging_mixin.py:190} INFO - [2024-12-09T06:00:28.768+0000] {dagbag.py:588} INFO - Filling up the DagBag from /home/airflow/.local/lib/python3.12/site-packages/airflow/example_dags/example_latest_only_with_trigger.py
[2024-12-09T06:00:28.776+0000] {processor.py:925} INFO - DAG(s) 'latest_only_with_trigger' retrieved from /home/airflow/.local/lib/python3.12/site-packages/airflow/example_dags/example_latest_only_with_trigger.py
[2024-12-09T06:00:28.801+0000] {logging_mixin.py:190} INFO - [2024-12-09T06:00:28.801+0000] {dag.py:3239} INFO - Sync 1 DAGs
[2024-12-09T06:00:28.826+0000] {logging_mixin.py:190} INFO - [2024-12-09T06:00:28.826+0000] {dag.py:4180} INFO - Setting next_dagrun for latest_only_with_trigger to 2024-12-09 00:00:00+00:00, run_after=2024-12-09 04:00:00+00:00
[2024-12-09T06:00:28.847+0000] {processor.py:208} INFO - Processing /home/airflow/.local/lib/python3.12/site-packages/airflow/example_dags/example_latest_only_with_trigger.py took 0.090 seconds
[2024-12-09T06:00:58.993+0000] {processor.py:186} INFO - Started process (PID=1913) to work on /home/airflow/.local/lib/python3.12/site-packages/airflow/example_dags/example_latest_only_with_trigger.py
[2024-12-09T06:00:58.995+0000] {processor.py:914} INFO - Processing file /home/airflow/.local/lib/python3.12/site-packages/airflow/example_dags/example_latest_only_with_trigger.py for tasks to queue
[2024-12-09T06:00:59.001+0000] {logging_mixin.py:190} INFO - [2024-12-09T06:00:59.001+0000] {dagbag.py:588} INFO - Filling up the DagBag from /home/airflow/.local/lib/python3.12/site-packages/airflow/example_dags/example_latest_only_with_trigger.py
[2024-12-09T06:00:59.010+0000] {processor.py:925} INFO - DAG(s) 'latest_only_with_trigger' retrieved from /home/airflow/.local/lib/python3.12/site-packages/airflow/example_dags/example_latest_only_with_trigger.py
[2024-12-09T06:00:59.039+0000] {logging_mixin.py:190} INFO - [2024-12-09T06:00:59.039+0000] {dag.py:3239} INFO - Sync 1 DAGs
[2024-12-09T06:00:59.074+0000] {logging_mixin.py:190} INFO - [2024-12-09T06:00:59.073+0000] {dag.py:4180} INFO - Setting next_dagrun for latest_only_with_trigger to 2024-12-09 00:00:00+00:00, run_after=2024-12-09 04:00:00+00:00
[2024-12-09T06:00:59.097+0000] {processor.py:208} INFO - Processing /home/airflow/.local/lib/python3.12/site-packages/airflow/example_dags/example_latest_only_with_trigger.py took 0.113 seconds
