[2024-12-09T05:58:12.203+0000] {processor.py:186} INFO - Started process (PID=235) to work on /home/airflow/.local/lib/python3.12/site-packages/airflow/example_dags/example_sensors.py
[2024-12-09T05:58:12.205+0000] {processor.py:914} INFO - Processing file /home/airflow/.local/lib/python3.12/site-packages/airflow/example_dags/example_sensors.py for tasks to queue
[2024-12-09T05:58:12.210+0000] {logging_mixin.py:190} INFO - [2024-12-09T05:58:12.209+0000] {dagbag.py:588} INFO - Filling up the DagBag from /home/airflow/.local/lib/python3.12/site-packages/airflow/example_dags/example_sensors.py
[2024-12-09T05:58:12.249+0000] {processor.py:925} INFO - DAG(s) 'example_sensors' retrieved from /home/airflow/.local/lib/python3.12/site-packages/airflow/example_dags/example_sensors.py
[2024-12-09T05:58:12.330+0000] {logging_mixin.py:190} INFO - [2024-12-09T05:58:12.329+0000] {dag.py:3239} INFO - Sync 1 DAGs
[2024-12-09T05:58:12.357+0000] {logging_mixin.py:190} INFO - [2024-12-09T05:58:12.357+0000] {dag.py:4180} INFO - Setting next_dagrun for example_sensors to None, run_after=None
[2024-12-09T05:58:12.410+0000] {processor.py:208} INFO - Processing /home/airflow/.local/lib/python3.12/site-packages/airflow/example_dags/example_sensors.py took 0.219 seconds
[2024-12-09T05:58:42.680+0000] {processor.py:186} INFO - Started process (PID=534) to work on /home/airflow/.local/lib/python3.12/site-packages/airflow/example_dags/example_sensors.py
[2024-12-09T05:58:42.717+0000] {processor.py:914} INFO - Processing file /home/airflow/.local/lib/python3.12/site-packages/airflow/example_dags/example_sensors.py for tasks to queue
[2024-12-09T05:58:42.746+0000] {logging_mixin.py:190} INFO - [2024-12-09T05:58:42.745+0000] {dagbag.py:588} INFO - Filling up the DagBag from /home/airflow/.local/lib/python3.12/site-packages/airflow/example_dags/example_sensors.py
[2024-12-09T05:58:42.854+0000] {processor.py:925} INFO - DAG(s) 'example_sensors' retrieved from /home/airflow/.local/lib/python3.12/site-packages/airflow/example_dags/example_sensors.py
[2024-12-09T05:58:42.964+0000] {logging_mixin.py:190} INFO - [2024-12-09T05:58:42.963+0000] {dag.py:3239} INFO - Sync 1 DAGs
[2024-12-09T05:58:43.025+0000] {logging_mixin.py:190} INFO - [2024-12-09T05:58:43.024+0000] {dag.py:4180} INFO - Setting next_dagrun for example_sensors to None, run_after=None
[2024-12-09T05:58:43.132+0000] {processor.py:208} INFO - Processing /home/airflow/.local/lib/python3.12/site-packages/airflow/example_dags/example_sensors.py took 0.501 seconds
[2024-12-09T05:59:13.414+0000] {processor.py:186} INFO - Started process (PID=828) to work on /home/airflow/.local/lib/python3.12/site-packages/airflow/example_dags/example_sensors.py
[2024-12-09T05:59:13.419+0000] {processor.py:914} INFO - Processing file /home/airflow/.local/lib/python3.12/site-packages/airflow/example_dags/example_sensors.py for tasks to queue
[2024-12-09T05:59:13.423+0000] {logging_mixin.py:190} INFO - [2024-12-09T05:59:13.423+0000] {dagbag.py:588} INFO - Filling up the DagBag from /home/airflow/.local/lib/python3.12/site-packages/airflow/example_dags/example_sensors.py
[2024-12-09T05:59:13.442+0000] {processor.py:925} INFO - DAG(s) 'example_sensors' retrieved from /home/airflow/.local/lib/python3.12/site-packages/airflow/example_dags/example_sensors.py
[2024-12-09T05:59:13.495+0000] {logging_mixin.py:190} INFO - [2024-12-09T05:59:13.494+0000] {dag.py:3239} INFO - Sync 1 DAGs
[2024-12-09T05:59:13.528+0000] {logging_mixin.py:190} INFO - [2024-12-09T05:59:13.528+0000] {dag.py:4180} INFO - Setting next_dagrun for example_sensors to None, run_after=None
[2024-12-09T05:59:13.565+0000] {processor.py:208} INFO - Processing /home/airflow/.local/lib/python3.12/site-packages/airflow/example_dags/example_sensors.py took 0.162 seconds
[2024-12-09T05:59:43.771+0000] {processor.py:186} INFO - Started process (PID=1133) to work on /home/airflow/.local/lib/python3.12/site-packages/airflow/example_dags/example_sensors.py
[2024-12-09T05:59:43.772+0000] {processor.py:914} INFO - Processing file /home/airflow/.local/lib/python3.12/site-packages/airflow/example_dags/example_sensors.py for tasks to queue
[2024-12-09T05:59:43.774+0000] {logging_mixin.py:190} INFO - [2024-12-09T05:59:43.774+0000] {dagbag.py:588} INFO - Filling up the DagBag from /home/airflow/.local/lib/python3.12/site-packages/airflow/example_dags/example_sensors.py
[2024-12-09T05:59:43.788+0000] {processor.py:925} INFO - DAG(s) 'example_sensors' retrieved from /home/airflow/.local/lib/python3.12/site-packages/airflow/example_dags/example_sensors.py
[2024-12-09T05:59:43.819+0000] {logging_mixin.py:190} INFO - [2024-12-09T05:59:43.818+0000] {dag.py:3239} INFO - Sync 1 DAGs
[2024-12-09T05:59:43.836+0000] {logging_mixin.py:190} INFO - [2024-12-09T05:59:43.836+0000] {dag.py:4180} INFO - Setting next_dagrun for example_sensors to None, run_after=None
[2024-12-09T05:59:43.860+0000] {processor.py:208} INFO - Processing /home/airflow/.local/lib/python3.12/site-packages/airflow/example_dags/example_sensors.py took 0.097 seconds
[2024-12-09T06:00:14.204+0000] {processor.py:186} INFO - Started process (PID=1430) to work on /home/airflow/.local/lib/python3.12/site-packages/airflow/example_dags/example_sensors.py
[2024-12-09T06:00:14.205+0000] {processor.py:914} INFO - Processing file /home/airflow/.local/lib/python3.12/site-packages/airflow/example_dags/example_sensors.py for tasks to queue
[2024-12-09T06:00:14.208+0000] {logging_mixin.py:190} INFO - [2024-12-09T06:00:14.207+0000] {dagbag.py:588} INFO - Filling up the DagBag from /home/airflow/.local/lib/python3.12/site-packages/airflow/example_dags/example_sensors.py
[2024-12-09T06:00:14.221+0000] {processor.py:925} INFO - DAG(s) 'example_sensors' retrieved from /home/airflow/.local/lib/python3.12/site-packages/airflow/example_dags/example_sensors.py
[2024-12-09T06:00:14.251+0000] {logging_mixin.py:190} INFO - [2024-12-09T06:00:14.250+0000] {dag.py:3239} INFO - Sync 1 DAGs
[2024-12-09T06:00:14.271+0000] {logging_mixin.py:190} INFO - [2024-12-09T06:00:14.270+0000] {dag.py:4180} INFO - Setting next_dagrun for example_sensors to None, run_after=None
[2024-12-09T06:00:14.298+0000] {processor.py:208} INFO - Processing /home/airflow/.local/lib/python3.12/site-packages/airflow/example_dags/example_sensors.py took 0.100 seconds
[2024-12-09T06:00:44.522+0000] {processor.py:186} INFO - Started process (PID=1725) to work on /home/airflow/.local/lib/python3.12/site-packages/airflow/example_dags/example_sensors.py
[2024-12-09T06:00:44.524+0000] {processor.py:914} INFO - Processing file /home/airflow/.local/lib/python3.12/site-packages/airflow/example_dags/example_sensors.py for tasks to queue
[2024-12-09T06:00:44.526+0000] {logging_mixin.py:190} INFO - [2024-12-09T06:00:44.526+0000] {dagbag.py:588} INFO - Filling up the DagBag from /home/airflow/.local/lib/python3.12/site-packages/airflow/example_dags/example_sensors.py
[2024-12-09T06:00:44.538+0000] {processor.py:925} INFO - DAG(s) 'example_sensors' retrieved from /home/airflow/.local/lib/python3.12/site-packages/airflow/example_dags/example_sensors.py
[2024-12-09T06:00:44.569+0000] {logging_mixin.py:190} INFO - [2024-12-09T06:00:44.569+0000] {dag.py:3239} INFO - Sync 1 DAGs
[2024-12-09T06:00:44.586+0000] {logging_mixin.py:190} INFO - [2024-12-09T06:00:44.586+0000] {dag.py:4180} INFO - Setting next_dagrun for example_sensors to None, run_after=None
[2024-12-09T06:00:44.611+0000] {processor.py:208} INFO - Processing /home/airflow/.local/lib/python3.12/site-packages/airflow/example_dags/example_sensors.py took 0.096 seconds
[2024-12-09T06:01:15.357+0000] {processor.py:186} INFO - Started process (PID=2019) to work on /home/airflow/.local/lib/python3.12/site-packages/airflow/example_dags/example_sensors.py
[2024-12-09T06:01:15.360+0000] {processor.py:914} INFO - Processing file /home/airflow/.local/lib/python3.12/site-packages/airflow/example_dags/example_sensors.py for tasks to queue
[2024-12-09T06:01:15.366+0000] {logging_mixin.py:190} INFO - [2024-12-09T06:01:15.365+0000] {dagbag.py:588} INFO - Filling up the DagBag from /home/airflow/.local/lib/python3.12/site-packages/airflow/example_dags/example_sensors.py
[2024-12-09T06:01:15.424+0000] {processor.py:925} INFO - DAG(s) 'example_sensors' retrieved from /home/airflow/.local/lib/python3.12/site-packages/airflow/example_dags/example_sensors.py
[2024-12-09T06:01:15.533+0000] {logging_mixin.py:190} INFO - [2024-12-09T06:01:15.532+0000] {dag.py:3239} INFO - Sync 1 DAGs
[2024-12-09T06:01:15.579+0000] {logging_mixin.py:190} INFO - [2024-12-09T06:01:15.578+0000] {dag.py:4180} INFO - Setting next_dagrun for example_sensors to None, run_after=None
[2024-12-09T06:01:15.648+0000] {processor.py:208} INFO - Processing /home/airflow/.local/lib/python3.12/site-packages/airflow/example_dags/example_sensors.py took 0.310 seconds
