[2024-12-09T05:58:22.969+0000] {processor.py:186} INFO - Started process (PID=436) to work on /home/airflow/.local/lib/python3.12/site-packages/airflow/example_dags/example_python_decorator.py
[2024-12-09T05:58:22.971+0000] {processor.py:914} INFO - Processing file /home/airflow/.local/lib/python3.12/site-packages/airflow/example_dags/example_python_decorator.py for tasks to queue
[2024-12-09T05:58:22.975+0000] {logging_mixin.py:190} INFO - [2024-12-09T05:58:22.974+0000] {dagbag.py:588} INFO - Filling up the DagBag from /home/airflow/.local/lib/python3.12/site-packages/airflow/example_dags/example_python_decorator.py
[2024-12-09T05:58:23.010+0000] {processor.py:925} INFO - DAG(s) 'example_python_decorator' retrieved from /home/airflow/.local/lib/python3.12/site-packages/airflow/example_dags/example_python_decorator.py
[2024-12-09T05:58:23.246+0000] {logging_mixin.py:190} INFO - [2024-12-09T05:58:23.246+0000] {dag.py:3239} INFO - Sync 1 DAGs
[2024-12-09T05:58:23.270+0000] {logging_mixin.py:190} INFO - [2024-12-09T05:58:23.269+0000] {dag.py:4180} INFO - Setting next_dagrun for example_python_decorator to None, run_after=None
[2024-12-09T05:58:23.307+0000] {processor.py:208} INFO - Processing /home/airflow/.local/lib/python3.12/site-packages/airflow/example_dags/example_python_decorator.py took 0.347 seconds
[2024-12-09T05:58:55.708+0000] {processor.py:186} INFO - Started process (PID=729) to work on /home/airflow/.local/lib/python3.12/site-packages/airflow/example_dags/example_python_decorator.py
[2024-12-09T05:58:55.709+0000] {processor.py:914} INFO - Processing file /home/airflow/.local/lib/python3.12/site-packages/airflow/example_dags/example_python_decorator.py for tasks to queue
[2024-12-09T05:58:55.715+0000] {logging_mixin.py:190} INFO - [2024-12-09T05:58:55.714+0000] {dagbag.py:588} INFO - Filling up the DagBag from /home/airflow/.local/lib/python3.12/site-packages/airflow/example_dags/example_python_decorator.py
[2024-12-09T05:58:55.742+0000] {processor.py:925} INFO - DAG(s) 'example_python_decorator' retrieved from /home/airflow/.local/lib/python3.12/site-packages/airflow/example_dags/example_python_decorator.py
[2024-12-09T05:58:55.790+0000] {logging_mixin.py:190} INFO - [2024-12-09T05:58:55.790+0000] {dag.py:3239} INFO - Sync 1 DAGs
[2024-12-09T05:58:55.822+0000] {logging_mixin.py:190} INFO - [2024-12-09T05:58:55.821+0000] {dag.py:4180} INFO - Setting next_dagrun for example_python_decorator to None, run_after=None
[2024-12-09T05:58:55.869+0000] {processor.py:208} INFO - Processing /home/airflow/.local/lib/python3.12/site-packages/airflow/example_dags/example_python_decorator.py took 0.170 seconds
[2024-12-09T05:59:28.074+0000] {processor.py:186} INFO - Started process (PID=1034) to work on /home/airflow/.local/lib/python3.12/site-packages/airflow/example_dags/example_python_decorator.py
[2024-12-09T05:59:28.077+0000] {processor.py:914} INFO - Processing file /home/airflow/.local/lib/python3.12/site-packages/airflow/example_dags/example_python_decorator.py for tasks to queue
[2024-12-09T05:59:28.081+0000] {logging_mixin.py:190} INFO - [2024-12-09T05:59:28.080+0000] {dagbag.py:588} INFO - Filling up the DagBag from /home/airflow/.local/lib/python3.12/site-packages/airflow/example_dags/example_python_decorator.py
[2024-12-09T05:59:28.127+0000] {processor.py:925} INFO - DAG(s) 'example_python_decorator' retrieved from /home/airflow/.local/lib/python3.12/site-packages/airflow/example_dags/example_python_decorator.py
[2024-12-09T05:59:28.175+0000] {logging_mixin.py:190} INFO - [2024-12-09T05:59:28.174+0000] {dag.py:3239} INFO - Sync 1 DAGs
[2024-12-09T05:59:28.203+0000] {logging_mixin.py:190} INFO - [2024-12-09T05:59:28.203+0000] {dag.py:4180} INFO - Setting next_dagrun for example_python_decorator to None, run_after=None
[2024-12-09T05:59:28.253+0000] {processor.py:208} INFO - Processing /home/airflow/.local/lib/python3.12/site-packages/airflow/example_dags/example_python_decorator.py took 0.192 seconds
[2024-12-09T05:59:58.582+0000] {processor.py:186} INFO - Started process (PID=1333) to work on /home/airflow/.local/lib/python3.12/site-packages/airflow/example_dags/example_python_decorator.py
[2024-12-09T05:59:58.583+0000] {processor.py:914} INFO - Processing file /home/airflow/.local/lib/python3.12/site-packages/airflow/example_dags/example_python_decorator.py for tasks to queue
[2024-12-09T05:59:58.586+0000] {logging_mixin.py:190} INFO - [2024-12-09T05:59:58.586+0000] {dagbag.py:588} INFO - Filling up the DagBag from /home/airflow/.local/lib/python3.12/site-packages/airflow/example_dags/example_python_decorator.py
[2024-12-09T05:59:58.603+0000] {processor.py:925} INFO - DAG(s) 'example_python_decorator' retrieved from /home/airflow/.local/lib/python3.12/site-packages/airflow/example_dags/example_python_decorator.py
[2024-12-09T05:59:58.627+0000] {logging_mixin.py:190} INFO - [2024-12-09T05:59:58.627+0000] {dag.py:3239} INFO - Sync 1 DAGs
[2024-12-09T05:59:58.643+0000] {logging_mixin.py:190} INFO - [2024-12-09T05:59:58.643+0000] {dag.py:4180} INFO - Setting next_dagrun for example_python_decorator to None, run_after=None
[2024-12-09T05:59:58.673+0000] {processor.py:208} INFO - Processing /home/airflow/.local/lib/python3.12/site-packages/airflow/example_dags/example_python_decorator.py took 0.100 seconds
[2024-12-09T06:00:28.905+0000] {processor.py:186} INFO - Started process (PID=1628) to work on /home/airflow/.local/lib/python3.12/site-packages/airflow/example_dags/example_python_decorator.py
[2024-12-09T06:00:28.907+0000] {processor.py:914} INFO - Processing file /home/airflow/.local/lib/python3.12/site-packages/airflow/example_dags/example_python_decorator.py for tasks to queue
[2024-12-09T06:00:28.909+0000] {logging_mixin.py:190} INFO - [2024-12-09T06:00:28.909+0000] {dagbag.py:588} INFO - Filling up the DagBag from /home/airflow/.local/lib/python3.12/site-packages/airflow/example_dags/example_python_decorator.py
[2024-12-09T06:00:28.924+0000] {processor.py:925} INFO - DAG(s) 'example_python_decorator' retrieved from /home/airflow/.local/lib/python3.12/site-packages/airflow/example_dags/example_python_decorator.py
[2024-12-09T06:00:28.949+0000] {logging_mixin.py:190} INFO - [2024-12-09T06:00:28.948+0000] {dag.py:3239} INFO - Sync 1 DAGs
[2024-12-09T06:00:28.965+0000] {logging_mixin.py:190} INFO - [2024-12-09T06:00:28.965+0000] {dag.py:4180} INFO - Setting next_dagrun for example_python_decorator to None, run_after=None
[2024-12-09T06:00:28.986+0000] {processor.py:208} INFO - Processing /home/airflow/.local/lib/python3.12/site-packages/airflow/example_dags/example_python_decorator.py took 0.088 seconds
[2024-12-09T06:00:59.142+0000] {processor.py:186} INFO - Started process (PID=1918) to work on /home/airflow/.local/lib/python3.12/site-packages/airflow/example_dags/example_python_decorator.py
[2024-12-09T06:00:59.143+0000] {processor.py:914} INFO - Processing file /home/airflow/.local/lib/python3.12/site-packages/airflow/example_dags/example_python_decorator.py for tasks to queue
[2024-12-09T06:00:59.146+0000] {logging_mixin.py:190} INFO - [2024-12-09T06:00:59.146+0000] {dagbag.py:588} INFO - Filling up the DagBag from /home/airflow/.local/lib/python3.12/site-packages/airflow/example_dags/example_python_decorator.py
[2024-12-09T06:00:59.163+0000] {processor.py:925} INFO - DAG(s) 'example_python_decorator' retrieved from /home/airflow/.local/lib/python3.12/site-packages/airflow/example_dags/example_python_decorator.py
[2024-12-09T06:00:59.189+0000] {logging_mixin.py:190} INFO - [2024-12-09T06:00:59.189+0000] {dag.py:3239} INFO - Sync 1 DAGs
[2024-12-09T06:00:59.206+0000] {logging_mixin.py:190} INFO - [2024-12-09T06:00:59.205+0000] {dag.py:4180} INFO - Setting next_dagrun for example_python_decorator to None, run_after=None
[2024-12-09T06:00:59.234+0000] {processor.py:208} INFO - Processing /home/airflow/.local/lib/python3.12/site-packages/airflow/example_dags/example_python_decorator.py took 0.100 seconds
