[2024-12-09T05:58:17.643+0000] {processor.py:186} INFO - Started process (PID=340) to work on /home/airflow/.local/lib/python3.12/site-packages/airflow/example_dags/example_skip_dag.py
[2024-12-09T05:58:17.647+0000] {processor.py:914} INFO - Processing file /home/airflow/.local/lib/python3.12/site-packages/airflow/example_dags/example_skip_dag.py for tasks to queue
[2024-12-09T05:58:17.655+0000] {logging_mixin.py:190} INFO - [2024-12-09T05:58:17.654+0000] {dagbag.py:588} INFO - Filling up the DagBag from /home/airflow/.local/lib/python3.12/site-packages/airflow/example_dags/example_skip_dag.py
[2024-12-09T05:58:17.680+0000] {processor.py:925} INFO - DAG(s) 'example_skip_dag' retrieved from /home/airflow/.local/lib/python3.12/site-packages/airflow/example_dags/example_skip_dag.py
[2024-12-09T05:58:17.813+0000] {logging_mixin.py:190} INFO - [2024-12-09T05:58:17.808+0000] {dag.py:3239} INFO - Sync 1 DAGs
[2024-12-09T05:58:17.884+0000] {logging_mixin.py:190} INFO - [2024-12-09T05:58:17.884+0000] {dag.py:4180} INFO - Setting next_dagrun for example_skip_dag to 2024-12-08 00:00:00+00:00, run_after=2024-12-09 00:00:00+00:00
[2024-12-09T05:58:17.940+0000] {processor.py:208} INFO - Processing /home/airflow/.local/lib/python3.12/site-packages/airflow/example_dags/example_skip_dag.py took 0.318 seconds
[2024-12-09T05:58:51.851+0000] {processor.py:186} INFO - Started process (PID=639) to work on /home/airflow/.local/lib/python3.12/site-packages/airflow/example_dags/example_skip_dag.py
[2024-12-09T05:58:51.853+0000] {processor.py:914} INFO - Processing file /home/airflow/.local/lib/python3.12/site-packages/airflow/example_dags/example_skip_dag.py for tasks to queue
[2024-12-09T05:58:51.856+0000] {logging_mixin.py:190} INFO - [2024-12-09T05:58:51.855+0000] {dagbag.py:588} INFO - Filling up the DagBag from /home/airflow/.local/lib/python3.12/site-packages/airflow/example_dags/example_skip_dag.py
[2024-12-09T05:58:51.868+0000] {processor.py:925} INFO - DAG(s) 'example_skip_dag' retrieved from /home/airflow/.local/lib/python3.12/site-packages/airflow/example_dags/example_skip_dag.py
[2024-12-09T05:58:51.903+0000] {logging_mixin.py:190} INFO - [2024-12-09T05:58:51.902+0000] {dag.py:3239} INFO - Sync 1 DAGs
[2024-12-09T05:58:51.949+0000] {logging_mixin.py:190} INFO - [2024-12-09T05:58:51.949+0000] {dag.py:4180} INFO - Setting next_dagrun for example_skip_dag to 2024-12-08 00:00:00+00:00, run_after=2024-12-09 00:00:00+00:00
[2024-12-09T05:58:51.984+0000] {processor.py:208} INFO - Processing /home/airflow/.local/lib/python3.12/site-packages/airflow/example_dags/example_skip_dag.py took 0.142 seconds
[2024-12-09T05:59:22.207+0000] {processor.py:186} INFO - Started process (PID=938) to work on /home/airflow/.local/lib/python3.12/site-packages/airflow/example_dags/example_skip_dag.py
[2024-12-09T05:59:22.209+0000] {processor.py:914} INFO - Processing file /home/airflow/.local/lib/python3.12/site-packages/airflow/example_dags/example_skip_dag.py for tasks to queue
[2024-12-09T05:59:22.213+0000] {logging_mixin.py:190} INFO - [2024-12-09T05:59:22.212+0000] {dagbag.py:588} INFO - Filling up the DagBag from /home/airflow/.local/lib/python3.12/site-packages/airflow/example_dags/example_skip_dag.py
[2024-12-09T05:59:22.224+0000] {processor.py:925} INFO - DAG(s) 'example_skip_dag' retrieved from /home/airflow/.local/lib/python3.12/site-packages/airflow/example_dags/example_skip_dag.py
[2024-12-09T05:59:22.253+0000] {logging_mixin.py:190} INFO - [2024-12-09T05:59:22.253+0000] {dag.py:3239} INFO - Sync 1 DAGs
[2024-12-09T05:59:22.284+0000] {logging_mixin.py:190} INFO - [2024-12-09T05:59:22.284+0000] {dag.py:4180} INFO - Setting next_dagrun for example_skip_dag to 2024-12-08 00:00:00+00:00, run_after=2024-12-09 00:00:00+00:00
[2024-12-09T05:59:22.309+0000] {processor.py:208} INFO - Processing /home/airflow/.local/lib/python3.12/site-packages/airflow/example_dags/example_skip_dag.py took 0.111 seconds
[2024-12-09T05:59:52.431+0000] {processor.py:186} INFO - Started process (PID=1241) to work on /home/airflow/.local/lib/python3.12/site-packages/airflow/example_dags/example_skip_dag.py
[2024-12-09T05:59:52.432+0000] {processor.py:914} INFO - Processing file /home/airflow/.local/lib/python3.12/site-packages/airflow/example_dags/example_skip_dag.py for tasks to queue
[2024-12-09T05:59:52.435+0000] {logging_mixin.py:190} INFO - [2024-12-09T05:59:52.435+0000] {dagbag.py:588} INFO - Filling up the DagBag from /home/airflow/.local/lib/python3.12/site-packages/airflow/example_dags/example_skip_dag.py
[2024-12-09T05:59:52.444+0000] {processor.py:925} INFO - DAG(s) 'example_skip_dag' retrieved from /home/airflow/.local/lib/python3.12/site-packages/airflow/example_dags/example_skip_dag.py
[2024-12-09T05:59:52.468+0000] {logging_mixin.py:190} INFO - [2024-12-09T05:59:52.467+0000] {dag.py:3239} INFO - Sync 1 DAGs
[2024-12-09T05:59:52.496+0000] {logging_mixin.py:190} INFO - [2024-12-09T05:59:52.496+0000] {dag.py:4180} INFO - Setting next_dagrun for example_skip_dag to 2024-12-08 00:00:00+00:00, run_after=2024-12-09 00:00:00+00:00
[2024-12-09T05:59:52.521+0000] {processor.py:208} INFO - Processing /home/airflow/.local/lib/python3.12/site-packages/airflow/example_dags/example_skip_dag.py took 0.098 seconds
[2024-12-09T06:00:23.693+0000] {processor.py:186} INFO - Started process (PID=1540) to work on /home/airflow/.local/lib/python3.12/site-packages/airflow/example_dags/example_skip_dag.py
[2024-12-09T06:00:23.695+0000] {processor.py:914} INFO - Processing file /home/airflow/.local/lib/python3.12/site-packages/airflow/example_dags/example_skip_dag.py for tasks to queue
[2024-12-09T06:00:23.698+0000] {logging_mixin.py:190} INFO - [2024-12-09T06:00:23.698+0000] {dagbag.py:588} INFO - Filling up the DagBag from /home/airflow/.local/lib/python3.12/site-packages/airflow/example_dags/example_skip_dag.py
[2024-12-09T06:00:23.709+0000] {processor.py:925} INFO - DAG(s) 'example_skip_dag' retrieved from /home/airflow/.local/lib/python3.12/site-packages/airflow/example_dags/example_skip_dag.py
[2024-12-09T06:00:23.740+0000] {logging_mixin.py:190} INFO - [2024-12-09T06:00:23.740+0000] {dag.py:3239} INFO - Sync 1 DAGs
[2024-12-09T06:00:23.789+0000] {logging_mixin.py:190} INFO - [2024-12-09T06:00:23.789+0000] {dag.py:4180} INFO - Setting next_dagrun for example_skip_dag to 2024-12-08 00:00:00+00:00, run_after=2024-12-09 00:00:00+00:00
[2024-12-09T06:00:23.831+0000] {processor.py:208} INFO - Processing /home/airflow/.local/lib/python3.12/site-packages/airflow/example_dags/example_skip_dag.py took 0.146 seconds
[2024-12-09T06:00:55.182+0000] {processor.py:186} INFO - Started process (PID=1833) to work on /home/airflow/.local/lib/python3.12/site-packages/airflow/example_dags/example_skip_dag.py
[2024-12-09T06:00:55.184+0000] {processor.py:914} INFO - Processing file /home/airflow/.local/lib/python3.12/site-packages/airflow/example_dags/example_skip_dag.py for tasks to queue
[2024-12-09T06:00:55.188+0000] {logging_mixin.py:190} INFO - [2024-12-09T06:00:55.187+0000] {dagbag.py:588} INFO - Filling up the DagBag from /home/airflow/.local/lib/python3.12/site-packages/airflow/example_dags/example_skip_dag.py
[2024-12-09T06:00:55.202+0000] {processor.py:925} INFO - DAG(s) 'example_skip_dag' retrieved from /home/airflow/.local/lib/python3.12/site-packages/airflow/example_dags/example_skip_dag.py
[2024-12-09T06:00:55.231+0000] {logging_mixin.py:190} INFO - [2024-12-09T06:00:55.230+0000] {dag.py:3239} INFO - Sync 1 DAGs
[2024-12-09T06:00:55.266+0000] {logging_mixin.py:190} INFO - [2024-12-09T06:00:55.266+0000] {dag.py:4180} INFO - Setting next_dagrun for example_skip_dag to 2024-12-08 00:00:00+00:00, run_after=2024-12-09 00:00:00+00:00
[2024-12-09T06:00:55.292+0000] {processor.py:208} INFO - Processing /home/airflow/.local/lib/python3.12/site-packages/airflow/example_dags/example_skip_dag.py took 0.119 seconds
[2024-12-09T06:01:27.836+0000] {processor.py:186} INFO - Started process (PID=2129) to work on /home/airflow/.local/lib/python3.12/site-packages/airflow/example_dags/example_skip_dag.py
[2024-12-09T06:01:27.838+0000] {processor.py:914} INFO - Processing file /home/airflow/.local/lib/python3.12/site-packages/airflow/example_dags/example_skip_dag.py for tasks to queue
[2024-12-09T06:01:27.842+0000] {logging_mixin.py:190} INFO - [2024-12-09T06:01:27.842+0000] {dagbag.py:588} INFO - Filling up the DagBag from /home/airflow/.local/lib/python3.12/site-packages/airflow/example_dags/example_skip_dag.py
[2024-12-09T06:01:27.857+0000] {processor.py:925} INFO - DAG(s) 'example_skip_dag' retrieved from /home/airflow/.local/lib/python3.12/site-packages/airflow/example_dags/example_skip_dag.py
[2024-12-09T06:01:27.890+0000] {logging_mixin.py:190} INFO - [2024-12-09T06:01:27.889+0000] {dag.py:3239} INFO - Sync 1 DAGs
[2024-12-09T06:01:27.931+0000] {logging_mixin.py:190} INFO - [2024-12-09T06:01:27.931+0000] {dag.py:4180} INFO - Setting next_dagrun for example_skip_dag to 2024-12-08 00:00:00+00:00, run_after=2024-12-09 00:00:00+00:00
[2024-12-09T06:01:27.959+0000] {processor.py:208} INFO - Processing /home/airflow/.local/lib/python3.12/site-packages/airflow/example_dags/example_skip_dag.py took 0.137 seconds
