[2024-12-09T05:58:10.335+0000] {processor.py:186} INFO - Started process (PID=210) to work on /home/airflow/.local/lib/python3.12/site-packages/airflow/example_dags/example_branch_python_dop_operator_3.py
[2024-12-09T05:58:10.337+0000] {processor.py:914} INFO - Processing file /home/airflow/.local/lib/python3.12/site-packages/airflow/example_dags/example_branch_python_dop_operator_3.py for tasks to queue
[2024-12-09T05:58:10.343+0000] {logging_mixin.py:190} INFO - [2024-12-09T05:58:10.342+0000] {dagbag.py:588} INFO - Filling up the DagBag from /home/airflow/.local/lib/python3.12/site-packages/airflow/example_dags/example_branch_python_dop_operator_3.py
[2024-12-09T05:58:10.363+0000] {processor.py:925} INFO - DAG(s) 'example_branch_dop_operator_v3' retrieved from /home/airflow/.local/lib/python3.12/site-packages/airflow/example_dags/example_branch_python_dop_operator_3.py
[2024-12-09T05:58:10.542+0000] {logging_mixin.py:190} INFO - [2024-12-09T05:58:10.542+0000] {dag.py:3239} INFO - Sync 1 DAGs
[2024-12-09T05:58:10.609+0000] {logging_mixin.py:190} INFO - [2024-12-09T05:58:10.608+0000] {dag.py:4180} INFO - Setting next_dagrun for example_branch_dop_operator_v3 to 2024-12-09 05:57:00+00:00, run_after=2024-12-09 05:58:00+00:00
[2024-12-09T05:58:10.648+0000] {processor.py:208} INFO - Processing /home/airflow/.local/lib/python3.12/site-packages/airflow/example_dags/example_branch_python_dop_operator_3.py took 0.334 seconds
[2024-12-09T05:58:41.371+0000] {processor.py:186} INFO - Started process (PID=514) to work on /home/airflow/.local/lib/python3.12/site-packages/airflow/example_dags/example_branch_python_dop_operator_3.py
[2024-12-09T05:58:41.374+0000] {processor.py:914} INFO - Processing file /home/airflow/.local/lib/python3.12/site-packages/airflow/example_dags/example_branch_python_dop_operator_3.py for tasks to queue
[2024-12-09T05:58:41.385+0000] {logging_mixin.py:190} INFO - [2024-12-09T05:58:41.383+0000] {dagbag.py:588} INFO - Filling up the DagBag from /home/airflow/.local/lib/python3.12/site-packages/airflow/example_dags/example_branch_python_dop_operator_3.py
[2024-12-09T05:58:41.432+0000] {processor.py:925} INFO - DAG(s) 'example_branch_dop_operator_v3' retrieved from /home/airflow/.local/lib/python3.12/site-packages/airflow/example_dags/example_branch_python_dop_operator_3.py
[2024-12-09T05:58:41.619+0000] {logging_mixin.py:190} INFO - [2024-12-09T05:58:41.618+0000] {dag.py:3239} INFO - Sync 1 DAGs
[2024-12-09T05:58:41.734+0000] {logging_mixin.py:190} INFO - [2024-12-09T05:58:41.734+0000] {dag.py:4180} INFO - Setting next_dagrun for example_branch_dop_operator_v3 to 2024-12-09 05:57:00+00:00, run_after=2024-12-09 05:58:00+00:00
[2024-12-09T05:58:41.770+0000] {processor.py:208} INFO - Processing /home/airflow/.local/lib/python3.12/site-packages/airflow/example_dags/example_branch_python_dop_operator_3.py took 0.413 seconds
[2024-12-09T05:59:12.557+0000] {processor.py:186} INFO - Started process (PID=811) to work on /home/airflow/.local/lib/python3.12/site-packages/airflow/example_dags/example_branch_python_dop_operator_3.py
[2024-12-09T05:59:12.559+0000] {processor.py:914} INFO - Processing file /home/airflow/.local/lib/python3.12/site-packages/airflow/example_dags/example_branch_python_dop_operator_3.py for tasks to queue
[2024-12-09T05:59:12.563+0000] {logging_mixin.py:190} INFO - [2024-12-09T05:59:12.562+0000] {dagbag.py:588} INFO - Filling up the DagBag from /home/airflow/.local/lib/python3.12/site-packages/airflow/example_dags/example_branch_python_dop_operator_3.py
[2024-12-09T05:59:12.575+0000] {processor.py:925} INFO - DAG(s) 'example_branch_dop_operator_v3' retrieved from /home/airflow/.local/lib/python3.12/site-packages/airflow/example_dags/example_branch_python_dop_operator_3.py
[2024-12-09T05:59:12.600+0000] {logging_mixin.py:190} INFO - [2024-12-09T05:59:12.599+0000] {dag.py:3239} INFO - Sync 1 DAGs
[2024-12-09T05:59:12.631+0000] {logging_mixin.py:190} INFO - [2024-12-09T05:59:12.631+0000] {dag.py:4180} INFO - Setting next_dagrun for example_branch_dop_operator_v3 to 2024-12-09 05:58:00+00:00, run_after=2024-12-09 05:59:00+00:00
[2024-12-09T05:59:12.169+0000] {processor.py:208} INFO - Processing /home/airflow/.local/lib/python3.12/site-packages/airflow/example_dags/example_branch_python_dop_operator_3.py took 0.105 seconds
[2024-12-09T05:59:42.434+0000] {processor.py:186} INFO - Started process (PID=1116) to work on /home/airflow/.local/lib/python3.12/site-packages/airflow/example_dags/example_branch_python_dop_operator_3.py
[2024-12-09T05:59:42.436+0000] {processor.py:914} INFO - Processing file /home/airflow/.local/lib/python3.12/site-packages/airflow/example_dags/example_branch_python_dop_operator_3.py for tasks to queue
[2024-12-09T05:59:42.440+0000] {logging_mixin.py:190} INFO - [2024-12-09T05:59:42.439+0000] {dagbag.py:588} INFO - Filling up the DagBag from /home/airflow/.local/lib/python3.12/site-packages/airflow/example_dags/example_branch_python_dop_operator_3.py
[2024-12-09T05:59:42.455+0000] {processor.py:925} INFO - DAG(s) 'example_branch_dop_operator_v3' retrieved from /home/airflow/.local/lib/python3.12/site-packages/airflow/example_dags/example_branch_python_dop_operator_3.py
[2024-12-09T05:59:42.483+0000] {logging_mixin.py:190} INFO - [2024-12-09T05:59:42.482+0000] {dag.py:3239} INFO - Sync 1 DAGs
[2024-12-09T05:59:42.525+0000] {logging_mixin.py:190} INFO - [2024-12-09T05:59:42.525+0000] {dag.py:4180} INFO - Setting next_dagrun for example_branch_dop_operator_v3 to 2024-12-09 05:58:00+00:00, run_after=2024-12-09 05:59:00+00:00
[2024-12-09T05:59:42.555+0000] {processor.py:208} INFO - Processing /home/airflow/.local/lib/python3.12/site-packages/airflow/example_dags/example_branch_python_dop_operator_3.py took 0.130 seconds
[2024-12-09T06:00:12.882+0000] {processor.py:186} INFO - Started process (PID=1413) to work on /home/airflow/.local/lib/python3.12/site-packages/airflow/example_dags/example_branch_python_dop_operator_3.py
[2024-12-09T06:00:12.883+0000] {processor.py:914} INFO - Processing file /home/airflow/.local/lib/python3.12/site-packages/airflow/example_dags/example_branch_python_dop_operator_3.py for tasks to queue
[2024-12-09T06:00:12.886+0000] {logging_mixin.py:190} INFO - [2024-12-09T06:00:12.886+0000] {dagbag.py:588} INFO - Filling up the DagBag from /home/airflow/.local/lib/python3.12/site-packages/airflow/example_dags/example_branch_python_dop_operator_3.py
[2024-12-09T06:00:12.899+0000] {processor.py:925} INFO - DAG(s) 'example_branch_dop_operator_v3' retrieved from /home/airflow/.local/lib/python3.12/site-packages/airflow/example_dags/example_branch_python_dop_operator_3.py
[2024-12-09T06:00:12.923+0000] {logging_mixin.py:190} INFO - [2024-12-09T06:00:12.923+0000] {dag.py:3239} INFO - Sync 1 DAGs
[2024-12-09T06:00:12.954+0000] {logging_mixin.py:190} INFO - [2024-12-09T06:00:12.954+0000] {dag.py:4180} INFO - Setting next_dagrun for example_branch_dop_operator_v3 to 2024-12-09 05:59:00+00:00, run_after=2024-12-09 06:00:00+00:00
[2024-12-09T06:00:12.982+0000] {processor.py:208} INFO - Processing /home/airflow/.local/lib/python3.12/site-packages/airflow/example_dags/example_branch_python_dop_operator_3.py took 0.108 seconds
[2024-12-09T06:00:43.056+0000] {processor.py:186} INFO - Started process (PID=1705) to work on /home/airflow/.local/lib/python3.12/site-packages/airflow/example_dags/example_branch_python_dop_operator_3.py
[2024-12-09T06:00:43.057+0000] {processor.py:914} INFO - Processing file /home/airflow/.local/lib/python3.12/site-packages/airflow/example_dags/example_branch_python_dop_operator_3.py for tasks to queue
[2024-12-09T06:00:43.059+0000] {logging_mixin.py:190} INFO - [2024-12-09T06:00:43.059+0000] {dagbag.py:588} INFO - Filling up the DagBag from /home/airflow/.local/lib/python3.12/site-packages/airflow/example_dags/example_branch_python_dop_operator_3.py
[2024-12-09T06:00:43.071+0000] {processor.py:925} INFO - DAG(s) 'example_branch_dop_operator_v3' retrieved from /home/airflow/.local/lib/python3.12/site-packages/airflow/example_dags/example_branch_python_dop_operator_3.py
[2024-12-09T06:00:43.099+0000] {logging_mixin.py:190} INFO - [2024-12-09T06:00:43.099+0000] {dag.py:3239} INFO - Sync 1 DAGs
[2024-12-09T06:00:43.132+0000] {logging_mixin.py:190} INFO - [2024-12-09T06:00:43.131+0000] {dag.py:4180} INFO - Setting next_dagrun for example_branch_dop_operator_v3 to 2024-12-09 05:59:00+00:00, run_after=2024-12-09 06:00:00+00:00
[2024-12-09T06:00:43.162+0000] {processor.py:208} INFO - Processing /home/airflow/.local/lib/python3.12/site-packages/airflow/example_dags/example_branch_python_dop_operator_3.py took 0.114 seconds
[2024-12-09T06:01:14.132+0000] {processor.py:186} INFO - Started process (PID=2004) to work on /home/airflow/.local/lib/python3.12/site-packages/airflow/example_dags/example_branch_python_dop_operator_3.py
[2024-12-09T06:01:14.140+0000] {processor.py:914} INFO - Processing file /home/airflow/.local/lib/python3.12/site-packages/airflow/example_dags/example_branch_python_dop_operator_3.py for tasks to queue
[2024-12-09T06:01:14.146+0000] {logging_mixin.py:190} INFO - [2024-12-09T06:01:14.145+0000] {dagbag.py:588} INFO - Filling up the DagBag from /home/airflow/.local/lib/python3.12/site-packages/airflow/example_dags/example_branch_python_dop_operator_3.py
[2024-12-09T06:01:14.211+0000] {processor.py:925} INFO - DAG(s) 'example_branch_dop_operator_v3' retrieved from /home/airflow/.local/lib/python3.12/site-packages/airflow/example_dags/example_branch_python_dop_operator_3.py
[2024-12-09T06:01:14.378+0000] {logging_mixin.py:190} INFO - [2024-12-09T06:01:14.369+0000] {dag.py:3239} INFO - Sync 1 DAGs
[2024-12-09T06:01:14.554+0000] {logging_mixin.py:190} INFO - [2024-12-09T06:01:14.553+0000] {dag.py:4180} INFO - Setting next_dagrun for example_branch_dop_operator_v3 to 2024-12-09 06:00:00+00:00, run_after=2024-12-09 06:01:00+00:00
[2024-12-09T06:01:14.671+0000] {processor.py:208} INFO - Processing /home/airflow/.local/lib/python3.12/site-packages/airflow/example_dags/example_branch_python_dop_operator_3.py took 0.567 seconds
