[2024-12-09T05:58:19.861+0000] {processor.py:186} INFO - Started process (PID=375) to work on /home/airflow/.local/lib/python3.12/site-packages/airflow/example_dags/example_params_ui_tutorial.py
[2024-12-09T05:58:19.866+0000] {processor.py:914} INFO - Processing file /home/airflow/.local/lib/python3.12/site-packages/airflow/example_dags/example_params_ui_tutorial.py for tasks to queue
[2024-12-09T05:58:19.885+0000] {logging_mixin.py:190} INFO - [2024-12-09T05:58:19.884+0000] {dagbag.py:588} INFO - Filling up the DagBag from /home/airflow/.local/lib/python3.12/site-packages/airflow/example_dags/example_params_ui_tutorial.py
[2024-12-09T05:58:19.927+0000] {processor.py:925} INFO - DAG(s) 'example_params_ui_tutorial' retrieved from /home/airflow/.local/lib/python3.12/site-packages/airflow/example_dags/example_params_ui_tutorial.py
[2024-12-09T05:58:20.495+0000] {logging_mixin.py:190} INFO - [2024-12-09T05:58:20.494+0000] {dag.py:3239} INFO - Sync 1 DAGs
[2024-12-09T05:58:20.601+0000] {logging_mixin.py:190} INFO - [2024-12-09T05:58:20.601+0000] {dag.py:4180} INFO - Setting next_dagrun for example_params_ui_tutorial to None, run_after=None
[2024-12-09T05:58:20.663+0000] {processor.py:208} INFO - Processing /home/airflow/.local/lib/python3.12/site-packages/airflow/example_dags/example_params_ui_tutorial.py took 0.835 seconds
[2024-12-09T05:58:53.154+0000] {processor.py:186} INFO - Started process (PID=674) to work on /home/airflow/.local/lib/python3.12/site-packages/airflow/example_dags/example_params_ui_tutorial.py
[2024-12-09T05:58:53.157+0000] {processor.py:914} INFO - Processing file /home/airflow/.local/lib/python3.12/site-packages/airflow/example_dags/example_params_ui_tutorial.py for tasks to queue
[2024-12-09T05:58:53.162+0000] {logging_mixin.py:190} INFO - [2024-12-09T05:58:53.161+0000] {dagbag.py:588} INFO - Filling up the DagBag from /home/airflow/.local/lib/python3.12/site-packages/airflow/example_dags/example_params_ui_tutorial.py
[2024-12-09T05:58:53.183+0000] {processor.py:925} INFO - DAG(s) 'example_params_ui_tutorial' retrieved from /home/airflow/.local/lib/python3.12/site-packages/airflow/example_dags/example_params_ui_tutorial.py
[2024-12-09T05:58:53.298+0000] {logging_mixin.py:190} INFO - [2024-12-09T05:58:53.297+0000] {dag.py:3239} INFO - Sync 1 DAGs
[2024-12-09T05:58:53.332+0000] {logging_mixin.py:190} INFO - [2024-12-09T05:58:53.331+0000] {dag.py:4180} INFO - Setting next_dagrun for example_params_ui_tutorial to None, run_after=None
[2024-12-09T05:58:53.380+0000] {processor.py:208} INFO - Processing /home/airflow/.local/lib/python3.12/site-packages/airflow/example_dags/example_params_ui_tutorial.py took 0.239 seconds
[2024-12-09T05:59:24.265+0000] {processor.py:186} INFO - Started process (PID=969) to work on /home/airflow/.local/lib/python3.12/site-packages/airflow/example_dags/example_params_ui_tutorial.py
[2024-12-09T05:59:24.267+0000] {processor.py:914} INFO - Processing file /home/airflow/.local/lib/python3.12/site-packages/airflow/example_dags/example_params_ui_tutorial.py for tasks to queue
[2024-12-09T05:59:24.276+0000] {logging_mixin.py:190} INFO - [2024-12-09T05:59:24.275+0000] {dagbag.py:588} INFO - Filling up the DagBag from /home/airflow/.local/lib/python3.12/site-packages/airflow/example_dags/example_params_ui_tutorial.py
[2024-12-09T05:59:24.310+0000] {processor.py:925} INFO - DAG(s) 'example_params_ui_tutorial' retrieved from /home/airflow/.local/lib/python3.12/site-packages/airflow/example_dags/example_params_ui_tutorial.py
[2024-12-09T05:59:24.398+0000] {logging_mixin.py:190} INFO - [2024-12-09T05:59:24.397+0000] {dag.py:3239} INFO - Sync 1 DAGs
[2024-12-09T05:59:24.425+0000] {logging_mixin.py:190} INFO - [2024-12-09T05:59:24.424+0000] {dag.py:4180} INFO - Setting next_dagrun for example_params_ui_tutorial to None, run_after=None
[2024-12-09T05:59:24.460+0000] {processor.py:208} INFO - Processing /home/airflow/.local/lib/python3.12/site-packages/airflow/example_dags/example_params_ui_tutorial.py took 0.209 seconds
[2024-12-09T05:59:55.199+0000] {processor.py:186} INFO - Started process (PID=1273) to work on /home/airflow/.local/lib/python3.12/site-packages/airflow/example_dags/example_params_ui_tutorial.py
[2024-12-09T05:59:55.201+0000] {processor.py:914} INFO - Processing file /home/airflow/.local/lib/python3.12/site-packages/airflow/example_dags/example_params_ui_tutorial.py for tasks to queue
[2024-12-09T05:59:55.204+0000] {logging_mixin.py:190} INFO - [2024-12-09T05:59:55.204+0000] {dagbag.py:588} INFO - Filling up the DagBag from /home/airflow/.local/lib/python3.12/site-packages/airflow/example_dags/example_params_ui_tutorial.py
[2024-12-09T05:59:55.216+0000] {processor.py:925} INFO - DAG(s) 'example_params_ui_tutorial' retrieved from /home/airflow/.local/lib/python3.12/site-packages/airflow/example_dags/example_params_ui_tutorial.py
[2024-12-09T05:59:55.271+0000] {logging_mixin.py:190} INFO - [2024-12-09T05:59:55.271+0000] {dag.py:3239} INFO - Sync 1 DAGs
[2024-12-09T05:59:55.287+0000] {logging_mixin.py:190} INFO - [2024-12-09T05:59:55.287+0000] {dag.py:4180} INFO - Setting next_dagrun for example_params_ui_tutorial to None, run_after=None
[2024-12-09T05:59:55.314+0000] {processor.py:208} INFO - Processing /home/airflow/.local/lib/python3.12/site-packages/airflow/example_dags/example_params_ui_tutorial.py took 0.128 seconds
[2024-12-09T06:00:25.536+0000] {processor.py:186} INFO - Started process (PID=1570) to work on /home/airflow/.local/lib/python3.12/site-packages/airflow/example_dags/example_params_ui_tutorial.py
[2024-12-09T06:00:25.537+0000] {processor.py:914} INFO - Processing file /home/airflow/.local/lib/python3.12/site-packages/airflow/example_dags/example_params_ui_tutorial.py for tasks to queue
[2024-12-09T06:00:25.541+0000] {logging_mixin.py:190} INFO - [2024-12-09T06:00:25.540+0000] {dagbag.py:588} INFO - Filling up the DagBag from /home/airflow/.local/lib/python3.12/site-packages/airflow/example_dags/example_params_ui_tutorial.py
[2024-12-09T06:00:25.552+0000] {processor.py:925} INFO - DAG(s) 'example_params_ui_tutorial' retrieved from /home/airflow/.local/lib/python3.12/site-packages/airflow/example_dags/example_params_ui_tutorial.py
[2024-12-09T06:00:25.614+0000] {logging_mixin.py:190} INFO - [2024-12-09T06:00:25.614+0000] {dag.py:3239} INFO - Sync 1 DAGs
[2024-12-09T06:00:25.632+0000] {logging_mixin.py:190} INFO - [2024-12-09T06:00:25.632+0000] {dag.py:4180} INFO - Setting next_dagrun for example_params_ui_tutorial to None, run_after=None
[2024-12-09T06:00:25.657+0000] {processor.py:208} INFO - Processing /home/airflow/.local/lib/python3.12/site-packages/airflow/example_dags/example_params_ui_tutorial.py took 0.128 seconds
[2024-12-09T06:00:55.763+0000] {processor.py:186} INFO - Started process (PID=1865) to work on /home/airflow/.local/lib/python3.12/site-packages/airflow/example_dags/example_params_ui_tutorial.py
[2024-12-09T06:00:55.764+0000] {processor.py:914} INFO - Processing file /home/airflow/.local/lib/python3.12/site-packages/airflow/example_dags/example_params_ui_tutorial.py for tasks to queue
[2024-12-09T06:00:55.767+0000] {logging_mixin.py:190} INFO - [2024-12-09T06:00:55.767+0000] {dagbag.py:588} INFO - Filling up the DagBag from /home/airflow/.local/lib/python3.12/site-packages/airflow/example_dags/example_params_ui_tutorial.py
[2024-12-09T06:00:55.778+0000] {processor.py:925} INFO - DAG(s) 'example_params_ui_tutorial' retrieved from /home/airflow/.local/lib/python3.12/site-packages/airflow/example_dags/example_params_ui_tutorial.py
[2024-12-09T06:00:55.828+0000] {logging_mixin.py:190} INFO - [2024-12-09T06:00:55.828+0000] {dag.py:3239} INFO - Sync 1 DAGs
[2024-12-09T06:00:55.845+0000] {logging_mixin.py:190} INFO - [2024-12-09T06:00:55.845+0000] {dag.py:4180} INFO - Setting next_dagrun for example_params_ui_tutorial to None, run_after=None
[2024-12-09T06:00:55.868+0000] {processor.py:208} INFO - Processing /home/airflow/.local/lib/python3.12/site-packages/airflow/example_dags/example_params_ui_tutorial.py took 0.113 seconds
[2024-12-09T06:01:29.123+0000] {processor.py:186} INFO - Started process (PID=2159) to work on /home/airflow/.local/lib/python3.12/site-packages/airflow/example_dags/example_params_ui_tutorial.py
[2024-12-09T06:01:29.128+0000] {processor.py:914} INFO - Processing file /home/airflow/.local/lib/python3.12/site-packages/airflow/example_dags/example_params_ui_tutorial.py for tasks to queue
[2024-12-09T06:01:29.154+0000] {logging_mixin.py:190} INFO - [2024-12-09T06:01:29.151+0000] {dagbag.py:588} INFO - Filling up the DagBag from /home/airflow/.local/lib/python3.12/site-packages/airflow/example_dags/example_params_ui_tutorial.py
[2024-12-09T06:01:29.274+0000] {processor.py:925} INFO - DAG(s) 'example_params_ui_tutorial' retrieved from /home/airflow/.local/lib/python3.12/site-packages/airflow/example_dags/example_params_ui_tutorial.py
[2024-12-09T06:01:29.545+0000] {logging_mixin.py:190} INFO - [2024-12-09T06:01:29.544+0000] {dag.py:3239} INFO - Sync 1 DAGs
[2024-12-09T06:01:29.766+0000] {logging_mixin.py:190} INFO - [2024-12-09T06:01:29.765+0000] {dag.py:4180} INFO - Setting next_dagrun for example_params_ui_tutorial to None, run_after=None
[2024-12-09T06:01:31.874+0000] {logging_mixin.py:190} INFO - [2024-12-09T06:01:31.873+0000] {process_utils.py:266} INFO - Waiting up to 5 seconds for processes to exit...
