[2024-12-09T05:58:16.847+0000] {processor.py:186} INFO - Started process (PID=318) to work on /home/airflow/.local/lib/python3.12/site-packages/airflow/example_dags/example_sla_dag.py
[2024-12-09T05:58:16.851+0000] {processor.py:914} INFO - Processing file /home/airflow/.local/lib/python3.12/site-packages/airflow/example_dags/example_sla_dag.py for tasks to queue
[2024-12-09T05:58:16.865+0000] {logging_mixin.py:190} INFO - [2024-12-09T05:58:16.861+0000] {dagbag.py:588} INFO - Filling up the DagBag from /home/airflow/.local/lib/python3.12/site-packages/airflow/example_dags/example_sla_dag.py
[2024-12-09T05:58:16.909+0000] {processor.py:925} INFO - DAG(s) 'example_sla_dag' retrieved from /home/airflow/.local/lib/python3.12/site-packages/airflow/example_dags/example_sla_dag.py
[2024-12-09T05:58:16.984+0000] {logging_mixin.py:190} INFO - [2024-12-09T05:58:16.984+0000] {dag.py:3239} INFO - Sync 1 DAGs
[2024-12-09T05:58:17.098+0000] {logging_mixin.py:190} INFO - [2024-12-09T05:58:17.097+0000] {dag.py:4180} INFO - Setting next_dagrun for example_sla_dag to 2024-12-09 05:56:00+00:00, run_after=2024-12-09 05:58:00+00:00
[2024-12-09T05:58:17.169+0000] {processor.py:208} INFO - Processing /home/airflow/.local/lib/python3.12/site-packages/airflow/example_dags/example_sla_dag.py took 0.344 seconds
[2024-12-09T05:58:51.235+0000] {processor.py:186} INFO - Started process (PID=621) to work on /home/airflow/.local/lib/python3.12/site-packages/airflow/example_dags/example_sla_dag.py
[2024-12-09T05:58:51.237+0000] {processor.py:914} INFO - Processing file /home/airflow/.local/lib/python3.12/site-packages/airflow/example_dags/example_sla_dag.py for tasks to queue
[2024-12-09T05:58:51.241+0000] {logging_mixin.py:190} INFO - [2024-12-09T05:58:51.241+0000] {dagbag.py:588} INFO - Filling up the DagBag from /home/airflow/.local/lib/python3.12/site-packages/airflow/example_dags/example_sla_dag.py
[2024-12-09T05:58:51.274+0000] {processor.py:925} INFO - DAG(s) 'example_sla_dag' retrieved from /home/airflow/.local/lib/python3.12/site-packages/airflow/example_dags/example_sla_dag.py
[2024-12-09T05:58:51.314+0000] {logging_mixin.py:190} INFO - [2024-12-09T05:58:51.313+0000] {dag.py:3239} INFO - Sync 1 DAGs
[2024-12-09T05:58:51.387+0000] {logging_mixin.py:190} INFO - [2024-12-09T05:58:51.387+0000] {dag.py:4180} INFO - Setting next_dagrun for example_sla_dag to 2024-12-09 05:56:00+00:00, run_after=2024-12-09 05:58:00+00:00
[2024-12-09T05:58:51.429+0000] {processor.py:208} INFO - Processing /home/airflow/.local/lib/python3.12/site-packages/airflow/example_dags/example_sla_dag.py took 0.203 seconds
[2024-12-09T05:59:21.652+0000] {processor.py:186} INFO - Started process (PID=918) to work on /home/airflow/.local/lib/python3.12/site-packages/airflow/example_dags/example_sla_dag.py
[2024-12-09T05:59:21.654+0000] {processor.py:914} INFO - Processing file /home/airflow/.local/lib/python3.12/site-packages/airflow/example_dags/example_sla_dag.py for tasks to queue
[2024-12-09T05:59:21.658+0000] {logging_mixin.py:190} INFO - [2024-12-09T05:59:21.658+0000] {dagbag.py:588} INFO - Filling up the DagBag from /home/airflow/.local/lib/python3.12/site-packages/airflow/example_dags/example_sla_dag.py
[2024-12-09T05:59:21.678+0000] {processor.py:925} INFO - DAG(s) 'example_sla_dag' retrieved from /home/airflow/.local/lib/python3.12/site-packages/airflow/example_dags/example_sla_dag.py
[2024-12-09T05:59:21.709+0000] {logging_mixin.py:190} INFO - [2024-12-09T05:59:21.709+0000] {dag.py:3239} INFO - Sync 1 DAGs
[2024-12-09T05:59:21.752+0000] {logging_mixin.py:190} INFO - [2024-12-09T05:59:21.751+0000] {dag.py:4180} INFO - Setting next_dagrun for example_sla_dag to 2024-12-09 05:56:00+00:00, run_after=2024-12-09 05:58:00+00:00
[2024-12-09T05:59:21.782+0000] {processor.py:208} INFO - Processing /home/airflow/.local/lib/python3.12/site-packages/airflow/example_dags/example_sla_dag.py took 0.149 seconds
[2024-12-09T05:59:52.004+0000] {processor.py:186} INFO - Started process (PID=1221) to work on /home/airflow/.local/lib/python3.12/site-packages/airflow/example_dags/example_sla_dag.py
[2024-12-09T05:59:52.006+0000] {processor.py:914} INFO - Processing file /home/airflow/.local/lib/python3.12/site-packages/airflow/example_dags/example_sla_dag.py for tasks to queue
[2024-12-09T05:59:52.008+0000] {logging_mixin.py:190} INFO - [2024-12-09T05:59:52.008+0000] {dagbag.py:588} INFO - Filling up the DagBag from /home/airflow/.local/lib/python3.12/site-packages/airflow/example_dags/example_sla_dag.py
[2024-12-09T05:59:52.020+0000] {processor.py:925} INFO - DAG(s) 'example_sla_dag' retrieved from /home/airflow/.local/lib/python3.12/site-packages/airflow/example_dags/example_sla_dag.py
[2024-12-09T05:59:52.042+0000] {logging_mixin.py:190} INFO - [2024-12-09T05:59:52.041+0000] {dag.py:3239} INFO - Sync 1 DAGs
[2024-12-09T05:59:52.073+0000] {logging_mixin.py:190} INFO - [2024-12-09T05:59:52.072+0000] {dag.py:4180} INFO - Setting next_dagrun for example_sla_dag to 2024-12-09 05:56:00+00:00, run_after=2024-12-09 05:58:00+00:00
[2024-12-09T05:59:52.103+0000] {processor.py:208} INFO - Processing /home/airflow/.local/lib/python3.12/site-packages/airflow/example_dags/example_sla_dag.py took 0.106 seconds
[2024-12-09T06:00:22.756+0000] {processor.py:186} INFO - Started process (PID=1513) to work on /home/airflow/.local/lib/python3.12/site-packages/airflow/example_dags/example_sla_dag.py
[2024-12-09T06:00:22.757+0000] {processor.py:914} INFO - Processing file /home/airflow/.local/lib/python3.12/site-packages/airflow/example_dags/example_sla_dag.py for tasks to queue
[2024-12-09T06:00:22.762+0000] {logging_mixin.py:190} INFO - [2024-12-09T06:00:22.761+0000] {dagbag.py:588} INFO - Filling up the DagBag from /home/airflow/.local/lib/python3.12/site-packages/airflow/example_dags/example_sla_dag.py
[2024-12-09T06:00:22.778+0000] {processor.py:925} INFO - DAG(s) 'example_sla_dag' retrieved from /home/airflow/.local/lib/python3.12/site-packages/airflow/example_dags/example_sla_dag.py
[2024-12-09T06:00:22.803+0000] {logging_mixin.py:190} INFO - [2024-12-09T06:00:22.802+0000] {dag.py:3239} INFO - Sync 1 DAGs
[2024-12-09T06:00:22.838+0000] {logging_mixin.py:190} INFO - [2024-12-09T06:00:22.837+0000] {dag.py:4180} INFO - Setting next_dagrun for example_sla_dag to 2024-12-09 05:58:00+00:00, run_after=2024-12-09 06:00:00+00:00
[2024-12-09T06:00:22.871+0000] {processor.py:208} INFO - Processing /home/airflow/.local/lib/python3.12/site-packages/airflow/example_dags/example_sla_dag.py took 0.124 seconds
[2024-12-09T06:00:52.958+0000] {processor.py:186} INFO - Started process (PID=1805) to work on /home/airflow/.local/lib/python3.12/site-packages/airflow/example_dags/example_sla_dag.py
[2024-12-09T06:00:52.960+0000] {processor.py:914} INFO - Processing file /home/airflow/.local/lib/python3.12/site-packages/airflow/example_dags/example_sla_dag.py for tasks to queue
[2024-12-09T06:00:52.963+0000] {logging_mixin.py:190} INFO - [2024-12-09T06:00:52.962+0000] {dagbag.py:588} INFO - Filling up the DagBag from /home/airflow/.local/lib/python3.12/site-packages/airflow/example_dags/example_sla_dag.py
[2024-12-09T06:00:52.976+0000] {processor.py:925} INFO - DAG(s) 'example_sla_dag' retrieved from /home/airflow/.local/lib/python3.12/site-packages/airflow/example_dags/example_sla_dag.py
[2024-12-09T06:00:52.998+0000] {logging_mixin.py:190} INFO - [2024-12-09T06:00:52.998+0000] {dag.py:3239} INFO - Sync 1 DAGs
[2024-12-09T06:00:53.029+0000] {logging_mixin.py:190} INFO - [2024-12-09T06:00:53.028+0000] {dag.py:4180} INFO - Setting next_dagrun for example_sla_dag to 2024-12-09 05:58:00+00:00, run_after=2024-12-09 06:00:00+00:00
[2024-12-09T06:00:53.052+0000] {processor.py:208} INFO - Processing /home/airflow/.local/lib/python3.12/site-packages/airflow/example_dags/example_sla_dag.py took 0.102 seconds
[2024-12-09T06:01:24.087+0000] {processor.py:186} INFO - Started process (PID=2099) to work on /home/airflow/.local/lib/python3.12/site-packages/airflow/example_dags/example_sla_dag.py
[2024-12-09T06:01:24.089+0000] {processor.py:914} INFO - Processing file /home/airflow/.local/lib/python3.12/site-packages/airflow/example_dags/example_sla_dag.py for tasks to queue
[2024-12-09T06:01:24.100+0000] {logging_mixin.py:190} INFO - [2024-12-09T06:01:24.099+0000] {dagbag.py:588} INFO - Filling up the DagBag from /home/airflow/.local/lib/python3.12/site-packages/airflow/example_dags/example_sla_dag.py
[2024-12-09T06:01:24.140+0000] {processor.py:925} INFO - DAG(s) 'example_sla_dag' retrieved from /home/airflow/.local/lib/python3.12/site-packages/airflow/example_dags/example_sla_dag.py
[2024-12-09T06:01:24.191+0000] {logging_mixin.py:190} INFO - [2024-12-09T06:01:24.191+0000] {dag.py:3239} INFO - Sync 1 DAGs
[2024-12-09T06:01:24.342+0000] {logging_mixin.py:190} INFO - [2024-12-09T06:01:24.339+0000] {dag.py:4180} INFO - Setting next_dagrun for example_sla_dag to 2024-12-09 05:58:00+00:00, run_after=2024-12-09 06:00:00+00:00
[2024-12-09T06:01:24.451+0000] {processor.py:208} INFO - Processing /home/airflow/.local/lib/python3.12/site-packages/airflow/example_dags/example_sla_dag.py took 0.386 seconds
