[2024-12-09T05:58:14.565+0000] {processor.py:186} INFO - Started process (PID=277) to work on /home/airflow/.local/lib/python3.12/site-packages/airflow/example_dags/example_inlet_event_extra.py
[2024-12-09T05:58:14.567+0000] {processor.py:914} INFO - Processing file /home/airflow/.local/lib/python3.12/site-packages/airflow/example_dags/example_inlet_event_extra.py for tasks to queue
[2024-12-09T05:58:14.571+0000] {logging_mixin.py:190} INFO - [2024-12-09T05:58:14.570+0000] {dagbag.py:588} INFO - Filling up the DagBag from /home/airflow/.local/lib/python3.12/site-packages/airflow/example_dags/example_inlet_event_extra.py
[2024-12-09T05:58:16.248+0000] {processor.py:925} INFO - DAG(s) 'read_dataset_event_from_classic', 'read_dataset_event' retrieved from /home/airflow/.local/lib/python3.12/site-packages/airflow/example_dags/example_inlet_event_extra.py
[2024-12-09T05:58:16.309+0000] {logging_mixin.py:190} INFO - [2024-12-09T05:58:16.309+0000] {dag.py:3239} INFO - Sync 2 DAGs
[2024-12-09T05:58:16.377+0000] {logging_mixin.py:190} INFO - [2024-12-09T05:58:16.377+0000] {dag.py:4180} INFO - Setting next_dagrun for read_dataset_event to 2024-12-08 00:00:00+00:00, run_after=2024-12-09 00:00:00+00:00
[2024-12-09T05:58:16.390+0000] {logging_mixin.py:190} INFO - [2024-12-09T05:58:16.389+0000] {dag.py:4180} INFO - Setting next_dagrun for read_dataset_event_from_classic to 2024-12-08 00:00:00+00:00, run_after=2024-12-09 00:00:00+00:00
[2024-12-09T05:58:16.430+0000] {processor.py:208} INFO - Processing /home/airflow/.local/lib/python3.12/site-packages/airflow/example_dags/example_inlet_event_extra.py took 1.877 seconds
[2024-12-09T05:58:47.139+0000] {processor.py:186} INFO - Started process (PID=579) to work on /home/airflow/.local/lib/python3.12/site-packages/airflow/example_dags/example_inlet_event_extra.py
[2024-12-09T05:58:47.146+0000] {processor.py:914} INFO - Processing file /home/airflow/.local/lib/python3.12/site-packages/airflow/example_dags/example_inlet_event_extra.py for tasks to queue
[2024-12-09T05:58:47.162+0000] {logging_mixin.py:190} INFO - [2024-12-09T05:58:47.160+0000] {dagbag.py:588} INFO - Filling up the DagBag from /home/airflow/.local/lib/python3.12/site-packages/airflow/example_dags/example_inlet_event_extra.py
[2024-12-09T05:58:49.527+0000] {processor.py:925} INFO - DAG(s) 'read_dataset_event_from_classic', 'read_dataset_event' retrieved from /home/airflow/.local/lib/python3.12/site-packages/airflow/example_dags/example_inlet_event_extra.py
[2024-12-09T05:58:49.597+0000] {logging_mixin.py:190} INFO - [2024-12-09T05:58:49.596+0000] {dag.py:3239} INFO - Sync 2 DAGs
[2024-12-09T05:58:49.721+0000] {logging_mixin.py:190} INFO - [2024-12-09T05:58:49.721+0000] {dag.py:4180} INFO - Setting next_dagrun for read_dataset_event to 2024-12-08 00:00:00+00:00, run_after=2024-12-09 00:00:00+00:00
[2024-12-09T05:58:49.736+0000] {logging_mixin.py:190} INFO - [2024-12-09T05:58:49.736+0000] {dag.py:4180} INFO - Setting next_dagrun for read_dataset_event_from_classic to 2024-12-08 00:00:00+00:00, run_after=2024-12-09 00:00:00+00:00
[2024-12-09T05:58:49.800+0000] {processor.py:208} INFO - Processing /home/airflow/.local/lib/python3.12/site-packages/airflow/example_dags/example_inlet_event_extra.py took 2.750 seconds
[2024-12-09T05:59:20.456+0000] {processor.py:186} INFO - Started process (PID=888) to work on /home/airflow/.local/lib/python3.12/site-packages/airflow/example_dags/example_inlet_event_extra.py
[2024-12-09T05:59:20.458+0000] {processor.py:914} INFO - Processing file /home/airflow/.local/lib/python3.12/site-packages/airflow/example_dags/example_inlet_event_extra.py for tasks to queue
[2024-12-09T05:59:20.462+0000] {logging_mixin.py:190} INFO - [2024-12-09T05:59:20.462+0000] {dagbag.py:588} INFO - Filling up the DagBag from /home/airflow/.local/lib/python3.12/site-packages/airflow/example_dags/example_inlet_event_extra.py
[2024-12-09T05:59:21.174+0000] {processor.py:925} INFO - DAG(s) 'read_dataset_event_from_classic', 'read_dataset_event' retrieved from /home/airflow/.local/lib/python3.12/site-packages/airflow/example_dags/example_inlet_event_extra.py
[2024-12-09T05:59:21.199+0000] {logging_mixin.py:190} INFO - [2024-12-09T05:59:21.199+0000] {dag.py:3239} INFO - Sync 2 DAGs
[2024-12-09T05:59:21.229+0000] {logging_mixin.py:190} INFO - [2024-12-09T05:59:21.228+0000] {dag.py:4180} INFO - Setting next_dagrun for read_dataset_event to 2024-12-08 00:00:00+00:00, run_after=2024-12-09 00:00:00+00:00
[2024-12-09T05:59:21.234+0000] {logging_mixin.py:190} INFO - [2024-12-09T05:59:21.234+0000] {dag.py:4180} INFO - Setting next_dagrun for read_dataset_event_from_classic to 2024-12-08 00:00:00+00:00, run_after=2024-12-09 00:00:00+00:00
[2024-12-09T05:59:21.258+0000] {processor.py:208} INFO - Processing /home/airflow/.local/lib/python3.12/site-packages/airflow/example_dags/example_inlet_event_extra.py took 0.809 seconds
[2024-12-09T05:59:51.579+0000] {processor.py:186} INFO - Started process (PID=1203) to work on /home/airflow/.local/lib/python3.12/site-packages/airflow/example_dags/example_inlet_event_extra.py
[2024-12-09T05:59:51.580+0000] {processor.py:914} INFO - Processing file /home/airflow/.local/lib/python3.12/site-packages/airflow/example_dags/example_inlet_event_extra.py for tasks to queue
[2024-12-09T05:59:51.583+0000] {logging_mixin.py:190} INFO - [2024-12-09T05:59:51.583+0000] {dagbag.py:588} INFO - Filling up the DagBag from /home/airflow/.local/lib/python3.12/site-packages/airflow/example_dags/example_inlet_event_extra.py
[2024-12-09T05:59:52.250+0000] {processor.py:925} INFO - DAG(s) 'read_dataset_event_from_classic', 'read_dataset_event' retrieved from /home/airflow/.local/lib/python3.12/site-packages/airflow/example_dags/example_inlet_event_extra.py
[2024-12-09T05:59:52.276+0000] {logging_mixin.py:190} INFO - [2024-12-09T05:59:52.276+0000] {dag.py:3239} INFO - Sync 2 DAGs
[2024-12-09T05:59:52.301+0000] {logging_mixin.py:190} INFO - [2024-12-09T05:59:52.301+0000] {dag.py:4180} INFO - Setting next_dagrun for read_dataset_event to 2024-12-08 00:00:00+00:00, run_after=2024-12-09 00:00:00+00:00
[2024-12-09T05:59:52.308+0000] {logging_mixin.py:190} INFO - [2024-12-09T05:59:52.307+0000] {dag.py:4180} INFO - Setting next_dagrun for read_dataset_event_from_classic to 2024-12-08 00:00:00+00:00, run_after=2024-12-09 00:00:00+00:00
[2024-12-09T05:59:52.335+0000] {processor.py:208} INFO - Processing /home/airflow/.local/lib/python3.12/site-packages/airflow/example_dags/example_inlet_event_extra.py took 0.764 seconds
[2024-12-09T06:00:22.927+0000] {processor.py:186} INFO - Started process (PID=1518) to work on /home/airflow/.local/lib/python3.12/site-packages/airflow/example_dags/example_inlet_event_extra.py
[2024-12-09T06:00:22.929+0000] {processor.py:914} INFO - Processing file /home/airflow/.local/lib/python3.12/site-packages/airflow/example_dags/example_inlet_event_extra.py for tasks to queue
[2024-12-09T06:00:22.932+0000] {logging_mixin.py:190} INFO - [2024-12-09T06:00:22.932+0000] {dagbag.py:588} INFO - Filling up the DagBag from /home/airflow/.local/lib/python3.12/site-packages/airflow/example_dags/example_inlet_event_extra.py
[2024-12-09T06:00:23.587+0000] {processor.py:925} INFO - DAG(s) 'read_dataset_event', 'read_dataset_event_from_classic' retrieved from /home/airflow/.local/lib/python3.12/site-packages/airflow/example_dags/example_inlet_event_extra.py
[2024-12-09T06:00:23.610+0000] {logging_mixin.py:190} INFO - [2024-12-09T06:00:23.610+0000] {dag.py:3239} INFO - Sync 2 DAGs
[2024-12-09T06:00:23.635+0000] {logging_mixin.py:190} INFO - [2024-12-09T06:00:23.635+0000] {dag.py:4180} INFO - Setting next_dagrun for read_dataset_event to 2024-12-08 00:00:00+00:00, run_after=2024-12-09 00:00:00+00:00
[2024-12-09T06:00:23.641+0000] {logging_mixin.py:190} INFO - [2024-12-09T06:00:23.641+0000] {dag.py:4180} INFO - Setting next_dagrun for read_dataset_event_from_classic to 2024-12-08 00:00:00+00:00, run_after=2024-12-09 00:00:00+00:00
[2024-12-09T06:00:23.662+0000] {processor.py:208} INFO - Processing /home/airflow/.local/lib/python3.12/site-packages/airflow/example_dags/example_inlet_event_extra.py took 0.744 seconds
[2024-12-09T06:00:54.011+0000] {processor.py:186} INFO - Started process (PID=1813) to work on /home/airflow/.local/lib/python3.12/site-packages/airflow/example_dags/example_inlet_event_extra.py
[2024-12-09T06:00:54.013+0000] {processor.py:914} INFO - Processing file /home/airflow/.local/lib/python3.12/site-packages/airflow/example_dags/example_inlet_event_extra.py for tasks to queue
[2024-12-09T06:00:54.015+0000] {logging_mixin.py:190} INFO - [2024-12-09T06:00:54.015+0000] {dagbag.py:588} INFO - Filling up the DagBag from /home/airflow/.local/lib/python3.12/site-packages/airflow/example_dags/example_inlet_event_extra.py
[2024-12-09T06:00:54.779+0000] {processor.py:925} INFO - DAG(s) 'read_dataset_event_from_classic', 'read_dataset_event' retrieved from /home/airflow/.local/lib/python3.12/site-packages/airflow/example_dags/example_inlet_event_extra.py
[2024-12-09T06:00:54.803+0000] {logging_mixin.py:190} INFO - [2024-12-09T06:00:54.803+0000] {dag.py:3239} INFO - Sync 2 DAGs
[2024-12-09T06:00:54.837+0000] {logging_mixin.py:190} INFO - [2024-12-09T06:00:54.837+0000] {dag.py:4180} INFO - Setting next_dagrun for read_dataset_event to 2024-12-08 00:00:00+00:00, run_after=2024-12-09 00:00:00+00:00
[2024-12-09T06:00:54.844+0000] {logging_mixin.py:190} INFO - [2024-12-09T06:00:54.844+0000] {dag.py:4180} INFO - Setting next_dagrun for read_dataset_event_from_classic to 2024-12-08 00:00:00+00:00, run_after=2024-12-09 00:00:00+00:00
[2024-12-09T06:00:54.869+0000] {processor.py:208} INFO - Processing /home/airflow/.local/lib/python3.12/site-packages/airflow/example_dags/example_inlet_event_extra.py took 0.880 seconds
[2024-12-09T06:01:25.402+0000] {processor.py:186} INFO - Started process (PID=2109) to work on /home/airflow/.local/lib/python3.12/site-packages/airflow/example_dags/example_inlet_event_extra.py
[2024-12-09T06:01:25.404+0000] {processor.py:914} INFO - Processing file /home/airflow/.local/lib/python3.12/site-packages/airflow/example_dags/example_inlet_event_extra.py for tasks to queue
[2024-12-09T06:01:25.409+0000] {logging_mixin.py:190} INFO - [2024-12-09T06:01:25.408+0000] {dagbag.py:588} INFO - Filling up the DagBag from /home/airflow/.local/lib/python3.12/site-packages/airflow/example_dags/example_inlet_event_extra.py
[2024-12-09T06:01:27.149+0000] {processor.py:925} INFO - DAG(s) 'read_dataset_event', 'read_dataset_event_from_classic' retrieved from /home/airflow/.local/lib/python3.12/site-packages/airflow/example_dags/example_inlet_event_extra.py
[2024-12-09T06:01:27.199+0000] {logging_mixin.py:190} INFO - [2024-12-09T06:01:27.198+0000] {dag.py:3239} INFO - Sync 2 DAGs
[2024-12-09T06:01:27.277+0000] {logging_mixin.py:190} INFO - [2024-12-09T06:01:27.277+0000] {dag.py:4180} INFO - Setting next_dagrun for read_dataset_event to 2024-12-08 00:00:00+00:00, run_after=2024-12-09 00:00:00+00:00
[2024-12-09T06:01:27.292+0000] {logging_mixin.py:190} INFO - [2024-12-09T06:01:27.291+0000] {dag.py:4180} INFO - Setting next_dagrun for read_dataset_event_from_classic to 2024-12-08 00:00:00+00:00, run_after=2024-12-09 00:00:00+00:00
[2024-12-09T06:01:27.345+0000] {processor.py:208} INFO - Processing /home/airflow/.local/lib/python3.12/site-packages/airflow/example_dags/example_inlet_event_extra.py took 1.957 seconds
