[2024-12-09T05:58:24.374+0000] {processor.py:186} INFO - Started process (PID=463) to work on /home/airflow/.local/lib/python3.12/site-packages/airflow/example_dags/example_latest_only.py
[2024-12-09T05:58:24.376+0000] {processor.py:914} INFO - Processing file /home/airflow/.local/lib/python3.12/site-packages/airflow/example_dags/example_latest_only.py for tasks to queue
[2024-12-09T05:58:24.380+0000] {logging_mixin.py:190} INFO - [2024-12-09T05:58:24.380+0000] {dagbag.py:588} INFO - Filling up the DagBag from /home/airflow/.local/lib/python3.12/site-packages/airflow/example_dags/example_latest_only.py
[2024-12-09T05:58:24.395+0000] {processor.py:925} INFO - DAG(s) 'latest_only' retrieved from /home/airflow/.local/lib/python3.12/site-packages/airflow/example_dags/example_latest_only.py
[2024-12-09T05:58:24.428+0000] {logging_mixin.py:190} INFO - [2024-12-09T05:58:24.428+0000] {dag.py:3239} INFO - Sync 1 DAGs
[2024-12-09T05:58:24.475+0000] {logging_mixin.py:190} INFO - [2024-12-09T05:58:24.475+0000] {dag.py:4180} INFO - Setting next_dagrun for latest_only to 2024-12-09 00:00:00+00:00, run_after=2024-12-09 04:00:00+00:00
[2024-12-09T05:58:24.546+0000] {processor.py:208} INFO - Processing /home/airflow/.local/lib/python3.12/site-packages/airflow/example_dags/example_latest_only.py took 0.185 seconds
[2024-12-09T05:58:56.683+0000] {processor.py:186} INFO - Started process (PID=759) to work on /home/airflow/.local/lib/python3.12/site-packages/airflow/example_dags/example_latest_only.py
[2024-12-09T05:58:56.684+0000] {processor.py:914} INFO - Processing file /home/airflow/.local/lib/python3.12/site-packages/airflow/example_dags/example_latest_only.py for tasks to queue
[2024-12-09T05:58:56.688+0000] {logging_mixin.py:190} INFO - [2024-12-09T05:58:56.688+0000] {dagbag.py:588} INFO - Filling up the DagBag from /home/airflow/.local/lib/python3.12/site-packages/airflow/example_dags/example_latest_only.py
[2024-12-09T05:58:56.701+0000] {processor.py:925} INFO - DAG(s) 'latest_only' retrieved from /home/airflow/.local/lib/python3.12/site-packages/airflow/example_dags/example_latest_only.py
[2024-12-09T05:58:56.730+0000] {logging_mixin.py:190} INFO - [2024-12-09T05:58:56.730+0000] {dag.py:3239} INFO - Sync 1 DAGs
[2024-12-09T05:58:56.768+0000] {logging_mixin.py:190} INFO - [2024-12-09T05:58:56.767+0000] {dag.py:4180} INFO - Setting next_dagrun for latest_only to 2024-12-09 00:00:00+00:00, run_after=2024-12-09 04:00:00+00:00
[2024-12-09T05:58:56.793+0000] {processor.py:208} INFO - Processing /home/airflow/.local/lib/python3.12/site-packages/airflow/example_dags/example_latest_only.py took 0.120 seconds
[2024-12-09T05:59:29.247+0000] {processor.py:186} INFO - Started process (PID=1060) to work on /home/airflow/.local/lib/python3.12/site-packages/airflow/example_dags/example_latest_only.py
[2024-12-09T05:59:29.248+0000] {processor.py:914} INFO - Processing file /home/airflow/.local/lib/python3.12/site-packages/airflow/example_dags/example_latest_only.py for tasks to queue
[2024-12-09T05:59:29.253+0000] {logging_mixin.py:190} INFO - [2024-12-09T05:59:29.252+0000] {dagbag.py:588} INFO - Filling up the DagBag from /home/airflow/.local/lib/python3.12/site-packages/airflow/example_dags/example_latest_only.py
[2024-12-09T05:59:29.262+0000] {processor.py:925} INFO - DAG(s) 'latest_only' retrieved from /home/airflow/.local/lib/python3.12/site-packages/airflow/example_dags/example_latest_only.py
[2024-12-09T05:59:29.294+0000] {logging_mixin.py:190} INFO - [2024-12-09T05:59:29.293+0000] {dag.py:3239} INFO - Sync 1 DAGs
[2024-12-09T05:59:29.332+0000] {logging_mixin.py:190} INFO - [2024-12-09T05:59:29.331+0000] {dag.py:4180} INFO - Setting next_dagrun for latest_only to 2024-12-09 00:00:00+00:00, run_after=2024-12-09 04:00:00+00:00
[2024-12-09T05:59:29.361+0000] {processor.py:208} INFO - Processing /home/airflow/.local/lib/python3.12/site-packages/airflow/example_dags/example_latest_only.py took 0.124 seconds
[2024-12-09T06:00:00.251+0000] {processor.py:186} INFO - Started process (PID=1361) to work on /home/airflow/.local/lib/python3.12/site-packages/airflow/example_dags/example_latest_only.py
[2024-12-09T06:00:00.253+0000] {processor.py:914} INFO - Processing file /home/airflow/.local/lib/python3.12/site-packages/airflow/example_dags/example_latest_only.py for tasks to queue
[2024-12-09T06:00:00.256+0000] {logging_mixin.py:190} INFO - [2024-12-09T06:00:00.256+0000] {dagbag.py:588} INFO - Filling up the DagBag from /home/airflow/.local/lib/python3.12/site-packages/airflow/example_dags/example_latest_only.py
[2024-12-09T06:00:00.271+0000] {processor.py:925} INFO - DAG(s) 'latest_only' retrieved from /home/airflow/.local/lib/python3.12/site-packages/airflow/example_dags/example_latest_only.py
[2024-12-09T06:00:00.303+0000] {logging_mixin.py:190} INFO - [2024-12-09T06:00:00.303+0000] {dag.py:3239} INFO - Sync 1 DAGs
[2024-12-09T06:00:00.343+0000] {logging_mixin.py:190} INFO - [2024-12-09T06:00:00.343+0000] {dag.py:4180} INFO - Setting next_dagrun for latest_only to 2024-12-09 00:00:00+00:00, run_after=2024-12-09 04:00:00+00:00
[2024-12-09T06:00:00.378+0000] {processor.py:208} INFO - Processing /home/airflow/.local/lib/python3.12/site-packages/airflow/example_dags/example_latest_only.py took 0.137 seconds
[2024-12-09T06:00:30.494+0000] {processor.py:186} INFO - Started process (PID=1653) to work on /home/airflow/.local/lib/python3.12/site-packages/airflow/example_dags/example_latest_only.py
[2024-12-09T06:00:30.495+0000] {processor.py:914} INFO - Processing file /home/airflow/.local/lib/python3.12/site-packages/airflow/example_dags/example_latest_only.py for tasks to queue
[2024-12-09T06:00:30.498+0000] {logging_mixin.py:190} INFO - [2024-12-09T06:00:30.497+0000] {dagbag.py:588} INFO - Filling up the DagBag from /home/airflow/.local/lib/python3.12/site-packages/airflow/example_dags/example_latest_only.py
[2024-12-09T06:00:30.505+0000] {processor.py:925} INFO - DAG(s) 'latest_only' retrieved from /home/airflow/.local/lib/python3.12/site-packages/airflow/example_dags/example_latest_only.py
[2024-12-09T06:00:30.536+0000] {logging_mixin.py:190} INFO - [2024-12-09T06:00:30.536+0000] {dag.py:3239} INFO - Sync 1 DAGs
[2024-12-09T06:00:30.562+0000] {logging_mixin.py:190} INFO - [2024-12-09T06:00:30.562+0000] {dag.py:4180} INFO - Setting next_dagrun for latest_only to 2024-12-09 00:00:00+00:00, run_after=2024-12-09 04:00:00+00:00
[2024-12-09T06:00:30.589+0000] {processor.py:208} INFO - Processing /home/airflow/.local/lib/python3.12/site-packages/airflow/example_dags/example_latest_only.py took 0.102 seconds
[2024-12-09T06:01:00.786+0000] {processor.py:186} INFO - Started process (PID=1948) to work on /home/airflow/.local/lib/python3.12/site-packages/airflow/example_dags/example_latest_only.py
[2024-12-09T06:01:00.787+0000] {processor.py:914} INFO - Processing file /home/airflow/.local/lib/python3.12/site-packages/airflow/example_dags/example_latest_only.py for tasks to queue
[2024-12-09T06:01:00.791+0000] {logging_mixin.py:190} INFO - [2024-12-09T06:01:00.790+0000] {dagbag.py:588} INFO - Filling up the DagBag from /home/airflow/.local/lib/python3.12/site-packages/airflow/example_dags/example_latest_only.py
[2024-12-09T06:01:00.800+0000] {processor.py:925} INFO - DAG(s) 'latest_only' retrieved from /home/airflow/.local/lib/python3.12/site-packages/airflow/example_dags/example_latest_only.py
[2024-12-09T06:01:00.832+0000] {logging_mixin.py:190} INFO - [2024-12-09T06:01:00.831+0000] {dag.py:3239} INFO - Sync 1 DAGs
[2024-12-09T06:01:00.859+0000] {logging_mixin.py:190} INFO - [2024-12-09T06:01:00.859+0000] {dag.py:4180} INFO - Setting next_dagrun for latest_only to 2024-12-09 00:00:00+00:00, run_after=2024-12-09 04:00:00+00:00
[2024-12-09T06:01:00.886+0000] {processor.py:208} INFO - Processing /home/airflow/.local/lib/python3.12/site-packages/airflow/example_dags/example_latest_only.py took 0.108 seconds
