[2024-12-09T05:58:13.276+0000] {processor.py:186} INFO - Started process (PID=250) to work on /home/airflow/.local/lib/python3.12/site-packages/airflow/example_dags/example_subdag_operator.py
[2024-12-09T05:58:13.279+0000] {processor.py:914} INFO - Processing file /home/airflow/.local/lib/python3.12/site-packages/airflow/example_dags/example_subdag_operator.py for tasks to queue
[2024-12-09T05:58:13.285+0000] {logging_mixin.py:190} INFO - [2024-12-09T05:58:13.284+0000] {dagbag.py:588} INFO - Filling up the DagBag from /home/airflow/.local/lib/python3.12/site-packages/airflow/example_dags/example_subdag_operator.py
[2024-12-09T05:58:13.357+0000] {processor.py:925} INFO - DAG(s) 'example_subdag_operator.section-1', 'example_subdag_operator.section-2', 'example_subdag_operator' retrieved from /home/airflow/.local/lib/python3.12/site-packages/airflow/example_dags/example_subdag_operator.py
[2024-12-09T05:58:13.418+0000] {logging_mixin.py:190} INFO - [2024-12-09T05:58:13.418+0000] {dag.py:3239} INFO - Sync 3 DAGs
[2024-12-09T05:58:13.484+0000] {logging_mixin.py:190} INFO - [2024-12-09T05:58:13.483+0000] {dag.py:4180} INFO - Setting next_dagrun for example_subdag_operator to 2022-01-01 00:00:00+00:00, run_after=2022-01-01 00:00:00+00:00
[2024-12-09T05:58:13.451+0000] {logging_mixin.py:190} INFO - [2024-12-09T05:58:13.451+0000] {dag.py:4180} INFO - Setting next_dagrun for example_subdag_operator.section-1 to None, run_after=None
[2024-12-09T05:58:13.459+0000] {logging_mixin.py:190} INFO - [2024-12-09T05:58:13.458+0000] {dag.py:4180} INFO - Setting next_dagrun for example_subdag_operator.section-2 to None, run_after=None
[2024-12-09T05:58:13.488+0000] {logging_mixin.py:190} INFO - [2024-12-09T05:58:13.487+0000] {dag.py:3239} INFO - Sync 2 DAGs
[2024-12-09T05:58:13.507+0000] {logging_mixin.py:190} INFO - [2024-12-09T05:58:13.506+0000] {dag.py:4180} INFO - Setting next_dagrun for example_subdag_operator.section-1 to None, run_after=None
[2024-12-09T05:58:13.508+0000] {logging_mixin.py:190} INFO - [2024-12-09T05:58:13.508+0000] {dag.py:4180} INFO - Setting next_dagrun for example_subdag_operator.section-2 to None, run_after=None
[2024-12-09T05:58:13.529+0000] {processor.py:208} INFO - Processing /home/airflow/.local/lib/python3.12/site-packages/airflow/example_dags/example_subdag_operator.py took 0.336 seconds
[2024-12-09T05:58:44.051+0000] {processor.py:186} INFO - Started process (PID=549) to work on /home/airflow/.local/lib/python3.12/site-packages/airflow/example_dags/example_subdag_operator.py
[2024-12-09T05:58:44.060+0000] {processor.py:914} INFO - Processing file /home/airflow/.local/lib/python3.12/site-packages/airflow/example_dags/example_subdag_operator.py for tasks to queue
[2024-12-09T05:58:44.068+0000] {logging_mixin.py:190} INFO - [2024-12-09T05:58:44.066+0000] {dagbag.py:588} INFO - Filling up the DagBag from /home/airflow/.local/lib/python3.12/site-packages/airflow/example_dags/example_subdag_operator.py
[2024-12-09T05:58:44.248+0000] {processor.py:925} INFO - DAG(s) 'example_subdag_operator.section-1', 'example_subdag_operator.section-2', 'example_subdag_operator' retrieved from /home/airflow/.local/lib/python3.12/site-packages/airflow/example_dags/example_subdag_operator.py
[2024-12-09T05:58:44.314+0000] {logging_mixin.py:190} INFO - [2024-12-09T05:58:44.313+0000] {dag.py:3239} INFO - Sync 3 DAGs
[2024-12-09T05:58:44.408+0000] {logging_mixin.py:190} INFO - [2024-12-09T05:58:44.408+0000] {dag.py:4180} INFO - Setting next_dagrun for example_subdag_operator to 2022-01-01 00:00:00+00:00, run_after=2022-01-01 00:00:00+00:00
[2024-12-09T05:58:44.420+0000] {logging_mixin.py:190} INFO - [2024-12-09T05:58:44.419+0000] {dag.py:4180} INFO - Setting next_dagrun for example_subdag_operator.section-1 to None, run_after=None
[2024-12-09T05:58:44.424+0000] {logging_mixin.py:190} INFO - [2024-12-09T05:58:44.424+0000] {dag.py:4180} INFO - Setting next_dagrun for example_subdag_operator.section-2 to None, run_after=None
[2024-12-09T05:58:44.447+0000] {logging_mixin.py:190} INFO - [2024-12-09T05:58:44.447+0000] {dag.py:3239} INFO - Sync 2 DAGs
[2024-12-09T05:58:44.461+0000] {logging_mixin.py:190} INFO - [2024-12-09T05:58:44.461+0000] {dag.py:4180} INFO - Setting next_dagrun for example_subdag_operator.section-1 to None, run_after=None
[2024-12-09T05:58:44.464+0000] {logging_mixin.py:190} INFO - [2024-12-09T05:58:44.463+0000] {dag.py:4180} INFO - Setting next_dagrun for example_subdag_operator.section-2 to None, run_after=None
[2024-12-09T05:58:44.491+0000] {processor.py:208} INFO - Processing /home/airflow/.local/lib/python3.12/site-packages/airflow/example_dags/example_subdag_operator.py took 0.491 seconds
[2024-12-09T05:59:14.793+0000] {processor.py:186} INFO - Started process (PID=846) to work on /home/airflow/.local/lib/python3.12/site-packages/airflow/example_dags/example_subdag_operator.py
[2024-12-09T05:59:14.794+0000] {processor.py:914} INFO - Processing file /home/airflow/.local/lib/python3.12/site-packages/airflow/example_dags/example_subdag_operator.py for tasks to queue
[2024-12-09T05:59:14.797+0000] {logging_mixin.py:190} INFO - [2024-12-09T05:59:14.797+0000] {dagbag.py:588} INFO - Filling up the DagBag from /home/airflow/.local/lib/python3.12/site-packages/airflow/example_dags/example_subdag_operator.py
[2024-12-09T05:59:14.827+0000] {processor.py:925} INFO - DAG(s) 'example_subdag_operator.section-1', 'example_subdag_operator.section-2', 'example_subdag_operator' retrieved from /home/airflow/.local/lib/python3.12/site-packages/airflow/example_dags/example_subdag_operator.py
[2024-12-09T05:59:14.845+0000] {logging_mixin.py:190} INFO - [2024-12-09T05:59:14.845+0000] {dag.py:3239} INFO - Sync 3 DAGs
[2024-12-09T05:59:14.875+0000] {logging_mixin.py:190} INFO - [2024-12-09T05:59:14.875+0000] {dag.py:4180} INFO - Setting next_dagrun for example_subdag_operator to 2022-01-01 00:00:00+00:00, run_after=2022-01-01 00:00:00+00:00
[2024-12-09T05:59:14.880+0000] {logging_mixin.py:190} INFO - [2024-12-09T05:59:14.879+0000] {dag.py:4180} INFO - Setting next_dagrun for example_subdag_operator.section-1 to None, run_after=None
[2024-12-09T05:59:14.882+0000] {logging_mixin.py:190} INFO - [2024-12-09T05:59:14.882+0000] {dag.py:4180} INFO - Setting next_dagrun for example_subdag_operator.section-2 to None, run_after=None
[2024-12-09T05:59:14.891+0000] {logging_mixin.py:190} INFO - [2024-12-09T05:59:14.891+0000] {dag.py:3239} INFO - Sync 2 DAGs
[2024-12-09T05:59:14.898+0000] {logging_mixin.py:190} INFO - [2024-12-09T05:59:14.898+0000] {dag.py:4180} INFO - Setting next_dagrun for example_subdag_operator.section-1 to None, run_after=None
[2024-12-09T05:59:14.898+0000] {logging_mixin.py:190} INFO - [2024-12-09T05:59:14.898+0000] {dag.py:4180} INFO - Setting next_dagrun for example_subdag_operator.section-2 to None, run_after=None
[2024-12-09T05:59:14.913+0000] {processor.py:208} INFO - Processing /home/airflow/.local/lib/python3.12/site-packages/airflow/example_dags/example_subdag_operator.py took 0.127 seconds
[2024-12-09T05:59:45.178+0000] {processor.py:186} INFO - Started process (PID=1151) to work on /home/airflow/.local/lib/python3.12/site-packages/airflow/example_dags/example_subdag_operator.py
[2024-12-09T05:59:45.179+0000] {processor.py:914} INFO - Processing file /home/airflow/.local/lib/python3.12/site-packages/airflow/example_dags/example_subdag_operator.py for tasks to queue
[2024-12-09T05:59:45.182+0000] {logging_mixin.py:190} INFO - [2024-12-09T05:59:45.182+0000] {dagbag.py:588} INFO - Filling up the DagBag from /home/airflow/.local/lib/python3.12/site-packages/airflow/example_dags/example_subdag_operator.py
[2024-12-09T05:59:45.218+0000] {processor.py:925} INFO - DAG(s) 'example_subdag_operator.section-1', 'example_subdag_operator.section-2', 'example_subdag_operator' retrieved from /home/airflow/.local/lib/python3.12/site-packages/airflow/example_dags/example_subdag_operator.py
[2024-12-09T05:59:45.241+0000] {logging_mixin.py:190} INFO - [2024-12-09T05:59:45.240+0000] {dag.py:3239} INFO - Sync 3 DAGs
[2024-12-09T05:59:45.270+0000] {logging_mixin.py:190} INFO - [2024-12-09T05:59:45.270+0000] {dag.py:4180} INFO - Setting next_dagrun for example_subdag_operator to 2022-01-01 00:00:00+00:00, run_after=2022-01-01 00:00:00+00:00
[2024-12-09T05:59:45.275+0000] {logging_mixin.py:190} INFO - [2024-12-09T05:59:45.275+0000] {dag.py:4180} INFO - Setting next_dagrun for example_subdag_operator.section-1 to None, run_after=None
[2024-12-09T05:59:45.277+0000] {logging_mixin.py:190} INFO - [2024-12-09T05:59:45.277+0000] {dag.py:4180} INFO - Setting next_dagrun for example_subdag_operator.section-2 to None, run_after=None
[2024-12-09T05:59:45.291+0000] {logging_mixin.py:190} INFO - [2024-12-09T05:59:45.290+0000] {dag.py:3239} INFO - Sync 2 DAGs
[2024-12-09T05:59:45.298+0000] {logging_mixin.py:190} INFO - [2024-12-09T05:59:45.297+0000] {dag.py:4180} INFO - Setting next_dagrun for example_subdag_operator.section-1 to None, run_after=None
[2024-12-09T05:59:45.298+0000] {logging_mixin.py:190} INFO - [2024-12-09T05:59:45.298+0000] {dag.py:4180} INFO - Setting next_dagrun for example_subdag_operator.section-2 to None, run_after=None
[2024-12-09T05:59:45.313+0000] {processor.py:208} INFO - Processing /home/airflow/.local/lib/python3.12/site-packages/airflow/example_dags/example_subdag_operator.py took 0.145 seconds
[2024-12-09T06:00:15.583+0000] {processor.py:186} INFO - Started process (PID=1448) to work on /home/airflow/.local/lib/python3.12/site-packages/airflow/example_dags/example_subdag_operator.py
[2024-12-09T06:00:15.584+0000] {processor.py:914} INFO - Processing file /home/airflow/.local/lib/python3.12/site-packages/airflow/example_dags/example_subdag_operator.py for tasks to queue
[2024-12-09T06:00:15.587+0000] {logging_mixin.py:190} INFO - [2024-12-09T06:00:15.586+0000] {dagbag.py:588} INFO - Filling up the DagBag from /home/airflow/.local/lib/python3.12/site-packages/airflow/example_dags/example_subdag_operator.py
[2024-12-09T06:00:15.622+0000] {processor.py:925} INFO - DAG(s) 'example_subdag_operator.section-1', 'example_subdag_operator.section-2', 'example_subdag_operator' retrieved from /home/airflow/.local/lib/python3.12/site-packages/airflow/example_dags/example_subdag_operator.py
[2024-12-09T06:00:15.641+0000] {logging_mixin.py:190} INFO - [2024-12-09T06:00:15.641+0000] {dag.py:3239} INFO - Sync 3 DAGs
[2024-12-09T06:00:15.668+0000] {logging_mixin.py:190} INFO - [2024-12-09T06:00:15.668+0000] {dag.py:4180} INFO - Setting next_dagrun for example_subdag_operator to 2022-01-01 00:00:00+00:00, run_after=2022-01-01 00:00:00+00:00
[2024-12-09T06:00:15.673+0000] {logging_mixin.py:190} INFO - [2024-12-09T06:00:15.673+0000] {dag.py:4180} INFO - Setting next_dagrun for example_subdag_operator.section-1 to None, run_after=None
[2024-12-09T06:00:15.675+0000] {logging_mixin.py:190} INFO - [2024-12-09T06:00:15.675+0000] {dag.py:4180} INFO - Setting next_dagrun for example_subdag_operator.section-2 to None, run_after=None
[2024-12-09T06:00:15.685+0000] {logging_mixin.py:190} INFO - [2024-12-09T06:00:15.685+0000] {dag.py:3239} INFO - Sync 2 DAGs
[2024-12-09T06:00:15.692+0000] {logging_mixin.py:190} INFO - [2024-12-09T06:00:15.692+0000] {dag.py:4180} INFO - Setting next_dagrun for example_subdag_operator.section-1 to None, run_after=None
[2024-12-09T06:00:15.693+0000] {logging_mixin.py:190} INFO - [2024-12-09T06:00:15.692+0000] {dag.py:4180} INFO - Setting next_dagrun for example_subdag_operator.section-2 to None, run_after=None
[2024-12-09T06:00:15.713+0000] {processor.py:208} INFO - Processing /home/airflow/.local/lib/python3.12/site-packages/airflow/example_dags/example_subdag_operator.py took 0.137 seconds
[2024-12-09T06:00:45.964+0000] {processor.py:186} INFO - Started process (PID=1745) to work on /home/airflow/.local/lib/python3.12/site-packages/airflow/example_dags/example_subdag_operator.py
[2024-12-09T06:00:45.966+0000] {processor.py:914} INFO - Processing file /home/airflow/.local/lib/python3.12/site-packages/airflow/example_dags/example_subdag_operator.py for tasks to queue
[2024-12-09T06:00:45.969+0000] {logging_mixin.py:190} INFO - [2024-12-09T06:00:45.968+0000] {dagbag.py:588} INFO - Filling up the DagBag from /home/airflow/.local/lib/python3.12/site-packages/airflow/example_dags/example_subdag_operator.py
[2024-12-09T06:00:45.996+0000] {processor.py:925} INFO - DAG(s) 'example_subdag_operator.section-1', 'example_subdag_operator.section-2', 'example_subdag_operator' retrieved from /home/airflow/.local/lib/python3.12/site-packages/airflow/example_dags/example_subdag_operator.py
[2024-12-09T06:00:46.015+0000] {logging_mixin.py:190} INFO - [2024-12-09T06:00:46.015+0000] {dag.py:3239} INFO - Sync 3 DAGs
[2024-12-09T06:00:46.040+0000] {logging_mixin.py:190} INFO - [2024-12-09T06:00:46.040+0000] {dag.py:4180} INFO - Setting next_dagrun for example_subdag_operator to 2022-01-01 00:00:00+00:00, run_after=2022-01-01 00:00:00+00:00
[2024-12-09T06:00:46.045+0000] {logging_mixin.py:190} INFO - [2024-12-09T06:00:46.045+0000] {dag.py:4180} INFO - Setting next_dagrun for example_subdag_operator.section-1 to None, run_after=None
[2024-12-09T06:00:46.047+0000] {logging_mixin.py:190} INFO - [2024-12-09T06:00:46.047+0000] {dag.py:4180} INFO - Setting next_dagrun for example_subdag_operator.section-2 to None, run_after=None
[2024-12-09T06:00:46.057+0000] {logging_mixin.py:190} INFO - [2024-12-09T06:00:46.056+0000] {dag.py:3239} INFO - Sync 2 DAGs
[2024-12-09T06:00:46.066+0000] {logging_mixin.py:190} INFO - [2024-12-09T06:00:46.066+0000] {dag.py:4180} INFO - Setting next_dagrun for example_subdag_operator.section-1 to None, run_after=None
[2024-12-09T06:00:46.067+0000] {logging_mixin.py:190} INFO - [2024-12-09T06:00:46.067+0000] {dag.py:4180} INFO - Setting next_dagrun for example_subdag_operator.section-2 to None, run_after=None
[2024-12-09T06:00:46.084+0000] {processor.py:208} INFO - Processing /home/airflow/.local/lib/python3.12/site-packages/airflow/example_dags/example_subdag_operator.py took 0.126 seconds
[2024-12-09T06:01:17.466+0000] {processor.py:186} INFO - Started process (PID=2039) to work on /home/airflow/.local/lib/python3.12/site-packages/airflow/example_dags/example_subdag_operator.py
[2024-12-09T06:01:17.468+0000] {processor.py:914} INFO - Processing file /home/airflow/.local/lib/python3.12/site-packages/airflow/example_dags/example_subdag_operator.py for tasks to queue
[2024-12-09T06:01:17.475+0000] {logging_mixin.py:190} INFO - [2024-12-09T06:01:17.474+0000] {dagbag.py:588} INFO - Filling up the DagBag from /home/airflow/.local/lib/python3.12/site-packages/airflow/example_dags/example_subdag_operator.py
[2024-12-09T06:01:17.539+0000] {processor.py:925} INFO - DAG(s) 'example_subdag_operator.section-1', 'example_subdag_operator.section-2', 'example_subdag_operator' retrieved from /home/airflow/.local/lib/python3.12/site-packages/airflow/example_dags/example_subdag_operator.py
[2024-12-09T06:01:17.572+0000] {logging_mixin.py:190} INFO - [2024-12-09T06:01:17.571+0000] {dag.py:3239} INFO - Sync 3 DAGs
[2024-12-09T06:01:17.616+0000] {logging_mixin.py:190} INFO - [2024-12-09T06:01:17.616+0000] {dag.py:4180} INFO - Setting next_dagrun for example_subdag_operator to 2022-01-01 00:00:00+00:00, run_after=2022-01-01 00:00:00+00:00
[2024-12-09T06:01:17.624+0000] {logging_mixin.py:190} INFO - [2024-12-09T06:01:17.623+0000] {dag.py:4180} INFO - Setting next_dagrun for example_subdag_operator.section-1 to None, run_after=None
[2024-12-09T06:01:17.626+0000] {logging_mixin.py:190} INFO - [2024-12-09T06:01:17.626+0000] {dag.py:4180} INFO - Setting next_dagrun for example_subdag_operator.section-2 to None, run_after=None
[2024-12-09T06:01:17.640+0000] {logging_mixin.py:190} INFO - [2024-12-09T06:01:17.640+0000] {dag.py:3239} INFO - Sync 2 DAGs
[2024-12-09T06:01:17.651+0000] {logging_mixin.py:190} INFO - [2024-12-09T06:01:17.651+0000] {dag.py:4180} INFO - Setting next_dagrun for example_subdag_operator.section-1 to None, run_after=None
[2024-12-09T06:01:17.652+0000] {logging_mixin.py:190} INFO - [2024-12-09T06:01:17.652+0000] {dag.py:4180} INFO - Setting next_dagrun for example_subdag_operator.section-2 to None, run_after=None
[2024-12-09T06:01:17.673+0000] {processor.py:208} INFO - Processing /home/airflow/.local/lib/python3.12/site-packages/airflow/example_dags/example_subdag_operator.py took 0.245 seconds
