[2024-12-09T05:58:16.463+0000] {processor.py:186} INFO - Started process (PID=308) to work on /home/airflow/.local/lib/python3.12/site-packages/airflow/example_dags/example_external_task_marker_dag.py
[2024-12-09T05:58:16.467+0000] {processor.py:914} INFO - Processing file /home/airflow/.local/lib/python3.12/site-packages/airflow/example_dags/example_external_task_marker_dag.py for tasks to queue
[2024-12-09T05:58:16.476+0000] {logging_mixin.py:190} INFO - [2024-12-09T05:58:16.475+0000] {dagbag.py:588} INFO - Filling up the DagBag from /home/airflow/.local/lib/python3.12/site-packages/airflow/example_dags/example_external_task_marker_dag.py
[2024-12-09T05:58:16.494+0000] {processor.py:925} INFO - DAG(s) 'example_external_task_marker_child', 'example_external_task_marker_parent' retrieved from /home/airflow/.local/lib/python3.12/site-packages/airflow/example_dags/example_external_task_marker_dag.py
[2024-12-09T05:58:16.549+0000] {logging_mixin.py:190} INFO - [2024-12-09T05:58:16.549+0000] {dag.py:3239} INFO - Sync 2 DAGs
[2024-12-09T05:58:16.601+0000] {logging_mixin.py:190} INFO - [2024-12-09T05:58:16.600+0000] {dag.py:4180} INFO - Setting next_dagrun for example_external_task_marker_child to None, run_after=None
[2024-12-09T05:58:16.627+0000] {logging_mixin.py:190} INFO - [2024-12-09T05:58:16.621+0000] {dag.py:4180} INFO - Setting next_dagrun for example_external_task_marker_parent to None, run_after=None
[2024-12-09T05:58:16.689+0000] {processor.py:208} INFO - Processing /home/airflow/.local/lib/python3.12/site-packages/airflow/example_dags/example_external_task_marker_dag.py took 0.242 seconds
[2024-12-09T05:58:50.423+0000] {processor.py:186} INFO - Started process (PID=609) to work on /home/airflow/.local/lib/python3.12/site-packages/airflow/example_dags/example_external_task_marker_dag.py
[2024-12-09T05:58:50.431+0000] {processor.py:914} INFO - Processing file /home/airflow/.local/lib/python3.12/site-packages/airflow/example_dags/example_external_task_marker_dag.py for tasks to queue
[2024-12-09T05:58:50.444+0000] {logging_mixin.py:190} INFO - [2024-12-09T05:58:50.443+0000] {dagbag.py:588} INFO - Filling up the DagBag from /home/airflow/.local/lib/python3.12/site-packages/airflow/example_dags/example_external_task_marker_dag.py
[2024-12-09T05:58:50.497+0000] {processor.py:925} INFO - DAG(s) 'example_external_task_marker_parent', 'example_external_task_marker_child' retrieved from /home/airflow/.local/lib/python3.12/site-packages/airflow/example_dags/example_external_task_marker_dag.py
[2024-12-09T05:58:50.627+0000] {logging_mixin.py:190} INFO - [2024-12-09T05:58:50.627+0000] {dag.py:3239} INFO - Sync 2 DAGs
[2024-12-09T05:58:50.708+0000] {logging_mixin.py:190} INFO - [2024-12-09T05:58:50.708+0000] {dag.py:4180} INFO - Setting next_dagrun for example_external_task_marker_child to None, run_after=None
[2024-12-09T05:58:50.729+0000] {logging_mixin.py:190} INFO - [2024-12-09T05:58:50.729+0000] {dag.py:4180} INFO - Setting next_dagrun for example_external_task_marker_parent to None, run_after=None
[2024-12-09T05:58:50.802+0000] {processor.py:208} INFO - Processing /home/airflow/.local/lib/python3.12/site-packages/airflow/example_dags/example_external_task_marker_dag.py took 0.403 seconds
[2024-12-09T05:59:21.332+0000] {processor.py:186} INFO - Started process (PID=906) to work on /home/airflow/.local/lib/python3.12/site-packages/airflow/example_dags/example_external_task_marker_dag.py
[2024-12-09T05:59:21.333+0000] {processor.py:914} INFO - Processing file /home/airflow/.local/lib/python3.12/site-packages/airflow/example_dags/example_external_task_marker_dag.py for tasks to queue
[2024-12-09T05:59:21.337+0000] {logging_mixin.py:190} INFO - [2024-12-09T05:59:21.336+0000] {dagbag.py:588} INFO - Filling up the DagBag from /home/airflow/.local/lib/python3.12/site-packages/airflow/example_dags/example_external_task_marker_dag.py
[2024-12-09T05:59:21.347+0000] {processor.py:925} INFO - DAG(s) 'example_external_task_marker_child', 'example_external_task_marker_parent' retrieved from /home/airflow/.local/lib/python3.12/site-packages/airflow/example_dags/example_external_task_marker_dag.py
[2024-12-09T05:59:21.377+0000] {logging_mixin.py:190} INFO - [2024-12-09T05:59:21.377+0000] {dag.py:3239} INFO - Sync 2 DAGs
[2024-12-09T05:59:21.394+0000] {logging_mixin.py:190} INFO - [2024-12-09T05:59:21.393+0000] {dag.py:4180} INFO - Setting next_dagrun for example_external_task_marker_child to None, run_after=None
[2024-12-09T05:59:21.401+0000] {logging_mixin.py:190} INFO - [2024-12-09T05:59:21.401+0000] {dag.py:4180} INFO - Setting next_dagrun for example_external_task_marker_parent to None, run_after=None
[2024-12-09T05:59:21.425+0000] {processor.py:208} INFO - Processing /home/airflow/.local/lib/python3.12/site-packages/airflow/example_dags/example_external_task_marker_dag.py took 0.101 seconds
[2024-12-09T05:59:51.731+0000] {processor.py:186} INFO - Started process (PID=1211) to work on /home/airflow/.local/lib/python3.12/site-packages/airflow/example_dags/example_external_task_marker_dag.py
[2024-12-09T05:59:51.733+0000] {processor.py:914} INFO - Processing file /home/airflow/.local/lib/python3.12/site-packages/airflow/example_dags/example_external_task_marker_dag.py for tasks to queue
[2024-12-09T05:59:51.736+0000] {logging_mixin.py:190} INFO - [2024-12-09T05:59:51.736+0000] {dagbag.py:588} INFO - Filling up the DagBag from /home/airflow/.local/lib/python3.12/site-packages/airflow/example_dags/example_external_task_marker_dag.py
[2024-12-09T05:59:51.750+0000] {processor.py:925} INFO - DAG(s) 'example_external_task_marker_parent', 'example_external_task_marker_child' retrieved from /home/airflow/.local/lib/python3.12/site-packages/airflow/example_dags/example_external_task_marker_dag.py
[2024-12-09T05:59:51.785+0000] {logging_mixin.py:190} INFO - [2024-12-09T05:59:51.784+0000] {dag.py:3239} INFO - Sync 2 DAGs
[2024-12-09T05:59:51.806+0000] {logging_mixin.py:190} INFO - [2024-12-09T05:59:51.806+0000] {dag.py:4180} INFO - Setting next_dagrun for example_external_task_marker_child to None, run_after=None
[2024-12-09T05:59:51.811+0000] {logging_mixin.py:190} INFO - [2024-12-09T05:59:51.811+0000] {dag.py:4180} INFO - Setting next_dagrun for example_external_task_marker_parent to None, run_after=None
[2024-12-09T05:59:51.834+0000] {processor.py:208} INFO - Processing /home/airflow/.local/lib/python3.12/site-packages/airflow/example_dags/example_external_task_marker_dag.py took 0.112 seconds
[2024-12-09T06:00:22.440+0000] {processor.py:186} INFO - Started process (PID=1503) to work on /home/airflow/.local/lib/python3.12/site-packages/airflow/example_dags/example_external_task_marker_dag.py
[2024-12-09T06:00:22.441+0000] {processor.py:914} INFO - Processing file /home/airflow/.local/lib/python3.12/site-packages/airflow/example_dags/example_external_task_marker_dag.py for tasks to queue
[2024-12-09T06:00:22.444+0000] {logging_mixin.py:190} INFO - [2024-12-09T06:00:22.444+0000] {dagbag.py:588} INFO - Filling up the DagBag from /home/airflow/.local/lib/python3.12/site-packages/airflow/example_dags/example_external_task_marker_dag.py
[2024-12-09T06:00:22.454+0000] {processor.py:925} INFO - DAG(s) 'example_external_task_marker_parent', 'example_external_task_marker_child' retrieved from /home/airflow/.local/lib/python3.12/site-packages/airflow/example_dags/example_external_task_marker_dag.py
[2024-12-09T06:00:22.486+0000] {logging_mixin.py:190} INFO - [2024-12-09T06:00:22.486+0000] {dag.py:3239} INFO - Sync 2 DAGs
[2024-12-09T06:00:22.510+0000] {logging_mixin.py:190} INFO - [2024-12-09T06:00:22.510+0000] {dag.py:4180} INFO - Setting next_dagrun for example_external_task_marker_child to None, run_after=None
[2024-12-09T06:00:22.515+0000] {logging_mixin.py:190} INFO - [2024-12-09T06:00:22.514+0000] {dag.py:4180} INFO - Setting next_dagrun for example_external_task_marker_parent to None, run_after=None
[2024-12-09T06:00:22.535+0000] {processor.py:208} INFO - Processing /home/airflow/.local/lib/python3.12/site-packages/airflow/example_dags/example_external_task_marker_dag.py took 0.105 seconds
[2024-12-09T06:00:52.675+0000] {processor.py:186} INFO - Started process (PID=1793) to work on /home/airflow/.local/lib/python3.12/site-packages/airflow/example_dags/example_external_task_marker_dag.py
[2024-12-09T06:00:52.676+0000] {processor.py:914} INFO - Processing file /home/airflow/.local/lib/python3.12/site-packages/airflow/example_dags/example_external_task_marker_dag.py for tasks to queue
[2024-12-09T06:00:52.678+0000] {logging_mixin.py:190} INFO - [2024-12-09T06:00:52.678+0000] {dagbag.py:588} INFO - Filling up the DagBag from /home/airflow/.local/lib/python3.12/site-packages/airflow/example_dags/example_external_task_marker_dag.py
[2024-12-09T06:00:52.688+0000] {processor.py:925} INFO - DAG(s) 'example_external_task_marker_parent', 'example_external_task_marker_child' retrieved from /home/airflow/.local/lib/python3.12/site-packages/airflow/example_dags/example_external_task_marker_dag.py
[2024-12-09T06:00:52.718+0000] {logging_mixin.py:190} INFO - [2024-12-09T06:00:52.717+0000] {dag.py:3239} INFO - Sync 2 DAGs
[2024-12-09T06:00:52.734+0000] {logging_mixin.py:190} INFO - [2024-12-09T06:00:52.733+0000] {dag.py:4180} INFO - Setting next_dagrun for example_external_task_marker_child to None, run_after=None
[2024-12-09T06:00:52.740+0000] {logging_mixin.py:190} INFO - [2024-12-09T06:00:52.739+0000] {dag.py:4180} INFO - Setting next_dagrun for example_external_task_marker_parent to None, run_after=None
[2024-12-09T06:00:52.765+0000] {processor.py:208} INFO - Processing /home/airflow/.local/lib/python3.12/site-packages/airflow/example_dags/example_external_task_marker_dag.py took 0.098 seconds
[2024-12-09T06:01:23.705+0000] {processor.py:186} INFO - Started process (PID=2089) to work on /home/airflow/.local/lib/python3.12/site-packages/airflow/example_dags/example_external_task_marker_dag.py
[2024-12-09T06:01:23.707+0000] {processor.py:914} INFO - Processing file /home/airflow/.local/lib/python3.12/site-packages/airflow/example_dags/example_external_task_marker_dag.py for tasks to queue
[2024-12-09T06:01:23.712+0000] {logging_mixin.py:190} INFO - [2024-12-09T06:01:23.711+0000] {dagbag.py:588} INFO - Filling up the DagBag from /home/airflow/.local/lib/python3.12/site-packages/airflow/example_dags/example_external_task_marker_dag.py
[2024-12-09T06:01:23.734+0000] {processor.py:925} INFO - DAG(s) 'example_external_task_marker_child', 'example_external_task_marker_parent' retrieved from /home/airflow/.local/lib/python3.12/site-packages/airflow/example_dags/example_external_task_marker_dag.py
[2024-12-09T06:01:23.813+0000] {logging_mixin.py:190} INFO - [2024-12-09T06:01:23.813+0000] {dag.py:3239} INFO - Sync 2 DAGs
[2024-12-09T06:01:23.863+0000] {logging_mixin.py:190} INFO - [2024-12-09T06:01:23.862+0000] {dag.py:4180} INFO - Setting next_dagrun for example_external_task_marker_child to None, run_after=None
[2024-12-09T06:01:23.884+0000] {logging_mixin.py:190} INFO - [2024-12-09T06:01:23.883+0000] {dag.py:4180} INFO - Setting next_dagrun for example_external_task_marker_parent to None, run_after=None
[2024-12-09T06:01:23.948+0000] {processor.py:208} INFO - Processing /home/airflow/.local/lib/python3.12/site-packages/airflow/example_dags/example_external_task_marker_dag.py took 0.262 seconds
