[2024-12-09T05:58:13.847+0000] {processor.py:186} INFO - Started process (PID=265) to work on /home/airflow/.local/lib/python3.12/site-packages/airflow/example_dags/tutorial_dag.py
[2024-12-09T05:58:13.850+0000] {processor.py:914} INFO - Processing file /home/airflow/.local/lib/python3.12/site-packages/airflow/example_dags/tutorial_dag.py for tasks to queue
[2024-12-09T05:58:13.857+0000] {logging_mixin.py:190} INFO - [2024-12-09T05:58:13.856+0000] {dagbag.py:588} INFO - Filling up the DagBag from /home/airflow/.local/lib/python3.12/site-packages/airflow/example_dags/tutorial_dag.py
[2024-12-09T05:58:13.893+0000] {processor.py:925} INFO - DAG(s) 'tutorial_dag' retrieved from /home/airflow/.local/lib/python3.12/site-packages/airflow/example_dags/tutorial_dag.py
[2024-12-09T05:58:14.018+0000] {logging_mixin.py:190} INFO - [2024-12-09T05:58:14.017+0000] {dag.py:3239} INFO - Sync 1 DAGs
[2024-12-09T05:58:14.112+0000] {logging_mixin.py:190} INFO - [2024-12-09T05:58:14.112+0000] {dag.py:4180} INFO - Setting next_dagrun for tutorial_dag to None, run_after=None
[2024-12-09T05:58:14.191+0000] {processor.py:208} INFO - Processing /home/airflow/.local/lib/python3.12/site-packages/airflow/example_dags/tutorial_dag.py took 0.379 seconds
[2024-12-09T05:58:45.245+0000] {processor.py:186} INFO - Started process (PID=569) to work on /home/airflow/.local/lib/python3.12/site-packages/airflow/example_dags/tutorial_dag.py
[2024-12-09T05:58:45.247+0000] {processor.py:914} INFO - Processing file /home/airflow/.local/lib/python3.12/site-packages/airflow/example_dags/tutorial_dag.py for tasks to queue
[2024-12-09T05:58:45.253+0000] {logging_mixin.py:190} INFO - [2024-12-09T05:58:45.252+0000] {dagbag.py:588} INFO - Filling up the DagBag from /home/airflow/.local/lib/python3.12/site-packages/airflow/example_dags/tutorial_dag.py
[2024-12-09T05:58:45.300+0000] {processor.py:925} INFO - DAG(s) 'tutorial_dag' retrieved from /home/airflow/.local/lib/python3.12/site-packages/airflow/example_dags/tutorial_dag.py
[2024-12-09T05:58:45.531+0000] {logging_mixin.py:190} INFO - [2024-12-09T05:58:45.530+0000] {dag.py:3239} INFO - Sync 1 DAGs
[2024-12-09T05:58:45.708+0000] {logging_mixin.py:190} INFO - [2024-12-09T05:58:45.707+0000] {dag.py:4180} INFO - Setting next_dagrun for tutorial_dag to None, run_after=None
[2024-12-09T05:58:46.029+0000] {processor.py:208} INFO - Processing /home/airflow/.local/lib/python3.12/site-packages/airflow/example_dags/tutorial_dag.py took 0.815 seconds
[2024-12-09T05:59:16.160+0000] {processor.py:186} INFO - Started process (PID=863) to work on /home/airflow/.local/lib/python3.12/site-packages/airflow/example_dags/tutorial_dag.py
[2024-12-09T05:59:16.162+0000] {processor.py:914} INFO - Processing file /home/airflow/.local/lib/python3.12/site-packages/airflow/example_dags/tutorial_dag.py for tasks to queue
[2024-12-09T05:59:16.167+0000] {logging_mixin.py:190} INFO - [2024-12-09T05:59:16.166+0000] {dagbag.py:588} INFO - Filling up the DagBag from /home/airflow/.local/lib/python3.12/site-packages/airflow/example_dags/tutorial_dag.py
[2024-12-09T05:59:16.178+0000] {processor.py:925} INFO - DAG(s) 'tutorial_dag' retrieved from /home/airflow/.local/lib/python3.12/site-packages/airflow/example_dags/tutorial_dag.py
[2024-12-09T05:59:16.207+0000] {logging_mixin.py:190} INFO - [2024-12-09T05:59:16.206+0000] {dag.py:3239} INFO - Sync 1 DAGs
[2024-12-09T05:59:16.227+0000] {logging_mixin.py:190} INFO - [2024-12-09T05:59:16.226+0000] {dag.py:4180} INFO - Setting next_dagrun for tutorial_dag to None, run_after=None
[2024-12-09T05:59:16.252+0000] {processor.py:208} INFO - Processing /home/airflow/.local/lib/python3.12/site-packages/airflow/example_dags/tutorial_dag.py took 0.104 seconds
[2024-12-09T05:59:46.393+0000] {processor.py:186} INFO - Started process (PID=1166) to work on /home/airflow/.local/lib/python3.12/site-packages/airflow/example_dags/tutorial_dag.py
[2024-12-09T05:59:46.395+0000] {processor.py:914} INFO - Processing file /home/airflow/.local/lib/python3.12/site-packages/airflow/example_dags/tutorial_dag.py for tasks to queue
[2024-12-09T05:59:46.399+0000] {logging_mixin.py:190} INFO - [2024-12-09T05:59:46.398+0000] {dagbag.py:588} INFO - Filling up the DagBag from /home/airflow/.local/lib/python3.12/site-packages/airflow/example_dags/tutorial_dag.py
[2024-12-09T05:59:46.409+0000] {processor.py:925} INFO - DAG(s) 'tutorial_dag' retrieved from /home/airflow/.local/lib/python3.12/site-packages/airflow/example_dags/tutorial_dag.py
[2024-12-09T05:59:46.437+0000] {logging_mixin.py:190} INFO - [2024-12-09T05:59:46.437+0000] {dag.py:3239} INFO - Sync 1 DAGs
[2024-12-09T05:59:46.457+0000] {logging_mixin.py:190} INFO - [2024-12-09T05:59:46.456+0000] {dag.py:4180} INFO - Setting next_dagrun for tutorial_dag to None, run_after=None
[2024-12-09T05:59:46.487+0000] {processor.py:208} INFO - Processing /home/airflow/.local/lib/python3.12/site-packages/airflow/example_dags/tutorial_dag.py took 0.105 seconds
[2024-12-09T06:00:16.774+0000] {processor.py:186} INFO - Started process (PID=1463) to work on /home/airflow/.local/lib/python3.12/site-packages/airflow/example_dags/tutorial_dag.py
[2024-12-09T06:00:16.775+0000] {processor.py:914} INFO - Processing file /home/airflow/.local/lib/python3.12/site-packages/airflow/example_dags/tutorial_dag.py for tasks to queue
[2024-12-09T06:00:16.778+0000] {logging_mixin.py:190} INFO - [2024-12-09T06:00:16.777+0000] {dagbag.py:588} INFO - Filling up the DagBag from /home/airflow/.local/lib/python3.12/site-packages/airflow/example_dags/tutorial_dag.py
[2024-12-09T06:00:16.786+0000] {processor.py:925} INFO - DAG(s) 'tutorial_dag' retrieved from /home/airflow/.local/lib/python3.12/site-packages/airflow/example_dags/tutorial_dag.py
[2024-12-09T06:00:16.808+0000] {logging_mixin.py:190} INFO - [2024-12-09T06:00:16.807+0000] {dag.py:3239} INFO - Sync 1 DAGs
[2024-12-09T06:00:16.824+0000] {logging_mixin.py:190} INFO - [2024-12-09T06:00:16.824+0000] {dag.py:4180} INFO - Setting next_dagrun for tutorial_dag to None, run_after=None
[2024-12-09T06:00:16.846+0000] {processor.py:208} INFO - Processing /home/airflow/.local/lib/python3.12/site-packages/airflow/example_dags/tutorial_dag.py took 0.080 seconds
[2024-12-09T06:00:47.173+0000] {processor.py:186} INFO - Started process (PID=1758) to work on /home/airflow/.local/lib/python3.12/site-packages/airflow/example_dags/tutorial_dag.py
[2024-12-09T06:00:47.175+0000] {processor.py:914} INFO - Processing file /home/airflow/.local/lib/python3.12/site-packages/airflow/example_dags/tutorial_dag.py for tasks to queue
[2024-12-09T06:00:47.178+0000] {logging_mixin.py:190} INFO - [2024-12-09T06:00:47.178+0000] {dagbag.py:588} INFO - Filling up the DagBag from /home/airflow/.local/lib/python3.12/site-packages/airflow/example_dags/tutorial_dag.py
[2024-12-09T06:00:47.186+0000] {processor.py:925} INFO - DAG(s) 'tutorial_dag' retrieved from /home/airflow/.local/lib/python3.12/site-packages/airflow/example_dags/tutorial_dag.py
[2024-12-09T06:00:47.210+0000] {logging_mixin.py:190} INFO - [2024-12-09T06:00:47.210+0000] {dag.py:3239} INFO - Sync 1 DAGs
[2024-12-09T06:00:47.227+0000] {logging_mixin.py:190} INFO - [2024-12-09T06:00:47.226+0000] {dag.py:4180} INFO - Setting next_dagrun for tutorial_dag to None, run_after=None
[2024-12-09T06:00:47.251+0000] {processor.py:208} INFO - Processing /home/airflow/.local/lib/python3.12/site-packages/airflow/example_dags/tutorial_dag.py took 0.090 seconds
[2024-12-09T06:01:17.810+0000] {processor.py:186} INFO - Started process (PID=2054) to work on /home/airflow/.local/lib/python3.12/site-packages/airflow/example_dags/tutorial_dag.py
[2024-12-09T06:01:17.811+0000] {processor.py:914} INFO - Processing file /home/airflow/.local/lib/python3.12/site-packages/airflow/example_dags/tutorial_dag.py for tasks to queue
[2024-12-09T06:01:17.815+0000] {logging_mixin.py:190} INFO - [2024-12-09T06:01:17.815+0000] {dagbag.py:588} INFO - Filling up the DagBag from /home/airflow/.local/lib/python3.12/site-packages/airflow/example_dags/tutorial_dag.py
[2024-12-09T06:01:17.832+0000] {processor.py:925} INFO - DAG(s) 'tutorial_dag' retrieved from /home/airflow/.local/lib/python3.12/site-packages/airflow/example_dags/tutorial_dag.py
[2024-12-09T06:01:17.894+0000] {logging_mixin.py:190} INFO - [2024-12-09T06:01:17.894+0000] {dag.py:3239} INFO - Sync 1 DAGs
[2024-12-09T06:01:17.935+0000] {logging_mixin.py:190} INFO - [2024-12-09T06:01:17.935+0000] {dag.py:4180} INFO - Setting next_dagrun for tutorial_dag to None, run_after=None
[2024-12-09T06:01:17.986+0000] {processor.py:208} INFO - Processing /home/airflow/.local/lib/python3.12/site-packages/airflow/example_dags/tutorial_dag.py took 0.189 seconds
