[2024-12-09T05:58:21.050+0000] {processor.py:186} INFO - Started process (PID=390) to work on /home/airflow/.local/lib/python3.12/site-packages/airflow/example_dags/tutorial.py
[2024-12-09T05:58:21.053+0000] {processor.py:914} INFO - Processing file /home/airflow/.local/lib/python3.12/site-packages/airflow/example_dags/tutorial.py for tasks to queue
[2024-12-09T05:58:21.058+0000] {logging_mixin.py:190} INFO - [2024-12-09T05:58:21.057+0000] {dagbag.py:588} INFO - Filling up the DagBag from /home/airflow/.local/lib/python3.12/site-packages/airflow/example_dags/tutorial.py
[2024-12-09T05:58:21.071+0000] {processor.py:925} INFO - DAG(s) 'tutorial' retrieved from /home/airflow/.local/lib/python3.12/site-packages/airflow/example_dags/tutorial.py
[2024-12-09T05:58:21.101+0000] {logging_mixin.py:190} INFO - [2024-12-09T05:58:21.101+0000] {dag.py:3239} INFO - Sync 1 DAGs
[2024-12-09T05:58:21.155+0000] {logging_mixin.py:190} INFO - [2024-12-09T05:58:21.155+0000] {dag.py:4180} INFO - Setting next_dagrun for tutorial to 2024-12-08 00:00:00+00:00, run_after=2024-12-09 00:00:00+00:00
[2024-12-09T05:58:21.193+0000] {processor.py:208} INFO - Processing /home/airflow/.local/lib/python3.12/site-packages/airflow/example_dags/tutorial.py took 0.152 seconds
[2024-12-09T05:58:54.507+0000] {processor.py:186} INFO - Started process (PID=689) to work on /home/airflow/.local/lib/python3.12/site-packages/airflow/example_dags/tutorial.py
[2024-12-09T05:58:54.509+0000] {processor.py:914} INFO - Processing file /home/airflow/.local/lib/python3.12/site-packages/airflow/example_dags/tutorial.py for tasks to queue
[2024-12-09T05:58:54.513+0000] {logging_mixin.py:190} INFO - [2024-12-09T05:58:54.512+0000] {dagbag.py:588} INFO - Filling up the DagBag from /home/airflow/.local/lib/python3.12/site-packages/airflow/example_dags/tutorial.py
[2024-12-09T05:58:54.526+0000] {processor.py:925} INFO - DAG(s) 'tutorial' retrieved from /home/airflow/.local/lib/python3.12/site-packages/airflow/example_dags/tutorial.py
[2024-12-09T05:58:54.559+0000] {logging_mixin.py:190} INFO - [2024-12-09T05:58:54.559+0000] {dag.py:3239} INFO - Sync 1 DAGs
[2024-12-09T05:58:54.601+0000] {logging_mixin.py:190} INFO - [2024-12-09T05:58:54.600+0000] {dag.py:4180} INFO - Setting next_dagrun for tutorial to 2024-12-08 00:00:00+00:00, run_after=2024-12-09 00:00:00+00:00
[2024-12-09T05:58:54.648+0000] {processor.py:208} INFO - Processing /home/airflow/.local/lib/python3.12/site-packages/airflow/example_dags/tutorial.py took 0.150 seconds
[2024-12-09T05:59:26.214+0000] {processor.py:186} INFO - Started process (PID=987) to work on /home/airflow/.local/lib/python3.12/site-packages/airflow/example_dags/tutorial.py
[2024-12-09T05:59:26.215+0000] {processor.py:914} INFO - Processing file /home/airflow/.local/lib/python3.12/site-packages/airflow/example_dags/tutorial.py for tasks to queue
[2024-12-09T05:59:26.220+0000] {logging_mixin.py:190} INFO - [2024-12-09T05:59:26.219+0000] {dagbag.py:588} INFO - Filling up the DagBag from /home/airflow/.local/lib/python3.12/site-packages/airflow/example_dags/tutorial.py
[2024-12-09T05:59:26.241+0000] {processor.py:925} INFO - DAG(s) 'tutorial' retrieved from /home/airflow/.local/lib/python3.12/site-packages/airflow/example_dags/tutorial.py
[2024-12-09T05:59:26.285+0000] {logging_mixin.py:190} INFO - [2024-12-09T05:59:26.284+0000] {dag.py:3239} INFO - Sync 1 DAGs
[2024-12-09T05:59:26.344+0000] {logging_mixin.py:190} INFO - [2024-12-09T05:59:26.344+0000] {dag.py:4180} INFO - Setting next_dagrun for tutorial to 2024-12-08 00:00:00+00:00, run_after=2024-12-09 00:00:00+00:00
[2024-12-09T05:59:26.382+0000] {processor.py:208} INFO - Processing /home/airflow/.local/lib/python3.12/site-packages/airflow/example_dags/tutorial.py took 0.179 seconds
[2024-12-09T05:59:57.259+0000] {processor.py:186} INFO - Started process (PID=1288) to work on /home/airflow/.local/lib/python3.12/site-packages/airflow/example_dags/tutorial.py
[2024-12-09T05:59:57.260+0000] {processor.py:914} INFO - Processing file /home/airflow/.local/lib/python3.12/site-packages/airflow/example_dags/tutorial.py for tasks to queue
[2024-12-09T05:59:57.263+0000] {logging_mixin.py:190} INFO - [2024-12-09T05:59:57.263+0000] {dagbag.py:588} INFO - Filling up the DagBag from /home/airflow/.local/lib/python3.12/site-packages/airflow/example_dags/tutorial.py
[2024-12-09T05:59:57.273+0000] {processor.py:925} INFO - DAG(s) 'tutorial' retrieved from /home/airflow/.local/lib/python3.12/site-packages/airflow/example_dags/tutorial.py
[2024-12-09T05:59:57.300+0000] {logging_mixin.py:190} INFO - [2024-12-09T05:59:57.300+0000] {dag.py:3239} INFO - Sync 1 DAGs
[2024-12-09T05:59:57.329+0000] {logging_mixin.py:190} INFO - [2024-12-09T05:59:57.329+0000] {dag.py:4180} INFO - Setting next_dagrun for tutorial to 2024-12-08 00:00:00+00:00, run_after=2024-12-09 00:00:00+00:00
[2024-12-09T05:59:57.353+0000] {processor.py:208} INFO - Processing /home/airflow/.local/lib/python3.12/site-packages/airflow/example_dags/tutorial.py took 0.102 seconds
[2024-12-09T06:00:27.755+0000] {processor.py:186} INFO - Started process (PID=1583) to work on /home/airflow/.local/lib/python3.12/site-packages/airflow/example_dags/tutorial.py
[2024-12-09T06:00:27.757+0000] {processor.py:914} INFO - Processing file /home/airflow/.local/lib/python3.12/site-packages/airflow/example_dags/tutorial.py for tasks to queue
[2024-12-09T06:00:27.760+0000] {logging_mixin.py:190} INFO - [2024-12-09T06:00:27.759+0000] {dagbag.py:588} INFO - Filling up the DagBag from /home/airflow/.local/lib/python3.12/site-packages/airflow/example_dags/tutorial.py
[2024-12-09T06:00:27.771+0000] {processor.py:925} INFO - DAG(s) 'tutorial' retrieved from /home/airflow/.local/lib/python3.12/site-packages/airflow/example_dags/tutorial.py
[2024-12-09T06:00:27.800+0000] {logging_mixin.py:190} INFO - [2024-12-09T06:00:27.799+0000] {dag.py:3239} INFO - Sync 1 DAGs
[2024-12-09T06:00:27.825+0000] {logging_mixin.py:190} INFO - [2024-12-09T06:00:27.825+0000] {dag.py:4180} INFO - Setting next_dagrun for tutorial to 2024-12-08 00:00:00+00:00, run_after=2024-12-09 00:00:00+00:00
[2024-12-09T06:00:27.849+0000] {processor.py:208} INFO - Processing /home/airflow/.local/lib/python3.12/site-packages/airflow/example_dags/tutorial.py took 0.101 seconds
[2024-12-09T06:00:57.948+0000] {processor.py:186} INFO - Started process (PID=1875) to work on /home/airflow/.local/lib/python3.12/site-packages/airflow/example_dags/tutorial.py
[2024-12-09T06:00:57.950+0000] {processor.py:914} INFO - Processing file /home/airflow/.local/lib/python3.12/site-packages/airflow/example_dags/tutorial.py for tasks to queue
[2024-12-09T06:00:57.953+0000] {logging_mixin.py:190} INFO - [2024-12-09T06:00:57.953+0000] {dagbag.py:588} INFO - Filling up the DagBag from /home/airflow/.local/lib/python3.12/site-packages/airflow/example_dags/tutorial.py
[2024-12-09T06:00:57.961+0000] {processor.py:925} INFO - DAG(s) 'tutorial' retrieved from /home/airflow/.local/lib/python3.12/site-packages/airflow/example_dags/tutorial.py
[2024-12-09T06:00:57.988+0000] {logging_mixin.py:190} INFO - [2024-12-09T06:00:57.988+0000] {dag.py:3239} INFO - Sync 1 DAGs
[2024-12-09T06:00:58.016+0000] {logging_mixin.py:190} INFO - [2024-12-09T06:00:58.016+0000] {dag.py:4180} INFO - Setting next_dagrun for tutorial to 2024-12-08 00:00:00+00:00, run_after=2024-12-09 00:00:00+00:00
[2024-12-09T06:00:58.041+0000] {processor.py:208} INFO - Processing /home/airflow/.local/lib/python3.12/site-packages/airflow/example_dags/tutorial.py took 0.100 seconds
